1e-10 165823 6.74063e-13
1.02e-10 169140 6.96681e-13
1.0404e-10 172522 7.20047e-13
1.06121e-10 175973 7.44187e-13
1.08243e-10 179492 7.69124e-13
1.10408e-10 183082 7.94884e-13
1.12616e-10 186744 8.21495e-13
1.14869e-10 190479 8.48985e-13
1.17166e-10 194288 8.77381e-13
1.19509e-10 198174 9.06713e-13
1.21899e-10 202138 9.37011e-13
1.24337e-10 206181 9.68307e-13
1.26824e-10 210304 1.00063e-12
1.29361e-10 214510 1.03402e-12
1.31948e-10 218801 1.06851e-12
1.34587e-10 223177 1.10413e-12
1.37279e-10 227640 1.14092e-12
1.40024e-10 232193 1.17892e-12
1.42825e-10 236837 1.21816e-12
1.45681e-10 241574 1.2587e-12
1.48595e-10 246405 1.30055e-12
1.51567e-10 251333 1.34379e-12
1.54598e-10 256360 1.38843e-12
1.5769e-10 261487 1.43454e-12
1.60844e-10 266717 1.48215e-12
1.64061e-10 272052 1.53132e-12
1.67342e-10 277493 1.58209e-12
1.70689e-10 283043 1.63453e-12
1.74102e-10 288704 1.68867e-12
1.77584e-10 294478 1.74458e-12
1.81136e-10 300367 1.80231e-12
1.84759e-10 306375 1.86192e-12
1.88454e-10 312502 1.92347e-12
1.92223e-10 318752 1.98702e-12
1.96068e-10 325127 2.05264e-12
1.99989e-10 331630 2.12039e-12
2.03989e-10 338263 2.19034e-12
2.08069e-10 345028 2.26255e-12
2.1223e-10 351929 2.33712e-12
2.16474e-10 358967 2.41409e-12
2.20804e-10 366147 2.49356e-12
2.2522e-10 373470 2.57561e-12
2.29724e-10 380939 2.6603e-12
2.34319e-10 388558 2.74774e-12
2.39005e-10 396330 2.838e-12
2.43785e-10 404256 2.93117e-12
2.48661e-10 412341 3.02735e-12
2.53634e-10 420588 3.12663e-12
2.58707e-10 429000 3.22912e-12
2.63881e-10 437580 3.3349e-12
2.69159e-10 446332 3.44408e-12
2.74542e-10 455259 3.55678e-12
2.80033e-10 464364 3.6731e-12
2.85633e-10 473652 3.79316e-12
2.91346e-10 483125 3.91707e-12
2.97173e-10 492787 4.04496e-12
3.03117e-10 502643 4.17695e-12
3.09179e-10 512696 4.31316e-12
3.15362e-10 522950 4.45374e-12
3.2167e-10 533410 4.59881e-12
3.28103e-10 544078 4.74852e-12
3.34665e-10 554960 4.90302e-12
3.41358e-10 566059 5.06245e-12
3.48186e-10 577380 5.22696e-12
3.55149e-10 588928 5.39673e-12
3.62252e-10 600707 5.5719e-12
3.69497e-10 612721 5.75264e-12
3.76887e-10 624976 5.93914e-12
3.84425e-10 637476 6.13157e-12
3.92114e-10 650225 6.33012e-12
3.99956e-10 663230 6.53496e-12
4.07955e-10 676495 6.74631e-12
4.16114e-10 690025 6.96436e-12
4.24436e-10 703826 7.18931e-12
4.32925e-10 717903 7.42139e-12
4.41584e-10 732261 7.66082e-12
4.50415e-10 746906 7.90781e-12
4.59424e-10 761845 8.1626e-12
4.68612e-10 777082 8.42544e-12
4.77984e-10 792624 8.69657e-12
4.87544e-10 808477 8.97624e-12
4.97295e-10 824647 9.26473e-12
5.07241e-10 841140 9.5623e-12
5.17386e-10 857963 9.86922e-12
5.27733e-10 875123 1.01858e-11
5.38288e-10 892626 1.05123e-11
5.49054e-10 910478 1.08491e-11
5.60035e-10 928688 1.11964e-11
5.71235e-10 947263 1.15546e-11
5.8266e-10 966208 1.1924e-11
5.94313e-10 985533 1.2305e-11
6.062e-10 1.00524e+06 1.26979e-11
6.18324e-10 1.02535e+06 1.3103e-11
6.3069e-10 1.04586e+06 1.35209e-11
6.43304e-10 1.06677e+06 1.39517e-11
6.5617e-10 1.08811e+06 1.4396e-11
6.69293e-10 1.10987e+06 1.48541e-11
6.82679e-10 1.13207e+06 1.53264e-11
6.96333e-10 1.15471e+06 1.58135e-11
7.10259e-10 1.17781e+06 1.63157e-11
7.24465e-10 1.20136e+06 1.68334e-11
7.38954e-10 1.22539e+06 1.73673e-11
7.53733e-10 1.2499e+06 1.79177e-11
7.68808e-10 1.2749e+06 1.84851e-11
7.84184e-10 1.3004e+06 1.90701e-11
7.99867e-10 1.32641e+06 1.96732e-11
8.15865e-10 1.35294e+06 2.02949e-11
8.32182e-10 1.38e+06 2.09358e-11
8.48826e-10 1.4076e+06 2.15965e-11
8.65802e-10 1.43575e+06 2.22775e-11
8.83118e-10 1.46446e+06 2.29795e-11
9.00781e-10 1.49375e+06 2.37032e-11
9.18796e-10 1.52363e+06 2.4449e-11
9.37172e-10 1.5541e+06 2.52178e-11
9.55916e-10 1.58519e+06 2.60102e-11
9.75034e-10 1.61689e+06 2.6827e-11
9.94535e-10 1.64923e+06 2.76687e-11
1.01443e-09 1.68222e+06 2.85362e-11
1.03471e-09 1.71586e+06 2.94303e-11
1.05541e-09 1.75018e+06 3.03517e-11
1.07652e-09 1.78518e+06 3.13013e-11
1.09805e-09 1.82089e+06 3.22798e-11
1.12001e-09 1.85731e+06 3.32882e-11
1.14241e-09 1.89446e+06 3.43273e-11
1.16526e-09 1.93235e+06 3.53981e-11
1.18856e-09 1.97099e+06 3.65014e-11
1.21233e-09 2.01042e+06 3.76383e-11
1.23658e-09 2.05063e+06 3.88098e-11
1.26131e-09 2.09164e+06 4.00168e-11
1.28654e-09 2.13347e+06 4.12604e-11
1.31227e-09 2.17614e+06 4.25416e-11
1.33851e-09 2.21967e+06 4.38617e-11
1.36528e-09 2.26406e+06 4.52217e-11
1.39259e-09 2.30935e+06 4.66228e-11
1.42044e-09 2.35554e+06 4.80663e-11
1.44885e-09 2.40265e+06 4.95533e-11
1.47783e-09 2.4507e+06 5.10851e-11
1.50738e-09 2.49972e+06 5.26631e-11
1.53753e-09 2.54971e+06 5.42886e-11
1.56828e-09 2.60071e+06 5.59629e-11
1.59965e-09 2.65273e+06 5.76876e-11
1.63164e-09 2.70578e+06 5.94641e-11
1.66427e-09 2.7599e+06 6.12939e-11
1.69756e-09 2.8151e+06 6.31786e-11
1.73151e-09 2.87141e+06 6.51197e-11
1.76614e-09 2.92884e+06 6.71189e-11
1.80146e-09 2.98742e+06 6.91779e-11
1.83749e-09 3.04717e+06 7.12985e-11
1.87424e-09 3.10811e+06 7.34823e-11
1.91173e-09 3.17028e+06 7.57313e-11
1.94996e-09 3.23369e+06 7.80474e-11
1.98896e-09 3.29836e+06 8.04324e-11
2.02874e-09 3.36433e+06 8.28884e-11
2.06931e-09 3.43162e+06 8.54174e-11
2.1107e-09 3.50026e+06 8.80216e-11
2.15291e-09 3.57027e+06 9.07031e-11
2.19597e-09 3.64167e+06 9.34641e-11
2.23989e-09 3.71451e+06 9.6307e-11
2.28469e-09 3.7888e+06 9.9234e-11
2.33038e-09 3.86458e+06 1.02248e-10
2.37699e-09 3.94188e+06 1.0535e-10
2.42453e-09 4.02072e+06 1.08545e-10
2.47302e-09 4.10114e+06 1.11834e-10
2.52248e-09 4.18317e+06 1.15219e-10
2.57293e-09 4.26683e+06 1.18705e-10
2.62439e-09 4.35217e+06 1.22293e-10
2.67688e-09 4.43922e+06 1.25987e-10
2.73042e-09 4.52801e+06 1.29789e-10
2.78502e-09 4.61858e+06 1.33703e-10
2.84072e-09 4.71095e+06 1.37732e-10
2.89754e-09 4.80518e+06 1.4188e-10
2.95549e-09 4.90129e+06 1.46148e-10
3.0146e-09 4.99932e+06 1.50542e-10
3.07489e-09 5.09931e+06 1.55064e-10
3.13639e-09 5.2013e+06 1.59719e-10
3.19912e-09 5.30533e+06 1.6451e-10
3.2631e-09 5.41144e+06 1.6944e-10
3.32836e-09 5.51968e+06 1.74514e-10
3.39493e-09 5.63008e+06 1.79736e-10
3.46283e-09 5.74269e+06 1.85111e-10
3.53208e-09 5.85755e+06 1.90642e-10
3.60272e-09 5.97471e+06 1.96333e-10
3.67478e-09 6.09421e+06 2.0219e-10
3.74827e-09 6.2161e+06 2.08217e-10
3.82324e-09 6.34043e+06 2.14419e-10
3.89971e-09 6.46724e+06 2.20801e-10
3.9777e-09 6.5966e+06 2.27368e-10
4.05725e-09 6.72854e+06 2.34125e-10
4.1384e-09 6.86312e+06 2.41077e-10
4.22117e-09 7.00039e+06 2.4823e-10
4.30559e-09 7.1404e+06 2.5559e-10
4.3917e-09 7.28322e+06 2.63162e-10
4.47954e-09 7.4289e+06 2.70953e-10
4.56913e-09 7.57748e+06 2.78969e-10
4.66051e-09 7.72904e+06 2.87215e-10
4.75372e-09 7.88364e+06 2.95699e-10
4.84879e-09 8.04132e+06 3.04426e-10
4.94577e-09 8.20216e+06 3.13405e-10
5.04468e-09 8.36621e+06 3.22641e-10
5.14558e-09 8.53355e+06 3.32142e-10
5.24849e-09 8.70423e+06 3.41916e-10
5.35346e-09 8.87833e+06 3.5197e-10
5.46053e-09 9.05591e+06 3.62312e-10
5.56974e-09 9.23704e+06 3.7295e-10
5.68113e-09 9.42179e+06 3.83892e-10
5.79476e-09 9.61024e+06 3.95147e-10
5.91065e-09 9.80246e+06 4.06723e-10
6.02886e-09 9.99852e+06 4.1863e-10
6.14944e-09 1.01985e+07 4.30876e-10
6.27243e-09 1.04025e+07 4.43472e-10
6.39788e-09 1.06106e+07 4.56426e-10
6.52584e-09 1.08228e+07 4.69749e-10
6.65635e-09 1.10393e+07 4.8345e-10
6.78948e-09 1.12601e+07 4.97542e-10
6.92527e-09 1.14853e+07 5.12033e-10
7.06378e-09 1.1715e+07 5.26936e-10
7.20505e-09 1.19493e+07 5.42262e-10
7.34915e-09 1.21883e+07 5.58022e-10
7.49614e-09 1.24321e+07 5.74229e-10
7.64606e-09 1.26808e+07 5.90894e-10
7.79898e-09 1.29344e+07 6.08031e-10
7.95496e-09 1.31931e+07 6.25653e-10
8.11406e-09 1.3457e+07 6.43773e-10
8.27634e-09 1.37262e+07 6.62405e-10
8.44187e-09 1.40007e+07 6.81562e-10
8.6107e-09 1.42808e+07 7.0126e-10
8.78292e-09 1.45664e+07 7.21513e-10
8.95858e-09 1.48578e+07 7.42336e-10
9.13775e-09 1.51549e+07 7.63746e-10
9.3205e-09 1.54581e+07 7.85759e-10
9.50691e-09 1.57673e+07 8.0839e-10
9.69705e-09 1.60826e+07 8.31657e-10
9.89099e-09 1.64043e+07 8.55578e-10
1.00888e-08 1.67324e+07 8.80171e-10
1.02906e-08 1.70671e+07 9.05453e-10
1.04964e-08 1.74085e+07 9.31444e-10
1.07063e-08 1.77567e+07 9.58164e-10
1.09205e-08 1.81119e+07 9.85632e-10
1.11389e-08 1.84741e+07 1.01387e-09
1.13616e-08 1.88437e+07 1.0429e-09
1.15889e-08 1.92206e+07 1.07273e-09
1.18207e-08 1.9605e+07 1.10341e-09
1.20571e-08 1.99972e+07 1.13493e-09
1.22982e-08 2.03971e+07 1.16734e-09
1.25442e-08 2.08051e+07 1.20065e-09
1.27951e-08 2.12213e+07 1.2349e-09
1.3051e-08 2.16457e+07 1.27009e-09
1.3312e-08 2.20787e+07 1.30627e-09
1.35782e-08 2.25203e+07 1.34345e-09
1.38498e-08 2.29708e+07 1.38167e-09
1.41268e-08 2.34302e+07 1.42095e-09
1.44093e-08 2.38989e+07 1.46132e-09
1.46975e-08 2.43769e+07 1.50281e-09
1.49914e-08 2.48645e+07 1.54546e-09
1.52913e-08 2.53619e+07 1.58928e-09
1.55971e-08 2.58692e+07 1.63433e-09
1.5909e-08 2.63866e+07 1.68062e-09
1.62272e-08 2.69144e+07 1.72819e-09
1.65518e-08 2.74527e+07 1.77709e-09
1.68828e-08 2.80019e+07 1.82733e-09
1.72205e-08 2.8562e+07 1.87897e-09
1.75649e-08 2.91333e+07 1.93203e-09
1.79162e-08 2.9716e+07 1.98656e-09
1.82745e-08 3.03104e+07 2.0426e-09
1.864e-08 3.09167e+07 2.10018e-09
1.90128e-08 3.15351e+07 2.15936e-09
1.9393e-08 3.21659e+07 2.22016e-09
1.97809e-08 3.28093e+07 2.28264e-09
2.01765e-08 3.34655e+07 2.34685e-09
2.058e-08 3.41349e+07 2.41282e-09
2.09916e-08 3.48177e+07 2.48061e-09
2.14115e-08 3.55142e+07 2.55026e-09
2.18397e-08 3.62245e+07 2.62183e-09
2.22765e-08 3.69491e+07 2.69537e-09
2.2722e-08 3.76882e+07 2.77093e-09
2.31765e-08 3.84421e+07 2.84857e-09
2.364e-08 3.9211e+07 2.92834e-09
2.41128e-08 3.99953e+07 3.0103e-09
2.45951e-08 4.07954e+07 3.0945e-09
2.5087e-08 4.16114e+07 3.18102e-09
2.55887e-08 4.24437e+07 3.26991e-09
2.61005e-08 4.32927e+07 3.36123e-09
2.66225e-08 4.41587e+07 3.45505e-09
2.71549e-08 4.5042e+07 3.55145e-09
2.7698e-08 4.5943e+07 3.65048e-09
2.8252e-08 4.6862e+07 3.75222e-09
2.8817e-08 4.77993e+07 3.85674e-09
2.93934e-08 4.87555e+07 3.96412e-09
2.99812e-08 4.97307e+07 4.07444e-09
3.05809e-08 5.07255e+07 4.18777e-09
3.11925e-08 5.17401e+07 4.30419e-09
3.18163e-08 5.27751e+07 4.42379e-09
3.24526e-08 5.38307e+07 4.54665e-09
3.31017e-08 5.49075e+07 4.67286e-09
3.37637e-08 5.60058e+07 4.80252e-09
3.4439e-08 5.71261e+07 4.9357e-09
3.51278e-08 5.82688e+07 5.07252e-09
3.58303e-08 5.94344e+07 5.21306e-09
3.6547e-08 6.06233e+07 5.35742e-09
3.72779e-08 6.18359e+07 5.50571e-09
3.80235e-08 6.30729e+07 5.65804e-09
3.87839e-08 6.43345e+07 5.81451e-09
3.95596e-08 6.56214e+07 5.97523e-09
4.03508e-08 6.69341e+07 6.14032e-09
4.11578e-08 6.8273e+07 6.30989e-09
4.1981e-08 6.96386e+07 6.48407e-09
4.28206e-08 7.10317e+07 6.66297e-09
4.3677e-08 7.24525e+07 6.84673e-09
4.45505e-08 7.39018e+07 7.03547e-09
4.54415e-08 7.53801e+07 7.22933e-09
4.63504e-08 7.6888e+07 7.42844e-09
4.72774e-08 7.8426e+07 7.63295e-09
4.82229e-08 7.99948e+07 7.843e-09
4.91874e-08 8.1595e+07 8.05874e-09
5.01711e-08 8.32272e+07 8.28031e-09
5.11746e-08 8.4892e+07 8.50788e-09
5.2198e-08 8.65902e+07 8.74161e-09
5.3242e-08 8.83223e+07 8.98166e-09
5.43069e-08 9.00891e+07 9.22819e-09
5.5393e-08 9.18912e+07 9.48139e-09
5.65008e-08 9.37293e+07 9.74143e-09
5.76309e-08 9.56043e+07 1.00085e-08
5.87835e-08 9.75167e+07 1.02828e-08
5.99592e-08 9.94674e+07 1.05644e-08
6.11583e-08 1.01457e+08 1.08537e-08
6.23815e-08 1.03487e+08 1.11508e-08
6.36291e-08 1.05557e+08 1.14559e-08
6.49017e-08 1.07668e+08 1.17692e-08
6.61997e-08 1.09822e+08 1.2091e-08
6.75237e-08 1.12019e+08 1.24214e-08
6.88742e-08 1.1426e+08 1.27607e-08
7.02517e-08 1.16546e+08 1.31092e-08
7.16567e-08 1.18877e+08 1.3467e-08
7.30899e-08 1.21255e+08 1.38345e-08
7.45517e-08 1.23681e+08 1.42119e-08
7.60427e-08 1.26155e+08 1.45994e-08
7.75636e-08 1.28678e+08 1.49973e-08
7.91148e-08 1.31252e+08 1.54059e-08
8.06971e-08 1.33878e+08 1.58255e-08
8.23111e-08 1.36556e+08 1.62564e-08
8.39573e-08 1.39288e+08 1.66988e-08
8.56364e-08 1.42074e+08 1.71532e-08
8.73492e-08 1.44916e+08 1.76197e-08
8.90961e-08 1.47815e+08 1.80987e-08
9.08781e-08 1.50772e+08 1.85906e-08
9.26956e-08 1.53788e+08 1.90957e-08
9.45495e-08 1.56865e+08 1.96144e-08
9.64405e-08 1.60003e+08 2.01469e-08
9.83693e-08 1.63204e+08 2.06937e-08
1.00337e-07 1.66468e+08 2.12551e-08
1.02343e-07 1.69799e+08 2.18316e-08
1.0439e-07 1.73195e+08 2.24236e-08
1.06478e-07 1.7666e+08 2.30314e-08
1.08608e-07 1.80194e+08 2.36554e-08
1.1078e-07 1.83799e+08 2.42961e-08
1.12995e-07 1.87476e+08 2.4954e-08
1.15255e-07 1.91226e+08 2.56295e-08
1.1756e-07 1.95052e+08 2.6323e-08
1.19912e-07 1.98954e+08 2.70351e-08
1.2231e-07 2.02934e+08 2.77662e-08
1.24756e-07 2.06993e+08 2.85169e-08
1.27251e-07 2.11134e+08 2.92876e-08
1.29796e-07 2.15358e+08 3.00788e-08
1.32392e-07 2.19666e+08 3.08912e-08
1.3504e-07 2.24061e+08 3.17253e-08
1.37741e-07 2.28543e+08 3.25817e-08
1.40496e-07 2.33115e+08 3.34608e-08
1.43306e-07 2.37778e+08 3.43635e-08
1.46172e-07 2.42535e+08 3.52902e-08
1.49095e-07 2.47387e+08 3.62416e-08
1.52077e-07 2.52336e+08 3.72184e-08
1.55119e-07 2.57384e+08 3.82212e-08
1.58221e-07 2.62533e+08 3.92507e-08
1.61385e-07 2.67786e+08 4.03076e-08
1.64613e-07 2.73143e+08 4.13927e-08
1.67905e-07 2.78607e+08 4.25066e-08
1.71263e-07 2.84181e+08 4.36503e-08
1.74689e-07 2.89866e+08 4.48243e-08
1.78182e-07 2.95665e+08 4.60296e-08
1.81746e-07 3.0158e+08 4.72669e-08
1.85381e-07 3.07613e+08 4.85372e-08
1.89089e-07 3.13767e+08 4.98412e-08
1.9287e-07 3.20044e+08 5.11798e-08
1.96728e-07 3.26447e+08 5.25541e-08
2.00662e-07 3.32978e+08 5.39648e-08
2.04676e-07 3.39639e+08 5.5413e-08
2.08769e-07 3.46434e+08 5.68997e-08
2.12945e-07 3.53365e+08 5.84259e-08
2.17203e-07 3.60434e+08 5.99925e-08
2.21547e-07 3.67645e+08 6.16008e-08
2.25978e-07 3.75e+08 6.32517e-08
2.30498e-07 3.82503e+08 6.49464e-08
2.35108e-07 3.90155e+08 6.6686e-08
2.3981e-07 3.97961e+08 6.84718e-08
2.44606e-07 4.05922e+08 7.03049e-08
2.49498e-07 4.14043e+08 7.21866e-08
2.54488e-07 4.22327e+08 7.41182e-08
2.59578e-07 4.30776e+08 7.61009e-08
2.6477e-07 4.39394e+08 7.81361e-08
2.70065e-07 4.48185e+08 8.02252e-08
2.75466e-07 4.57152e+08 8.23697e-08
2.80976e-07 4.66298e+08 8.45709e-08
2.86595e-07 4.75627e+08 8.68303e-08
2.92327e-07 4.85142e+08 8.91496e-08
2.98174e-07 4.94848e+08 9.15302e-08
3.04137e-07 5.04749e+08 9.39737e-08
3.1022e-07 5.14847e+08 9.64818e-08
3.16424e-07 5.25147e+08 9.90563e-08
3.22753e-07 5.35654e+08 1.01699e-07
3.29208e-07 5.46371e+08 1.04411e-07
3.35792e-07 5.57302e+08 1.07195e-07
3.42508e-07 5.68452e+08 1.10053e-07
3.49358e-07 5.79825e+08 1.12986e-07
3.56345e-07 5.91425e+08 1.15996e-07
3.63472e-07 6.03258e+08 1.19086e-07
3.70742e-07 6.15328e+08 1.22257e-07
3.78156e-07 6.27639e+08 1.25512e-07
3.8572e-07 6.40196e+08 1.28853e-07
3.93434e-07 6.53004e+08 1.32282e-07
4.01303e-07 6.66069e+08 1.35802e-07
4.09329e-07 6.79396e+08 1.39414e-07
4.17515e-07 6.92989e+08 1.43121e-07
4.25866e-07 7.06853e+08 1.46927e-07
4.34383e-07 7.20996e+08 1.50832e-07
4.4307e-07 7.35421e+08 1.5484e-07
4.51932e-07 7.50135e+08 1.58954e-07
4.60971e-07 7.65144e+08 1.63176e-07
4.7019e-07 7.80452e+08 1.67509e-07
4.79594e-07 7.96068e+08 1.71957e-07
4.89186e-07 8.11995e+08 1.76521e-07
4.98969e-07 8.28241e+08 1.81206e-07
5.08949e-07 8.44813e+08 1.86013e-07
5.19128e-07 8.61716e+08 1.90947e-07
5.2951e-07 8.78957e+08 1.96011e-07
5.401e-07 8.96543e+08 2.01208e-07
5.50902e-07 9.14481e+08 2.06541e-07
5.61921e-07 9.32779e+08 2.12015e-07
5.73159e-07 9.51442e+08 2.17632e-07
5.84622e-07 9.70478e+08 2.23397e-07
5.96315e-07 9.89896e+08 2.29313e-07
6.08241e-07 1.0097e+09 2.35385e-07
6.20406e-07 1.0299e+09 2.41616e-07
6.32814e-07 1.05051e+09 2.4801e-07
6.4547e-07 1.07153e+09 2.54572e-07
6.58379e-07 1.09297e+09 2.61306e-07
6.71547e-07 1.11484e+09 2.68217e-07
6.84978e-07 1.13715e+09 2.75309e-07
6.98678e-07 1.1599e+09 2.82587e-07
7.12651e-07 1.18311e+09 2.90056e-07
7.26904e-07 1.20678e+09 2.9772e-07
7.41442e-07 1.23093e+09 3.05585e-07
7.56271e-07 1.25556e+09 3.13656e-07
7.71396e-07 1.28068e+09 3.21939e-07
7.86824e-07 1.3063e+09 3.30438e-07
8.02561e-07 1.33244e+09 3.3916e-07
8.18612e-07 1.3591e+09 3.4811e-07
8.34984e-07 1.3863e+09 3.57294e-07
8.51684e-07 1.41404e+09 3.66718e-07
8.68718e-07 1.44233e+09 3.76389e-07
8.86092e-07 1.47119e+09 3.86312e-07
9.03814e-07 1.50063e+09 3.96495e-07
9.2189e-07 1.53065e+09 4.06944e-07
9.40328e-07 1.56128e+09 4.17666e-07
9.59135e-07 1.59252e+09 4.28668e-07
9.78317e-07 1.62439e+09 4.39957e-07
9.97884e-07 1.65689e+09 4.51542e-07
1.01784e-06 1.69005e+09 4.63428e-07
1.0382e-06 1.72387e+09 4.75625e-07
1.05896e-06 1.75836e+09 4.8814e-07
1.08014e-06 1.79354e+09 5.00981e-07
1.10174e-06 1.82943e+09 5.14157e-07
1.12378e-06 1.86604e+09 5.27677e-07
1.14625e-06 1.90338e+09 5.41549e-07
1.16918e-06 1.94147e+09 5.55783e-07
1.19256e-06 1.98032e+09 5.70388e-07
1.21641e-06 2.01994e+09 5.85373e-07
1.24074e-06 2.06036e+09 6.00748e-07
1.26556e-06 2.10159e+09 6.16524e-07
1.29087e-06 2.14365e+09 6.3271e-07
1.31669e-06 2.18654e+09 6.49318e-07
1.34302e-06 2.2303e+09 6.66358e-07
1.36988e-06 2.27493e+09 6.83841e-07
1.39728e-06 2.32045e+09 7.01778e-07
1.42522e-06 2.36689e+09 7.20182e-07
1.45373e-06 2.41425e+09 7.39065e-07
1.4828e-06 2.46256e+09 7.58438e-07
1.51246e-06 2.51184e+09 7.78314e-07
1.54271e-06 2.5621e+09 7.98707e-07
1.57356e-06 2.61338e+09 8.1963e-07
1.60503e-06 2.66567e+09 8.41095e-07
1.63713e-06 2.71902e+09 8.63118e-07
1.66988e-06 2.77343e+09 8.85713e-07
1.70327e-06 2.82893e+09 9.08893e-07
1.73734e-06 2.88554e+09 9.32675e-07
1.77209e-06 2.94329e+09 9.57073e-07
1.80753e-06 3.00219e+09 9.82104e-07
1.84368e-06 3.06226e+09 1.00778e-06
1.88055e-06 3.12355e+09 1.03413e-06
1.91816e-06 3.18605e+09 1.06116e-06
1.95653e-06 3.24981e+09 1.08888e-06
1.99566e-06 3.31485e+09 1.11733e-06
2.03557e-06 3.38119e+09 1.14651e-06
2.07628e-06 3.44885e+09 1.17645e-06
2.11781e-06 3.51787e+09 1.20716e-06
2.16016e-06 3.58827e+09 1.23867e-06
2.20337e-06 3.66008e+09 1.27099e-06
2.24743e-06 3.73333e+09 1.30414e-06
2.29238e-06 3.80805e+09 1.33816e-06
2.33823e-06 3.88425e+09 1.37305e-06
2.38499e-06 3.96199e+09 1.40884e-06
2.43269e-06 4.04128e+09 1.44556e-06
2.48135e-06 4.12216e+09 1.48323e-06
2.53098e-06 4.20466e+09 1.52187e-06
2.5816e-06 4.2888e+09 1.5615e-06
2.63323e-06 4.37464e+09 1.60216e-06
2.68589e-06 4.46219e+09 1.64386e-06
2.73961e-06 4.55149e+09 1.68665e-06
2.7944e-06 4.64258e+09 1.73053e-06
2.85029e-06 4.73549e+09 1.77554e-06
2.9073e-06 4.83027e+09 1.82172e-06
2.96544e-06 4.92694e+09 1.86908e-06
3.02475e-06 5.02555e+09 1.91767e-06
3.08525e-06 5.12613e+09 1.9675e-06
3.14695e-06 5.22872e+09 2.01862e-06
3.20989e-06 5.33337e+09 2.07105e-06
3.27409e-06 5.44011e+09 2.12483e-06
3.33957e-06 5.54899e+09 2.17999e-06
3.40636e-06 5.66005e+09 2.23657e-06
3.47449e-06 5.77333e+09 2.29461e-06
3.54398e-06 5.88888e+09 2.35413e-06
3.61486e-06 6.00674e+09 2.41519e-06
3.68715e-06 6.12697e+09 2.47781e-06
3.7609e-06 6.24959e+09 2.54204e-06
3.83611e-06 6.37468e+09 2.60791e-06
3.91284e-06 6.50227e+09 2.67548e-06
3.99109e-06 6.63241e+09 2.74478e-06
4.07092e-06 6.76516e+09 2.81585e-06
4.15233e-06 6.90056e+09 2.88875e-06
4.23538e-06 7.03868e+09 2.96352e-06
4.32009e-06 7.17956e+09 3.0402e-06
4.40649e-06 7.32326e+09 3.11884e-06
4.49462e-06 7.46984e+09 3.19949e-06
4.58451e-06 7.61935e+09 3.28221e-06
4.6762e-06 7.77186e+09 3.36705e-06
4.76973e-06 7.92742e+09 3.45405e-06
4.86512e-06 8.08609e+09 3.54328e-06
4.96242e-06 8.24794e+09 3.63479e-06
5.06167e-06 8.41303e+09 3.72864e-06
5.1629e-06 8.58142e+09 3.82488e-06
5.26616e-06 8.75319e+09 3.92359e-06
5.37149e-06 8.9284e+09 4.02481e-06
5.47892e-06 9.10711e+09 4.12861e-06
5.58849e-06 9.2894e+09 4.23506e-06
5.70026e-06 9.47534e+09 4.34423e-06
5.81427e-06 9.66501e+09 4.45617e-06
5.93055e-06 9.85847e+09 4.57097e-06
6.04917e-06 1.00558e+10 4.6887e-06
6.17015e-06 1.02571e+10 4.80942e-06
6.29355e-06 1.04624e+10 4.93321e-06
6.41942e-06 1.06718e+10 5.06016e-06
6.54781e-06 1.08855e+10 5.19033e-06
6.67877e-06 1.11034e+10 5.32381e-06
6.81234e-06 1.13256e+10 5.46069e-06
6.94859e-06 1.15523e+10 5.60105e-06
7.08756e-06 1.17836e+10 5.74497e-06
7.22931e-06 1.20194e+10 5.89254e-06
7.3739e-06 1.22601e+10 6.04386e-06
7.52138e-06 1.25055e+10 6.19902e-06
7.67181e-06 1.27558e+10 6.35812e-06
7.82524e-06 1.30112e+10 6.52125e-06
7.98175e-06 1.32716e+10 6.68851e-06
8.14138e-06 1.35373e+10 6.86001e-06
8.30421e-06 1.38083e+10 7.03586e-06
8.47029e-06 1.40847e+10 7.21616e-06
8.6397e-06 1.43667e+10 7.40102e-06
8.81249e-06 1.46543e+10 7.59056e-06
8.98874e-06 1.49476e+10 7.78489e-06
9.16852e-06 1.52469e+10 7.98414e-06
9.35189e-06 1.55521e+10 8.18842e-06
9.53893e-06 1.58634e+10 8.39786e-06
9.7297e-06 1.6181e+10 8.61259e-06
9.9243e-06 1.65049e+10 8.83274e-06
1.01228e-05 1.68353e+10 9.05845e-06
1.03252e-05 1.71724e+10 9.28984e-06
1.05317e-05 1.75162e+10 9.52708e-06
1.07424e-05 1.78668e+10 9.77029e-06
1.09572e-05 1.82245e+10 1.00196e-05
1.11764e-05 1.85894e+10 1.02752e-05
1.13999e-05 1.89615e+10 1.05373e-05
1.16279e-05 1.93411e+10 1.08059e-05
1.18605e-05 1.97284e+10 1.10813e-05
1.20977e-05 2.01233e+10 1.13637e-05
1.23396e-05 2.05262e+10 1.16531e-05
1.25864e-05 2.09372e+10 1.19498e-05
1.28381e-05 2.13563e+10 1.22539e-05
1.30949e-05 2.17839e+10 1.25657e-05
1.33568e-05 2.222e+10 1.28853e-05
1.36239e-05 2.26649e+10 1.32129e-05
1.38964e-05 2.31187e+10 1.35487e-05
1.41743e-05 2.35815e+10 1.38929e-05
1.44578e-05 2.40537e+10 1.42458e-05
1.4747e-05 2.45353e+10 1.46075e-05
1.50419e-05 2.50265e+10 1.49782e-05
1.53428e-05 2.55276e+10 1.53582e-05
1.56496e-05 2.60387e+10 1.57478e-05
1.59626e-05 2.656e+10 1.6147e-05
1.62819e-05 2.70918e+10 1.65562e-05
1.66075e-05 2.76343e+10 1.69757e-05
1.69396e-05 2.81876e+10 1.74056e-05
1.72784e-05 2.87519e+10 1.78462e-05
1.7624e-05 2.93276e+10 1.82978e-05
1.79765e-05 2.99148e+10 1.87607e-05
1.8336e-05 3.05138e+10 1.92351e-05
1.87027e-05 3.11248e+10 1.97213e-05
1.90768e-05 3.1748e+10 2.02196e-05
1.94583e-05 3.23837e+10 2.07303e-05
1.98475e-05 3.30321e+10 2.12537e-05
2.02444e-05 3.36935e+10 2.17901e-05
2.06493e-05 3.43682e+10 2.23399e-05
2.10623e-05 3.50564e+10 2.29033e-05
2.14836e-05 3.57583e+10 2.34806e-05
2.19132e-05 3.64743e+10 2.40723e-05
2.23515e-05 3.72047e+10 2.46786e-05
2.27985e-05 3.79497e+10 2.53e-05
2.32545e-05 3.87096e+10 2.59368e-05
2.37196e-05 3.94847e+10 2.65893e-05
2.4194e-05 4.02754e+10 2.7258e-05
2.46779e-05 4.10819e+10 2.79432e-05
2.51714e-05 4.19045e+10 2.86453e-05
2.56749e-05 4.27437e+10 2.93648e-05
2.61884e-05 4.35996e+10 3.01021e-05
2.67121e-05 4.44727e+10 3.08575e-05
2.72464e-05 4.53633e+10 3.16316e-05
2.77913e-05 4.62717e+10 3.24247e-05
2.83471e-05 4.71983e+10 3.32374e-05
2.89141e-05 4.81435e+10 3.40701e-05
2.94923e-05 4.91076e+10 3.49233e-05
3.00822e-05 5.0091e+10 3.57975e-05
3.06838e-05 5.10941e+10 3.66932e-05
3.12975e-05 5.21173e+10 3.76109e-05
3.19235e-05 5.3161e+10 3.85511e-05
3.25619e-05 5.42257e+10 3.95144e-05
3.32132e-05 5.53116e+10 4.05013e-05
3.38774e-05 5.64193e+10 4.15124e-05
3.4555e-05 5.75492e+10 4.25483e-05
3.52461e-05 5.87017e+10 4.36096e-05
3.5951e-05 5.98773e+10 4.46968e-05
3.667e-05 6.10765e+10 4.58107e-05
3.74034e-05 6.22997e+10 4.69517e-05
3.81515e-05 6.35474e+10 4.81207e-05
3.89145e-05 6.48201e+10 4.93181e-05
3.96928e-05 6.61183e+10 5.05448e-05
4.04867e-05 6.74425e+10 5.18015e-05
4.12964e-05 6.87932e+10 5.30887e-05
4.21223e-05 7.0171e+10 5.44073e-05
4.29648e-05 7.15764e+10 5.5758e-05
4.38241e-05 7.301e+10 5.71416e-05
4.47005e-05 7.44722e+10 5.85588e-05
4.55946e-05 7.59638e+10 6.00105e-05
4.65065e-05 7.74853e+10 6.14974e-05
4.74366e-05 7.90372e+10 6.30204e-05
4.83853e-05 8.06202e+10 6.45803e-05
4.9353e-05 8.2235e+10 6.6178e-05
5.03401e-05 8.38821e+10 6.78145e-05
5.13469e-05 8.55622e+10 6.94905e-05
5.23738e-05 8.7276e+10 7.12072e-05
5.34213e-05 8.90241e+10 7.29653e-05
5.44897e-05 9.08072e+10 7.47659e-05
5.55795e-05 9.26261e+10 7.66099e-05
5.66911e-05 9.44814e+10 7.84985e-05
5.78249e-05 9.63738e+10 8.04326e-05
5.89814e-05 9.83042e+10 8.24133e-05
6.01611e-05 1.00273e+11 8.44418e-05
6.13643e-05 1.02282e+11 8.6519e-05
6.25916e-05 1.04331e+11 8.86462e-05
6.38434e-05 1.0642e+11 9.08245e-05
6.51203e-05 1.08552e+11 9.30551e-05
6.64227e-05 1.10727e+11 9.53393e-05
6.77511e-05 1.12945e+11 9.76782e-05
6.91061e-05 1.15207e+11 0.000100073
7.04883e-05 1.17515e+11 0.000102526
7.1898e-05 1.19869e+11 0.000105037
7.3336e-05 1.2227e+11 0.000107608
7.48027e-05 1.24719e+11 0.00011024
7.62988e-05 1.27218e+11 0.000112936
7.78247e-05 1.29766e+11 0.000115695
7.93812e-05 1.32366e+11 0.000118521
8.09689e-05 1.35017e+11 0.000121414
8.25882e-05 1.37722e+11 0.000124376
8.424e-05 1.40481e+11 0.000127408
8.59248e-05 1.43295e+11 0.000130512
8.76433e-05 1.46166e+11 0.00013369
8.93962e-05 1.49094e+11 0.000136944
9.11841e-05 1.52081e+11 0.000140274
9.30078e-05 1.55128e+11 0.000143684
9.48679e-05 1.58236e+11 0.000147174
9.67653e-05 1.61406e+11 0.000150747
9.87006e-05 1.64639e+11 0.000154404
0.000100675 1.67938e+11 0.000158148
0.000102688 1.71302e+11 0.000161981
0.000104742 1.74734e+11 0.000165903
0.000106837 1.78235e+11 0.000169918
0.000108973 1.81806e+11 0.000174028
0.000111153 1.85448e+11 0.000178234
0.000113376 1.89164e+11 0.000182539
0.000115643 1.92953e+11 0.000186946
0.000117956 1.96819e+11 0.000191456
0.000120315 2.00763e+11 0.000196071
0.000122722 2.04785e+11 0.000200795
0.000125176 2.08888e+11 0.000205629
0.00012768 2.13073e+11 0.000210577
0.000130233 2.17342e+11 0.00021564
0.000132838 2.21697e+11 0.000220821
0.000135495 2.26139e+11 0.000226123
0.000138205 2.3067e+11 0.000231549
0.000140969 2.35292e+11 0.000237101
0.000143788 2.40006e+11 0.000242782
0.000146664 2.44815e+11 0.000248595
0.000149597 2.49721e+11 0.000254544
0.000152589 2.54724e+11 0.00026063
0.000155641 2.59828e+11 0.000266858
0.000158754 2.65035e+11 0.000273229
0.000161929 2.70345e+11 0.000279748
0.000165167 2.75762e+11 0.000286418
0.000168471 2.81288e+11 0.000293242
0.00017184 2.86925e+11 0.000300223
0.000175277 2.92674e+11 0.000307365
0.000178782 2.98539e+11 0.000314672
0.000182358 3.04521e+11 0.000322147
0.000186005 3.10623e+11 0.000329793
0.000189725 3.16847e+11 0.000337615
0.00019352 3.23197e+11 0.000345617
0.00019739 3.29673e+11 0.000353801
0.000201338 3.3628e+11 0.000362173
0.000205365 3.43018e+11 0.000370736
0.000209472 3.49892e+11 0.000379495
0.000213662 3.56904e+11 0.000388454
0.000217935 3.64056e+11 0.000397617
0.000222293 3.71352e+11 0.000406988
0.000226739 3.78794e+11 0.000416573
0.000231274 3.86385e+11 0.000426375
0.0002359 3.94128e+11 0.0004364
0.000240618 4.02026e+11 0.000446652
0.00024543 4.10083e+11 0.000457135
0.000250339 4.18302e+11 0.000467856
0.000255345 4.26685e+11 0.000478819
0.000260452 4.35236e+11 0.00049003
0.000265661 4.43958e+11 0.000501493
0.000270975 4.52856e+11 0.000513213
0.000276394 4.61932e+11 0.000523716
0.000376394 6.29445e+11 0.000607546
0.000476394 7.96998e+11 0.000677715
0.000576394 9.64578e+11 0.000748108
0.000676394 1.13218e+12 0.000820494
0.000776394 1.2998e+12 0.00089533
0.000876394 1.46745e+12 0.000972706
0.000976394 1.6351e+12 0.00105258
0.00107639 1.80278e+12 0.00113488
0.00117639 1.97046e+12 0.00121948
0.00127639 2.13816e+12 0.00130628
0.00137639 2.30587e+12 0.00139518
0.00147639 2.4736e+12 0.00148607
0.00157639 2.64133e+12 0.00157888
0.00167639 2.80908e+12 0.0016735
0.00177639 2.97684e+12 0.00176986
0.00187639 3.1446e+12 0.00186789
0.00197639 3.31238e+12 0.00196752
0.00207639 3.48016e+12 0.00206868
0.00217639 3.64796e+12 0.00217134
0.00227639 3.81576e+12 0.00227542
0.00237639 3.98357e+12 0.00238089
0.00247639 4.15139e+12 0.00248771
0.00257639 4.31922e+12 0.00259582
0.00267639 4.48705e+12 0.0027052
0.00277639 4.65489e+12 0.00281582
0.00287639 4.82274e+12 0.00292763
0.00297639 4.9906e+12 0.00304062
0.00307639 5.15846e+12 0.00315476
0.00317639 5.32633e+12 0.00327003
0.00327639 5.49421e+12 0.00338639
0.00337639 5.66209e+12 0.00350384
0.00347639 5.82998e+12 0.00362235
0.00357639 5.99787e+12 0.00374192
0.00367639 6.16577e+12 0.00386252
0.00377639 6.33368e+12 0.00398413
0.00387639 6.50159e+12 0.00410676
0.00397639 6.66951e+12 0.00423038
0.00407639 6.83743e+12 0.00435499
0.00417639 7.00536e+12 0.00448057
0.00427639 7.1733e+12 0.00460712
0.00437639 7.34124e+12 0.00473464
0.00447639 7.50918e+12 0.00486311
0.00457639 7.67713e+12 0.00499253
0.00467639 7.84509e+12 0.00512289
0.00477639 8.01305e+12 0.00525419
0.00487639 8.18101e+12 0.00538643
0.00497639 8.34898e+12 0.00551961
0.00507639 8.51696e+12 0.00565371
0.00517639 8.68494e+12 0.00578874
0.00527639 8.85292e+12 0.00592469
0.00537639 9.02091e+12 0.00606157
0.00547639 9.18891e+12 0.00619937
0.00557639 9.35691e+12 0.0063381
0.00567639 9.52491e+12 0.00647774
0.00577639 9.69292e+12 0.00661831
0.00587639 9.86093e+12 0.00675981
0.00597639 1.00289e+13 0.00690222
0.00607639 1.0197e+13 0.00704557
0.00617639 1.0365e+13 0.00718983
0.00627639 1.0533e+13 0.00733503
0.00637639 1.0701e+13 0.00748115
0.00647639 1.08691e+13 0.0076282
0.00657639 1.10371e+13 0.00777618
0.00667639 1.12052e+13 0.0079251
0.00677639 1.13732e+13 0.00807496
0.00687639 1.15413e+13 0.00822575
0.00697639 1.17093e+13 0.00837748
0.00707639 1.18774e+13 0.00853016
0.00717639 1.20455e+13 0.00868378
0.00727639 1.22135e+13 0.00883836
0.00737639 1.23816e+13 0.00899388
0.00747639 1.25497e+13 0.00915036
0.00757639 1.27178e+13 0.00930779
0.00767639 1.28858e+13 0.00946619
0.00777639 1.30539e+13 0.00962555
0.00787639 1.3222e+13 0.00978587
0.00797639 1.33901e+13 0.00994717
0.00807639 1.35582e+13 0.0101094
0.00817639 1.37263e+13 0.0102727
0.00827639 1.38944e+13 0.0104369
0.00837639 1.40625e+13 0.0106021
0.00847639 1.42306e+13 0.0107683
0.00857639 1.43988e+13 0.0109355
0.00867639 1.45669e+13 0.0111037
0.00877639 1.4735e+13 0.0112728
0.00887639 1.49031e+13 0.011443
0.00897639 1.50713e+13 0.0116141
0.00907639 1.52394e+13 0.0117863
0.00917639 1.54075e+13 0.0119595
0.00927639 1.55757e+13 0.0121337
0.00937639 1.57438e+13 0.0123089
0.00947639 1.5912e+13 0.0124851
0.00957639 1.60801e+13 0.0126623
0.00967639 1.62483e+13 0.0128406
0.00977639 1.64164e+13 0.0130199
0.00987639 1.65846e+13 0.0132002
0.00997639 1.67527e+13 0.0133816
0.0100764 1.69209e+13 0.0135639
0.0101764 1.70891e+13 0.0137474
0.0102764 1.72572e+13 0.0139318
0.0103764 1.74254e+13 0.0141173
0.0104764 1.75936e+13 0.0143039
0.0105764 1.77618e+13 0.0144915
0.0106764 1.793e+13 0.0146801
0.0107764 1.80982e+13 0.0148698
0.0108764 1.82664e+13 0.0150606
0.0109764 1.84345e+13 0.0152524
0.0110764 1.86027e+13 0.0154453
0.0111764 1.87709e+13 0.0156392
0.0112764 1.89392e+13 0.0158342
0.0113764 1.91074e+13 0.0160303
0.0114764 1.92756e+13 0.0162274
0.0115764 1.94438e+13 0.0164257
0.0116764 1.9612e+13 0.016625
0.0117764 1.97802e+13 0.0168253
0.0118764 1.99484e+13 0.0170268
0.0119764 2.01167e+13 0.0172293
0.0120764 2.02849e+13 0.0174329
0.0121764 2.04531e+13 0.0176376
0.0122764 2.06214e+13 0.0178434
0.0123764 2.07896e+13 0.0180502
0.0124764 2.09578e+13 0.0182582
0.0125764 2.11261e+13 0.0184672
0.0126764 2.12943e+13 0.0186774
0.0127764 2.14626e+13 0.0188886
0.0128764 2.16308e+13 0.0191009
0.0129764 2.17991e+13 0.0193144
0.0130764 2.19674e+13 0.0195289
0.0131764 2.21356e+13 0.0197445
0.0132764 2.23039e+13 0.0199612
0.0133764 2.24721e+13 0.0201791
0.0134764 2.26404e+13 0.020398
0.0135764 2.28087e+13 0.020618
0.0136764 2.2977e+13 0.0208392
0.0137764 2.31452e+13 0.0210614
0.0138764 2.33135e+13 0.0212848
0.0139764 2.34818e+13 0.0215092
0.0140764 2.36501e+13 0.0217348
0.0141764 2.38184e+13 0.0219615
0.0142764 2.39867e+13 0.0221893
0.0143764 2.4155e+13 0.0224182
0.0144764 2.43233e+13 0.0226482
0.0145764 2.44916e+13 0.0228793
0.0146764 2.46599e+13 0.0231116
0.0147764 2.48282e+13 0.0233449
0.0148764 2.49965e+13 0.0235794
0.0149764 2.51648e+13 0.023815
0.0150764 2.53331e+13 0.0240517
0.0151764 2.55015e+13 0.0242895
0.0152764 2.56698e+13 0.0245284
0.0153764 2.58381e+13 0.0247685
0.0154764 2.60064e+13 0.0250097
0.0155764 2.61748e+13 0.025252
0.0156764 2.63431e+13 0.0254954
0.0157764 2.65114e+13 0.0257399
0.0158764 2.66798e+13 0.0259855
0.0159764 2.68481e+13 0.0262323
0.0160764 2.70164e+13 0.0264802
0.0161764 2.71848e+13 0.0267292
0.0162764 2.73531e+13 0.0269793
0.0163764 2.75215e+13 0.0272305
0.0164764 2.76899e+13 0.0274829
0.0165764 2.78582e+13 0.0277363
0.0166764 2.80266e+13 0.0279909
0.0167764 2.81949e+13 0.0282466
0.0168764 2.83633e+13 0.0285035
0.0169764 2.85317e+13 0.0287614
0.0170764 2.87e+13 0.0290205
0.0171764 2.88684e+13 0.0292806
0.0172764 2.90368e+13 0.0295419
0.0173764 2.92052e+13 0.0298043
0.0174764 2.93735e+13 0.0300678
0.0175764 2.95419e+13 0.0303325
0.0176764 2.97103e+13 0.0305982
0.0177764 2.98787e+13 0.0308651
0.0178764 3.00471e+13 0.0311331
0.0179764 3.02155e+13 0.0314022
0.0180764 3.03839e+13 0.0316724
0.0181764 3.05523e+13 0.0319437
0.0182764 3.07207e+13 0.0322161
0.0183764 3.08891e+13 0.0324896
0.0184764 3.10575e+13 0.0327643
0.0185764 3.12259e+13 0.03304
0.0186764 3.13943e+13 0.0333169
0.0187764 3.15628e+13 0.0335949
0.0188764 3.17312e+13 0.0338739
0.0189764 3.18996e+13 0.0341541
0.0190764 3.2068e+13 0.0344354
0.0191764 3.22365e+13 0.0347178
0.0192764 3.24049e+13 0.0350013
0.0193764 3.25733e+13 0.0352859
0.0194764 3.27417e+13 0.0355716
0.0195764 3.29102e+13 0.0358584
0.0196764 3.30786e+13 0.0361463
0.0197764 3.32471e+13 0.0364353
0.0198764 3.34155e+13 0.0367254
0.0199764 3.3584e+13 0.0370166
0.0200764 3.37524e+13 0.0373089
0.0201764 3.39209e+13 0.0376023
0.0202764 3.40893e+13 0.0378968
0.0203764 3.42578e+13 0.0381924
0.0204764 3.44262e+13 0.038489
0.0205764 3.45947e+13 0.0387868
0.0206764 3.47632e+13 0.0390856
0.0207764 3.49316e+13 0.0393856
0.0208764 3.51001e+13 0.0396866
0.0209764 3.52686e+13 0.0399887
0.0210764 3.54371e+13 0.0402919
0.0211764 3.56055e+13 0.0405962
0.0212764 3.5774e+13 0.0409016
0.0213764 3.59425e+13 0.041208
0.0214764 3.6111e+13 0.0415156
0.0215764 3.62795e+13 0.0418242
0.0216764 3.6448e+13 0.0421339
0.0217764 3.66165e+13 0.0424447
0.0218764 3.6785e+13 0.0427565
0.0219764 3.69535e+13 0.0430694
0.0220764 3.7122e+13 0.0433834
0.0221764 3.72905e+13 0.0436985
0.0222764 3.7459e+13 0.0440147
0.0223764 3.76275e+13 0.0443319
0.0224764 3.7796e+13 0.0446502
0.0225764 3.79645e+13 0.0449695
0.0226764 3.8133e+13 0.0452899
0.0227764 3.83016e+13 0.0456114
0.0228764 3.84701e+13 0.045934
0.0229764 3.86386e+13 0.0462576
0.0230764 3.88071e+13 0.0465823
0.0231764 3.89757e+13 0.046908
0.0232764 3.91442e+13 0.0472348
0.0233764 3.93127e+13 0.0475627
0.0234764 3.94813e+13 0.0478916
0.0235764 3.96498e+13 0.0482215
0.0236764 3.98183e+13 0.0485526
0.0237764 3.99869e+13 0.0488846
0.0238764 4.01554e+13 0.0492178
0.0239764 4.0324e+13 0.049552
0.0240764 4.04925e+13 0.0498872
0.0241764 4.06611e+13 0.0502235
0.0242764 4.08296e+13 0.0505608
0.0243764 4.09982e+13 0.0508992
0.0244764 4.11668e+13 0.0512386
0.0245764 4.13353e+13 0.051579
0.0246764 4.15039e+13 0.0519205
0.0247764 4.16725e+13 0.0522631
0.0248764 4.1841e+13 0.0526067
0.0249764 4.20096e+13 0.0529513
0.0250764 4.21782e+13 0.053297
0.0251764 4.23468e+13 0.0536436
0.0252764 4.25154e+13 0.0539914
0.0253764 4.26839e+13 0.0543401
0.0254764 4.28525e+13 0.0546899
0.0255764 4.30211e+13 0.0550408
0.0256764 4.31897e+13 0.0553926
0.0257764 4.33583e+13 0.0557455
0.0258764 4.35269e+13 0.0560994
0.0259764 4.36955e+13 0.0564543
0.0260764 4.38641e+13 0.0568103
0.0261764 4.40327e+13 0.0571673
0.0262764 4.42013e+13 0.0575253
0.0263764 4.43699e+13 0.0578843
0.0264764 4.45385e+13 0.0582444
0.0265764 4.47071e+13 0.0586054
0.0266764 4.48758e+13 0.0589675
0.0267764 4.50444e+13 0.0593306
0.0268764 4.5213e+13 0.0596947
0.0269764 4.53816e+13 0.0600598
0.0270764 4.55502e+13 0.060426
0.0271764 4.57189e+13 0.0607931
0.0272764 4.58875e+13 0.0611613
0.0273764 4.60561e+13 0.0615304
0.0274764 4.62248e+13 0.0619006
0.0275764 4.63934e+13 0.0622718
0.0276764 4.6562e+13 0.062644
0.0277764 4.67307e+13 0.0630172
0.0278764 4.68993e+13 0.0633914
0.0279764 4.7068e+13 0.0637666
0.0280764 4.72366e+13 0.0641428
0.0281764 4.74053e+13 0.06452
0.0282764 4.75739e+13 0.0648982
0.0283764 4.77426e+13 0.0652774
0.0284764 4.79113e+13 0.0656575
0.0285764 4.80799e+13 0.0660387
0.0286764 4.82486e+13 0.0664209
0.0287764 4.84172e+13 0.0668041
0.0288764 4.85859e+13 0.0671883
0.0289764 4.87546e+13 0.0675734
0.0290764 4.89233e+13 0.0679596
0.0291764 4.90919e+13 0.0683467
0.0292764 4.92606e+13 0.0687348
0.0293764 4.94293e+13 0.0691239
0.0294764 4.9598e+13 0.069514
0.0295764 4.97667e+13 0.0699051
0.0296764 4.99353e+13 0.0702972
0.0297764 5.0104e+13 0.0706902
0.0298764 5.02727e+13 0.0710842
0.0299764 5.04414e+13 0.0714793
0.0300764 5.06101e+13 0.0718752
0.0301764 5.07788e+13 0.0722722
0.0302764 5.09475e+13 0.0726702
0.0303764 5.11162e+13 0.0730691
0.0304764 5.12849e+13 0.073469
0.0305764 5.14536e+13 0.0738699
0.0306764 5.16223e+13 0.0742717
0.0307764 5.17911e+13 0.0746746
0.0308764 5.19598e+13 0.0750784
0.0309764 5.21285e+13 0.0754831
0.0310764 5.22972e+13 0.0758889
0.0311764 5.24659e+13 0.0762956
0.0312764 5.26347e+13 0.0767033
0.0313764 5.28034e+13 0.0771119
0.0314764 5.29721e+13 0.0775215
0.0315764 5.31408e+13 0.0779321
0.0316764 5.33096e+13 0.0783437
0.0317764 5.34783e+13 0.0787562
0.0318764 5.36471e+13 0.0791697
0.0319764 5.38158e+13 0.0795841
0.0320764 5.39845e+13 0.0799995
0.0321764 5.41533e+13 0.0804159
0.0322764 5.4322e+13 0.0808332
0.0323764 5.44908e+13 0.0812515
0.0324764 5.46595e+13 0.0816708
0.0325764 5.48283e+13 0.082091
0.0326764 5.4997e+13 0.0825121
0.0327764 5.51658e+13 0.0829343
0.0328764 5.53346e+13 0.0833574
0.0329764 5.55033e+13 0.0837814
0.0330764 5.56721e+13 0.0842064
0.0331764 5.58409e+13 0.0846323
0.0332764 5.60096e+13 0.0850593
0.0333764 5.61784e+13 0.0854871
0.0334764 5.63472e+13 0.0859159
0.0335764 5.6516e+13 0.0863457
0.0336764 5.66847e+13 0.0867764
0.0337764 5.68535e+13 0.0872081
0.0338764 5.70223e+13 0.0876407
0.0339764 5.71911e+13 0.0880743
0.0340764 5.73599e+13 0.0885088
0.0341764 5.75287e+13 0.0889443
0.0342764 5.76975e+13 0.0893807
0.0343764 5.78663e+13 0.0898181
0.0344764 5.80351e+13 0.0902564
0.0345764 5.82039e+13 0.0906957
0.0346764 5.83727e+13 0.0911359
0.0347764 5.85415e+13 0.091577
0.0348764 5.87103e+13 0.0920192
0.0349764 5.88791e+13 0.0924622
0.0350764 5.90479e+13 0.0929062
0.0351764 5.92167e+13 0.0933511
0.0352764 5.93855e+13 0.093797
0.0353764 5.95544e+13 0.0942439
0.0354764 5.97232e+13 0.0946916
0.0355764 5.9892e+13 0.0951404
0.0356764 6.00608e+13 0.09559
0.0357764 6.02296e+13 0.0960406
0.0358764 6.03985e+13 0.0964922
0.0359764 6.05673e+13 0.0969447
0.0360764 6.07361e+13 0.0973981
0.0361764 6.0905e+13 0.0978525
0.0362764 6.10738e+13 0.0983078
0.0363764 6.12427e+13 0.098764
0.0364764 6.14115e+13 0.0992212
0.0365764 6.15803e+13 0.0996793
0.0366764 6.17492e+13 0.100138
0.0367764 6.1918e+13 0.100598
0.0368764 6.20869e+13 0.101059
0.0369764 6.22557e+13 0.101521
0.0370764 6.24246e+13 0.101984
0.0371764 6.25935e+13 0.102448
0.0372764 6.27623e+13 0.102913
0.0373764 6.29312e+13 0.103378
0.0374764 6.31001e+13 0.103845
0.0375764 6.32689e+13 0.104312
0.0376764 6.34378e+13 0.104781
0.0377764 6.36067e+13 0.10525
0.0378764 6.37755e+13 0.105721
0.0379764 6.39444e+13 0.106192
0.0380764 6.41133e+13 0.106664
0.0381764 6.42822e+13 0.107137
0.0382764 6.44511e+13 0.107611
0.0383764 6.46199e+13 0.108086
0.0384764 6.47888e+13 0.108562
0.0385764 6.49577e+13 0.109039
0.0386764 6.51266e+13 0.109517
0.0387764 6.52955e+13 0.109996
0.0388764 6.54644e+13 0.110475
0.0389764 6.56333e+13 0.110956
0.0390764 6.58022e+13 0.111438
0.0391764 6.59711e+13 0.11192
0.0392764 6.614e+13 0.112404
0.0393764 6.63089e+13 0.112888
0.0394764 6.64778e+13 0.113373
0.0395764 6.66467e+13 0.11386
0.0396764 6.68156e+13 0.114347
0.0397764 6.69846e+13 0.114835
0.0398764 6.71535e+13 0.115324
0.0399764 6.73224e+13 0.115814
0.0400764 6.74913e+13 0.116305
0.0401764 6.76602e+13 0.116797
0.0402764 6.78292e+13 0.11729
0.0403764 6.79981e+13 0.117784
0.0404764 6.8167e+13 0.118278
0.0405764 6.8336e+13 0.118774
0.0406764 6.85049e+13 0.119271
0.0407764 6.86738e+13 0.119768
0.0408764 6.88428e+13 0.120267
0.0409764 6.90117e+13 0.120766
0.0410764 6.91807e+13 0.121266
0.0411764 6.93496e+13 0.121768
0.0412764 6.95186e+13 0.12227
0.0413764 6.96875e+13 0.122773
0.0414764 6.98565e+13 0.123277
0.0415764 7.00254e+13 0.123782
0.0416764 7.01944e+13 0.124288
0.0417764 7.03633e+13 0.124795
0.0418764 7.05323e+13 0.125303
0.0419764 7.07013e+13 0.125812
0.0420764 7.08702e+13 0.126322
0.0421764 7.10392e+13 0.126832
0.0422764 7.12082e+13 0.127344
0.0423764 7.13771e+13 0.127857
0.0424764 7.15461e+13 0.12837
0.0425764 7.17151e+13 0.128885
0.0426764 7.18841e+13 0.1294
0.0427764 7.2053e+13 0.129917
0.0428764 7.2222e+13 0.130434
0.0429764 7.2391e+13 0.130952
0.0430764 7.256e+13 0.131471
0.0431764 7.2729e+13 0.131992
0.0432764 7.2898e+13 0.132513
0.0433764 7.3067e+13 0.133035
0.0434764 7.3236e+13 0.133558
0.0435764 7.3405e+13 0.134082
0.0436764 7.3574e+13 0.134607
0.0437764 7.3743e+13 0.135132
0.0438764 7.3912e+13 0.135659
0.0439764 7.4081e+13 0.136187
0.0440764 7.425e+13 0.136716
0.0441764 7.4419e+13 0.137245
0.0442764 7.4588e+13 0.137776
0.0443764 7.4757e+13 0.138308
0.0444764 7.4926e+13 0.13884
0.0445764 7.50951e+13 0.139374
0.0446764 7.52641e+13 0.139908
0.0447764 7.54331e+13 0.140443
0.0448764 7.56021e+13 0.14098
0.0449764 7.57712e+13 0.141517
0.0450764 7.59402e+13 0.142055
0.0451764 7.61092e+13 0.142595
0.0452764 7.62783e+13 0.143135
0.0453764 7.64473e+13 0.143676
0.0454764 7.66163e+13 0.144218
0.0455764 7.67854e+13 0.144761
0.0456764 7.69544e+13 0.145305
0.0457764 7.71235e+13 0.14585
0.0458764 7.72925e+13 0.146396
0.0459764 7.74615e+13 0.146943
0.0460764 7.76306e+13 0.147491
0.0461764 7.77997e+13 0.14804
0.0462764 7.79687e+13 0.148589
0.0463764 7.81378e+13 0.14914
0.0464764 7.83068e+13 0.149692
0.0465764 7.84759e+13 0.150245
0.0466764 7.8645e+13 0.150798
0.0467764 7.8814e+13 0.151353
0.0468764 7.89831e+13 0.151909
0.0469764 7.91522e+13 0.152465
0.0470764 7.93212e+13 0.153023
0.0471764 7.94903e+13 0.153581
0.0472764 7.96594e+13 0.154141
0.0473764 7.98285e+13 0.154701
0.0474764 7.99975e+13 0.155263
0.0475764 8.01666e+13 0.155825
0.0476764 8.03357e+13 0.156389
0.0477764 8.05048e+13 0.156953
0.0478764 8.06739e+13 0.157518
0.0479764 8.0843e+13 0.158085
0.0480764 8.10121e+13 0.158652
0.0481764 8.11812e+13 0.15922
0.0482764 8.13503e+13 0.15979
0.0483764 8.15194e+13 0.16036
0.0484764 8.16885e+13 0.160931
0.0485764 8.18576e+13 0.161503
0.0486764 8.20267e+13 0.162077
0.0487764 8.21958e+13 0.162651
0.0488764 8.23649e+13 0.163226
0.0489764 8.2534e+13 0.163802
0.0490764 8.27031e+13 0.164379
0.0491764 8.28722e+13 0.164958
0.0492764 8.30413e+13 0.165537
0.0493764 8.32105e+13 0.166117
0.0494764 8.33796e+13 0.166698
0.0495764 8.35487e+13 0.16728
0.0496764 8.37178e+13 0.167863
0.0497764 8.3887e+13 0.168448
0.0498764 8.40561e+13 0.169033
0.0499764 8.42252e+13 0.169619
0.0500764 8.43944e+13 0.170206
0.0501764 8.45635e+13 0.170794
0.0502764 8.47326e+13 0.171383
0.0503764 8.49018e+13 0.171973
0.0504764 8.50709e+13 0.172565
0.0505764 8.52401e+13 0.173157
0.0506764 8.54092e+13 0.17375
0.0507764 8.55784e+13 0.174344
0.0508764 8.57475e+13 0.174939
0.0509764 8.59167e+13 0.175536
0.0510764 8.60858e+13 0.176133
0.0511764 8.6255e+13 0.176731
0.0512764 8.64241e+13 0.17733
0.0513764 8.65933e+13 0.17793
0.0514764 8.67625e+13 0.178532
0.0515764 8.69316e+13 0.179134
0.0516764 8.71008e+13 0.179737
0.0517764 8.727e+13 0.180342
0.0518764 8.74391e+13 0.180947
0.0519764 8.76083e+13 0.181553
0.0520764 8.77775e+13 0.182161
0.0521764 8.79467e+13 0.182769
0.0522764 8.81159e+13 0.183379
0.0523764 8.8285e+13 0.183989
0.0524764 8.84542e+13 0.184601
0.0525764 8.86234e+13 0.185213
0.0526764 8.87926e+13 0.185827
0.0527764 8.89618e+13 0.186441
0.0528764 8.9131e+13 0.187057
0.0529764 8.93002e+13 0.187674
0.0530764 8.94694e+13 0.188291
0.0531764 8.96386e+13 0.18891
0.0532764 8.98078e+13 0.18953
0.0533764 8.9977e+13 0.190151
0.0534764 9.01462e+13 0.190772
0.0535764 9.03154e+13 0.191395
0.0536764 9.04846e+13 0.192019
0.0537764 9.06538e+13 0.192644
0.0538764 9.0823e+13 0.19327
0.0539764 9.09922e+13 0.193897
0.0540764 9.11615e+13 0.194525
0.0541764 9.13307e+13 0.195155
0.0542764 9.14999e+13 0.195785
0.0543764 9.16691e+13 0.196416
0.0544764 9.18384e+13 0.197049
0.0545764 9.20076e+13 0.197682
0.0546764 9.21768e+13 0.198316
0.0547764 9.2346e+13 0.198952
0.0548764 9.25153e+13 0.199588
0.0549764 9.26845e+13 0.200226
0.0550764 9.28538e+13 0.200865
0.0551764 9.3023e+13 0.201505
0.0552764 9.31922e+13 0.202145
0.0553764 9.33615e+13 0.202787
0.0554764 9.35307e+13 0.20343
0.0555764 9.37e+13 0.204074
0.0556764 9.38692e+13 0.204719
0.0557764 9.40385e+13 0.205366
0.0558764 9.42077e+13 0.206013
0.0559764 9.4377e+13 0.206661
0.0560764 9.45463e+13 0.207311
0.0561764 9.47155e+13 0.207961
0.0562764 9.48848e+13 0.208613
0.0563764 9.5054e+13 0.209265
0.0564764 9.52233e+13 0.209919
0.0565764 9.53926e+13 0.210574
0.0566764 9.55618e+13 0.21123
0.0567764 9.57311e+13 0.211887
0.0568764 9.59004e+13 0.212545
0.0569764 9.60697e+13 0.213204
0.0570764 9.6239e+13 0.213864
0.0571764 9.64082e+13 0.214526
0.0572764 9.65775e+13 0.215188
0.0573764 9.67468e+13 0.215852
0.0574764 9.69161e+13 0.216516
0.0575764 9.70854e+13 0.217182
0.0576764 9.72547e+13 0.217849
0.0577764 9.7424e+13 0.218517
0.0578764 9.75933e+13 0.219186
0.0579764 9.77626e+13 0.219856
0.0580764 9.79319e+13 0.220528
0.0581764 9.81012e+13 0.2212
0.0582764 9.82705e+13 0.221873
0.0583764 9.84398e+13 0.222548
0.0584764 9.86091e+13 0.223224
0.0585764 9.87784e+13 0.223901
0.0586764 9.89477e+13 0.224579
0.0587764 9.9117e+13 0.225258
0.0588764 9.92863e+13 0.225938
0.0589764 9.94557e+13 0.226619
0.0590764 9.9625e+13 0.227302
0.0591764 9.97943e+13 0.227985
0.0592764 9.99636e+13 0.22867
0.0593764 1.00133e+14 0.229356
0.0594764 1.00302e+14 0.230043
0.0595764 1.00472e+14 0.230731
0.0596764 1.00641e+14 0.23142
0.0597764 1.0081e+14 0.232111
0.0598764 1.0098e+14 0.232802
0.0599764 1.01149e+14 0.233495
0.0600764 1.01318e+14 0.234188
0.0601764 1.01488e+14 0.234883
0.0602764 1.01657e+14 0.23558
0.0603764 1.01826e+14 0.236277
0.0604764 1.01996e+14 0.236975
0.0605764 1.02165e+14 0.237675
0.0606764 1.02334e+14 0.238375
0.0607764 1.02504e+14 0.239077
0.0608764 1.02673e+14 0.23978
0.0609764 1.02842e+14 0.240484
0.0610764 1.03012e+14 0.24119
0.0611764 1.03181e+14 0.241896
0.0612764 1.03351e+14 0.242604
0.0613764 1.0352e+14 0.243312
0.0614764 1.03689e+14 0.244022
0.0615764 1.03859e+14 0.244733
0.0616764 1.04028e+14 0.245446
0.0617764 1.04197e+14 0.246159
0.0618764 1.04367e+14 0.246874
0.0619764 1.04536e+14 0.247589
0.0620764 1.04706e+14 0.248306
0.0621764 1.04875e+14 0.249024
0.0622764 1.05044e+14 0.249744
0.0623764 1.05214e+14 0.250464
0.0624764 1.05383e+14 0.251186
0.0625764 1.05552e+14 0.251909
0.0626764 1.05722e+14 0.252633
0.0627764 1.05891e+14 0.253358
0.0628764 1.06061e+14 0.254084
0.0629764 1.0623e+14 0.254812
0.0630764 1.06399e+14 0.255541
0.0631764 1.06569e+14 0.256271
0.0632764 1.06738e+14 0.257002
0.0633764 1.06908e+14 0.257734
0.0634764 1.07077e+14 0.258468
0.0635764 1.07247e+14 0.259202
0.0636764 1.07416e+14 0.259938
0.0637764 1.07585e+14 0.260675
0.0638764 1.07755e+14 0.261414
0.0639764 1.07924e+14 0.262153
0.0640764 1.08094e+14 0.262894
0.0641764 1.08263e+14 0.263636
0.0642764 1.08432e+14 0.264379
0.0643764 1.08602e+14 0.265124
0.0644764 1.08771e+14 0.265869
0.0645764 1.08941e+14 0.266616
0.0646764 1.0911e+14 0.267364
0.0647764 1.0928e+14 0.268113
0.0648764 1.09449e+14 0.268864
0.0649764 1.09619e+14 0.269615
0.0650764 1.09788e+14 0.270368
0.0651764 1.09957e+14 0.271122
0.0652764 1.10127e+14 0.271877
0.0653764 1.10296e+14 0.272634
0.0654764 1.10466e+14 0.273392
0.0655764 1.10635e+14 0.274151
0.0656764 1.10805e+14 0.274911
0.0657764 1.10974e+14 0.275672
0.0658764 1.11144e+14 0.276435
0.0659764 1.11313e+14 0.277199
0.0660764 1.11483e+14 0.277964
0.0661764 1.11652e+14 0.27873
0.0662764 1.11821e+14 0.279498
0.0663764 1.11991e+14 0.280267
0.0664764 1.1216e+14 0.281037
0.0665764 1.1233e+14 0.281808
0.0666764 1.12499e+14 0.282581
0.0667764 1.12669e+14 0.283354
0.0668764 1.12838e+14 0.284129
0.0669764 1.13008e+14 0.284906
0.0670764 1.13177e+14 0.285683
0.0671764 1.13347e+14 0.286462
0.0672764 1.13516e+14 0.287242
0.0673764 1.13686e+14 0.288023
0.0674764 1.13855e+14 0.288806
0.0675764 1.14025e+14 0.289589
0.0676764 1.14194e+14 0.290374
0.0677764 1.14364e+14 0.291161
0.0678764 1.14533e+14 0.291948
0.0679764 1.14703e+14 0.292737
0.0680764 1.14872e+14 0.293527
0.0681764 1.15042e+14 0.294318
0.0682764 1.15211e+14 0.295111
0.0683764 1.15381e+14 0.295904
0.0684764 1.1555e+14 0.296699
0.0685764 1.1572e+14 0.297496
0.0686764 1.15889e+14 0.298293
0.0687764 1.16059e+14 0.299092
0.0688764 1.16228e+14 0.299892
0.0689764 1.16398e+14 0.300693
0.0690764 1.16567e+14 0.301496
0.0691764 1.16737e+14 0.3023
0.0692764 1.16906e+14 0.303105
0.0693764 1.17076e+14 0.303911
0.0694764 1.17246e+14 0.304719
0.0695764 1.17415e+14 0.305528
0.0696764 1.17585e+14 0.306338
0.0697764 1.17754e+14 0.307149
0.0698764 1.17924e+14 0.307962
0.0699764 1.18093e+14 0.308776
0.0700764 1.18263e+14 0.309591
0.0701764 1.18432e+14 0.310407
0.0702764 1.18602e+14 0.311225
0.0703764 1.18771e+14 0.312044
0.0704764 1.18941e+14 0.312864
0.0705764 1.19111e+14 0.313685
0.0706764 1.1928e+14 0.314508
0.0707764 1.1945e+14 0.315332
0.0708764 1.19619e+14 0.316157
0.0709764 1.19789e+14 0.316984
0.0710764 1.19958e+14 0.317811
0.0711764 1.20128e+14 0.31864
0.0712764 1.20298e+14 0.319471
0.0713764 1.20467e+14 0.320302
0.0714764 1.20637e+14 0.321135
0.0715764 1.20806e+14 0.321969
0.0716764 1.20976e+14 0.322804
0.0717764 1.21145e+14 0.323641
0.0718764 1.21315e+14 0.324479
0.0719764 1.21485e+14 0.325318
0.0720764 1.21654e+14 0.326158
0.0721764 1.21824e+14 0.326999
0.0722764 1.21993e+14 0.327842
0.0723764 1.22163e+14 0.328686
0.0724764 1.22333e+14 0.329531
0.0725764 1.22502e+14 0.330378
0.0726764 1.22672e+14 0.331226
0.0727764 1.22841e+14 0.332075
0.0728764 1.23011e+14 0.332925
0.0729764 1.23181e+14 0.333776
0.0730764 1.2335e+14 0.334629
0.0731764 1.2352e+14 0.335483
0.0732764 1.23689e+14 0.336338
0.0733764 1.23859e+14 0.337194
0.0734764 1.24029e+14 0.338052
0.0735764 1.24198e+14 0.338911
0.0736764 1.24368e+14 0.339771
0.0737764 1.24538e+14 0.340632
0.0738764 1.24707e+14 0.341494
0.0739764 1.24877e+14 0.342358
0.0740764 1.25046e+14 0.343223
0.0741764 1.25216e+14 0.344089
0.0742764 1.25386e+14 0.344956
0.0743764 1.25555e+14 0.345825
0.0744764 1.25725e+14 0.346694
0.0745764 1.25895e+14 0.347565
0.0746764 1.26064e+14 0.348437
0.0747764 1.26234e+14 0.34931
0.0748764 1.26404e+14 0.350185
0.0749764 1.26573e+14 0.351061
0.0750764 1.26743e+14 0.351937
0.0751764 1.26912e+14 0.352815
0.0752764 1.27082e+14 0.353695
0.0753764 1.27252e+14 0.354575
0.0754764 1.27421e+14 0.355457
0.0755764 1.27591e+14 0.35634
0.0756764 1.27761e+14 0.357224
0.0757764 1.2793e+14 0.358109
0.0758764 1.281e+14 0.358995
0.0759764 1.2827e+14 0.359883
0.0760764 1.28439e+14 0.360772
0.0761764 1.28609e+14 0.361662
0.0762764 1.28779e+14 0.362553
0.0763764 1.28948e+14 0.363446
0.0764764 1.29118e+14 0.364339
0.0765764 1.29288e+14 0.359255
0.0775764 1.30985e+14 0.369181
0.0785764 1.32682e+14 0.37932
0.0795764 1.34379e+14 0.389675
0.0805764 1.36077e+14 0.40025
0.0815764 1.37774e+14 0.411049
0.0825764 1.39472e+14 0.422076
0.0835764 1.41171e+14 0.433335
0.0845764 1.42869e+14 0.444831
0.0855764 1.44568e+14 0.456567
0.0865764 1.46267e+14 0.468546
0.0875764 1.47966e+14 0.480774
0.0885764 1.49665e+14 0.493254
0.0895764 1.51365e+14 0.505989
0.0905764 1.53065e+14 0.518985
0.0915764 1.54765e+14 0.532244
0.0925764 1.56466e+14 0.545771
0.0935764 1.58167e+14 0.559569
0.0945764 1.59868e+14 0.573643
0.0955764 1.61569e+14 0.587996
0.0965764 1.63271e+14 0.602632
0.0975764 1.64972e+14 0.617555
0.0985764 1.66675e+14 0.632768
0.0995764 1.68377e+14 0.648277
0.100576 1.7008e+14 0.664083
0.101576 1.71783e+14 0.680192
0.102576 1.73486e+14 0.696607
0.103576 1.75189e+14 0.713331
0.104576 1.76893e+14 0.730369
0.105576 1.78597e+14 0.747723
0.106576 1.80302e+14 0.765399
0.107576 1.82006e+14 0.783399
0.108576 1.83711e+14 0.801727
0.109576 1.85417e+14 0.820387
0.110576 1.87122e+14 0.839382
0.111576 1.88828e+14 0.858716
0.112576 1.90535e+14 0.878393
0.113576 1.92241e+14 0.898416
0.114576 1.93948e+14 0.918789
0.115576 1.95655e+14 0.939515
0.116576 1.97363e+14 0.960598
0.117576 1.99071e+14 0.982041
0.118576 2.00779e+14 1.00385
0.119576 2.02487e+14 1.02602
0.120576 2.04196e+14 1.04857
0.121576 2.05905e+14 1.07149
0.122576 2.07615e+14 1.09478
0.123576 2.09325e+14 1.11846
0.124576 2.11035e+14 1.14252
0.125576 2.12745e+14 1.16697
0.126576 2.14456e+14 1.19182
0.127576 2.16167e+14 1.21705
0.128576 2.17879e+14 1.24269
0.129576 2.19591e+14 1.26861
0.134576 2.28156e+14 1.40284
0.139576 2.36731e+14 1.5466
0.144576 2.45314e+14 1.70075
0.149576 2.53908e+14 1.86586
0.154576 2.62512e+14 2.04245
0.159576 2.71126e+14 2.23096
0.164576 2.79751e+14 2.43182
0.169576 2.88387e+14 2.64542
0.174576 2.97035e+14 2.87214
0.179576 3.05694e+14 3.11235
0.184576 3.14366e+14 3.3664
0.189576 3.2305e+14 3.63461
0.194576 3.31748e+14 3.91732
0.199576 3.40458e+14 4.21482
0.204576 3.49182e+14 4.52741
0.209576 3.5792e+14 4.85539
0.214576 3.66672e+14 5.19901
0.219576 3.75438e+14 5.55855
0.224576 3.8422e+14 5.93426
0.229576 3.93017e+14 6.32638
0.234576 4.01829e+14 6.73514
0.239576 4.10657e+14 7.16078
0.244576 4.19501e+14 7.6035
0.249576 4.28361e+14 8.06352
0.254576 4.37238e+14 8.54104
0.259576 4.46132e+14 9.03625
0.264576 4.55044e+14 9.54934
0.269576 4.63972e+14 10.0805
0.274576 4.72919e+14 10.6299
0.279576 4.81884e+14 11.1977
0.284576 4.90867e+14 11.784
0.289576 4.99869e+14 12.3891
0.294576 5.0889e+14 13.0131
0.299576 5.17929e+14 13.6561
0.304576 5.26989e+14 14.3183
0.309576 5.36067e+14 14.9999
0.314576 5.45166e+14 15.7009
0.319576 5.54285e+14 16.4215
0.324576 5.63424e+14 17.1618
0.329576 5.72584e+14 17.9221
0.334576 5.81764e+14 18.7023
0.339576 5.90966e+14 19.5027
0.344576 6.00189e+14 20.3234
0.349576 6.09433e+14 21.1644
0.354576 6.18699e+14 22.026
0.359576 6.27987e+14 22.9083
0.364576 6.37297e+14 23.8113
0.369576 6.46629e+14 24.7353
0.374576 6.55984e+14 25.6803
0.379576 6.65362e+14 26.6465
0.384576 6.74762e+14 27.6341
0.389576 6.84186e+14 28.643
0.394576 6.93633e+14 29.6736
0.399576 7.03103e+14 30.7259
0.404576 7.12597e+14 31.8001
0.409576 7.22115e+14 32.8962
0.414576 7.31658e+14 34.0146
0.419576 7.41224e+14 35.1552
0.424576 7.50815e+14 36.3183
0.429576 7.6043e+14 37.504
0.434576 7.70071e+14 38.7125
0.439576 7.79736e+14 39.9439
0.444576 7.89427e+14 41.1985
0.449576 7.99143e+14 42.4763
0.454576 8.08884e+14 43.7775
0.459576 8.18652e+14 45.1024
0.464576 8.28445e+14 46.4511
0.469576 8.38264e+14 47.8238
0.474576 8.4811e+14 49.2207
0.479576 8.57982e+14 50.6419
0.484576 8.67881e+14 52.0878
0.489576 8.77806e+14 53.5585
0.494576 8.87759e+14 55.0542
0.499576 8.97739e+14 56.5751
0.504576 9.07746e+14 58.1215
0.509576 9.17781e+14 59.6936
0.514576 9.27843e+14 61.2916
0.519576 9.37933e+14 62.9157
0.524576 9.48052e+14 64.5663
0.529576 9.58199e+14 66.2436
0.534576 9.68374e+14 67.9478
0.539576 9.78578e+14 69.6792
0.544576 9.8881e+14 71.4381
0.549576 9.99072e+14 73.2247
0.554576 1.00936e+15 75.0394
0.559576 1.01968e+15 76.8824
0.564576 1.03003e+15 78.7541
0.569576 1.04041e+15 80.6546
0.574576 1.05082e+15 82.5845
0.579576 1.06126e+15 84.5439
0.584576 1.07173e+15 86.5332
0.589576 1.08223e+15 88.5528
0.594576 1.09277e+15 90.603
0.599576 1.10333e+15 92.6841
0.604576 1.11392e+15 94.7965
0.609576 1.12455e+15 96.9405
0.614576 1.1352e+15 99.1166
0.619576 1.14589e+15 101.325
0.624576 1.15661e+15 103.567
0.629576 1.16737e+15 105.841
0.634576 1.17815e+15 108.149
0.639576 1.18897e+15 110.492
0.644576 1.19982e+15 112.869
0.649576 1.2107e+15 115.28
0.654576 1.22162e+15 117.728
0.659576 1.23257e+15 120.211
0.664576 1.24356e+15 122.73
0.669576 1.25458e+15 125.286
0.674576 1.26563e+15 127.88
0.679576 1.27672e+15 130.511
0.684576 1.28784e+15 133.181
0.689576 1.299e+15 135.89
0.694576 1.31019e+15 138.638
0.699576 1.32142e+15 141.427
0.704576 1.33268e+15 144.256
0.709576 1.34398e+15 147.127
0.714576 1.35532e+15 150.039
0.719576 1.36669e+15 152.994
0.724576 1.3781e+15 155.993
0.729576 1.38955e+15 159.035
0.734576 1.40103e+15 162.123
0.739576 1.41256e+15 165.255
0.744576 1.42412e+15 168.435
0.749576 1.43571e+15 171.661
0.754576 1.44735e+15 174.936
0.759576 1.45903e+15 178.26
0.764576 1.47074e+15 181.634
0.769576 1.4825e+15 185.06
0.774576 1.49429e+15 188.538
0.779576 1.50613e+15 192.071
0.784576 1.51801e+15 195.661
0.789576 1.52992e+15 199.311
0.794576 1.54188e+15 203.016
0.799576 1.55388e+15 206.781
0.804576 1.56593e+15 210.6
0.809576 1.57801e+15 214.468
0.814576 1.59014e+15 218.39
0.819576 1.60231e+15 222.384
0.824576 1.61453e+15 226.427
0.829576 1.62679e+15 230.583
0.834576 1.6391e+15 234.776
0.839576 1.65145e+15 238.889
0.844576 1.66384e+15 243.33
0.849576 1.67629e+15 247.517
0.854576 1.68877e+15 252.142
0.859576 1.7013e+15 256.668
