1e-10 165825 6.75235e-13
1.02e-10 169141 6.97924e-13
1.0404e-10 172524 7.21366e-13
1.06121e-10 175975 7.45583e-13
1.08243e-10 179494 7.70602e-13
1.10408e-10 183084 7.96447e-13
1.12616e-10 186746 8.23147e-13
1.14869e-10 190481 8.50729e-13
1.17166e-10 194291 8.79222e-13
1.19509e-10 198176 9.08654e-13
1.21899e-10 202140 9.39058e-13
1.24337e-10 206183 9.70463e-13
1.26824e-10 210306 1.0029e-12
1.29361e-10 214513 1.03641e-12
1.31948e-10 218803 1.07102e-12
1.34587e-10 223179 1.10677e-12
1.37279e-10 227643 1.1437e-12
1.40024e-10 232195 1.18183e-12
1.42825e-10 236839 1.22122e-12
1.45681e-10 241576 1.26191e-12
1.48595e-10 246408 1.30392e-12
1.51567e-10 251336 1.34732e-12
1.54598e-10 256363 1.39213e-12
1.5769e-10 261490 1.43841e-12
1.60844e-10 266720 1.48621e-12
1.64061e-10 272054 1.53557e-12
1.67342e-10 277496 1.58655e-12
1.70689e-10 283046 1.63919e-12
1.74102e-10 288707 1.69354e-12
1.77584e-10 294481 1.74968e-12
1.81136e-10 300370 1.80764e-12
1.84759e-10 306378 1.86749e-12
1.88454e-10 312505 1.92929e-12
1.92223e-10 318756 1.9931e-12
1.96068e-10 325131 2.05899e-12
1.99989e-10 331634 2.12702e-12
2.03989e-10 338266 2.19726e-12
2.08069e-10 345032 2.26978e-12
2.1223e-10 351932 2.34466e-12
2.16474e-10 358971 2.42196e-12
2.20804e-10 366151 2.50177e-12
2.2522e-10 373474 2.58417e-12
2.29724e-10 380943 2.66923e-12
2.34319e-10 388562 2.75704e-12
2.39005e-10 396334 2.8477e-12
2.43785e-10 404260 2.94128e-12
2.48661e-10 412346 3.03788e-12
2.53634e-10 420593 3.1376e-12
2.58707e-10 429005 3.24054e-12
2.63881e-10 437585 3.3468e-12
2.69159e-10 446337 3.45647e-12
2.74542e-10 455264 3.56968e-12
2.80033e-10 464369 3.68653e-12
2.85633e-10 473657 3.80713e-12
2.91346e-10 483130 3.93161e-12
2.97173e-10 492793 4.06008e-12
3.03117e-10 502649 4.19268e-12
3.09179e-10 512702 4.32952e-12
3.15362e-10 522956 4.47075e-12
3.2167e-10 533415 4.6165e-12
3.28103e-10 544084 4.76692e-12
3.34665e-10 554965 4.92214e-12
3.41358e-10 566065 5.08232e-12
3.48186e-10 577386 5.24762e-12
3.55149e-10 588934 5.41818e-12
3.62252e-10 600713 5.59419e-12
3.69497e-10 612728 5.77581e-12
3.76887e-10 624982 5.9632e-12
3.84425e-10 637482 6.15656e-12
3.92114e-10 650232 6.35607e-12
3.99956e-10 663237 6.56191e-12
4.07955e-10 676502 6.77429e-12
4.16114e-10 690032 6.9934e-12
4.24436e-10 703833 7.21947e-12
4.32925e-10 717910 7.45269e-12
4.41584e-10 732269 7.69329e-12
4.50415e-10 746914 7.94151e-12
4.59424e-10 761853 8.19757e-12
4.68612e-10 777090 8.46172e-12
4.77984e-10 792632 8.73421e-12
4.87544e-10 808485 9.01529e-12
4.97295e-10 824655 9.30523e-12
5.07241e-10 841149 9.6043e-12
5.17386e-10 857972 9.91278e-12
5.27733e-10 875132 1.0231e-11
5.38288e-10 892635 1.05591e-11
5.49054e-10 910488 1.08976e-11
5.60035e-10 928698 1.12467e-11
5.71235e-10 947272 1.16068e-11
5.8266e-10 966218 1.19781e-11
5.94313e-10 985543 1.2361e-11
6.062e-10 1.00525e+06 1.2756e-11
6.18324e-10 1.02536e+06 1.31632e-11
6.3069e-10 1.04587e+06 1.35832e-11
6.43304e-10 1.06679e+06 1.40163e-11
6.5617e-10 1.08812e+06 1.44629e-11
6.69293e-10 1.10988e+06 1.49234e-11
6.82679e-10 1.13208e+06 1.53983e-11
6.96333e-10 1.15473e+06 1.58879e-11
7.10259e-10 1.17782e+06 1.63927e-11
7.24465e-10 1.20138e+06 1.69133e-11
7.38954e-10 1.22541e+06 1.74499e-11
7.53733e-10 1.24991e+06 1.80032e-11
7.68808e-10 1.27491e+06 1.85737e-11
7.84184e-10 1.30041e+06 1.91618e-11
7.99867e-10 1.32642e+06 1.97681e-11
8.15865e-10 1.35295e+06 2.03932e-11
8.32182e-10 1.38001e+06 2.10376e-11
8.48826e-10 1.40761e+06 2.17018e-11
8.65802e-10 1.43576e+06 2.23865e-11
8.83118e-10 1.46448e+06 2.30924e-11
9.00781e-10 1.49377e+06 2.38199e-11
9.18796e-10 1.52365e+06 2.45699e-11
9.37172e-10 1.55412e+06 2.53429e-11
9.55916e-10 1.5852e+06 2.61396e-11
9.75034e-10 1.61691e+06 2.69608e-11
9.94535e-10 1.64925e+06 2.78071e-11
1.01443e-09 1.68223e+06 2.86794e-11
1.03471e-09 1.71588e+06 2.95784e-11
1.05541e-09 1.7502e+06 3.05049e-11
1.07652e-09 1.7852e+06 3.14598e-11
1.09805e-09 1.82091e+06 3.24437e-11
1.12001e-09 1.85733e+06 3.34577e-11
1.14241e-09 1.89448e+06 3.45026e-11
1.16526e-09 1.93237e+06 3.55794e-11
1.18856e-09 1.97102e+06 3.66889e-11
1.21233e-09 2.01044e+06 3.78321e-11
1.23658e-09 2.05065e+06 3.90101e-11
1.26131e-09 2.09166e+06 4.02239e-11
1.28654e-09 2.1335e+06 4.14745e-11
1.31227e-09 2.17617e+06 4.2763e-11
1.33851e-09 2.21969e+06 4.40905e-11
1.36528e-09 2.26409e+06 4.54582e-11
1.39259e-09 2.30937e+06 4.68673e-11
1.42044e-09 2.35556e+06 4.83189e-11
1.44885e-09 2.40267e+06 4.98143e-11
1.47783e-09 2.45073e+06 5.13549e-11
1.50738e-09 2.49974e+06 5.29419e-11
1.53753e-09 2.54974e+06 5.45766e-11
1.56828e-09 2.60074e+06 5.62606e-11
1.59965e-09 2.65276e+06 5.79952e-11
1.63164e-09 2.70581e+06 5.97819e-11
1.66427e-09 2.75993e+06 6.16222e-11
1.69756e-09 2.81513e+06 6.35177e-11
1.73151e-09 2.87144e+06 6.547e-11
1.76614e-09 2.92887e+06 6.74808e-11
1.80146e-09 2.98745e+06 6.95517e-11
1.83749e-09 3.0472e+06 7.16845e-11
1.87424e-09 3.10815e+06 7.38811e-11
1.91173e-09 3.17031e+06 7.61431e-11
1.94996e-09 3.23372e+06 7.84727e-11
1.98896e-09 3.2984e+06 8.08716e-11
2.02874e-09 3.36437e+06 8.33419e-11
2.06931e-09 3.43166e+06 8.58857e-11
2.1107e-09 3.50029e+06 8.85052e-11
2.15291e-09 3.5703e+06 9.12024e-11
2.19597e-09 3.64171e+06 9.39796e-11
2.23989e-09 3.71455e+06 9.68392e-11
2.28469e-09 3.78885e+06 9.97835e-11
2.33038e-09 3.86463e+06 1.02815e-10
2.37699e-09 3.94192e+06 1.05936e-10
2.42453e-09 4.02076e+06 1.09149e-10
2.47302e-09 4.10118e+06 1.12458e-10
2.52248e-09 4.18321e+06 1.15864e-10
2.57293e-09 4.26688e+06 1.1937e-10
2.62439e-09 4.35222e+06 1.22979e-10
2.67688e-09 4.43927e+06 1.26695e-10
2.73042e-09 4.52806e+06 1.3052e-10
2.78502e-09 4.61863e+06 1.34458e-10
2.84072e-09 4.711e+06 1.38511e-10
2.89754e-09 4.80523e+06 1.42683e-10
2.95549e-09 4.90134e+06 1.46977e-10
3.0146e-09 4.99937e+06 1.51398e-10
3.07489e-09 5.09936e+06 1.55947e-10
3.13639e-09 5.20136e+06 1.6063e-10
3.19912e-09 5.30539e+06 1.65449e-10
3.2631e-09 5.4115e+06 1.7041e-10
3.32836e-09 5.51974e+06 1.75515e-10
3.39493e-09 5.63014e+06 1.80768e-10
3.46283e-09 5.74275e+06 1.86175e-10
3.53208e-09 5.85761e+06 1.9174e-10
3.60272e-09 5.97477e+06 1.97466e-10
3.67478e-09 6.09427e+06 2.03359e-10
3.74827e-09 6.21617e+06 2.09423e-10
3.82324e-09 6.3405e+06 2.15663e-10
3.89971e-09 6.46732e+06 2.22084e-10
3.9777e-09 6.59667e+06 2.28691e-10
4.05725e-09 6.72861e+06 2.35489e-10
4.1384e-09 6.86319e+06 2.42484e-10
4.22117e-09 7.00046e+06 2.49681e-10
4.30559e-09 7.14048e+06 2.57087e-10
4.3917e-09 7.2833e+06 2.64706e-10
4.47954e-09 7.42898e+06 2.72545e-10
4.56913e-09 7.57757e+06 2.8061e-10
4.66051e-09 7.72913e+06 2.88908e-10
4.75372e-09 7.88372e+06 2.97444e-10
4.84879e-09 8.04141e+06 3.06226e-10
4.94577e-09 8.20225e+06 3.1526e-10
5.04468e-09 8.3663e+06 3.24554e-10
5.14558e-09 8.53364e+06 3.34115e-10
5.24849e-09 8.70432e+06 3.4395e-10
5.35346e-09 8.87842e+06 3.54068e-10
5.46053e-09 9.05601e+06 3.64475e-10
5.56974e-09 9.23714e+06 3.75179e-10
5.68113e-09 9.42189e+06 3.86191e-10
5.79476e-09 9.61035e+06 3.97516e-10
5.91065e-09 9.80257e+06 4.09166e-10
6.02886e-09 9.99863e+06 4.21148e-10
6.14944e-09 1.01986e+07 4.33472e-10
6.27243e-09 1.04026e+07 4.46147e-10
6.39788e-09 1.06107e+07 4.59184e-10
6.52584e-09 1.08229e+07 4.72592e-10
6.65635e-09 1.10394e+07 4.86381e-10
6.78948e-09 1.12602e+07 5.00562e-10
6.92527e-09 1.14854e+07 5.15147e-10
7.06378e-09 1.17151e+07 5.30145e-10
7.20505e-09 1.19495e+07 5.45569e-10
7.34915e-09 1.21885e+07 5.61431e-10
7.49614e-09 1.24323e+07 5.77742e-10
7.64606e-09 1.26809e+07 5.94515e-10
7.79898e-09 1.29346e+07 6.11763e-10
7.95496e-09 1.31933e+07 6.29499e-10
8.11406e-09 1.34572e+07 6.47736e-10
8.27634e-09 1.37263e+07 6.66489e-10
8.44187e-09 1.40009e+07 6.85771e-10
8.6107e-09 1.42809e+07 7.05597e-10
8.78292e-09 1.45666e+07 7.25982e-10
8.95858e-09 1.48579e+07 7.46942e-10
9.13775e-09 1.51551e+07 7.68492e-10
9.3205e-09 1.54582e+07 7.90649e-10
9.50691e-09 1.57674e+07 8.13429e-10
9.69705e-09 1.60828e+07 8.36849e-10
9.89099e-09 1.64045e+07 8.60928e-10
1.00888e-08 1.67326e+07 8.85683e-10
1.02906e-08 1.70673e+07 9.11133e-10
1.04964e-08 1.74087e+07 9.37296e-10
1.07063e-08 1.77569e+07 9.64193e-10
1.09205e-08 1.81121e+07 9.91844e-10
1.11389e-08 1.84743e+07 1.02027e-09
1.13616e-08 1.88439e+07 1.04949e-09
1.15889e-08 1.92208e+07 1.07953e-09
1.18207e-08 1.96052e+07 1.1104e-09
1.20571e-08 1.99974e+07 1.14214e-09
1.22982e-08 2.03974e+07 1.17477e-09
1.25442e-08 2.08054e+07 1.20831e-09
1.27951e-08 2.12215e+07 1.24278e-09
1.3051e-08 2.1646e+07 1.27821e-09
1.3312e-08 2.2079e+07 1.31463e-09
1.35782e-08 2.25206e+07 1.35207e-09
1.38498e-08 2.2971e+07 1.39055e-09
1.41268e-08 2.34305e+07 1.43009e-09
1.44093e-08 2.38992e+07 1.47074e-09
1.46975e-08 2.43772e+07 1.51252e-09
1.49914e-08 2.48648e+07 1.55545e-09
1.52913e-08 2.53622e+07 1.59958e-09
1.55971e-08 2.58695e+07 1.64494e-09
1.5909e-08 2.63869e+07 1.69155e-09
1.62272e-08 2.69147e+07 1.73945e-09
1.65518e-08 2.74531e+07 1.78868e-09
1.68828e-08 2.80022e+07 1.83928e-09
1.72205e-08 2.85623e+07 1.89127e-09
1.75649e-08 2.91336e+07 1.9447e-09
1.79162e-08 2.97164e+07 1.99961e-09
1.82745e-08 3.03108e+07 2.05604e-09
1.864e-08 3.09171e+07 2.11403e-09
1.90128e-08 3.15355e+07 2.17362e-09
1.9393e-08 3.21663e+07 2.23485e-09
1.97809e-08 3.28097e+07 2.29777e-09
2.01765e-08 3.34659e+07 2.36243e-09
2.058e-08 3.41353e+07 2.42887e-09
2.09916e-08 3.48181e+07 2.49714e-09
2.14115e-08 3.55146e+07 2.56729e-09
2.18397e-08 3.6225e+07 2.63937e-09
2.22765e-08 3.69496e+07 2.71343e-09
2.2722e-08 3.76887e+07 2.78953e-09
2.31765e-08 3.84425e+07 2.86772e-09
2.364e-08 3.92115e+07 2.94807e-09
2.41128e-08 3.99958e+07 3.03061e-09
2.45951e-08 4.07959e+07 3.11543e-09
2.5087e-08 4.16119e+07 3.20257e-09
2.55887e-08 4.24442e+07 3.2921e-09
2.61005e-08 4.32932e+07 3.38409e-09
2.66225e-08 4.41592e+07 3.47859e-09
2.71549e-08 4.50425e+07 3.57569e-09
2.7698e-08 4.59435e+07 3.67545e-09
2.8252e-08 4.68625e+07 3.77793e-09
2.8817e-08 4.77999e+07 3.88322e-09
2.93934e-08 4.8756e+07 3.9914e-09
2.99812e-08 4.97313e+07 4.10252e-09
3.05809e-08 5.07261e+07 4.21669e-09
3.11925e-08 5.17408e+07 4.33397e-09
3.18163e-08 5.27757e+07 4.45446e-09
3.24526e-08 5.38314e+07 4.57824e-09
3.31017e-08 5.49082e+07 4.70539e-09
3.37637e-08 5.60065e+07 4.83602e-09
3.4439e-08 5.71268e+07 4.9702e-09
3.51278e-08 5.82696e+07 5.10805e-09
3.58303e-08 5.94351e+07 5.24964e-09
3.6547e-08 6.0624e+07 5.3951e-09
3.72779e-08 6.18367e+07 5.54452e-09
3.80235e-08 6.30736e+07 5.698e-09
3.87839e-08 6.43353e+07 5.85566e-09
3.95596e-08 6.56222e+07 6.01761e-09
4.03508e-08 6.69349e+07 6.18396e-09
4.11578e-08 6.82738e+07 6.35483e-09
4.1981e-08 6.96395e+07 6.53034e-09
4.28206e-08 7.10325e+07 6.71063e-09
4.3677e-08 7.24534e+07 6.8958e-09
4.45505e-08 7.39028e+07 7.08601e-09
4.54415e-08 7.53811e+07 7.28137e-09
4.63504e-08 7.6889e+07 7.48203e-09
4.72774e-08 7.8427e+07 7.68814e-09
4.82229e-08 7.99958e+07 7.89983e-09
4.91874e-08 8.1596e+07 8.11726e-09
5.01711e-08 8.32282e+07 8.34058e-09
5.11746e-08 8.48931e+07 8.56994e-09
5.2198e-08 8.65913e+07 8.80552e-09
5.3242e-08 8.83234e+07 9.04747e-09
5.43069e-08 9.00902e+07 9.29596e-09
5.5393e-08 9.18924e+07 9.55118e-09
5.65008e-08 9.37306e+07 9.8133e-09
5.76309e-08 9.56055e+07 1.00825e-08
5.87835e-08 9.7518e+07 1.0359e-08
5.99592e-08 9.94687e+07 1.06429e-08
6.11583e-08 1.01458e+08 1.09345e-08
6.23815e-08 1.03488e+08 1.1234e-08
6.36291e-08 1.05558e+08 1.15416e-08
6.49017e-08 1.0767e+08 1.18575e-08
6.61997e-08 1.09824e+08 1.21818e-08
6.75237e-08 1.12021e+08 1.2515e-08
6.88742e-08 1.14261e+08 1.28571e-08
7.02517e-08 1.16547e+08 1.32084e-08
7.16567e-08 1.18879e+08 1.35692e-08
7.30899e-08 1.21257e+08 1.39397e-08
7.45517e-08 1.23682e+08 1.43202e-08
7.60427e-08 1.26156e+08 1.4711e-08
7.75636e-08 1.2868e+08 1.51122e-08
7.91148e-08 1.31254e+08 1.55243e-08
8.06971e-08 1.3388e+08 1.59474e-08
8.23111e-08 1.36558e+08 1.63819e-08
8.39573e-08 1.3929e+08 1.68281e-08
8.56364e-08 1.42076e+08 1.72863e-08
8.73492e-08 1.44918e+08 1.77568e-08
8.90961e-08 1.47817e+08 1.82399e-08
9.08781e-08 1.50774e+08 1.8736e-08
9.26956e-08 1.5379e+08 1.92454e-08
9.45495e-08 1.56867e+08 1.97685e-08
9.64405e-08 1.60005e+08 2.03057e-08
9.83693e-08 1.63206e+08 2.08572e-08
1.00337e-07 1.66471e+08 2.14235e-08
1.02343e-07 1.69801e+08 2.20051e-08
1.0439e-07 1.73198e+08 2.26022e-08
1.06478e-07 1.76663e+08 2.32153e-08
1.08608e-07 1.80197e+08 2.38448e-08
1.1078e-07 1.83801e+08 2.44912e-08
1.12995e-07 1.87478e+08 2.51549e-08
1.15255e-07 1.91229e+08 2.58364e-08
1.1756e-07 1.95054e+08 2.65361e-08
1.19912e-07 1.98956e+08 2.72545e-08
1.2231e-07 2.02936e+08 2.79922e-08
1.24756e-07 2.06996e+08 2.87496e-08
1.27251e-07 2.11137e+08 2.95272e-08
1.29796e-07 2.15361e+08 3.03256e-08
1.32392e-07 2.19669e+08 3.11454e-08
1.3504e-07 2.24064e+08 3.19871e-08
1.37741e-07 2.28546e+08 3.28512e-08
1.40496e-07 2.33118e+08 3.37385e-08
1.43306e-07 2.37782e+08 3.46494e-08
1.46172e-07 2.42539e+08 3.55846e-08
1.49095e-07 2.47391e+08 3.65449e-08
1.52077e-07 2.5234e+08 3.75307e-08
1.55119e-07 2.57388e+08 3.85428e-08
1.58221e-07 2.62537e+08 3.95819e-08
1.61385e-07 2.6779e+08 4.06488e-08
1.64613e-07 2.73147e+08 4.17441e-08
1.67905e-07 2.78611e+08 4.28685e-08
1.71263e-07 2.84185e+08 4.4023e-08
1.74689e-07 2.8987e+08 4.52082e-08
1.78182e-07 2.95669e+08 4.64249e-08
1.81746e-07 3.01584e+08 4.76741e-08
1.85381e-07 3.07618e+08 4.89565e-08
1.89089e-07 3.13772e+08 5.02731e-08
1.9287e-07 3.20049e+08 5.16247e-08
1.96728e-07 3.26452e+08 5.30122e-08
2.00662e-07 3.32983e+08 5.44367e-08
2.04676e-07 3.39645e+08 5.5899e-08
2.08769e-07 3.4644e+08 5.74003e-08
2.12945e-07 3.5337e+08 5.89414e-08
2.17203e-07 3.6044e+08 6.05235e-08
2.21547e-07 3.67651e+08 6.21477e-08
2.25978e-07 3.75006e+08 6.3815e-08
2.30498e-07 3.82509e+08 6.55266e-08
2.35108e-07 3.90161e+08 6.72836e-08
2.3981e-07 3.97967e+08 6.90873e-08
2.44606e-07 4.05929e+08 7.09389e-08
2.49498e-07 4.1405e+08 7.28396e-08
2.54488e-07 4.22333e+08 7.47907e-08
2.59578e-07 4.30783e+08 7.67936e-08
2.6477e-07 4.39401e+08 7.88496e-08
2.70065e-07 4.48192e+08 8.09602e-08
2.75466e-07 4.57159e+08 8.31267e-08
2.80976e-07 4.66305e+08 8.53506e-08
2.86595e-07 4.75634e+08 8.76335e-08
2.92327e-07 4.8515e+08 8.99768e-08
2.98174e-07 4.94856e+08 9.23822e-08
3.04137e-07 5.04757e+08 9.48514e-08
3.1022e-07 5.14855e+08 9.73859e-08
3.16424e-07 5.25156e+08 9.99875e-08
3.22753e-07 5.35663e+08 1.02658e-07
3.29208e-07 5.4638e+08 1.05399e-07
3.35792e-07 5.57311e+08 1.08213e-07
3.42508e-07 5.68461e+08 1.11101e-07
3.49358e-07 5.79835e+08 1.14065e-07
3.56345e-07 5.91435e+08 1.17108e-07
3.63472e-07 6.03268e+08 1.20231e-07
3.70742e-07 6.15338e+08 1.23437e-07
3.78156e-07 6.27649e+08 1.26728e-07
3.8572e-07 6.40207e+08 1.30105e-07
3.93434e-07 6.53016e+08 1.33572e-07
4.01303e-07 6.66081e+08 1.3713e-07
4.09329e-07 6.79407e+08 1.40783e-07
4.17515e-07 6.93001e+08 1.44531e-07
4.25866e-07 7.06866e+08 1.48379e-07
4.34383e-07 7.21009e+08 1.52328e-07
4.4307e-07 7.35434e+08 1.56381e-07
4.51932e-07 7.50149e+08 1.60542e-07
4.60971e-07 7.65157e+08 1.64812e-07
4.7019e-07 7.80466e+08 1.69194e-07
4.79594e-07 7.96082e+08 1.73692e-07
4.89186e-07 8.1201e+08 1.78309e-07
4.98969e-07 8.28257e+08 1.83047e-07
5.08949e-07 8.44828e+08 1.87911e-07
5.19128e-07 8.61732e+08 1.92902e-07
5.2951e-07 8.78973e+08 1.98025e-07
5.401e-07 8.9656e+08 2.03282e-07
5.50902e-07 9.14498e+08 2.08678e-07
5.61921e-07 9.32796e+08 2.14216e-07
5.73159e-07 9.5146e+08 2.199e-07
5.84622e-07 9.70497e+08 2.25733e-07
5.96315e-07 9.89915e+08 2.3172e-07
6.08241e-07 1.00972e+09 2.37864e-07
6.20406e-07 1.02992e+09 2.4417e-07
6.32814e-07 1.05053e+09 2.50642e-07
6.4547e-07 1.07155e+09 2.57283e-07
6.58379e-07 1.09299e+09 2.64099e-07
6.71547e-07 1.11486e+09 2.71095e-07
6.84978e-07 1.13717e+09 2.78273e-07
6.98678e-07 1.15992e+09 2.85641e-07
7.12651e-07 1.18313e+09 2.93202e-07
7.26904e-07 1.2068e+09 3.00961e-07
7.41442e-07 1.23095e+09 3.08925e-07
7.56271e-07 1.25558e+09 3.17097e-07
7.71396e-07 1.2807e+09 3.25483e-07
7.86824e-07 1.30633e+09 3.34089e-07
8.02561e-07 1.33247e+09 3.42922e-07
8.18612e-07 1.35913e+09 3.51985e-07
8.34984e-07 1.38633e+09 3.61287e-07
8.51684e-07 1.41407e+09 3.70832e-07
8.68718e-07 1.44236e+09 3.80627e-07
8.86092e-07 1.47122e+09 3.90679e-07
9.03814e-07 1.50066e+09 4.00994e-07
9.2189e-07 1.53069e+09 4.11579e-07
9.40328e-07 1.56132e+09 4.22441e-07
9.59135e-07 1.59256e+09 4.33588e-07
9.78317e-07 1.62442e+09 4.45026e-07
9.97884e-07 1.65693e+09 4.56764e-07
1.01784e-06 1.69008e+09 4.68809e-07
1.0382e-06 1.7239e+09 4.81168e-07
1.05896e-06 1.7584e+09 4.93851e-07
1.08014e-06 1.79358e+09 5.06866e-07
1.10174e-06 1.82947e+09 5.2022e-07
1.12378e-06 1.86608e+09 5.33924e-07
1.14625e-06 1.90342e+09 5.47986e-07
1.16918e-06 1.94151e+09 5.62414e-07
1.19256e-06 1.98036e+09 5.7722e-07
1.21641e-06 2.01999e+09 5.92412e-07
1.24074e-06 2.06041e+09 6.08001e-07
1.26556e-06 2.10164e+09 6.23997e-07
1.29087e-06 2.1437e+09 6.4041e-07
1.31669e-06 2.18659e+09 6.57251e-07
1.34302e-06 2.23035e+09 6.74531e-07
1.36988e-06 2.27498e+09 6.92262e-07
1.39728e-06 2.32051e+09 7.10456e-07
1.42522e-06 2.36694e+09 7.29123e-07
1.45373e-06 2.41431e+09 7.48277e-07
1.4828e-06 2.46262e+09 7.67929e-07
1.51246e-06 2.5119e+09 7.88094e-07
1.54271e-06 2.56217e+09 8.08784e-07
1.57356e-06 2.61344e+09 8.30012e-07
1.60503e-06 2.66574e+09 8.51793e-07
1.63713e-06 2.71908e+09 8.74141e-07
1.66988e-06 2.7735e+09 8.9707e-07
1.70327e-06 2.829e+09 9.20595e-07
1.73734e-06 2.88561e+09 9.44732e-07
1.77209e-06 2.94336e+09 9.69497e-07
1.80753e-06 3.00226e+09 9.94905e-07
1.84368e-06 3.06234e+09 1.02097e-06
1.88055e-06 3.12363e+09 1.04772e-06
1.91816e-06 3.18614e+09 1.07516e-06
1.95653e-06 3.2499e+09 1.10331e-06
1.99566e-06 3.31494e+09 1.1322e-06
2.03557e-06 3.38128e+09 1.16183e-06
2.07628e-06 3.44894e+09 1.19223e-06
2.11781e-06 3.51797e+09 1.22342e-06
2.16016e-06 3.58837e+09 1.25543e-06
2.20337e-06 3.66018e+09 1.28826e-06
2.24743e-06 3.73343e+09 1.32194e-06
2.29238e-06 3.80815e+09 1.35649e-06
2.33823e-06 3.88436e+09 1.39194e-06
2.38499e-06 3.9621e+09 1.42831e-06
2.43269e-06 4.04139e+09 1.46562e-06
2.48135e-06 4.12227e+09 1.50389e-06
2.53098e-06 4.20477e+09 1.54316e-06
2.5816e-06 4.28892e+09 1.58344e-06
2.63323e-06 4.37476e+09 1.62477e-06
2.68589e-06 4.46231e+09 1.66716e-06
2.73961e-06 4.55162e+09 1.71065e-06
2.7944e-06 4.64272e+09 1.75526e-06
2.85029e-06 4.73563e+09 1.80103e-06
2.9073e-06 4.83041e+09 1.84798e-06
2.96544e-06 4.92709e+09 1.89614e-06
3.02475e-06 5.0257e+09 1.94555e-06
3.08525e-06 5.12628e+09 1.99623e-06
3.14695e-06 5.22888e+09 2.04822e-06
3.20989e-06 5.33353e+09 2.10155e-06
3.27409e-06 5.44028e+09 2.15626e-06
3.33957e-06 5.54916e+09 2.21238e-06
3.40636e-06 5.66022e+09 2.26994e-06
3.47449e-06 5.77351e+09 2.32899e-06
3.54398e-06 5.88907e+09 2.38956e-06
3.61486e-06 6.00693e+09 2.45169e-06
3.68715e-06 6.12716e+09 2.51542e-06
3.7609e-06 6.2498e+09 2.5808e-06
3.83611e-06 6.37488e+09 2.64785e-06
3.91284e-06 6.50248e+09 2.71663e-06
3.99109e-06 6.63263e+09 2.78718e-06
4.07092e-06 6.76538e+09 2.85955e-06
4.15233e-06 6.90079e+09 2.93377e-06
4.23538e-06 7.03891e+09 3.0099e-06
4.32009e-06 7.1798e+09 3.08799e-06
4.40649e-06 7.32351e+09 3.16809e-06
4.49462e-06 7.47009e+09 3.25024e-06
4.58451e-06 7.61961e+09 3.3345e-06
4.6762e-06 7.77213e+09 3.42093e-06
4.76973e-06 7.92769e+09 3.50957e-06
4.86512e-06 8.08637e+09 3.60049e-06
4.96242e-06 8.24823e+09 3.69373e-06
5.06167e-06 8.41333e+09 3.78937e-06
5.1629e-06 8.58173e+09 3.88746e-06
5.26616e-06 8.75351e+09 3.98806e-06
5.37149e-06 8.92872e+09 4.09124e-06
5.47892e-06 9.10744e+09 4.19706e-06
5.58849e-06 9.28975e+09 4.30559e-06
5.70026e-06 9.4757e+09 4.4169e-06
5.81427e-06 9.66537e+09 4.53105e-06
5.93055e-06 9.85884e+09 4.64813e-06
6.04917e-06 1.00562e+10 4.76819e-06
6.17015e-06 1.02575e+10 4.89133e-06
6.29355e-06 1.04628e+10 5.01761e-06
6.41942e-06 1.06722e+10 5.14711e-06
6.54781e-06 1.08859e+10 5.27993e-06
6.67877e-06 1.11038e+10 5.41613e-06
6.81234e-06 1.13261e+10 5.55581e-06
6.94859e-06 1.15528e+10 5.69905e-06
7.08756e-06 1.1784e+10 5.84594e-06
7.22931e-06 1.20199e+10 5.99658e-06
7.3739e-06 1.22606e+10 6.15105e-06
7.52138e-06 1.2506e+10 6.30946e-06
7.67181e-06 1.27563e+10 6.47191e-06
7.82524e-06 1.30117e+10 6.63849e-06
7.98175e-06 1.32722e+10 6.80931e-06
8.14138e-06 1.35379e+10 6.98447e-06
8.30421e-06 1.38089e+10 7.16409e-06
8.47029e-06 1.40853e+10 7.34827e-06
8.6397e-06 1.43673e+10 7.53714e-06
8.81249e-06 1.46549e+10 7.7308e-06
8.98874e-06 1.49483e+10 7.92938e-06
9.16852e-06 1.52475e+10 8.133e-06
9.35189e-06 1.55528e+10 8.34179e-06
9.53893e-06 1.58641e+10 8.55587e-06
9.7297e-06 1.61817e+10 8.77538e-06
9.9243e-06 1.65057e+10 9.00046e-06
1.01228e-05 1.68361e+10 9.23124e-06
1.03252e-05 1.71732e+10 9.46786e-06
1.05317e-05 1.7517e+10 9.71048e-06
1.07424e-05 1.78677e+10 9.95923e-06
1.09572e-05 1.82254e+10 1.02143e-05
1.11764e-05 1.85903e+10 1.04758e-05
1.13999e-05 1.89625e+10 1.07439e-05
1.16279e-05 1.93421e+10 1.10188e-05
1.18605e-05 1.97293e+10 1.13006e-05
1.20977e-05 2.01243e+10 1.15896e-05
1.23396e-05 2.05272e+10 1.18858e-05
1.25864e-05 2.09382e+10 1.21895e-05
1.28381e-05 2.13574e+10 1.25009e-05
1.30949e-05 2.1785e+10 1.28201e-05
1.33568e-05 2.22212e+10 1.31474e-05
1.36239e-05 2.26661e+10 1.34829e-05
1.38964e-05 2.31199e+10 1.38268e-05
1.41743e-05 2.35828e+10 1.41795e-05
1.44578e-05 2.4055e+10 1.4541e-05
1.4747e-05 2.45366e+10 1.49115e-05
1.50419e-05 2.50279e+10 1.52914e-05
1.53428e-05 2.5529e+10 1.56809e-05
1.56496e-05 2.60401e+10 1.60801e-05
1.59626e-05 2.65615e+10 1.64894e-05
1.62819e-05 2.70933e+10 1.69089e-05
1.66075e-05 2.76358e+10 1.73389e-05
1.69396e-05 2.81892e+10 1.77798e-05
1.72784e-05 2.87536e+10 1.82316e-05
1.7624e-05 2.93293e+10 1.86948e-05
1.79765e-05 2.99166e+10 1.91696e-05
1.8336e-05 3.05156e+10 1.96563e-05
1.87027e-05 3.11266e+10 2.01552e-05
1.90768e-05 3.17499e+10 2.06665e-05
1.94583e-05 3.23856e+10 2.11906e-05
1.98475e-05 3.30341e+10 2.17278e-05
2.02444e-05 3.36956e+10 2.22785e-05
2.06493e-05 3.43703e+10 2.28428e-05
2.10623e-05 3.50586e+10 2.34213e-05
2.14836e-05 3.57606e+10 2.40142e-05
2.19132e-05 3.64767e+10 2.46218e-05
2.23515e-05 3.72071e+10 2.52446e-05
2.27985e-05 3.79521e+10 2.58829e-05
2.32545e-05 3.87121e+10 2.65371e-05
2.37196e-05 3.94873e+10 2.72076e-05
2.4194e-05 4.02781e+10 2.78948e-05
2.46779e-05 4.10846e+10 2.8599e-05
2.51714e-05 4.19074e+10 2.93207e-05
2.56749e-05 4.27466e+10 3.00604e-05
2.61884e-05 4.36026e+10 3.08184e-05
2.67121e-05 4.44758e+10 3.15952e-05
2.72464e-05 4.53664e+10 3.23912e-05
2.77913e-05 4.62749e+10 3.3207e-05
2.83471e-05 4.72016e+10 3.4043e-05
2.89141e-05 4.81469e+10 3.48997e-05
2.94923e-05 4.91111e+10 3.57776e-05
3.00822e-05 5.00946e+10 3.66772e-05
3.06838e-05 5.10979e+10 3.75991e-05
3.12975e-05 5.21212e+10 3.85437e-05
3.19235e-05 5.3165e+10 3.95116e-05
3.25619e-05 5.42297e+10 4.05035e-05
3.32132e-05 5.53158e+10 4.15198e-05
3.38774e-05 5.64236e+10 4.25611e-05
3.4555e-05 5.75536e+10 4.36281e-05
3.52461e-05 5.87063e+10 4.47214e-05
3.5951e-05 5.9882e+10 4.58416e-05
3.667e-05 6.10813e+10 4.69893e-05
3.74034e-05 6.23047e+10 4.81652e-05
3.81515e-05 6.35525e+10 4.93701e-05
3.89145e-05 6.48254e+10 5.06045e-05
3.96928e-05 6.61237e+10 5.18692e-05
4.04867e-05 6.74481e+10 5.3165e-05
4.12964e-05 6.8799e+10 5.44925e-05
4.21223e-05 7.01769e+10 5.58525e-05
4.29648e-05 7.15825e+10 5.72459e-05
4.38241e-05 7.30162e+10 5.86733e-05
4.47005e-05 7.44787e+10 6.01356e-05
4.55946e-05 7.59704e+10 6.16337e-05
4.65065e-05 7.74921e+10 6.31684e-05
4.74366e-05 7.90442e+10 6.47405e-05
4.83853e-05 8.06274e+10 6.6351e-05
4.9353e-05 8.22424e+10 6.80008e-05
5.03401e-05 8.38897e+10 6.96908e-05
5.13469e-05 8.557e+10 7.14219e-05
5.23738e-05 8.7284e+10 7.31951e-05
5.34213e-05 8.90324e+10 7.50115e-05
5.44897e-05 9.08158e+10 7.68721e-05
5.55795e-05 9.26349e+10 7.87778e-05
5.66911e-05 9.44904e+10 8.07298e-05
5.78249e-05 9.63832e+10 8.27291e-05
5.89814e-05 9.83138e+10 8.47769e-05
6.01611e-05 1.00283e+11 8.68744e-05
6.13643e-05 1.02292e+11 8.90226e-05
6.25916e-05 1.04341e+11 9.12228e-05
6.38434e-05 1.06431e+11 9.34762e-05
6.51203e-05 1.08563e+11 9.5784e-05
6.64227e-05 1.10738e+11 9.81476e-05
6.77511e-05 1.12956e+11 0.000100568
6.91061e-05 1.15219e+11 0.000103047
7.04883e-05 1.17527e+11 0.000105586
7.1898e-05 1.19882e+11 0.000108186
7.3336e-05 1.22283e+11 0.000110848
7.48027e-05 1.24733e+11 0.000113575
7.62988e-05 1.27232e+11 0.000116367
7.78247e-05 1.29781e+11 0.000119226
7.93812e-05 1.3238e+11 0.000122153
8.09689e-05 1.35033e+11 0.000125151
8.25882e-05 1.37738e+11 0.000128221
8.424e-05 1.40497e+11 0.000131364
8.59248e-05 1.43312e+11 0.000134582
8.76433e-05 1.46183e+11 0.000137877
8.93962e-05 1.49112e+11 0.000141251
9.11841e-05 1.52099e+11 0.000144706
9.30078e-05 1.55146e+11 0.000148243
9.48679e-05 1.58255e+11 0.000151864
9.67653e-05 1.61425e+11 0.000155571
9.87006e-05 1.64659e+11 0.000159367
0.000100675 1.67958e+11 0.000163253
0.000102688 1.71323e+11 0.000167231
0.000104742 1.74756e+11 0.000171304
0.000106837 1.78257e+11 0.000175473
0.000108973 1.81829e+11 0.000179742
0.000111153 1.85472e+11 0.000184111
0.000113376 1.89188e+11 0.000188583
0.000115643 1.92979e+11 0.000193162
0.000117956 1.96845e+11 0.000197848
0.000120315 2.00789e+11 0.000202646
0.000122722 2.04813e+11 0.000207556
0.000125176 2.08916e+11 0.000212582
0.00012768 2.13102e+11 0.000217726
0.000130233 2.17372e+11 0.000222992
0.000132838 2.21728e+11 0.000228381
0.000135495 2.26171e+11 0.000233897
0.000138205 2.30703e+11 0.000239542
0.000140969 2.35326e+11 0.000245319
0.000143788 2.40041e+11 0.000251232
0.000146664 2.44851e+11 0.000257283
0.000149597 2.49757e+11 0.000263476
0.000152589 2.54762e+11 0.000269813
0.000155641 2.59867e+11 0.000276298
0.000158754 2.65075e+11 0.000282934
0.000161929 2.70386e+11 0.000289725
0.000165167 2.75805e+11 0.000296674
0.000168471 2.81332e+11 0.000303784
0.00017184 2.86969e+11 0.000311059
0.000175277 2.9272e+11 0.000318504
0.000178782 2.98586e+11 0.00032612
0.000182358 3.0457e+11 0.000333913
0.000186005 3.10673e+11 0.000341887
0.000189725 3.16899e+11 0.000350044
0.00019352 3.2325e+11 0.00035839
0.00019739 3.29728e+11 0.000366928
0.000201338 3.36336e+11 0.000375663
0.000205365 3.43076e+11 0.000384599
0.000209472 3.49952e+11 0.000393741
0.000213662 3.56965e+11 0.000403092
0.000217935 3.64119e+11 0.000412657
0.000222293 3.71417e+11 0.000422442
0.000226739 3.7886e+11 0.000432451
0.000231274 3.86453e+11 0.000442689
0.0002359 3.94198e+11 0.00045316
0.000240618 4.02099e+11 0.00046387
0.00024543 4.10158e+11 0.000473882
0.00034543 5.77672e+11 0.000548874
0.00044543 7.45223e+11 0.000608638
0.00054543 9.128e+11 0.000667301
0.00064543 1.0804e+12 0.000726489
0.00074543 1.24801e+12 0.000786607
0.00084543 1.41564e+12 0.000847735
0.00094543 1.58328e+12 0.000909852
0.00104543 1.75094e+12 0.000972898
0.00114543 1.9186e+12 0.00103681
0.00124543 2.08628e+12 0.00110152
0.00134543 2.25396e+12 0.00116697
0.00144543 2.42166e+12 0.00123313
0.00154543 2.58936e+12 0.00129994
0.00164543 2.75707e+12 0.00136738
0.00174543 2.92479e+12 0.00143543
0.00184543 3.09251e+12 0.00150407
0.00194543 3.26024e+12 0.0015733
0.00204543 3.42798e+12 0.0016431
0.00214543 3.59572e+12 0.00171349
0.00224543 3.76347e+12 0.00178447
0.00234543 3.93123e+12 0.00185605
0.00244543 4.09899e+12 0.00192825
0.00254543 4.26676e+12 0.00200108
0.00264543 4.43453e+12 0.00207456
0.00274543 4.60231e+12 0.00214871
0.00284543 4.77009e+12 0.00222357
0.00294543 4.93788e+12 0.00229915
0.00304543 5.10567e+12 0.00237549
0.00314543 5.27346e+12 0.00245261
0.00324543 5.44126e+12 0.00253054
0.00334543 5.60907e+12 0.00260933
0.00344543 5.77688e+12 0.00268899
0.00354543 5.94469e+12 0.00276957
0.00364543 6.11251e+12 0.0028511
0.00374543 6.28033e+12 0.00293361
0.00384543 6.44815e+12 0.00301713
0.00394543 6.61598e+12 0.00310171
0.00404543 6.78381e+12 0.00318738
0.00414543 6.95165e+12 0.00327417
0.00424543 7.11949e+12 0.00336212
0.00434543 7.28733e+12 0.00345127
0.00444543 7.45518e+12 0.00354165
0.00454543 7.62303e+12 0.0036333
0.00464543 7.79089e+12 0.00372626
0.00474543 7.95875e+12 0.00382055
0.00484543 8.12661e+12 0.00391621
0.00494543 8.29448e+12 0.00401328
0.00504543 8.46235e+12 0.0041118
0.00514543 8.63022e+12 0.00421179
0.00524543 8.7981e+12 0.00431329
0.00534543 8.96598e+12 0.00441634
0.00544543 9.13386e+12 0.00452096
0.00554543 9.30175e+12 0.0046272
0.00564543 9.46964e+12 0.00473507
0.00574543 9.63753e+12 0.00484462
0.00584543 9.80543e+12 0.00495588
0.00594543 9.97333e+12 0.00506887
0.00604543 1.01412e+13 0.00518362
0.00614543 1.03091e+13 0.00530017
0.00624543 1.0477e+13 0.00541855
0.00634543 1.0645e+13 0.00553878
0.00644543 1.08129e+13 0.00566089
0.00654543 1.09808e+13 0.00578491
0.00664543 1.11487e+13 0.00591086
0.00674543 1.13167e+13 0.00603878
0.00684543 1.14846e+13 0.00616869
0.00694543 1.16525e+13 0.00630061
0.00704543 1.18205e+13 0.00643457
0.00714543 1.19884e+13 0.00657059
0.00724543 1.21563e+13 0.0067087
0.00734543 1.23243e+13 0.00684892
0.00744543 1.24922e+13 0.00699128
0.00754543 1.26602e+13 0.00713579
0.00764543 1.28282e+13 0.00728248
0.00774543 1.29961e+13 0.00743136
0.00784543 1.31641e+13 0.00758246
0.00794543 1.33321e+13 0.00773581
0.00804543 1.35e+13 0.00789141
0.00814543 1.3668e+13 0.00804929
0.00824543 1.3836e+13 0.00820946
0.00834543 1.4004e+13 0.00837195
0.00844543 1.4172e+13 0.00853676
0.00854543 1.43399e+13 0.00870393
0.00864543 1.45079e+13 0.00887346
0.00874543 1.46759e+13 0.00904537
0.00884543 1.48439e+13 0.00921968
0.00894543 1.50119e+13 0.00939639
0.00904543 1.51799e+13 0.00957553
0.00914543 1.5348e+13 0.00975711
0.00924543 1.5516e+13 0.00994115
0.00934543 1.5684e+13 0.0101276
0.00944543 1.5852e+13 0.0103166
0.00954543 1.602e+13 0.0105081
0.00964543 1.61881e+13 0.0107021
0.00974543 1.63561e+13 0.0108985
0.00984543 1.65241e+13 0.0110975
0.00994543 1.66922e+13 0.0112991
0.0100454 1.68602e+13 0.0115031
0.0101454 1.70283e+13 0.0117098
0.0102454 1.71963e+13 0.011919
0.0103454 1.73644e+13 0.0121307
0.0104454 1.75324e+13 0.0123451
0.0105454 1.77005e+13 0.012562
0.0106454 1.78685e+13 0.0127815
0.0107454 1.80366e+13 0.0130036
0.0108454 1.82047e+13 0.0132284
0.0109454 1.83728e+13 0.0134557
0.0110454 1.85408e+13 0.0136857
0.0111454 1.87089e+13 0.0139182
0.0112454 1.8877e+13 0.0141535
0.0113454 1.90451e+13 0.0143913
0.0114454 1.92132e+13 0.0146318
0.0115454 1.93813e+13 0.0148749
0.0116454 1.95494e+13 0.0151207
0.0117454 1.97175e+13 0.0153691
0.0118454 1.98856e+13 0.0156202
0.0119454 2.00537e+13 0.0158739
0.0120454 2.02219e+13 0.0161303
0.0121454 2.039e+13 0.0163893
0.0122454 2.05581e+13 0.016651
0.0123454 2.07262e+13 0.0169154
0.0124454 2.08944e+13 0.0171824
0.0125454 2.10625e+13 0.0174521
0.0126454 2.12306e+13 0.0177245
0.0127454 2.13988e+13 0.0179995
0.0128454 2.15669e+13 0.0182772
0.0129454 2.17351e+13 0.0185575
0.0130454 2.19032e+13 0.0188405
0.0131454 2.20714e+13 0.0191262
0.0132454 2.22396e+13 0.0194145
0.0133454 2.24077e+13 0.0197055
0.0134454 2.25759e+13 0.0199992
0.0135454 2.27441e+13 0.0202955
0.0136454 2.29123e+13 0.0205944
0.0137454 2.30804e+13 0.020896
0.0138454 2.32486e+13 0.0212003
0.0139454 2.34168e+13 0.0215072
0.0140454 2.3585e+13 0.0218167
0.0141454 2.37532e+13 0.0221289
0.0142454 2.39214e+13 0.0224437
0.0143454 2.40896e+13 0.0227612
0.0144454 2.42578e+13 0.0230813
0.0145454 2.4426e+13 0.023404
0.0146454 2.45943e+13 0.0237293
0.0147454 2.47625e+13 0.0240572
0.0148454 2.49307e+13 0.0243878
0.0149454 2.50989e+13 0.0247209
0.0150454 2.52672e+13 0.0250567
0.0151454 2.54354e+13 0.025395
0.0152454 2.56037e+13 0.025736
0.0153454 2.57719e+13 0.0260795
0.0154454 2.59401e+13 0.0264256
0.0155454 2.61084e+13 0.0267743
0.0156454 2.62767e+13 0.0271255
0.0157454 2.64449e+13 0.0274793
0.0158454 2.66132e+13 0.0278356
0.0159454 2.67815e+13 0.0281945
0.0160454 2.69497e+13 0.028556
0.0161454 2.7118e+13 0.0289199
0.0162454 2.72863e+13 0.0292864
0.0163454 2.74546e+13 0.0296554
0.0164454 2.76229e+13 0.0300269
0.0165454 2.77912e+13 0.030401
0.0166454 2.79595e+13 0.0307775
0.0167454 2.81278e+13 0.0311565
0.0168454 2.82961e+13 0.031538
0.0169454 2.84644e+13 0.0319219
0.0170454 2.86327e+13 0.0323084
0.0171454 2.8801e+13 0.0326972
0.0172454 2.89693e+13 0.0330886
0.0173454 2.91377e+13 0.0334823
0.0174454 2.9306e+13 0.0338785
0.0175454 2.94743e+13 0.0342772
0.0176454 2.96427e+13 0.0346782
0.0177454 2.9811e+13 0.0350817
0.0178454 2.99794e+13 0.0354875
0.0179454 3.01477e+13 0.0358957
0.0180454 3.03161e+13 0.0363063
0.0181454 3.04844e+13 0.0367193
0.0182454 3.06528e+13 0.0371347
0.0183454 3.08212e+13 0.0375524
0.0184454 3.09895e+13 0.0379724
0.0185454 3.11579e+13 0.0383948
0.0186454 3.13263e+13 0.0388195
0.0187454 3.14947e+13 0.0392465
0.0188454 3.16631e+13 0.0396758
0.0189454 3.18314e+13 0.0401074
0.0190454 3.19998e+13 0.0405413
0.0191454 3.21682e+13 0.0409775
0.0192454 3.23366e+13 0.0414159
0.0193454 3.2505e+13 0.0418566
0.0194454 3.26735e+13 0.0422996
0.0195454 3.28419e+13 0.0427447
0.0196454 3.30103e+13 0.0431921
0.0197454 3.31787e+13 0.0436418
0.0198454 3.33471e+13 0.0440936
0.0199454 3.35156e+13 0.0445476
0.0200454 3.3684e+13 0.0450038
0.0201454 3.38525e+13 0.0454622
0.0202454 3.40209e+13 0.0459228
0.0203454 3.41893e+13 0.0463855
0.0204454 3.43578e+13 0.0468504
0.0205454 3.45263e+13 0.0473174
0.0206454 3.46947e+13 0.0477865
0.0207454 3.48632e+13 0.0482577
0.0208454 3.50316e+13 0.0487311
0.0209454 3.52001e+13 0.0492065
0.0210454 3.53686e+13 0.049684
0.0211454 3.55371e+13 0.0501636
0.0212454 3.57056e+13 0.0506453
0.0213454 3.58741e+13 0.051129
0.0214454 3.60425e+13 0.0516147
0.0215454 3.6211e+13 0.0521025
0.0216454 3.63795e+13 0.0525923
0.0217454 3.6548e+13 0.0530842
0.0218454 3.67166e+13 0.053578
0.0219454 3.68851e+13 0.0540738
0.0220454 3.70536e+13 0.0545716
0.0221454 3.72221e+13 0.0550713
0.0222454 3.73906e+13 0.0555731
0.0223454 3.75592e+13 0.0560767
0.0224454 3.77277e+13 0.0565823
0.0225454 3.78962e+13 0.0570899
0.0226454 3.80648e+13 0.0575993
0.0227454 3.82333e+13 0.0581107
0.0228454 3.84019e+13 0.058624
0.0229454 3.85704e+13 0.0591391
0.0230454 3.8739e+13 0.0596561
0.0231454 3.89075e+13 0.060175
0.0232454 3.90761e+13 0.0606957
0.0233454 3.92447e+13 0.0612183
0.0234454 3.94132e+13 0.0617427
0.0235454 3.95818e+13 0.062269
0.0236454 3.97504e+13 0.062797
0.0237454 3.9919e+13 0.0601838
0.0247454 4.16048e+13 0.065597
0.0257454 4.3291e+13 0.0711983
0.0267454 4.49777e+13 0.0769767
0.0277454 4.66647e+13 0.0829212
0.0287454 4.83521e+13 0.0890214
0.0297454 5.00399e+13 0.0952667
0.0307454 5.17281e+13 0.101647
0.0317454 5.34166e+13 0.108154
0.0327454 5.51055e+13 0.114777
0.0337454 5.67948e+13 0.121509
0.0347454 5.84844e+13 0.128342
0.0357454 6.01744e+13 0.135267
0.0367454 6.18648e+13 0.14228
0.0377454 6.35554e+13 0.149372
0.0387454 6.52464e+13 0.15654
0.0397454 6.69378e+13 0.163778
0.0407454 6.86295e+13 0.171081
0.0417454 7.03215e+13 0.178445
0.0427454 7.20138e+13 0.185869
0.0437454 7.37064e+13 0.193348
0.0447454 7.53993e+13 0.20088
0.0457454 7.70925e+13 0.208465
0.0467454 7.87861e+13 0.2161
0.0477454 8.04799e+13 0.223786
0.0487454 8.2174e+13 0.231522
0.0497454 8.38684e+13 0.239308
0.0507454 8.5563e+13 0.247144
0.0517454 8.7258e+13 0.255033
0.0527454 8.89532e+13 0.262975
0.0537454 9.06487e+13 0.270972
0.0547454 9.23444e+13 0.279027
0.0557454 9.40404e+13 0.287141
0.0567454 9.57367e+13 0.295319
0.0577454 9.74332e+13 0.303562
0.0587454 9.913e+13 0.311875
0.0597454 1.00827e+14 0.320261
0.0607454 1.02524e+14 0.328724
0.0617454 1.04222e+14 0.337268
0.0627454 1.0592e+14 0.345899
0.0637454 1.07618e+14 0.35462
0.0647454 1.09316e+14 0.363436
0.0657454 1.11015e+14 0.372354
0.0667454 1.12713e+14 0.381377
0.0677454 1.14412e+14 0.390512
0.0687454 1.16112e+14 0.399764
0.0697454 1.17811e+14 0.40914
0.0707454 1.19511e+14 0.418645
0.0717454 1.21211e+14 0.428285
0.0727454 1.22911e+14 0.438067
0.0737454 1.24611e+14 0.447998
0.0747454 1.26312e+14 0.458083
0.0757454 1.28013e+14 0.468331
0.0767454 1.29714e+14 0.478747
0.0777454 1.31416e+14 0.489339
0.0787454 1.33117e+14 0.500114
0.0797454 1.34819e+14 0.51108
0.0807454 1.36521e+14 0.522243
0.0817454 1.38224e+14 0.533612
0.0827454 1.39927e+14 0.545193
0.0837454 1.41629e+14 0.556995
0.0847454 1.43333e+14 0.569026
0.0857454 1.45036e+14 0.581292
0.0867454 1.4674e+14 0.593804
0.0877454 1.48444e+14 0.606567
0.0887454 1.50148e+14 0.619592
0.0897454 1.51852e+14 0.632886
0.0907454 1.53557e+14 0.646457
0.0917454 1.55262e+14 0.660315
0.0927454 1.56967e+14 0.674467
0.0937454 1.58673e+14 0.688922
0.0947454 1.60379e+14 0.703689
0.0957454 1.62085e+14 0.718777
0.0967454 1.63791e+14 0.734196
0.0977454 1.65498e+14 0.749953
0.0987454 1.67205e+14 0.766058
0.0997454 1.68912e+14 0.78252
0.100745 1.7062e+14 0.799348
0.101745 1.72328e+14 0.816552
0.102745 1.74036e+14 0.834141
0.103745 1.75744e+14 0.852125
0.104745 1.77453e+14 0.870513
0.105745 1.79162e+14 0.889315
0.106745 1.80872e+14 0.908541
0.107745 1.82581e+14 0.928199
0.108745 1.84292e+14 0.948301
0.109745 1.86002e+14 0.968856
0.110745 1.87713e+14 0.989873
0.111745 1.89424e+14 1.01136
0.112745 1.91135e+14 1.03329
0.117745 1.99698e+14 1.14844
0.122745 2.08269e+14 1.27588
0.127745 2.16851e+14 1.41746
0.132745 2.25442e+14 1.57478
0.137745 2.34045e+14 1.74934
0.142745 2.4266e+14 1.94265
0.147745 2.51287e+14 2.15623
0.152745 2.59928e+14 2.3916
0.157745 2.68582e+14 2.65029
0.162745 2.77253e+14 2.93386
0.167745 2.85939e+14 3.24386
0.172745 2.94642e+14 3.58184
0.177745 3.03364e+14 3.94937
0.182745 3.12104e+14 4.348
0.187745 3.20865e+14 4.77928
0.192745 3.29647e+14 5.24476
0.197745 3.38451e+14 5.74598
0.202745 3.47278e+14 6.28445
0.207745 3.5613e+14 6.86168
0.212745 3.65007e+14 7.47914
0.217745 3.73911e+14 8.13828
0.222745 3.82843e+14 8.84054
0.227745 3.91803e+14 9.5873
0.232745 4.00794e+14 10.3799
0.237745 4.09816e+14 11.2197
0.242745 4.1887e+14 12.108
0.247745 4.27957e+14 13.0459
0.252745 4.37079e+14 14.0348
0.257745 4.46237e+14 15.0756
0.262745 4.55432e+14 16.1694
0.267745 4.64664e+14 17.3174
0.272745 4.73936e+14 18.5204
0.277745 4.83247e+14 19.7793
0.282745 4.926e+14 21.0949
0.287745 5.01995e+14 22.468
0.292745 5.11434e+14 23.8993
0.297745 5.20917e+14 25.3892
0.302745 5.30445e+14 26.9384
0.307745 5.4002e+14 28.5471
0.312745 5.49642e+14 30.2159
0.317745 5.59312e+14 31.9448
0.322745 5.69032e+14 33.734
0.327745 5.78802e+14 35.5835
0.332745 5.88623e+14 37.4933
0.337745 5.98496e+14 39.4631
0.342745 6.08421e+14 41.4927
0.347745 6.184e+14 43.5816
0.352745 6.28433e+14 45.7293
0.357745 6.38522e+14 47.9352
0.362745 6.48665e+14 50.1985
0.367745 6.58865e+14 52.5182
0.372745 6.69122e+14 54.8932
0.377745 6.79436e+14 57.3225
0.382745 6.89808e+14 59.8046
0.387745 7.00239e+14 62.338
0.392745 7.10728e+14 64.9211
0.397745 7.21276e+14 67.5521
0.402745 7.31884e+14 70.2291
0.407745 7.42552e+14 72.9498
0.412745 7.53279e+14 75.712
0.417745 7.64066e+14 78.5132
0.422745 7.74914e+14 81.3508
0.427745 7.85821e+14 84.2217
0.432745 7.96789e+14 87.1231
0.437745 8.07817e+14 90.0516
0.442745 8.18904e+14 93.0038
0.447745 8.30051e+14 95.976
0.452745 8.41258e+14 98.9642
0.457745 8.52523e+14 101.964
0.462745 8.63847e+14 104.972
0.467745 8.75228e+14 107.983
0.472745 8.86667e+14 110.991
0.477745 8.98163e+14 113.993
0.482745 9.09715e+14 116.982
0.487745 9.21321e+14 119.953
0.492745 9.32982e+14 122.9
0.497745 9.44696e+14 125.817
0.502745 9.56461e+14 128.696
0.507745 9.68277e+14 131.532
0.512745 9.80143e+14 134.316
0.517745 9.92056e+14 137.041
0.522745 1.00402e+15 139.7
0.527745 1.01602e+15 142.284
0.532745 1.02807e+15 144.783
0.537745 1.04016e+15 147.19
0.542745 1.05228e+15 149.494
0.547745 1.06445e+15 151.685
0.552745 1.07665e+15 153.754
0.557745 1.08888e+15 155.688
0.562745 1.10114e+15 157.477
0.567745 1.11343e+15 159.108
0.572745 1.12574e+15 160.569
0.577745 1.13807e+15 161.847
0.582745 1.15043e+15 162.929
0.587745 1.16279e+15 163.8
0.592745 1.17517e+15 164.445
0.597745 1.18756e+15 164.848
0.602745 1.19995e+15 164.995
0.607745 1.21234e+15 164.867
