1e-10 165823 6.73626e-13
1.02e-10 169139 6.96229e-13
1.0404e-10 172522 7.19579e-13
1.06121e-10 175973 7.43701e-13
1.08243e-10 179492 7.68621e-13
1.10408e-10 183082 7.94364e-13
1.12616e-10 186744 8.20956e-13
1.14869e-10 190479 8.48426e-13
1.17166e-10 194288 8.76802e-13
1.19509e-10 198174 9.06113e-13
1.21899e-10 202138 9.36391e-13
1.24337e-10 206180 9.67665e-13
1.26824e-10 210304 9.99968e-13
1.29361e-10 214510 1.03333e-12
1.31948e-10 218800 1.0678e-12
1.34587e-10 223176 1.10339e-12
1.37279e-10 227640 1.14016e-12
1.40024e-10 232193 1.17813e-12
1.42825e-10 236837 1.21734e-12
1.45681e-10 241574 1.25785e-12
1.48595e-10 246405 1.29968e-12
1.51567e-10 251333 1.34288e-12
1.54598e-10 256360 1.38749e-12
1.5769e-10 261487 1.43356e-12
1.60844e-10 266717 1.48114e-12
1.64061e-10 272051 1.53028e-12
1.67342e-10 277492 1.58101e-12
1.70689e-10 283042 1.63341e-12
1.74102e-10 288703 1.68751e-12
1.77584e-10 294477 1.74338e-12
1.81136e-10 300367 1.80107e-12
1.84759e-10 306374 1.86064e-12
1.88454e-10 312502 1.92214e-12
1.92223e-10 318752 1.98565e-12
1.96068e-10 325127 2.05122e-12
1.99989e-10 331630 2.11892e-12
2.03989e-10 338262 2.18882e-12
2.08069e-10 345028 2.26098e-12
2.1223e-10 351928 2.33549e-12
2.16474e-10 358967 2.41241e-12
2.20804e-10 366147 2.49182e-12
2.2522e-10 373470 2.57381e-12
2.29724e-10 380939 2.65844e-12
2.34319e-10 388558 2.74581e-12
2.39005e-10 396329 2.83601e-12
2.43785e-10 404256 2.92911e-12
2.48661e-10 412341 3.02522e-12
2.53634e-10 420588 3.12443e-12
2.58707e-10 429000 3.22684e-12
2.63881e-10 437580 3.33254e-12
2.69159e-10 446332 3.44165e-12
2.74542e-10 455258 3.55427e-12
2.80033e-10 464364 3.6705e-12
2.85633e-10 473651 3.79047e-12
2.91346e-10 483124 3.91429e-12
2.97173e-10 492787 4.04209e-12
3.03117e-10 502643 4.17398e-12
3.09179e-10 512696 4.31009e-12
3.15362e-10 522950 4.45056e-12
3.2167e-10 533409 4.59553e-12
3.28103e-10 544077 4.74513e-12
3.34665e-10 554959 4.89952e-12
3.41358e-10 566059 5.05883e-12
3.48186e-10 577380 5.22322e-12
3.55149e-10 588928 5.39286e-12
3.62252e-10 600706 5.5679e-12
3.69497e-10 612721 5.74851e-12
3.76887e-10 624975 5.93488e-12
3.84425e-10 637475 6.12716e-12
3.92114e-10 650225 6.32556e-12
3.99956e-10 663230 6.53026e-12
4.07955e-10 676494 6.74145e-12
4.16114e-10 690024 6.95933e-12
4.24436e-10 703825 7.18413e-12
4.32925e-10 717902 7.41603e-12
4.41584e-10 732260 7.65528e-12
4.50415e-10 746906 7.90209e-12
4.59424e-10 761844 8.15669e-12
4.68612e-10 777081 8.41934e-12
4.77984e-10 792623 8.69027e-12
4.87544e-10 808476 8.96974e-12
4.97295e-10 824646 9.25801e-12
5.07241e-10 841139 9.55535e-12
5.17386e-10 857962 9.86205e-12
5.27733e-10 875122 1.01784e-11
5.38288e-10 892625 1.05047e-11
5.49054e-10 910478 1.08412e-11
5.60035e-10 928688 1.11882e-11
5.71235e-10 947262 1.15462e-11
5.8266e-10 966207 1.19153e-11
5.94313e-10 985532 1.2296e-11
6.062e-10 1.00524e+06 1.26886e-11
6.18324e-10 1.02535e+06 1.30935e-11
6.3069e-10 1.04586e+06 1.3511e-11
6.43304e-10 1.06677e+06 1.39415e-11
6.5617e-10 1.08811e+06 1.43855e-11
6.69293e-10 1.10987e+06 1.48432e-11
6.82679e-10 1.13207e+06 1.53152e-11
6.96333e-10 1.15471e+06 1.58019e-11
7.10259e-10 1.17781e+06 1.63037e-11
7.24465e-10 1.20136e+06 1.68211e-11
7.38954e-10 1.22539e+06 1.73546e-11
7.53733e-10 1.2499e+06 1.79045e-11
7.68808e-10 1.2749e+06 1.84716e-11
7.84184e-10 1.3004e+06 1.90561e-11
7.99867e-10 1.32641e+06 1.96588e-11
8.15865e-10 1.35293e+06 2.028e-11
8.32182e-10 1.37999e+06 2.09204e-11
8.48826e-10 1.40759e+06 2.15806e-11
8.65802e-10 1.43575e+06 2.22612e-11
8.83118e-10 1.46446e+06 2.29627e-11
9.00781e-10 1.49375e+06 2.36858e-11
9.18796e-10 1.52363e+06 2.44311e-11
9.37172e-10 1.5541e+06 2.51994e-11
9.55916e-10 1.58519e+06 2.59912e-11
9.75034e-10 1.61689e+06 2.68073e-11
9.94535e-10 1.64923e+06 2.76484e-11
1.01443e-09 1.68221e+06 2.85153e-11
1.03471e-09 1.71586e+06 2.94087e-11
1.05541e-09 1.75018e+06 3.03294e-11
1.07652e-09 1.78518e+06 3.12783e-11
1.09805e-09 1.82089e+06 3.22561e-11
1.12001e-09 1.85731e+06 3.32638e-11
1.14241e-09 1.89445e+06 3.43021e-11
1.16526e-09 1.93234e+06 3.53721e-11
1.18856e-09 1.97099e+06 3.64747e-11
1.21233e-09 2.01041e+06 3.76107e-11
1.23658e-09 2.05062e+06 3.87813e-11
1.26131e-09 2.09164e+06 3.99874e-11
1.28654e-09 2.13347e+06 4.12301e-11
1.31227e-09 2.17614e+06 4.25104e-11
1.33851e-09 2.21967e+06 4.38295e-11
1.36528e-09 2.26406e+06 4.51885e-11
1.39259e-09 2.30934e+06 4.65886e-11
1.42044e-09 2.35553e+06 4.8031e-11
1.44885e-09 2.40265e+06 4.95169e-11
1.47783e-09 2.4507e+06 5.10476e-11
1.50738e-09 2.49972e+06 5.26245e-11
1.53753e-09 2.54971e+06 5.42488e-11
1.56828e-09 2.60071e+06 5.59219e-11
1.59965e-09 2.65272e+06 5.76454e-11
1.63164e-09 2.70578e+06 5.94206e-11
1.66427e-09 2.7599e+06 6.1249e-11
1.69756e-09 2.8151e+06 6.31323e-11
1.73151e-09 2.8714e+06 6.5072e-11
1.76614e-09 2.92883e+06 6.70698e-11
1.80146e-09 2.98741e+06 6.91273e-11
1.83749e-09 3.04716e+06 7.12463e-11
1.87424e-09 3.10811e+06 7.34285e-11
1.91173e-09 3.17027e+06 7.56759e-11
1.94996e-09 3.23368e+06 7.79903e-11
1.98896e-09 3.29836e+06 8.03735e-11
2.02874e-09 3.36433e+06 8.28278e-11
2.06931e-09 3.43162e+06 8.5355e-11
2.1107e-09 3.50025e+06 8.79572e-11
2.15291e-09 3.57026e+06 9.06368e-11
2.19597e-09 3.64167e+06 9.33958e-11
2.23989e-09 3.71451e+06 9.62366e-11
2.28469e-09 3.7888e+06 9.91615e-11
2.33038e-09 3.86458e+06 1.02173e-10
2.37699e-09 3.94188e+06 1.05274e-10
2.42453e-09 4.02072e+06 1.08466e-10
2.47302e-09 4.10114e+06 1.11752e-10
2.52248e-09 4.18316e+06 1.15135e-10
2.57293e-09 4.26683e+06 1.18618e-10
2.62439e-09 4.35217e+06 1.22204e-10
2.67688e-09 4.43922e+06 1.25895e-10
2.73042e-09 4.52801e+06 1.29695e-10
2.78502e-09 4.61857e+06 1.33606e-10
2.84072e-09 4.71095e+06 1.37632e-10
2.89754e-09 4.80517e+06 1.41776e-10
2.95549e-09 4.90128e+06 1.46042e-10
3.0146e-09 4.99931e+06 1.50433e-10
3.07489e-09 5.0993e+06 1.54952e-10
3.13639e-09 5.2013e+06 1.59603e-10
3.19912e-09 5.30533e+06 1.6439e-10
3.2631e-09 5.41144e+06 1.69317e-10
3.32836e-09 5.51967e+06 1.74388e-10
3.39493e-09 5.63007e+06 1.79606e-10
3.46283e-09 5.74268e+06 1.84977e-10
3.53208e-09 5.85754e+06 1.90503e-10
3.60272e-09 5.9747e+06 1.96191e-10
3.67478e-09 6.0942e+06 2.02044e-10
3.74827e-09 6.21609e+06 2.08067e-10
3.82324e-09 6.34042e+06 2.14264e-10
3.89971e-09 6.46724e+06 2.20641e-10
3.9777e-09 6.59659e+06 2.27203e-10
4.05725e-09 6.72853e+06 2.33955e-10
4.1384e-09 6.86311e+06 2.40903e-10
4.22117e-09 7.00038e+06 2.48051e-10
4.30559e-09 7.1404e+06 2.55406e-10
4.3917e-09 7.28322e+06 2.62973e-10
4.47954e-09 7.42889e+06 2.70758e-10
4.56913e-09 7.57748e+06 2.78768e-10
4.66051e-09 7.72904e+06 2.87008e-10
4.75372e-09 7.88363e+06 2.95486e-10
4.84879e-09 8.04131e+06 3.04207e-10
4.94577e-09 8.20215e+06 3.13179e-10
5.04468e-09 8.3662e+06 3.22409e-10
5.14558e-09 8.53354e+06 3.31904e-10
5.24849e-09 8.70422e+06 3.41671e-10
5.35346e-09 8.87832e+06 3.51717e-10
5.46053e-09 9.0559e+06 3.62052e-10
5.56974e-09 9.23703e+06 3.72683e-10
5.68113e-09 9.42178e+06 3.83617e-10
5.79476e-09 9.61023e+06 3.94864e-10
5.91065e-09 9.80245e+06 4.06432e-10
6.02886e-09 9.99851e+06 4.1833e-10
6.14944e-09 1.01985e+07 4.30568e-10
6.27243e-09 1.04025e+07 4.43155e-10
6.39788e-09 1.06106e+07 4.561e-10
6.52584e-09 1.08228e+07 4.69413e-10
6.65635e-09 1.10393e+07 4.83105e-10
6.78948e-09 1.12601e+07 4.97187e-10
6.92527e-09 1.14853e+07 5.11668e-10
7.06378e-09 1.1715e+07 5.2656e-10
7.20505e-09 1.19493e+07 5.41875e-10
7.34915e-09 1.21883e+07 5.57625e-10
7.49614e-09 1.24321e+07 5.7382e-10
7.64606e-09 1.26808e+07 5.90474e-10
7.79898e-09 1.29344e+07 6.07599e-10
7.95496e-09 1.31931e+07 6.25208e-10
8.11406e-09 1.3457e+07 6.43316e-10
8.27634e-09 1.37262e+07 6.61934e-10
8.44187e-09 1.40007e+07 6.81078e-10
8.6107e-09 1.42808e+07 7.00762e-10
8.78292e-09 1.45664e+07 7.21001e-10
8.95858e-09 1.48577e+07 7.4181e-10
9.13775e-09 1.51549e+07 7.63205e-10
9.3205e-09 1.54581e+07 7.85202e-10
9.50691e-09 1.57672e+07 8.07818e-10
9.69705e-09 1.60826e+07 8.31069e-10
9.89099e-09 1.64043e+07 8.54973e-10
1.00888e-08 1.67324e+07 8.79549e-10
1.02906e-08 1.70671e+07 9.04814e-10
1.04964e-08 1.74085e+07 9.30787e-10
1.07063e-08 1.77567e+07 9.57488e-10
1.09205e-08 1.81118e+07 9.84937e-10
1.11389e-08 1.84741e+07 1.01315e-09
1.13616e-08 1.88436e+07 1.04216e-09
1.15889e-08 1.92205e+07 1.07198e-09
1.18207e-08 1.9605e+07 1.10263e-09
1.20571e-08 1.99971e+07 1.13414e-09
1.22982e-08 2.03971e+07 1.16652e-09
1.25442e-08 2.08051e+07 1.19981e-09
1.27951e-08 2.12212e+07 1.23403e-09
1.3051e-08 2.16457e+07 1.2692e-09
1.3312e-08 2.20787e+07 1.30535e-09
1.35782e-08 2.25203e+07 1.34251e-09
1.38498e-08 2.29708e+07 1.3807e-09
1.41268e-08 2.34302e+07 1.41995e-09
1.44093e-08 2.38989e+07 1.4603e-09
1.46975e-08 2.43769e+07 1.50176e-09
1.49914e-08 2.48645e+07 1.54437e-09
1.52913e-08 2.53618e+07 1.58817e-09
1.55971e-08 2.58691e+07 1.63319e-09
1.5909e-08 2.63866e+07 1.67945e-09
1.62272e-08 2.69144e+07 1.72699e-09
1.65518e-08 2.74527e+07 1.77585e-09
1.68828e-08 2.80018e+07 1.82606e-09
1.72205e-08 2.85619e+07 1.87766e-09
1.75649e-08 2.91332e+07 1.93069e-09
1.79162e-08 2.9716e+07 1.98518e-09
1.82745e-08 3.03104e+07 2.04118e-09
1.864e-08 3.09167e+07 2.09872e-09
1.90128e-08 3.15351e+07 2.15785e-09
1.9393e-08 3.21658e+07 2.21862e-09
1.97809e-08 3.28092e+07 2.28106e-09
2.01765e-08 3.34655e+07 2.34522e-09
2.058e-08 3.41349e+07 2.41115e-09
2.09916e-08 3.48177e+07 2.47889e-09
2.14115e-08 3.55141e+07 2.5485e-09
2.18397e-08 3.62245e+07 2.62002e-09
2.22765e-08 3.69491e+07 2.69351e-09
2.2722e-08 3.76882e+07 2.76902e-09
2.31765e-08 3.8442e+07 2.8466e-09
2.364e-08 3.9211e+07 2.92631e-09
2.41128e-08 3.99953e+07 3.00822e-09
2.45951e-08 4.07953e+07 3.09237e-09
2.5087e-08 4.16113e+07 3.17882e-09
2.55887e-08 4.24437e+07 3.26765e-09
2.61005e-08 4.32927e+07 3.35891e-09
2.66225e-08 4.41586e+07 3.45267e-09
2.71549e-08 4.50419e+07 3.549e-09
2.7698e-08 4.59429e+07 3.64797e-09
2.8252e-08 4.68619e+07 3.74964e-09
2.8817e-08 4.77993e+07 3.85409e-09
2.93934e-08 4.87554e+07 3.9614e-09
2.99812e-08 4.97306e+07 4.07164e-09
3.05809e-08 5.07254e+07 4.18489e-09
3.11925e-08 5.17401e+07 4.30124e-09
3.18163e-08 5.2775e+07 4.42075e-09
3.24526e-08 5.38307e+07 4.54353e-09
3.31017e-08 5.49075e+07 4.66966e-09
3.37637e-08 5.60058e+07 4.79923e-09
3.4439e-08 5.71261e+07 4.93232e-09
3.51278e-08 5.82688e+07 5.06905e-09
3.58303e-08 5.94343e+07 5.20949e-09
3.6547e-08 6.06232e+07 5.35376e-09
3.72779e-08 6.18359e+07 5.50195e-09
3.80235e-08 6.30728e+07 5.65418e-09
3.87839e-08 6.43344e+07 5.81054e-09
3.95596e-08 6.56213e+07 5.97116e-09
4.03508e-08 6.6934e+07 6.13613e-09
4.11578e-08 6.82729e+07 6.30559e-09
4.1981e-08 6.96386e+07 6.47965e-09
4.28206e-08 7.10316e+07 6.65844e-09
4.3677e-08 7.24524e+07 6.84207e-09
4.45505e-08 7.39017e+07 7.03069e-09
4.54415e-08 7.538e+07 7.22442e-09
4.63504e-08 7.68879e+07 7.4234e-09
4.72774e-08 7.84259e+07 7.62777e-09
4.82229e-08 7.99947e+07 7.83768e-09
4.91874e-08 8.15949e+07 8.05327e-09
5.01711e-08 8.32271e+07 8.2747e-09
5.11746e-08 8.48919e+07 8.50212e-09
5.2198e-08 8.65901e+07 8.73569e-09
5.3242e-08 8.83222e+07 8.97557e-09
5.43069e-08 9.0089e+07 9.22195e-09
5.5393e-08 9.18911e+07 9.47498e-09
5.65008e-08 9.37292e+07 9.73484e-09
5.76309e-08 9.56042e+07 1.00017e-08
5.87835e-08 9.75166e+07 1.02758e-08
5.99592e-08 9.94673e+07 1.05573e-08
6.11583e-08 1.01457e+08 1.08464e-08
6.23815e-08 1.03487e+08 1.11433e-08
6.36291e-08 1.05557e+08 1.14482e-08
6.49017e-08 1.07668e+08 1.17613e-08
6.61997e-08 1.09822e+08 1.20828e-08
6.75237e-08 1.12019e+08 1.2413e-08
6.88742e-08 1.1426e+08 1.27521e-08
7.02517e-08 1.16545e+08 1.31004e-08
7.16567e-08 1.18877e+08 1.3458e-08
7.30899e-08 1.21255e+08 1.38252e-08
7.45517e-08 1.2368e+08 1.42023e-08
7.60427e-08 1.26155e+08 1.45896e-08
7.75636e-08 1.28678e+08 1.49872e-08
7.91148e-08 1.31252e+08 1.53956e-08
8.06971e-08 1.33878e+08 1.58149e-08
8.23111e-08 1.36556e+08 1.62455e-08
8.39573e-08 1.39288e+08 1.66877e-08
8.56364e-08 1.42074e+08 1.71417e-08
8.73492e-08 1.44916e+08 1.76079e-08
8.90961e-08 1.47815e+08 1.80866e-08
9.08781e-08 1.50772e+08 1.85782e-08
9.26956e-08 1.53788e+08 1.9083e-08
9.45495e-08 1.56865e+08 1.96013e-08
9.64405e-08 1.60003e+08 2.01334e-08
9.83693e-08 1.63203e+08 2.06799e-08
1.00337e-07 1.66468e+08 2.1241e-08
1.02343e-07 1.69798e+08 2.18171e-08
1.0439e-07 1.73195e+08 2.24086e-08
1.06478e-07 1.7666e+08 2.3016e-08
1.08608e-07 1.80194e+08 2.36397e-08
1.1078e-07 1.83799e+08 2.428e-08
1.12995e-07 1.87475e+08 2.49374e-08
1.15255e-07 1.91226e+08 2.56125e-08
1.1756e-07 1.95051e+08 2.63056e-08
1.19912e-07 1.98953e+08 2.70172e-08
1.2231e-07 2.02933e+08 2.77478e-08
1.24756e-07 2.06993e+08 2.8498e-08
1.27251e-07 2.11134e+08 2.92681e-08
1.29796e-07 2.15358e+08 3.00589e-08
1.32392e-07 2.19666e+08 3.08708e-08
1.3504e-07 2.2406e+08 3.17043e-08
1.37741e-07 2.28543e+08 3.25601e-08
1.40496e-07 2.33115e+08 3.34387e-08
1.43306e-07 2.37778e+08 3.43408e-08
1.46172e-07 2.42535e+08 3.52669e-08
1.49095e-07 2.47387e+08 3.62177e-08
1.52077e-07 2.52336e+08 3.71938e-08
1.55119e-07 2.57384e+08 3.81959e-08
1.58221e-07 2.62533e+08 3.92248e-08
1.61385e-07 2.67785e+08 4.0281e-08
1.64613e-07 2.73142e+08 4.13654e-08
1.67905e-07 2.78607e+08 4.24786e-08
1.71263e-07 2.8418e+08 4.36215e-08
1.74689e-07 2.89866e+08 4.47948e-08
1.78182e-07 2.95665e+08 4.59993e-08
1.81746e-07 3.01579e+08 4.72358e-08
1.85381e-07 3.07613e+08 4.85053e-08
1.89089e-07 3.13767e+08 4.98084e-08
1.9287e-07 3.20044e+08 5.11462e-08
1.96728e-07 3.26447e+08 5.25196e-08
2.00662e-07 3.32977e+08 5.39294e-08
2.04676e-07 3.39639e+08 5.53767e-08
2.08769e-07 3.46434e+08 5.68624e-08
2.12945e-07 3.53364e+08 5.83876e-08
2.17203e-07 3.60434e+08 5.99533e-08
2.21547e-07 3.67645e+08 6.15605e-08
2.25978e-07 3.75e+08 6.32103e-08
2.30498e-07 3.82502e+08 6.49039e-08
2.35108e-07 3.90155e+08 6.66425e-08
2.3981e-07 3.9796e+08 6.84271e-08
2.44606e-07 4.05922e+08 7.0259e-08
2.49498e-07 4.14043e+08 7.21395e-08
2.54488e-07 4.22326e+08 7.40698e-08
2.59578e-07 4.30775e+08 7.60513e-08
2.6477e-07 4.39394e+08 7.80852e-08
2.70065e-07 4.48184e+08 8.0173e-08
2.75466e-07 4.57151e+08 8.23161e-08
2.80976e-07 4.66297e+08 8.45159e-08
2.86595e-07 4.75626e+08 8.67739e-08
2.92327e-07 4.85142e+08 8.90916e-08
2.98174e-07 4.94848e+08 9.14707e-08
3.04137e-07 5.04748e+08 9.39127e-08
3.1022e-07 5.14846e+08 9.64192e-08
3.16424e-07 5.25147e+08 9.89921e-08
3.22753e-07 5.35653e+08 1.01633e-07
3.29208e-07 5.4637e+08 1.04343e-07
3.35792e-07 5.57301e+08 1.07126e-07
3.42508e-07 5.68451e+08 1.09981e-07
3.49358e-07 5.79824e+08 1.12912e-07
3.56345e-07 5.91424e+08 1.15921e-07
3.63472e-07 6.03257e+08 1.19009e-07
3.70742e-07 6.15327e+08 1.22178e-07
3.78156e-07 6.27638e+08 1.25431e-07
3.8572e-07 6.40195e+08 1.2877e-07
3.93434e-07 6.53003e+08 1.32197e-07
4.01303e-07 6.66068e+08 1.35714e-07
4.09329e-07 6.79395e+08 1.39324e-07
4.17515e-07 6.92987e+08 1.43029e-07
4.25866e-07 7.06852e+08 1.46832e-07
4.34383e-07 7.20995e+08 1.50735e-07
4.4307e-07 7.3542e+08 1.54741e-07
4.51932e-07 7.50134e+08 1.58852e-07
4.60971e-07 7.65142e+08 1.63071e-07
4.7019e-07 7.80451e+08 1.67402e-07
4.79594e-07 7.96066e+08 1.71846e-07
4.89186e-07 8.11994e+08 1.76408e-07
4.98969e-07 8.2824e+08 1.81089e-07
5.08949e-07 8.44811e+08 1.85894e-07
5.19128e-07 8.61714e+08 1.90825e-07
5.2951e-07 8.78956e+08 1.95886e-07
5.401e-07 8.96542e+08 2.01079e-07
5.50902e-07 9.1448e+08 2.06409e-07
5.61921e-07 9.32777e+08 2.11879e-07
5.73159e-07 9.5144e+08 2.17493e-07
5.84622e-07 9.70477e+08 2.23254e-07
5.96315e-07 9.89894e+08 2.29167e-07
6.08241e-07 1.0097e+09 2.35235e-07
6.20406e-07 1.0299e+09 2.41462e-07
6.32814e-07 1.05051e+09 2.47852e-07
6.4547e-07 1.07153e+09 2.5441e-07
6.58379e-07 1.09297e+09 2.6114e-07
6.71547e-07 1.11484e+09 2.68047e-07
6.84978e-07 1.13714e+09 2.75134e-07
6.98678e-07 1.1599e+09 2.82408e-07
7.12651e-07 1.18311e+09 2.89872e-07
7.26904e-07 1.20678e+09 2.97532e-07
7.41442e-07 1.23092e+09 3.05392e-07
7.56271e-07 1.25555e+09 3.13458e-07
7.71396e-07 1.28068e+09 3.21735e-07
7.86824e-07 1.3063e+09 3.30229e-07
8.02561e-07 1.33244e+09 3.38945e-07
8.18612e-07 1.3591e+09 3.4789e-07
8.34984e-07 1.38629e+09 3.57068e-07
8.51684e-07 1.41403e+09 3.66487e-07
8.68718e-07 1.44233e+09 3.76151e-07
8.86092e-07 1.47119e+09 3.86069e-07
9.03814e-07 1.50063e+09 3.96245e-07
9.2189e-07 1.53065e+09 4.06688e-07
9.40328e-07 1.56128e+09 4.17403e-07
9.59135e-07 1.59252e+09 4.28399e-07
9.78317e-07 1.62439e+09 4.39681e-07
9.97884e-07 1.65689e+09 4.51258e-07
1.01784e-06 1.69004e+09 4.63137e-07
1.0382e-06 1.72386e+09 4.75327e-07
1.05896e-06 1.75836e+09 4.87834e-07
1.08014e-06 1.79354e+09 5.00668e-07
1.10174e-06 1.82943e+09 5.13836e-07
1.12378e-06 1.86604e+09 5.27347e-07
1.14625e-06 1.90338e+09 5.41211e-07
1.16918e-06 1.94146e+09 5.55436e-07
1.19256e-06 1.98031e+09 5.70032e-07
1.21641e-06 2.01994e+09 5.85008e-07
1.24074e-06 2.06036e+09 6.00374e-07
1.26556e-06 2.10159e+09 6.1614e-07
1.29087e-06 2.14364e+09 6.32317e-07
1.31669e-06 2.18654e+09 6.48914e-07
1.34302e-06 2.23029e+09 6.65944e-07
1.36988e-06 2.27492e+09 6.83416e-07
1.39728e-06 2.32045e+09 7.01343e-07
1.42522e-06 2.36688e+09 7.19736e-07
1.45373e-06 2.41424e+09 7.38607e-07
1.4828e-06 2.46256e+09 7.57969e-07
1.51246e-06 2.51184e+09 7.77833e-07
1.54271e-06 2.5621e+09 7.98214e-07
1.57356e-06 2.61337e+09 8.19124e-07
1.60503e-06 2.66567e+09 8.40576e-07
1.63713e-06 2.71901e+09 8.62586e-07
1.66988e-06 2.77342e+09 8.85167e-07
1.70327e-06 2.82892e+09 9.08334e-07
1.73734e-06 2.88553e+09 9.32101e-07
1.77209e-06 2.94328e+09 9.56485e-07
1.80753e-06 3.00218e+09 9.81501e-07
1.84368e-06 3.06226e+09 1.00717e-06
1.88055e-06 3.12354e+09 1.0335e-06
1.91816e-06 3.18605e+09 1.06051e-06
1.95653e-06 3.24981e+09 1.08822e-06
1.99566e-06 3.31484e+09 1.11665e-06
2.03557e-06 3.38118e+09 1.14581e-06
2.07628e-06 3.44885e+09 1.17573e-06
2.11781e-06 3.51787e+09 1.20642e-06
2.16016e-06 3.58827e+09 1.23791e-06
2.20337e-06 3.66008e+09 1.27021e-06
2.24743e-06 3.73332e+09 1.30335e-06
2.29238e-06 3.80804e+09 1.33734e-06
2.33823e-06 3.88425e+09 1.37222e-06
2.38499e-06 3.96198e+09 1.40799e-06
2.43269e-06 4.04127e+09 1.44468e-06
2.48135e-06 4.12215e+09 1.48233e-06
2.53098e-06 4.20465e+09 1.52094e-06
2.5816e-06 4.28879e+09 1.56056e-06
2.63323e-06 4.37463e+09 1.60119e-06
2.68589e-06 4.46218e+09 1.64287e-06
2.73961e-06 4.55148e+09 1.68563e-06
2.7944e-06 4.64257e+09 1.72949e-06
2.85029e-06 4.73548e+09 1.77448e-06
2.9073e-06 4.83026e+09 1.82062e-06
2.96544e-06 4.92693e+09 1.86796e-06
3.02475e-06 5.02554e+09 1.91652e-06
3.08525e-06 5.12612e+09 1.96632e-06
3.14695e-06 5.22871e+09 2.01741e-06
3.20989e-06 5.33336e+09 2.06981e-06
3.27409e-06 5.4401e+09 2.12356e-06
3.33957e-06 5.54898e+09 2.17869e-06
3.40636e-06 5.66004e+09 2.23524e-06
3.47449e-06 5.77332e+09 2.29324e-06
3.54398e-06 5.88887e+09 2.35273e-06
3.61486e-06 6.00673e+09 2.41375e-06
3.68715e-06 6.12695e+09 2.47634e-06
3.7609e-06 6.24958e+09 2.54053e-06
3.83611e-06 6.37466e+09 2.60637e-06
3.91284e-06 6.50225e+09 2.6739e-06
3.99109e-06 6.63239e+09 2.74316e-06
4.07092e-06 6.76514e+09 2.81419e-06
4.15233e-06 6.90055e+09 2.88705e-06
4.23538e-06 7.03866e+09 2.96177e-06
4.32009e-06 7.17954e+09 3.03841e-06
4.40649e-06 7.32324e+09 3.117e-06
4.49462e-06 7.46982e+09 3.19761e-06
4.58451e-06 7.61933e+09 3.28029e-06
4.6762e-06 7.77184e+09 3.36508e-06
4.76973e-06 7.9274e+09 3.45203e-06
4.86512e-06 8.08607e+09 3.54121e-06
4.96242e-06 8.24792e+09 3.63267e-06
5.06167e-06 8.41301e+09 3.72647e-06
5.1629e-06 8.5814e+09 3.82266e-06
5.26616e-06 8.75317e+09 3.9213e-06
5.37149e-06 8.92838e+09 4.02247e-06
5.47892e-06 9.10709e+09 4.12621e-06
5.58849e-06 9.28938e+09 4.23261e-06
5.70026e-06 9.47532e+09 4.34171e-06
5.81427e-06 9.66498e+09 4.4536e-06
5.93055e-06 9.85845e+09 4.56833e-06
6.04917e-06 1.00558e+10 4.68599e-06
6.17015e-06 1.02571e+10 4.80665e-06
6.29355e-06 1.04624e+10 4.93038e-06
6.41942e-06 1.06718e+10 5.05725e-06
6.54781e-06 1.08854e+10 5.18735e-06
6.67877e-06 1.11033e+10 5.32077e-06
6.81234e-06 1.13256e+10 5.45757e-06
6.94859e-06 1.15523e+10 5.59785e-06
7.08756e-06 1.17835e+10 5.74169e-06
7.22931e-06 1.20194e+10 5.88919e-06
7.3739e-06 1.226e+10 6.04043e-06
7.52138e-06 1.25054e+10 6.1955e-06
7.67181e-06 1.27558e+10 6.35451e-06
7.82524e-06 1.30111e+10 6.51756e-06
7.98175e-06 1.32716e+10 6.68473e-06
8.14138e-06 1.35373e+10 6.85614e-06
8.30421e-06 1.38082e+10 7.0319e-06
8.47029e-06 1.40847e+10 7.2121e-06
8.6397e-06 1.43666e+10 7.39687e-06
8.81249e-06 1.46542e+10 7.58631e-06
8.98874e-06 1.49476e+10 7.78054e-06
9.16852e-06 1.52468e+10 7.97968e-06
9.35189e-06 1.5552e+10 8.18385e-06
9.53893e-06 1.58634e+10 8.39319e-06
9.7297e-06 1.61809e+10 8.6078e-06
9.9243e-06 1.65049e+10 8.82784e-06
1.01228e-05 1.68353e+10 9.05343e-06
1.03252e-05 1.71723e+10 9.28471e-06
1.05317e-05 1.75161e+10 9.52182e-06
1.07424e-05 1.78668e+10 9.7649e-06
1.09572e-05 1.82245e+10 1.00141e-05
1.11764e-05 1.85893e+10 1.02696e-05
1.13999e-05 1.89615e+10 1.05315e-05
1.16279e-05 1.93411e+10 1.08e-05
1.18605e-05 1.97283e+10 1.10753e-05
1.20977e-05 2.01233e+10 1.13575e-05
1.23396e-05 2.05261e+10 1.16467e-05
1.25864e-05 2.09371e+10 1.19433e-05
1.28381e-05 2.13563e+10 1.22473e-05
1.30949e-05 2.17838e+10 1.25589e-05
1.33568e-05 2.222e+10 1.28783e-05
1.36239e-05 2.26648e+10 1.32058e-05
1.38964e-05 2.31186e+10 1.35414e-05
1.41743e-05 2.35815e+10 1.38855e-05
1.44578e-05 2.40536e+10 1.42382e-05
1.4747e-05 2.45352e+10 1.45997e-05
1.50419e-05 2.50264e+10 1.49703e-05
1.53428e-05 2.55275e+10 1.53501e-05
1.56496e-05 2.60386e+10 1.57394e-05
1.59626e-05 2.65599e+10 1.61385e-05
1.62819e-05 2.70917e+10 1.65475e-05
1.66075e-05 2.76342e+10 1.69667e-05
1.69396e-05 2.81875e+10 1.73964e-05
1.72784e-05 2.87518e+10 1.78369e-05
1.7624e-05 2.93275e+10 1.82883e-05
1.79765e-05 2.99147e+10 1.87509e-05
1.8336e-05 3.05137e+10 1.92251e-05
1.87027e-05 3.11247e+10 1.97111e-05
1.90768e-05 3.17479e+10 2.02092e-05
1.94583e-05 3.23836e+10 2.07196e-05
1.98475e-05 3.3032e+10 2.12428e-05
2.02444e-05 3.36934e+10 2.1779e-05
2.06493e-05 3.43681e+10 2.23285e-05
2.10623e-05 3.50563e+10 2.28916e-05
2.14836e-05 3.57582e+10 2.34687e-05
2.19132e-05 3.64742e+10 2.40601e-05
2.23515e-05 3.72046e+10 2.46662e-05
2.27985e-05 3.79496e+10 2.52873e-05
2.32545e-05 3.87095e+10 2.59238e-05
2.37196e-05 3.94846e+10 2.6576e-05
2.4194e-05 4.02753e+10 2.72444e-05
2.46779e-05 4.10818e+10 2.79293e-05
2.51714e-05 4.19044e+10 2.86311e-05
2.56749e-05 4.27435e+10 2.93503e-05
2.61884e-05 4.35995e+10 3.00872e-05
2.67121e-05 4.44725e+10 3.08424e-05
2.72464e-05 4.53631e+10 3.16161e-05
2.77913e-05 4.62715e+10 3.24089e-05
2.83471e-05 4.71981e+10 3.32213e-05
2.89141e-05 4.81433e+10 3.40536e-05
2.94923e-05 4.91074e+10 3.49065e-05
3.00822e-05 5.00908e+10 3.57803e-05
3.06838e-05 5.10939e+10 3.66756e-05
3.12975e-05 5.21171e+10 3.75929e-05
3.19235e-05 5.31609e+10 3.85328e-05
3.25619e-05 5.42255e+10 3.94957e-05
3.32132e-05 5.53114e+10 4.04822e-05
3.38774e-05 5.64191e+10 4.1493e-05
3.4555e-05 5.7549e+10 4.25285e-05
3.52461e-05 5.87015e+10 4.35893e-05
3.5951e-05 5.98771e+10 4.46761e-05
3.667e-05 6.10763e+10 4.57895e-05
3.74034e-05 6.22995e+10 4.69302e-05
3.81515e-05 6.35472e+10 4.80987e-05
3.89145e-05 6.48199e+10 4.92957e-05
3.96928e-05 6.61181e+10 5.0522e-05
4.04867e-05 6.74422e+10 5.17782e-05
4.12964e-05 6.8793e+10 5.30649e-05
4.21223e-05 7.01708e+10 5.43831e-05
4.29648e-05 7.15762e+10 5.57333e-05
4.38241e-05 7.30097e+10 5.71164e-05
4.47005e-05 7.4472e+10 5.85331e-05
4.55946e-05 7.59635e+10 5.99843e-05
4.65065e-05 7.7485e+10 6.14707e-05
4.74366e-05 7.90369e+10 6.29932e-05
4.83853e-05 8.06199e+10 6.45526e-05
4.9353e-05 8.22347e+10 6.61498e-05
5.03401e-05 8.38818e+10 6.77858e-05
5.13469e-05 8.55619e+10 6.94613e-05
5.23738e-05 8.72756e+10 7.11774e-05
5.34213e-05 8.90237e+10 7.2935e-05
5.44897e-05 9.08069e+10 7.4735e-05
5.55795e-05 9.26257e+10 7.65785e-05
5.66911e-05 9.4481e+10 7.84666e-05
5.78249e-05 9.63735e+10 8.04001e-05
5.89814e-05 9.83039e+10 8.23803e-05
6.01611e-05 1.00273e+11 8.44081e-05
6.13643e-05 1.02281e+11 8.64848e-05
6.25916e-05 1.0433e+11 8.86114e-05
6.38434e-05 1.0642e+11 9.07891e-05
6.51203e-05 1.08552e+11 9.30192e-05
6.64227e-05 1.10726e+11 9.53028e-05
6.77511e-05 1.12944e+11 9.76411e-05
6.91061e-05 1.15207e+11 0.000100036
7.04883e-05 1.17514e+11 0.000102487
7.1898e-05 1.19868e+11 0.000104998
7.3336e-05 1.2227e+11 0.000107568
7.48027e-05 1.24719e+11 0.0001102
7.62988e-05 1.27217e+11 0.000112895
7.78247e-05 1.29766e+11 0.000115654
7.93812e-05 1.32365e+11 0.000118479
8.09689e-05 1.35017e+11 0.000121372
8.25882e-05 1.37722e+11 0.000124333
8.424e-05 1.40481e+11 0.000127364
8.59248e-05 1.43295e+11 0.000130468
8.76433e-05 1.46165e+11 0.000133646
8.93962e-05 1.49094e+11 0.000136899
9.11841e-05 1.5208e+11 0.000140229
9.30078e-05 1.55127e+11 0.000143638
9.48679e-05 1.58235e+11 0.000147128
9.67653e-05 1.61405e+11 0.0001507
9.87006e-05 1.64639e+11 0.000154357
0.000100675 1.67937e+11 0.0001581
0.000102688 1.71301e+11 0.000161932
0.000104742 1.74733e+11 0.000165855
0.000106837 1.78234e+11 0.000169869
0.000108973 1.81805e+11 0.000173979
0.000111153 1.85447e+11 0.000178185
0.000113376 1.89163e+11 0.000182489
0.000115643 1.92953e+11 0.000186896
0.000117956 1.96818e+11 0.000191405
0.000120315 2.00762e+11 0.000196021
0.000122722 2.04784e+11 0.000200744
0.000125176 2.08887e+11 0.000205578
0.00012768 2.13072e+11 0.000210526
0.000130233 2.17341e+11 0.000215589
0.000132838 2.21696e+11 0.00022077
0.000135495 2.26138e+11 0.000226072
0.000138205 2.30669e+11 0.000231498
0.000140969 2.35291e+11 0.00023705
0.000143788 2.40005e+11 0.000242732
0.000146664 2.44814e+11 0.000248546
0.000149597 2.4972e+11 0.000254495
0.000152589 2.54723e+11 0.000260581
0.000155641 2.59827e+11 0.00026681
0.000158754 2.65033e+11 0.000273182
0.000161929 2.70344e+11 0.000279702
0.000165167 2.75761e+11 0.000286373
0.000168471 2.81287e+11 0.000293197
0.00017184 2.86923e+11 0.00030018
0.000175277 2.92673e+11 0.000307323
0.000178782 2.98537e+11 0.000314631
0.000182358 3.04519e+11 0.000322108
0.000186005 3.10622e+11 0.000329756
0.000189725 3.16846e+11 0.000337579
0.00019352 3.23195e+11 0.000345583
0.00019739 3.29672e+11 0.00035377
0.000201338 3.36278e+11 0.000362144
0.000205365 3.43017e+11 0.00037071
0.000209472 3.49891e+11 0.000379472
0.000213662 3.56902e+11 0.000388433
0.000217935 3.64055e+11 0.0003976
0.000222293 3.7135e+11 0.000406974
0.000226739 3.78792e+11 0.000416563
0.000231274 3.86383e+11 0.000426369
0.0002359 3.94126e+11 0.000436398
0.000240618 4.02025e+11 0.000446654
0.00024543 4.10081e+11 0.000457143
0.000250339 4.183e+11 0.000467869
0.000255345 4.26683e+11 0.000478838
0.000260452 4.35234e+11 0.000490054
0.000265661 4.43956e+11 0.000501523
0.000270975 4.52854e+11 0.000513251
0.000276394 4.6193e+11 0.000524196
0.000376394 6.29443e+11 0.000609678
0.000476394 7.96996e+11 0.000681798
0.000576394 9.64578e+11 0.000754689
0.000676394 1.13218e+12 0.000830108
0.000776394 1.29981e+12 0.000908501
0.000876394 1.46745e+12 0.000989946
0.000976394 1.63512e+12 0.00107439
0.00107639 1.8028e+12 0.00116174
0.00117639 1.97049e+12 0.00125187
0.00127639 2.1382e+12 0.00134467
0.00137639 2.30592e+12 0.00144002
0.00147639 2.47365e+12 0.00153781
0.00157639 2.6414e+12 0.00163793
0.00167639 2.80915e+12 0.00174029
0.00177639 2.97692e+12 0.0018448
0.00187639 3.1447e+12 0.00195136
0.00197639 3.31249e+12 0.00205991
0.00207639 3.48029e+12 0.00217037
0.00217639 3.6481e+12 0.00228267
0.00227639 3.81592e+12 0.00239675
0.00237639 3.98374e+12 0.00251254
0.00247639 4.15158e+12 0.00263001
0.00257639 4.31943e+12 0.00274908
0.00267639 4.48728e+12 0.00286973
0.00277639 4.65514e+12 0.00299189
0.00287639 4.82301e+12 0.00311553
0.00297639 4.99089e+12 0.00324061
0.00307639 5.15877e+12 0.0033671
0.00317639 5.32666e+12 0.00349495
0.00327639 5.49456e+12 0.00362414
0.00337639 5.66247e+12 0.00375464
0.00347639 5.83038e+12 0.00388641
0.00357639 5.9983e+12 0.00401943
0.00367639 6.16623e+12 0.00415367
0.00377639 6.33416e+12 0.00428912
0.00387639 6.5021e+12 0.00442574
0.00397639 6.67005e+12 0.00456352
0.00407639 6.838e+12 0.00470243
0.00417639 7.00596e+12 0.00484246
0.00427639 7.17393e+12 0.00498359
0.00437639 7.3419e+12 0.0051258
0.00447639 7.50987e+12 0.00526907
0.00457639 7.67785e+12 0.0054134
0.00467639 7.84584e+12 0.00555876
0.00477639 8.01384e+12 0.00570515
0.00487639 8.18184e+12 0.00585254
0.00497639 8.34984e+12 0.00600093
0.00507639 8.51785e+12 0.00615031
0.00517639 8.68587e+12 0.00630067
0.00527639 8.85389e+12 0.00645199
0.00537639 9.02191e+12 0.00660426
0.00547639 9.18994e+12 0.00675748
0.00557639 9.35798e+12 0.00691164
0.00567639 9.52602e+12 0.00706672
0.00577639 9.69406e+12 0.00722273
0.00587639 9.86211e+12 0.00737965
0.00597639 1.00302e+13 0.00753748
0.00607639 1.01982e+13 0.00769621
0.00617639 1.03663e+13 0.00785584
0.00627639 1.05344e+13 0.00801635
0.00637639 1.07024e+13 0.00817774
0.00647639 1.08705e+13 0.00834002
0.00657639 1.10386e+13 0.00850316
0.00667639 1.12067e+13 0.00866717
0.00677639 1.13748e+13 0.00883205
0.00687639 1.15429e+13 0.00899779
0.00697639 1.1711e+13 0.00916438
0.00707639 1.18791e+13 0.00933182
0.00717639 1.20472e+13 0.00950011
0.00727639 1.22153e+13 0.00966925
0.00737639 1.23834e+13 0.00983922
0.00747639 1.25515e+13 0.01001
0.00757639 1.27197e+13 0.0101817
0.00767639 1.28878e+13 0.0103542
0.00777639 1.30559e+13 0.0105275
0.00787639 1.32241e+13 0.0107016
0.00797639 1.33922e+13 0.0108766
0.00807639 1.35604e+13 0.0110524
0.00817639 1.37285e+13 0.011229
0.00827639 1.38967e+13 0.0114065
0.00837639 1.40648e+13 0.0115847
0.00847639 1.4233e+13 0.0117638
0.00857639 1.44011e+13 0.0119437
0.00867639 1.45693e+13 0.0121244
0.00877639 1.47375e+13 0.012306
0.00887639 1.49057e+13 0.0124883
0.00897639 1.50738e+13 0.0126715
0.00907639 1.5242e+13 0.0128554
0.00917639 1.54102e+13 0.0130402
0.00927639 1.55784e+13 0.0132258
0.00937639 1.57466e+13 0.0134122
0.00947639 1.59148e+13 0.0135994
0.00957639 1.6083e+13 0.0137874
0.00967639 1.62512e+13 0.0139762
0.00977639 1.64194e+13 0.0141659
0.00987639 1.65876e+13 0.0143563
0.00997639 1.67558e+13 0.0145476
0.0100764 1.6924e+13 0.0147396
0.0101764 1.70923e+13 0.0149325
0.0102764 1.72605e+13 0.0151261
0.0103764 1.74287e+13 0.0153206
0.0104764 1.7597e+13 0.0155159
0.0105764 1.77652e+13 0.0157119
0.0106764 1.79334e+13 0.0159088
0.0107764 1.81017e+13 0.0161065
0.0108764 1.82699e+13 0.016305
0.0109764 1.84382e+13 0.0165043
0.0110764 1.86064e+13 0.0167044
0.0111764 1.87747e+13 0.0169053
0.0112764 1.89429e+13 0.0171071
0.0113764 1.91112e+13 0.0173096
0.0114764 1.92795e+13 0.0175129
0.0115764 1.94477e+13 0.0177171
0.0116764 1.9616e+13 0.017922
0.0117764 1.97843e+13 0.0181278
0.0118764 1.99525e+13 0.0183343
0.0119764 2.01208e+13 0.0185417
0.0120764 2.02891e+13 0.0187499
0.0121764 2.04574e+13 0.0189589
0.0122764 2.06257e+13 0.0191687
0.0123764 2.0794e+13 0.0193793
0.0124764 2.09623e+13 0.0195907
0.0125764 2.11306e+13 0.0198029
0.0126764 2.12989e+13 0.0200159
0.0127764 2.14672e+13 0.0202298
0.0128764 2.16355e+13 0.0204444
0.0129764 2.18038e+13 0.0206599
0.0130764 2.19721e+13 0.0208762
0.0131764 2.21404e+13 0.0210933
0.0132764 2.23087e+13 0.0213112
0.0133764 2.24771e+13 0.0215299
0.0134764 2.26454e+13 0.0217494
0.0135764 2.28137e+13 0.0219698
0.0136764 2.29821e+13 0.0221909
0.0137764 2.31504e+13 0.0224129
0.0138764 2.33187e+13 0.0226357
0.0139764 2.34871e+13 0.0228593
0.0140764 2.36554e+13 0.0230837
0.0141764 2.38238e+13 0.0233089
0.0142764 2.39921e+13 0.023535
0.0143764 2.41605e+13 0.0237618
0.0144764 2.43288e+13 0.0239895
0.0145764 2.44972e+13 0.024218
0.0146764 2.46655e+13 0.0244473
0.0147764 2.48339e+13 0.0246775
0.0148764 2.50023e+13 0.0249084
0.0149764 2.51706e+13 0.0251402
0.0150764 2.5339e+13 0.0253728
0.0151764 2.55074e+13 0.0256062
0.0152764 2.56757e+13 0.0258405
0.0153764 2.58441e+13 0.0260755
0.0154764 2.60125e+13 0.0263114
0.0155764 2.61809e+13 0.0265481
0.0156764 2.63493e+13 0.0267856
0.0157764 2.65177e+13 0.027024
0.0158764 2.66861e+13 0.0272632
0.0159764 2.68545e+13 0.0275032
0.0160764 2.70229e+13 0.027744
0.0161764 2.71913e+13 0.0279856
0.0162764 2.73597e+13 0.0282281
0.0163764 2.75281e+13 0.0284714
0.0164764 2.76965e+13 0.0287155
0.0165764 2.78649e+13 0.0289605
0.0166764 2.80333e+13 0.0292062
0.0167764 2.82017e+13 0.0294528
0.0168764 2.83701e+13 0.0297003
0.0169764 2.85386e+13 0.0299485
0.0170764 2.8707e+13 0.0301976
0.0171764 2.88754e+13 0.0304475
0.0172764 2.90438e+13 0.0306982
0.0173764 2.92123e+13 0.0309498
0.0174764 2.93807e+13 0.0312022
0.0175764 2.95491e+13 0.0314554
0.0176764 2.97176e+13 0.0317095
0.0177764 2.9886e+13 0.0319644
0.0178764 3.00545e+13 0.0322201
0.0179764 3.02229e+13 0.0324766
0.0180764 3.03914e+13 0.032734
0.0181764 3.05598e+13 0.0329922
0.0182764 3.07283e+13 0.0332513
0.0183764 3.08967e+13 0.0335111
0.0184764 3.10652e+13 0.0337719
0.0185764 3.12337e+13 0.0340334
0.0186764 3.14021e+13 0.0342958
0.0187764 3.15706e+13 0.034559
0.0188764 3.17391e+13 0.034823
0.0189764 3.19075e+13 0.0350879
0.0190764 3.2076e+13 0.0353536
0.0191764 3.22445e+13 0.0356202
0.0192764 3.2413e+13 0.0358875
0.0193764 3.25814e+13 0.0361557
0.0194764 3.27499e+13 0.0364248
0.0195764 3.29184e+13 0.0366947
0.0196764 3.30869e+13 0.0369654
0.0197764 3.32554e+13 0.037237
0.0198764 3.34239e+13 0.0375094
0.0199764 3.35924e+13 0.0377826
0.0200764 3.37609e+13 0.0380567
0.0201764 3.39294e+13 0.0383316
0.0202764 3.40979e+13 0.0386073
0.0203764 3.42664e+13 0.0388839
0.0204764 3.44349e+13 0.0391614
0.0205764 3.46034e+13 0.0394396
0.0206764 3.47719e+13 0.0397187
0.0207764 3.49405e+13 0.0399987
0.0208764 3.5109e+13 0.0402795
0.0209764 3.52775e+13 0.0405611
0.0210764 3.5446e+13 0.0408436
0.0211764 3.56146e+13 0.0411269
0.0212764 3.57831e+13 0.041411
0.0213764 3.59516e+13 0.041696
0.0214764 3.61201e+13 0.0419818
0.0215764 3.62887e+13 0.0422685
0.0216764 3.64572e+13 0.042556
0.0217764 3.66258e+13 0.0428444
0.0218764 3.67943e+13 0.0431336
0.0219764 3.69629e+13 0.0434236
0.0220764 3.71314e+13 0.0437145
0.0221764 3.72999e+13 0.0440062
0.0222764 3.74685e+13 0.0442988
0.0223764 3.76371e+13 0.0445922
0.0224764 3.78056e+13 0.0448865
0.0225764 3.79742e+13 0.0451816
0.0226764 3.81427e+13 0.0454776
0.0227764 3.83113e+13 0.0457744
0.0228764 3.84799e+13 0.046072
0.0229764 3.86484e+13 0.0463705
0.0230764 3.8817e+13 0.0466699
0.0231764 3.89856e+13 0.04697
0.0232764 3.91542e+13 0.0472711
0.0233764 3.93227e+13 0.047573
0.0234764 3.94913e+13 0.0478757
0.0235764 3.96599e+13 0.0481793
0.0236764 3.98285e+13 0.0484837
0.0237764 3.99971e+13 0.048789
0.0238764 4.01657e+13 0.0490951
0.0239764 4.03343e+13 0.0494021
0.0240764 4.05028e+13 0.0497099
0.0241764 4.06714e+13 0.0500186
0.0242764 4.084e+13 0.0503281
0.0243764 4.10086e+13 0.0506385
0.0244764 4.11772e+13 0.0509497
0.0245764 4.13458e+13 0.0512618
0.0246764 4.15145e+13 0.0515747
0.0247764 4.16831e+13 0.0518885
0.0248764 4.18517e+13 0.0522031
0.0249764 4.20203e+13 0.0525186
0.0250764 4.21889e+13 0.0528349
0.0251764 4.23575e+13 0.0531521
0.0252764 4.25262e+13 0.0534702
0.0253764 4.26948e+13 0.0537891
0.0254764 4.28634e+13 0.0541089
0.0255764 4.3032e+13 0.0544295
0.0256764 4.32007e+13 0.0547509
0.0257764 4.33693e+13 0.0550733
0.0258764 4.35379e+13 0.0553964
0.0259764 4.37066e+13 0.0557205
0.0260764 4.38752e+13 0.0560454
0.0261764 4.40438e+13 0.0563711
0.0262764 4.42125e+13 0.0566977
0.0263764 4.43811e+13 0.0570252
0.0264764 4.45498e+13 0.0573535
0.0265764 4.47184e+13 0.0576827
0.0266764 4.48871e+13 0.0580128
0.0267764 4.50557e+13 0.0583437
0.0268764 4.52244e+13 0.0586754
0.0269764 4.53931e+13 0.0590081
0.0270764 4.55617e+13 0.0593415
0.0271764 4.57304e+13 0.0596759
0.0272764 4.5899e+13 0.0600111
0.0273764 4.60677e+13 0.0603472
0.0274764 4.62364e+13 0.0606841
0.0275764 4.64051e+13 0.0610219
0.0276764 4.65737e+13 0.0613606
0.0277764 4.67424e+13 0.0617001
0.0278764 4.69111e+13 0.0620405
0.0279764 4.70798e+13 0.0623818
0.0280764 4.72484e+13 0.0627239
0.0281764 4.74171e+13 0.0630669
0.0282764 4.75858e+13 0.0634108
0.0283764 4.77545e+13 0.0637555
0.0284764 4.79232e+13 0.0641011
0.0285764 4.80919e+13 0.0644475
0.0286764 4.82606e+13 0.0647949
0.0287764 4.84293e+13 0.0651431
0.0288764 4.8598e+13 0.0654922
0.0289764 4.87667e+13 0.0658421
0.0290764 4.89354e+13 0.0661929
0.0291764 4.91041e+13 0.0665446
0.0292764 4.92728e+13 0.0668972
0.0293764 4.94415e+13 0.0672506
0.0294764 4.96102e+13 0.0676049
0.0295764 4.9779e+13 0.0679601
0.0296764 4.99477e+13 0.0683161
0.0297764 5.01164e+13 0.0686731
0.0298764 5.02851e+13 0.0690309
0.0299764 5.04538e+13 0.0693895
0.0300764 5.06226e+13 0.0697491
0.0301764 5.07913e+13 0.0701095
0.0302764 5.096e+13 0.0704708
0.0303764 5.11288e+13 0.070833
0.0304764 5.12975e+13 0.0711961
0.0305764 5.14662e+13 0.0715601
0.0306764 5.1635e+13 0.0719249
0.0307764 5.18037e+13 0.0722906
0.0308764 5.19724e+13 0.0726572
0.0309764 5.21412e+13 0.0730247
0.0310764 5.23099e+13 0.073393
0.0311764 5.24787e+13 0.0737623
0.0312764 5.26474e+13 0.0741324
0.0313764 5.28162e+13 0.0745034
0.0314764 5.29849e+13 0.0748753
0.0315764 5.31537e+13 0.0752481
0.0316764 5.33225e+13 0.0756218
0.0317764 5.34912e+13 0.0759963
0.0318764 5.366e+13 0.0763718
0.0319764 5.38288e+13 0.0767481
0.0320764 5.39975e+13 0.0771253
0.0321764 5.41663e+13 0.0775035
0.0322764 5.43351e+13 0.0778825
0.0323764 5.45038e+13 0.0782624
0.0324764 5.46726e+13 0.0786432
0.0325764 5.48414e+13 0.0790249
0.0326764 5.50102e+13 0.0794074
0.0327764 5.5179e+13 0.0797909
0.0328764 5.53477e+13 0.0801753
0.0329764 5.55165e+13 0.0805606
0.0330764 5.56853e+13 0.0809467
0.0331764 5.58541e+13 0.0813338
0.0332764 5.60229e+13 0.0817218
0.0333764 5.61917e+13 0.0821106
0.0334764 5.63605e+13 0.0825004
0.0335764 5.65293e+13 0.0828911
0.0336764 5.66981e+13 0.0832826
0.0337764 5.68669e+13 0.0836751
0.0338764 5.70357e+13 0.0840685
0.0339764 5.72045e+13 0.0844628
0.0340764 5.73733e+13 0.0848579
0.0341764 5.75421e+13 0.085254
0.0342764 5.7711e+13 0.085651
0.0343764 5.78798e+13 0.0860489
0.0344764 5.80486e+13 0.0864477
0.0345764 5.82174e+13 0.0868475
0.0346764 5.83862e+13 0.0872481
0.0347764 5.85551e+13 0.0876497
0.0348764 5.87239e+13 0.0880521
0.0349764 5.88927e+13 0.0884555
0.0350764 5.90615e+13 0.0888598
0.0351764 5.92304e+13 0.089265
0.0352764 5.93992e+13 0.0896711
0.0353764 5.9568e+13 0.0900781
0.0354764 5.97369e+13 0.0904861
0.0355764 5.99057e+13 0.0908949
0.0356764 6.00746e+13 0.0913047
0.0357764 6.02434e+13 0.0917154
0.0358764 6.04123e+13 0.0921271
0.0359764 6.05811e+13 0.0925396
0.0360764 6.075e+13 0.0929531
0.0361764 6.09188e+13 0.0933675
0.0362764 6.10877e+13 0.0937828
0.0363764 6.12565e+13 0.094199
0.0364764 6.14254e+13 0.0946162
0.0365764 6.15942e+13 0.0950343
0.0366764 6.17631e+13 0.0954534
0.0367764 6.1932e+13 0.0958733
0.0368764 6.21008e+13 0.0962942
0.0369764 6.22697e+13 0.096716
0.0370764 6.24386e+13 0.0971388
0.0371764 6.26074e+13 0.0975625
0.0372764 6.27763e+13 0.0979871
0.0373764 6.29452e+13 0.0984127
0.0374764 6.31141e+13 0.0988392
0.0375764 6.3283e+13 0.0992666
0.0376764 6.34518e+13 0.099695
0.0377764 6.36207e+13 0.100124
0.0378764 6.37896e+13 0.100555
0.0379764 6.39585e+13 0.100986
0.0380764 6.41274e+13 0.101418
0.0381764 6.42963e+13 0.101851
0.0382764 6.44652e+13 0.102285
0.0383764 6.46341e+13 0.10272
0.0384764 6.4803e+13 0.103156
0.0385764 6.49719e+13 0.103593
0.0386764 6.51408e+13 0.104031
0.0387764 6.53097e+13 0.104469
0.0388764 6.54786e+13 0.104909
0.0389764 6.56475e+13 0.10535
0.0390764 6.58164e+13 0.105791
0.0391764 6.59853e+13 0.106234
0.0392764 6.61543e+13 0.106678
0.0393764 6.63232e+13 0.107122
0.0394764 6.64921e+13 0.107568
0.0395764 6.6661e+13 0.108014
0.0396764 6.68299e+13 0.108461
0.0397764 6.69989e+13 0.10891
0.0398764 6.71678e+13 0.109359
0.0399764 6.73367e+13 0.109809
0.0400764 6.75057e+13 0.11026
0.0401764 6.76746e+13 0.110713
0.0402764 6.78435e+13 0.111166
0.0403764 6.80125e+13 0.11162
0.0404764 6.81814e+13 0.112075
0.0405764 6.83503e+13 0.112531
0.0406764 6.85193e+13 0.112988
0.0407764 6.86882e+13 0.113446
0.0408764 6.88572e+13 0.113905
0.0409764 6.90261e+13 0.114365
0.0410764 6.91951e+13 0.114826
0.0411764 6.9364e+13 0.115288
0.0412764 6.9533e+13 0.115751
0.0413764 6.97019e+13 0.116215
0.0414764 6.98709e+13 0.11668
0.0415764 7.00399e+13 0.117146
0.0416764 7.02088e+13 0.117612
0.0417764 7.03778e+13 0.11808
0.0418764 7.05468e+13 0.118549
0.0419764 7.07157e+13 0.119019
0.0420764 7.08847e+13 0.11949
0.0421764 7.10537e+13 0.119961
0.0422764 7.12227e+13 0.120434
0.0423764 7.13916e+13 0.120908
0.0424764 7.15606e+13 0.121383
0.0425764 7.17296e+13 0.121858
0.0426764 7.18986e+13 0.122335
0.0427764 7.20676e+13 0.122813
0.0428764 7.22365e+13 0.123292
0.0429764 7.24055e+13 0.123771
0.0430764 7.25745e+13 0.124252
0.0431764 7.27435e+13 0.124734
0.0432764 7.29125e+13 0.125217
0.0433764 7.30815e+13 0.1257
0.0434764 7.32505e+13 0.126185
0.0435764 7.34195e+13 0.126671
0.0436764 7.35885e+13 0.127158
0.0437764 7.37575e+13 0.127646
0.0438764 7.39265e+13 0.128134
0.0439764 7.40955e+13 0.128624
0.0440764 7.42646e+13 0.129115
0.0441764 7.44336e+13 0.129607
0.0442764 7.46026e+13 0.1301
0.0443764 7.47716e+13 0.130594
0.0444764 7.49406e+13 0.131089
0.0445764 7.51096e+13 0.131585
0.0446764 7.52787e+13 0.132082
0.0447764 7.54477e+13 0.13258
0.0448764 7.56167e+13 0.133079
0.0449764 7.57857e+13 0.133579
0.0450764 7.59548e+13 0.13408
0.0451764 7.61238e+13 0.134582
0.0452764 7.62928e+13 0.135085
0.0453764 7.64619e+13 0.135589
0.0454764 7.66309e+13 0.136094
0.0455764 7.68e+13 0.136601
0.0456764 7.6969e+13 0.137108
0.0457764 7.7138e+13 0.137616
0.0458764 7.73071e+13 0.138126
0.0459764 7.74761e+13 0.138636
0.0460764 7.76452e+13 0.139147
0.0461764 7.78142e+13 0.13966
0.0462764 7.79833e+13 0.140173
0.0463764 7.81524e+13 0.140688
0.0464764 7.83214e+13 0.141204
0.0465764 7.84905e+13 0.14172
0.0466764 7.86595e+13 0.142238
0.0467764 7.88286e+13 0.142757
0.0468764 7.89977e+13 0.143277
0.0469764 7.91667e+13 0.143797
0.0470764 7.93358e+13 0.144319
0.0471764 7.95049e+13 0.144842
0.0472764 7.9674e+13 0.145367
0.0473764 7.9843e+13 0.145892
0.0474764 8.00121e+13 0.146418
0.0475764 8.01812e+13 0.146945
0.0476764 8.03503e+13 0.147473
0.0477764 8.05194e+13 0.148003
0.0478764 8.06884e+13 0.148533
0.0479764 8.08575e+13 0.149065
0.0480764 8.10266e+13 0.149597
0.0481764 8.11957e+13 0.150131
0.0482764 8.13648e+13 0.150666
0.0483764 8.15339e+13 0.151202
0.0484764 8.1703e+13 0.151739
0.0485764 8.18721e+13 0.152277
0.0486764 8.20412e+13 0.152816
0.0487764 8.22103e+13 0.153356
0.0488764 8.23794e+13 0.153897
0.0489764 8.25485e+13 0.154439
0.0490764 8.27176e+13 0.154983
0.0491764 8.28867e+13 0.155527
0.0492764 8.30559e+13 0.156073
0.0493764 8.3225e+13 0.15662
0.0494764 8.33941e+13 0.157167
0.0495764 8.35632e+13 0.157716
0.0496764 8.37323e+13 0.158266
0.0497764 8.39015e+13 0.158817
0.0498764 8.40706e+13 0.159369
0.0499764 8.42397e+13 0.159923
0.0500764 8.44088e+13 0.160477
0.0501764 8.4578e+13 0.161032
0.0502764 8.47471e+13 0.161589
0.0503764 8.49162e+13 0.162147
0.0504764 8.50854e+13 0.162705
0.0505764 8.52545e+13 0.163265
0.0506764 8.54237e+13 0.163826
0.0507764 8.55928e+13 0.164389
0.0508764 8.57619e+13 0.164952
0.0509764 8.59311e+13 0.165516
0.0510764 8.61002e+13 0.166082
0.0511764 8.62694e+13 0.166648
0.0512764 8.64385e+13 0.167216
0.0513764 8.66077e+13 0.167785
0.0514764 8.67769e+13 0.168355
0.0515764 8.6946e+13 0.168926
0.0516764 8.71152e+13 0.169498
0.0517764 8.72843e+13 0.170071
0.0518764 8.74535e+13 0.170646
0.0519764 8.76227e+13 0.171221
0.0520764 8.77918e+13 0.171798
0.0521764 8.7961e+13 0.172376
0.0522764 8.81302e+13 0.172955
0.0523764 8.82994e+13 0.173535
0.0524764 8.84685e+13 0.174117
0.0525764 8.86377e+13 0.174699
0.0526764 8.88069e+13 0.175283
0.0527764 8.89761e+13 0.175867
0.0528764 8.91453e+13 0.176453
0.0529764 8.93144e+13 0.17704
0.0530764 8.94836e+13 0.177628
0.0531764 8.96528e+13 0.178218
0.0532764 8.9822e+13 0.178808
0.0533764 8.99912e+13 0.1794
0.0534764 9.01604e+13 0.179993
0.0535764 9.03296e+13 0.180587
0.0536764 9.04988e+13 0.181182
0.0537764 9.0668e+13 0.181778
0.0538764 9.08372e+13 0.182375
0.0539764 9.10064e+13 0.182974
0.0540764 9.11756e+13 0.183574
0.0541764 9.13448e+13 0.184175
0.0542764 9.15141e+13 0.184777
0.0543764 9.16833e+13 0.18538
0.0544764 9.18525e+13 0.185985
0.0545764 9.20217e+13 0.18659
0.0546764 9.21909e+13 0.187197
0.0547764 9.23601e+13 0.187805
0.0548764 9.25294e+13 0.188414
0.0549764 9.26986e+13 0.189025
0.0550764 9.28678e+13 0.189636
0.0551764 9.30371e+13 0.190249
0.0552764 9.32063e+13 0.190863
0.0553764 9.33755e+13 0.191478
0.0554764 9.35448e+13 0.192094
0.0555764 9.3714e+13 0.192712
0.0556764 9.38832e+13 0.19333
0.0557764 9.40525e+13 0.19395
0.0558764 9.42217e+13 0.194571
0.0559764 9.4391e+13 0.195193
0.0560764 9.45602e+13 0.195817
0.0561764 9.47295e+13 0.196442
0.0562764 9.48987e+13 0.197067
0.0563764 9.5068e+13 0.197695
0.0564764 9.52372e+13 0.198323
0.0565764 9.54065e+13 0.198952
0.0566764 9.55757e+13 0.199583
0.0567764 9.5745e+13 0.200215
0.0568764 9.59143e+13 0.200848
0.0569764 9.60835e+13 0.201482
0.0570764 9.62528e+13 0.202118
0.0571764 9.64221e+13 0.202755
0.0572764 9.65913e+13 0.203393
0.0573764 9.67606e+13 0.204032
0.0574764 9.69299e+13 0.204672
0.0575764 9.70992e+13 0.205314
0.0576764 9.72684e+13 0.205957
0.0577764 9.74377e+13 0.206601
0.0578764 9.7607e+13 0.207246
0.0579764 9.77763e+13 0.207893
0.0580764 9.79456e+13 0.208541
0.0581764 9.81149e+13 0.20919
0.0582764 9.82842e+13 0.20984
0.0583764 9.84535e+13 0.210492
0.0584764 9.86227e+13 0.211145
0.0585764 9.8792e+13 0.211799
0.0586764 9.89613e+13 0.212454
0.0587764 9.91306e+13 0.21311
0.0588764 9.92999e+13 0.213768
0.0589764 9.94693e+13 0.214427
0.0590764 9.96386e+13 0.215087
0.0591764 9.98079e+13 0.215749
0.0592764 9.99772e+13 0.216412
0.0593764 1.00146e+14 0.217076
0.0594764 1.00316e+14 0.217741
0.0595764 1.00485e+14 0.218407
0.0596764 1.00654e+14 0.219075
0.0597764 1.00824e+14 0.219744
0.0598764 1.00993e+14 0.220415
0.0599764 1.01162e+14 0.221086
0.0600764 1.01332e+14 0.221759
0.0601764 1.01501e+14 0.222433
0.0602764 1.0167e+14 0.223109
0.0603764 1.0184e+14 0.223785
0.0604764 1.02009e+14 0.224463
0.0605764 1.02178e+14 0.225142
0.0606764 1.02348e+14 0.225823
0.0607764 1.02517e+14 0.226505
0.0608764 1.02686e+14 0.227188
0.0609764 1.02856e+14 0.227872
0.0610764 1.03025e+14 0.228558
0.0611764 1.03194e+14 0.229245
0.0612764 1.03364e+14 0.229933
0.0613764 1.03533e+14 0.230622
0.0614764 1.03703e+14 0.231313
0.0615764 1.03872e+14 0.232005
0.0616764 1.04041e+14 0.232699
0.0617764 1.04211e+14 0.233393
0.0618764 1.0438e+14 0.234089
0.0619764 1.04549e+14 0.234787
0.0620764 1.04719e+14 0.235485
0.0621764 1.04888e+14 0.236185
0.0622764 1.05057e+14 0.236886
0.0623764 1.05227e+14 0.237589
0.0624764 1.05396e+14 0.238293
0.0625764 1.05566e+14 0.238998
0.0626764 1.05735e+14 0.239704
0.0627764 1.05904e+14 0.240412
0.0628764 1.06074e+14 0.241121
0.0629764 1.06243e+14 0.241831
0.0630764 1.06412e+14 0.242543
0.0631764 1.06582e+14 0.243256
0.0632764 1.06751e+14 0.24397
0.0633764 1.06921e+14 0.244686
0.0634764 1.0709e+14 0.245403
0.0635764 1.07259e+14 0.246121
0.0636764 1.07429e+14 0.246841
0.0637764 1.07598e+14 0.247562
0.0638764 1.07768e+14 0.248284
0.0639764 1.07937e+14 0.249008
0.0640764 1.08106e+14 0.249733
0.0641764 1.08276e+14 0.250459
0.0642764 1.08445e+14 0.251187
0.0643764 1.08615e+14 0.251916
0.0644764 1.08784e+14 0.252646
0.0645764 1.08954e+14 0.253378
0.0646764 1.09123e+14 0.254111
0.0647764 1.09292e+14 0.254845
0.0648764 1.09462e+14 0.255581
0.0649764 1.09631e+14 0.256318
0.0650764 1.09801e+14 0.257056
0.0651764 1.0997e+14 0.257796
0.0652764 1.10139e+14 0.258537
0.0653764 1.10309e+14 0.259279
0.0654764 1.10478e+14 0.260023
0.0655764 1.10648e+14 0.260768
0.0656764 1.10817e+14 0.261515
0.0657764 1.10987e+14 0.262263
0.0658764 1.11156e+14 0.263012
0.0659764 1.11326e+14 0.263763
0.0660764 1.11495e+14 0.264515
0.0661764 1.11664e+14 0.265268
0.0662764 1.11834e+14 0.266023
0.0663764 1.12003e+14 0.266779
0.0664764 1.12173e+14 0.267536
0.0665764 1.12342e+14 0.268295
0.0666764 1.12512e+14 0.269055
0.0667764 1.12681e+14 0.269817
0.0668764 1.12851e+14 0.27058
0.0669764 1.1302e+14 0.271344
0.0670764 1.1319e+14 0.27211
0.0671764 1.13359e+14 0.272877
0.0672764 1.13529e+14 0.273645
0.0673764 1.13698e+14 0.274415
0.0674764 1.13867e+14 0.275186
0.0675764 1.14037e+14 0.275959
0.0676764 1.14206e+14 0.276733
0.0677764 1.14376e+14 0.277508
0.0678764 1.14545e+14 0.278285
0.0679764 1.14715e+14 0.279063
0.0680764 1.14884e+14 0.279842
0.0681764 1.15054e+14 0.280623
0.0682764 1.15223e+14 0.281406
0.0683764 1.15393e+14 0.282189
0.0684764 1.15562e+14 0.282974
0.0685764 1.15732e+14 0.283761
0.0686764 1.15901e+14 0.284549
0.0687764 1.16071e+14 0.285338
0.0688764 1.1624e+14 0.286129
0.0689764 1.1641e+14 0.286921
0.0690764 1.16579e+14 0.287714
0.0691764 1.16749e+14 0.288509
0.0692764 1.16918e+14 0.289306
0.0693764 1.17088e+14 0.290103
0.0694764 1.17257e+14 0.290902
0.0695764 1.17427e+14 0.291703
0.0696764 1.17596e+14 0.292505
0.0697764 1.17766e+14 0.293308
0.0698764 1.17936e+14 0.294113
0.0699764 1.18105e+14 0.294919
0.0700764 1.18275e+14 0.295727
0.0701764 1.18444e+14 0.296536
0.0702764 1.18614e+14 0.297346
0.0703764 1.18783e+14 0.298158
0.0704764 1.18953e+14 0.298971
0.0705764 1.19122e+14 0.299786
0.0706764 1.19292e+14 0.300602
0.0707764 1.19461e+14 0.301419
0.0708764 1.19631e+14 0.302238
0.0709764 1.198e+14 0.303058
0.0710764 1.1997e+14 0.30388
0.0711764 1.2014e+14 0.304703
0.0712764 1.20309e+14 0.305527
0.0713764 1.20479e+14 0.306353
0.0714764 1.20648e+14 0.307181
0.0715764 1.20818e+14 0.308009
0.0716764 1.20987e+14 0.30884
0.0717764 1.21157e+14 0.309671
0.0718764 1.21326e+14 0.310504
0.0719764 1.21496e+14 0.311339
0.0720764 1.21666e+14 0.312175
0.0721764 1.21835e+14 0.313012
0.0722764 1.22005e+14 0.313851
0.0723764 1.22174e+14 0.314691
0.0724764 1.22344e+14 0.315532
0.0725764 1.22513e+14 0.316375
0.0726764 1.22683e+14 0.31722
0.0727764 1.22853e+14 0.318065
0.0728764 1.23022e+14 0.318913
0.0729764 1.23192e+14 0.319761
0.0730764 1.23361e+14 0.320611
0.0731764 1.23531e+14 0.321463
0.0732764 1.23701e+14 0.322316
0.0733764 1.2387e+14 0.32317
0.0734764 1.2404e+14 0.324026
0.0735764 1.24209e+14 0.324883
0.0736764 1.24379e+14 0.325741
0.0737764 1.24549e+14 0.326601
0.0738764 1.24718e+14 0.327463
0.0739764 1.24888e+14 0.328325
0.0740764 1.25057e+14 0.32919
0.0741764 1.25227e+14 0.330055
0.0742764 1.25397e+14 0.330922
0.0743764 1.25566e+14 0.331791
0.0744764 1.25736e+14 0.332661
0.0745764 1.25906e+14 0.333532
0.0746764 1.26075e+14 0.334404
0.0747764 1.26245e+14 0.335278
0.0748764 1.26414e+14 0.336154
0.0749764 1.26584e+14 0.337031
0.0750764 1.26754e+14 0.337909
0.0751764 1.26923e+14 0.338789
0.0752764 1.27093e+14 0.33967
0.0753764 1.27263e+14 0.340552
0.0754764 1.27432e+14 0.341436
0.0755764 1.27602e+14 0.342321
0.0756764 1.27771e+14 0.343208
0.0757764 1.27941e+14 0.344096
0.0758764 1.28111e+14 0.344985
0.0759764 1.2828e+14 0.345876
0.0760764 1.2845e+14 0.346768
0.0761764 1.2862e+14 0.347662
0.0762764 1.28789e+14 0.348557
0.0763764 1.28959e+14 0.349453
0.0764764 1.29129e+14 0.350351
0.0765764 1.29298e+14 0.35125
0.0766764 1.29468e+14 0.352151
0.0767764 1.29638e+14 0.353052
0.0768764 1.29807e+14 0.353956
0.0769764 1.29977e+14 0.35486
0.0770764 1.30147e+14 0.355766
0.0771764 1.30316e+14 0.356673
0.0772764 1.30486e+14 0.357582
0.0773764 1.30656e+14 0.358492
0.0774764 1.30825e+14 0.359403
0.0775764 1.30995e+14 0.360316
0.0776764 1.31165e+14 0.36123
0.0777764 1.31335e+14 0.362146
0.0778764 1.31504e+14 0.363062
0.0779764 1.31674e+14 0.363981
0.0780764 1.31844e+14 0.3649
0.0781764 1.32013e+14 0.365821
0.0782764 1.32183e+14 0.366743
0.0783764 1.32353e+14 0.367667
0.0784764 1.32522e+14 0.368592
0.0785764 1.32692e+14 0.369518
0.0786764 1.32862e+14 0.370445
0.0787764 1.33032e+14 0.371374
0.0788764 1.33201e+14 0.372305
0.0789764 1.33371e+14 0.373236
0.0790764 1.33541e+14 0.374169
0.0791764 1.3371e+14 0.375104
0.0792764 1.3388e+14 0.37604
0.0793764 1.3405e+14 0.376977
0.0794764 1.3422e+14 0.377916
0.0795764 1.34389e+14 0.378856
0.0796764 1.34559e+14 0.379797
0.0797764 1.34729e+14 0.38074
0.0798764 1.34898e+14 0.381685
0.0799764 1.35068e+14 0.382631
0.0800764 1.35238e+14 0.383578
0.0801764 1.35408e+14 0.384527
0.0802764 1.35577e+14 0.378447
0.0812764 1.37275e+14 0.389225
0.0822764 1.38972e+14 0.400245
0.0832764 1.4067e+14 0.41151
0.0842764 1.42368e+14 0.423025
0.0852764 1.44067e+14 0.434792
0.0862764 1.45765e+14 0.446817
0.0872764 1.47464e+14 0.459102
0.0882764 1.49163e+14 0.471651
0.0892764 1.50863e+14 0.484467
0.0902764 1.52562e+14 0.497555
0.0912764 1.54262e+14 0.510917
0.0922764 1.55963e+14 0.524558
0.0932764 1.57663e+14 0.538481
0.0942764 1.59364e+14 0.552689
0.0952764 1.61065e+14 0.567187
0.0962764 1.62766e+14 0.581976
0.0972764 1.64467e+14 0.597061
0.0982764 1.66169e+14 0.612446
0.0992764 1.67871e+14 0.628132
0.100276 1.69574e+14 0.644125
0.101276 1.71276e+14 0.660428
0.102276 1.72979e+14 0.677042
0.103276 1.74683e+14 0.693973
0.104276 1.76386e+14 0.711223
0.105276 1.7809e+14 0.728796
0.106276 1.79794e+14 0.746694
0.107276 1.81499e+14 0.764922
0.108276 1.83203e+14 0.783481
0.109276 1.84908e+14 0.802376
0.110276 1.86614e+14 0.821609
0.111276 1.88319e+14 0.841184
0.112276 1.90025e+14 0.861104
0.113276 1.91732e+14 0.881372
0.114276 1.93438e+14 0.901991
0.115276 1.95145e+14 0.922964
0.116276 1.96853e+14 0.944294
0.117276 1.9856e+14 0.965984
0.118276 2.00268e+14 0.988037
0.119276 2.01976e+14 1.01046
0.120276 2.03685e+14 1.03324
0.121276 2.05394e+14 1.05641
0.122276 2.07103e+14 1.07994
0.123276 2.08813e+14 1.10385
0.124276 2.10523e+14 1.12815
0.125276 2.12233e+14 1.15283
0.126276 2.13944e+14 1.17789
0.127276 2.15655e+14 1.20335
0.128276 2.17366e+14 1.22919
0.129276 2.19078e+14 1.2554
0.134276 2.27643e+14 1.39067
0.139276 2.36216e+14 1.53518
0.144276 2.44799e+14 1.68981
0.149276 2.53392e+14 1.85509
0.154276 2.61995e+14 2.03149
0.159276 2.70609e+14 2.21942
0.164276 2.79233e+14 2.41928
0.169276 2.87869e+14 2.63145
0.174276 2.96516e+14 2.85632
0.179276 3.05174e+14 3.09426
0.184276 3.13845e+14 3.34564
0.189276 3.22528e+14 3.61083
0.194276 3.31224e+14 3.89022
0.199276 3.39933e+14 4.18419
0.204276 3.48656e+14 4.49314
0.209276 3.57392e+14 4.81747
0.214276 3.66142e+14 5.1576
0.219276 3.74907e+14 5.51396
0.224276 3.83687e+14 5.88698
0.229276 3.92481e+14 6.27714
0.234276 4.01291e+14 6.68491
0.239276 4.10117e+14 7.11078
0.244276 4.18959e+14 7.55527
0.249276 4.27818e+14 8.01892
0.254276 4.36693e+14 8.50228
0.259276 4.45586e+14 9.00593
0.264276 4.54496e+14 9.53049
0.269276 4.63424e+14 10.0766
0.274276 4.72371e+14 10.6448
0.279276 4.81336e+14 11.236
0.284276 4.90321e+14 11.8507
0.289276 4.99325e+14 12.4897
0.294276 5.0835e+14 13.1538
0.299276 5.17394e+14 13.8438
0.304276 5.2646e+14 14.5604
0.309276 5.35547e+14 15.3046
0.314276 5.44656e+14 16.0771
0.319276 5.53787e+14 16.879
0.324276 5.62941e+14 17.711
0.329276 5.72119e+14 18.5742
0.334276 5.8132e+14 19.4696
0.339276 5.90545e+14 20.398
0.344276 5.99795e+14 21.3607
0.349276 6.09071e+14 22.3585
0.354276 6.18372e+14 23.3925
0.359276 6.277e+14 24.4639
0.364276 6.37055e+14 25.5736
0.369276 6.46438e+14 26.7229
0.374276 6.55848e+14 27.9127
0.379276 6.65288e+14 29.1443
0.384276 6.74757e+14 30.4186
0.389276 6.84256e+14 31.737
0.394276 6.93786e+14 33.1004
0.399276 7.03347e+14 34.5099
0.404276 7.12941e+14 35.9668
0.409276 7.22567e+14 37.472
0.414276 7.32226e+14 39.0266
0.419276 7.41919e+14 40.6317
0.424276 7.51647e+14 42.2884
0.429276 7.6141e+14 43.9976
0.434276 7.7121e+14 45.7604
0.439276 7.81046e+14 47.5777
0.444276 7.90919e+14 49.4505
0.449276 8.00831e+14 51.3798
0.454276 8.10782e+14 53.3664
0.459276 8.20772e+14 55.4113
0.464276 8.30802e+14 57.5155
0.469276 8.40874e+14 59.6799
0.474276 8.50987e+14 61.9054
0.479276 8.61143e+14 64.1932
0.484276 8.71342e+14 66.5443
0.489276 8.81585e+14 68.9599
0.494276 8.91872e+14 71.4416
0.499276 9.02205e+14 73.9908
0.504276 9.12584e+14 76.6094
0.509276 9.2301e+14 79.2997
0.514276 9.33484e+14 82.0641
0.519276 9.44006e+14 84.9059
0.524276 9.54578e+14 87.8291
0.529276 9.652e+14 90.8385
0.534276 9.75874e+14 93.9409
0.539276 9.866e+14 97.147
0.544276 9.97381e+14 100.468
0.549276 1.00822e+15 103.923
0.554276 1.01911e+15 107.453
0.559276 1.03006e+15 111.109
0.564276 1.04107e+15 114.88
0.569276 1.05214e+15 118.776
