1e-10 165827 6.74025e-13
1.02e-10 169143 6.96693e-13
1.0404e-10 172526 7.20111e-13
1.06121e-10 175977 7.44305e-13
1.08243e-10 179496 7.693e-13
1.10408e-10 183086 7.95123e-13
1.12616e-10 186748 8.21798e-13
1.14869e-10 190483 8.49356e-13
1.17166e-10 194292 8.77824e-13
1.19509e-10 198178 9.07232e-13
1.21899e-10 202142 9.3761e-13
1.24337e-10 206185 9.6899e-13
1.26824e-10 210309 1.0014e-12
1.29361e-10 214515 1.03489e-12
1.31948e-10 218805 1.06947e-12
1.34587e-10 223181 1.10519e-12
1.37279e-10 227645 1.14209e-12
1.40024e-10 232198 1.1802e-12
1.42825e-10 236842 1.21957e-12
1.45681e-10 241579 1.26022e-12
1.48595e-10 246410 1.30221e-12
1.51567e-10 251339 1.34558e-12
1.54598e-10 256365 1.39036e-12
1.5769e-10 261493 1.43662e-12
1.60844e-10 266723 1.48439e-12
1.64061e-10 272057 1.53372e-12
1.67342e-10 277498 1.58467e-12
1.70689e-10 283048 1.63728e-12
1.74102e-10 288709 1.69161e-12
1.77584e-10 294484 1.74771e-12
1.81136e-10 300373 1.80564e-12
1.84759e-10 306381 1.86547e-12
1.88454e-10 312509 1.92724e-12
1.92223e-10 318759 1.99102e-12
1.96068e-10 325134 2.05688e-12
1.99989e-10 331637 2.12488e-12
2.03989e-10 338270 2.19509e-12
2.08069e-10 345035 2.26759e-12
2.1223e-10 351936 2.34243e-12
2.16474e-10 358975 2.41971e-12
2.20804e-10 366154 2.49949e-12
2.2522e-10 373478 2.58186e-12
2.29724e-10 380947 2.66689e-12
2.34319e-10 388566 2.75468e-12
2.39005e-10 396338 2.8453e-12
2.43785e-10 404265 2.93886e-12
2.48661e-10 412350 3.03544e-12
2.53634e-10 420597 3.13513e-12
2.58707e-10 429009 3.23804e-12
2.63881e-10 437589 3.34427e-12
2.69159e-10 446341 3.45392e-12
2.74542e-10 455268 3.56711e-12
2.80033e-10 464374 3.68393e-12
2.85633e-10 473661 3.80451e-12
2.91346e-10 483135 3.92897e-12
2.97173e-10 492798 4.05742e-12
3.03117e-10 502654 4.19e-12
3.09179e-10 512707 4.32682e-12
3.15362e-10 522961 4.46804e-12
3.2167e-10 533421 4.61377e-12
3.28103e-10 544089 4.76417e-12
3.34665e-10 554971 4.91938e-12
3.41358e-10 566071 5.07955e-12
3.48186e-10 577392 5.24483e-12
3.55149e-10 588940 5.41539e-12
3.62252e-10 600719 5.59139e-12
3.69497e-10 612734 5.773e-12
3.76887e-10 624989 5.96039e-12
3.84425e-10 637489 6.15374e-12
3.92114e-10 650239 6.35325e-12
3.99956e-10 663244 6.5591e-12
4.07955e-10 676509 6.77148e-12
4.16114e-10 690039 6.9906e-12
4.24436e-10 703840 7.21667e-12
4.32925e-10 717917 7.44991e-12
4.41584e-10 732276 7.69053e-12
4.50415e-10 746922 7.93876e-12
4.59424e-10 761861 8.19485e-12
4.68612e-10 777098 8.45902e-12
4.77984e-10 792640 8.73154e-12
4.87544e-10 808493 9.01265e-12
4.97295e-10 824664 9.30262e-12
5.07241e-10 841157 9.60173e-12
5.17386e-10 857981 9.91026e-12
5.27733e-10 875141 1.02285e-11
5.38288e-10 892644 1.05567e-11
5.49054e-10 910497 1.08953e-11
5.60035e-10 928708 1.12444e-11
5.71235e-10 947282 1.16045e-11
5.8266e-10 966228 1.19759e-11
5.94313e-10 985553 1.2359e-11
6.062e-10 1.00526e+06 1.2754e-11
6.18324e-10 1.02537e+06 1.31613e-11
6.3069e-10 1.04588e+06 1.35814e-11
6.43304e-10 1.0668e+06 1.40146e-11
6.5617e-10 1.08813e+06 1.44613e-11
6.69293e-10 1.1099e+06 1.4922e-11
6.82679e-10 1.13209e+06 1.53969e-11
6.96333e-10 1.15474e+06 1.58867e-11
7.10259e-10 1.17783e+06 1.63917e-11
7.24465e-10 1.20139e+06 1.69124e-11
7.38954e-10 1.22542e+06 1.74492e-11
7.53733e-10 1.24993e+06 1.80027e-11
7.68808e-10 1.27493e+06 1.85733e-11
7.84184e-10 1.30043e+06 1.91616e-11
7.99867e-10 1.32643e+06 1.97682e-11
8.15865e-10 1.35296e+06 2.03934e-11
8.32182e-10 1.38002e+06 2.1038e-11
8.48826e-10 1.40763e+06 2.17025e-11
8.65802e-10 1.43578e+06 2.23875e-11
8.83118e-10 1.46449e+06 2.30936e-11
9.00781e-10 1.49379e+06 2.38214e-11
9.18796e-10 1.52366e+06 2.45717e-11
9.37172e-10 1.55414e+06 2.5345e-11
9.55916e-10 1.58522e+06 2.6142e-11
9.75034e-10 1.61693e+06 2.69635e-11
9.94535e-10 1.64926e+06 2.78103e-11
1.01443e-09 1.68225e+06 2.86829e-11
1.03471e-09 1.7159e+06 2.95823e-11
1.05541e-09 1.75022e+06 3.05092e-11
1.07652e-09 1.78522e+06 3.14645e-11
1.09805e-09 1.82093e+06 3.24489e-11
1.12001e-09 1.85735e+06 3.34634e-11
1.14241e-09 1.89449e+06 3.45088e-11
1.16526e-09 1.93239e+06 3.5586e-11
1.18856e-09 1.97104e+06 3.66961e-11
1.21233e-09 2.01046e+06 3.78399e-11
1.23658e-09 2.05067e+06 3.90185e-11
1.26131e-09 2.09168e+06 4.02329e-11
1.28654e-09 2.13352e+06 4.14841e-11
1.31227e-09 2.17619e+06 4.27733e-11
1.33851e-09 2.21971e+06 4.41015e-11
1.36528e-09 2.26411e+06 4.547e-11
1.39259e-09 2.30939e+06 4.68798e-11
1.42044e-09 2.35558e+06 4.83322e-11
1.44885e-09 2.4027e+06 4.98285e-11
1.47783e-09 2.45075e+06 5.137e-11
1.50738e-09 2.49977e+06 5.29578e-11
1.53753e-09 2.54977e+06 5.45936e-11
1.56828e-09 2.60076e+06 5.62785e-11
1.59965e-09 2.65278e+06 5.80141e-11
1.63164e-09 2.70584e+06 5.98019e-11
1.66427e-09 2.75996e+06 6.16434e-11
1.69756e-09 2.81516e+06 6.354e-11
1.73151e-09 2.87147e+06 6.54936e-11
1.76614e-09 2.9289e+06 6.75056e-11
1.80146e-09 2.98748e+06 6.95778e-11
1.83749e-09 3.04723e+06 7.1712e-11
1.87424e-09 3.10818e+06 7.39099e-11
1.91173e-09 3.17034e+06 7.61735e-11
1.94996e-09 3.23375e+06 7.85046e-11
1.98896e-09 3.29843e+06 8.09051e-11
2.02874e-09 3.3644e+06 8.33771e-11
2.06931e-09 3.43169e+06 8.59226e-11
2.1107e-09 3.50033e+06 8.85439e-11
2.15291e-09 3.57034e+06 9.12429e-11
2.19597e-09 3.64175e+06 9.40221e-11
2.23989e-09 3.71459e+06 9.68837e-11
2.28469e-09 3.78888e+06 9.98301e-11
2.33038e-09 3.86467e+06 1.02864e-10
2.37699e-09 3.94196e+06 1.05987e-10
2.42453e-09 4.02081e+06 1.09203e-10
2.47302e-09 4.10123e+06 1.12514e-10
2.52248e-09 4.18325e+06 1.15922e-10
2.57293e-09 4.26692e+06 1.19431e-10
2.62439e-09 4.35227e+06 1.23043e-10
2.67688e-09 4.43932e+06 1.26762e-10
2.73042e-09 4.52811e+06 1.3059e-10
2.78502e-09 4.61867e+06 1.3453e-10
2.84072e-09 4.71105e+06 1.38587e-10
2.89754e-09 4.80528e+06 1.42762e-10
2.95549e-09 4.90139e+06 1.4706e-10
3.0146e-09 4.99942e+06 1.51483e-10
3.07489e-09 5.09942e+06 1.56037e-10
3.13639e-09 5.20141e+06 1.60723e-10
3.19912e-09 5.30544e+06 1.65547e-10
3.2631e-09 5.41156e+06 1.70511e-10
3.32836e-09 5.5198e+06 1.7562e-10
3.39493e-09 5.6302e+06 1.80878e-10
3.46283e-09 5.74281e+06 1.8629e-10
3.53208e-09 5.85767e+06 1.91859e-10
3.60272e-09 5.97483e+06 1.9759e-10
3.67478e-09 6.09434e+06 2.03488e-10
3.74827e-09 6.21623e+06 2.09557e-10
3.82324e-09 6.34056e+06 2.15803e-10
3.89971e-09 6.46738e+06 2.22229e-10
3.9777e-09 6.59674e+06 2.28842e-10
4.05725e-09 6.72868e+06 2.35646e-10
4.1384e-09 6.86326e+06 2.42648e-10
4.22117e-09 7.00054e+06 2.49852e-10
4.30559e-09 7.14056e+06 2.57264e-10
4.3917e-09 7.28338e+06 2.6489e-10
4.47954e-09 7.42905e+06 2.72736e-10
4.56913e-09 7.57764e+06 2.80809e-10
4.66051e-09 7.72921e+06 2.89114e-10
4.75372e-09 7.8838e+06 2.97658e-10
4.84879e-09 8.04149e+06 3.06449e-10
4.94577e-09 8.20233e+06 3.15492e-10
5.04468e-09 8.36639e+06 3.24795e-10
5.14558e-09 8.53373e+06 3.34365e-10
5.24849e-09 8.70441e+06 3.44209e-10
5.35346e-09 8.87851e+06 3.54336e-10
5.46053e-09 9.0561e+06 3.64754e-10
5.56974e-09 9.23723e+06 3.75469e-10
5.68113e-09 9.42199e+06 3.86491e-10
5.79476e-09 9.61044e+06 3.97828e-10
5.91065e-09 9.80267e+06 4.0949e-10
6.02886e-09 9.99874e+06 4.21484e-10
6.14944e-09 1.01987e+07 4.33821e-10
6.27243e-09 1.04027e+07 4.46509e-10
6.39788e-09 1.06108e+07 4.59559e-10
6.52584e-09 1.0823e+07 4.72981e-10
6.65635e-09 1.10395e+07 4.86784e-10
6.78948e-09 1.12603e+07 5.00981e-10
6.92527e-09 1.14855e+07 5.1558e-10
7.06378e-09 1.17153e+07 5.30595e-10
7.20505e-09 1.19496e+07 5.46035e-10
7.34915e-09 1.21886e+07 5.61914e-10
7.49614e-09 1.24324e+07 5.78243e-10
7.64606e-09 1.26811e+07 5.95034e-10
7.79898e-09 1.29347e+07 6.12301e-10
7.95496e-09 1.31934e+07 6.30057e-10
8.11406e-09 1.34573e+07 6.48314e-10
8.27634e-09 1.37265e+07 6.67088e-10
8.44187e-09 1.4001e+07 6.86392e-10
8.6107e-09 1.42811e+07 7.0624e-10
8.78292e-09 1.45667e+07 7.26649e-10
8.95858e-09 1.48581e+07 7.47632e-10
9.13775e-09 1.51553e+07 7.69207e-10
9.3205e-09 1.54584e+07 7.9139e-10
9.50691e-09 1.57676e+07 8.14197e-10
9.69705e-09 1.6083e+07 8.37645e-10
9.89099e-09 1.64047e+07 8.61752e-10
1.00888e-08 1.67328e+07 8.86536e-10
1.02906e-08 1.70675e+07 9.12016e-10
1.04964e-08 1.74089e+07 9.38211e-10
1.07063e-08 1.77571e+07 9.65141e-10
1.09205e-08 1.81123e+07 9.92825e-10
1.11389e-08 1.84745e+07 1.02128e-09
1.13616e-08 1.88441e+07 1.05054e-09
1.15889e-08 1.9221e+07 1.08062e-09
1.18207e-08 1.96054e+07 1.11153e-09
1.20571e-08 1.99976e+07 1.14331e-09
1.22982e-08 2.03976e+07 1.17598e-09
1.25442e-08 2.08056e+07 1.20956e-09
1.27951e-08 2.12217e+07 1.24407e-09
1.3051e-08 2.16462e+07 1.27955e-09
1.3312e-08 2.20792e+07 1.31602e-09
1.35782e-08 2.25208e+07 1.3535e-09
1.38498e-08 2.29713e+07 1.39203e-09
1.41268e-08 2.34308e+07 1.43163e-09
1.44093e-08 2.38994e+07 1.47233e-09
1.46975e-08 2.43775e+07 1.51416e-09
1.49914e-08 2.48651e+07 1.55716e-09
1.52913e-08 2.53624e+07 1.60134e-09
1.55971e-08 2.58697e+07 1.64676e-09
1.5909e-08 2.63872e+07 1.69343e-09
1.62272e-08 2.6915e+07 1.7414e-09
1.65518e-08 2.74534e+07 1.7907e-09
1.68828e-08 2.80025e+07 1.84136e-09
1.72205e-08 2.85626e+07 1.89343e-09
1.75649e-08 2.91339e+07 1.94694e-09
1.79162e-08 2.97167e+07 2.00193e-09
1.82745e-08 3.03111e+07 2.05843e-09
1.864e-08 3.09174e+07 2.1165e-09
1.90128e-08 3.15358e+07 2.17618e-09
1.9393e-08 3.21666e+07 2.2375e-09
1.97809e-08 3.281e+07 2.30051e-09
2.01765e-08 3.34663e+07 2.36526e-09
2.058e-08 3.41357e+07 2.4318e-09
2.09916e-08 3.48185e+07 2.50017e-09
2.14115e-08 3.5515e+07 2.57042e-09
2.18397e-08 3.62254e+07 2.64261e-09
2.22765e-08 3.695e+07 2.71678e-09
2.2722e-08 3.76891e+07 2.793e-09
2.31765e-08 3.84429e+07 2.87131e-09
2.364e-08 3.92119e+07 2.95177e-09
2.41128e-08 3.99962e+07 3.03445e-09
2.45951e-08 4.07963e+07 3.11939e-09
2.5087e-08 4.16123e+07 3.20667e-09
2.55887e-08 4.24447e+07 3.29634e-09
2.61005e-08 4.32937e+07 3.38847e-09
2.66225e-08 4.41597e+07 3.48312e-09
2.71549e-08 4.5043e+07 3.58037e-09
2.7698e-08 4.5944e+07 3.68029e-09
2.8252e-08 4.6863e+07 3.78294e-09
2.8817e-08 4.78004e+07 3.8884e-09
2.93934e-08 4.87566e+07 3.99674e-09
2.99812e-08 4.97318e+07 4.10805e-09
3.05809e-08 5.07266e+07 4.22241e-09
3.11925e-08 5.17413e+07 4.33988e-09
3.18163e-08 5.27763e+07 4.46057e-09
3.24526e-08 5.3832e+07 4.58456e-09
3.31017e-08 5.49088e+07 4.71192e-09
3.37637e-08 5.60071e+07 4.84277e-09
3.4439e-08 5.71274e+07 4.97718e-09
3.51278e-08 5.82702e+07 5.11526e-09
3.58303e-08 5.94358e+07 5.2571e-09
3.6547e-08 6.06247e+07 5.4028e-09
3.72779e-08 6.18373e+07 5.55248e-09
3.80235e-08 6.30743e+07 5.70623e-09
3.87839e-08 6.4336e+07 5.86417e-09
3.95596e-08 6.56229e+07 6.0264e-09
4.03508e-08 6.69356e+07 6.19305e-09
4.11578e-08 6.82745e+07 6.36422e-09
4.1981e-08 6.96403e+07 6.54005e-09
4.28206e-08 7.10333e+07 6.72066e-09
4.3677e-08 7.24542e+07 6.90617e-09
4.45505e-08 7.39035e+07 7.09672e-09
4.54415e-08 7.53819e+07 7.29245e-09
4.63504e-08 7.68898e+07 7.49348e-09
4.72774e-08 7.84278e+07 7.69997e-09
4.82229e-08 7.99967e+07 7.91206e-09
4.91874e-08 8.15969e+07 8.12989e-09
5.01711e-08 8.32291e+07 8.35363e-09
5.11746e-08 8.4894e+07 8.58344e-09
5.2198e-08 8.65922e+07 8.81946e-09
5.3242e-08 8.83244e+07 9.06188e-09
5.43069e-08 9.00912e+07 9.31085e-09
5.5393e-08 9.18933e+07 9.56657e-09
5.65008e-08 9.37315e+07 9.8292e-09
5.76309e-08 9.56065e+07 1.00989e-08
5.87835e-08 9.7519e+07 1.0376e-08
5.99592e-08 9.94698e+07 1.06605e-08
6.11583e-08 1.0146e+08 1.09527e-08
6.23815e-08 1.03489e+08 1.12528e-08
6.36291e-08 1.05559e+08 1.15609e-08
6.49017e-08 1.07671e+08 1.18775e-08
6.61997e-08 1.09825e+08 1.22025e-08
6.75237e-08 1.12022e+08 1.25363e-08
6.88742e-08 1.14263e+08 1.28792e-08
7.02517e-08 1.16548e+08 1.32312e-08
7.16567e-08 1.1888e+08 1.35928e-08
7.30899e-08 1.21258e+08 1.39641e-08
7.45517e-08 1.23684e+08 1.43454e-08
7.60427e-08 1.26158e+08 1.4737e-08
7.75636e-08 1.28681e+08 1.51391e-08
7.91148e-08 1.31256e+08 1.5552e-08
8.06971e-08 1.33881e+08 1.59761e-08
8.23111e-08 1.36559e+08 1.64115e-08
8.39573e-08 1.39291e+08 1.68587e-08
8.56364e-08 1.42078e+08 1.73179e-08
8.73492e-08 1.4492e+08 1.77894e-08
8.90961e-08 1.47819e+08 1.82736e-08
9.08781e-08 1.50776e+08 1.87709e-08
9.26956e-08 1.53792e+08 1.92814e-08
9.45495e-08 1.56869e+08 1.98057e-08
9.64405e-08 1.60007e+08 2.03441e-08
9.83693e-08 1.63208e+08 2.08969e-08
1.00337e-07 1.66473e+08 2.14645e-08
1.02343e-07 1.69803e+08 2.20474e-08
1.0439e-07 1.732e+08 2.26459e-08
1.06478e-07 1.76664e+08 2.32605e-08
1.08608e-07 1.80199e+08 2.38915e-08
1.1078e-07 1.83803e+08 2.45394e-08
1.12995e-07 1.8748e+08 2.52047e-08
1.15255e-07 1.91231e+08 2.58878e-08
1.1756e-07 1.95056e+08 2.65893e-08
1.19912e-07 1.98959e+08 2.73095e-08
1.2231e-07 2.02939e+08 2.80489e-08
1.24756e-07 2.06998e+08 2.88082e-08
1.27251e-07 2.11139e+08 2.95878e-08
1.29796e-07 2.15363e+08 3.03882e-08
1.32392e-07 2.19672e+08 3.121e-08
1.3504e-07 2.24066e+08 3.20538e-08
1.37741e-07 2.28549e+08 3.29202e-08
1.40496e-07 2.33121e+08 3.38097e-08
1.43306e-07 2.37785e+08 3.4723e-08
1.46172e-07 2.42541e+08 3.56606e-08
1.49095e-07 2.47394e+08 3.66234e-08
1.52077e-07 2.52343e+08 3.76118e-08
1.55119e-07 2.57391e+08 3.86266e-08
1.58221e-07 2.6254e+08 3.96685e-08
1.61385e-07 2.67792e+08 4.07382e-08
1.64613e-07 2.7315e+08 4.18364e-08
1.67905e-07 2.78614e+08 4.29639e-08
1.71263e-07 2.84188e+08 4.41215e-08
1.74689e-07 2.89874e+08 4.53099e-08
1.78182e-07 2.95673e+08 4.653e-08
1.81746e-07 3.01588e+08 4.77826e-08
1.85381e-07 3.07621e+08 4.90686e-08
1.89089e-07 3.13775e+08 5.03889e-08
1.9287e-07 3.20053e+08 5.17443e-08
1.96728e-07 3.26456e+08 5.31358e-08
2.00662e-07 3.32987e+08 5.45643e-08
2.04676e-07 3.39648e+08 5.60308e-08
2.08769e-07 3.46443e+08 5.75364e-08
2.12945e-07 3.53374e+08 5.9082e-08
2.17203e-07 3.60444e+08 6.06688e-08
2.21547e-07 3.67655e+08 6.22977e-08
2.25978e-07 3.7501e+08 6.39699e-08
2.30498e-07 3.82513e+08 6.56866e-08
2.35108e-07 3.90166e+08 6.74489e-08
2.3981e-07 3.97971e+08 6.9258e-08
2.44606e-07 4.05933e+08 7.11151e-08
2.49498e-07 4.14055e+08 7.30216e-08
2.54488e-07 4.22338e+08 7.49788e-08
2.59578e-07 4.30788e+08 7.69878e-08
2.6477e-07 4.39406e+08 7.90502e-08
2.70065e-07 4.48197e+08 8.11673e-08
2.75466e-07 4.57164e+08 8.33406e-08
2.80976e-07 4.6631e+08 8.55716e-08
2.86595e-07 4.7564e+08 8.78617e-08
2.92327e-07 4.85156e+08 9.02125e-08
2.98174e-07 4.94862e+08 9.26256e-08
3.04137e-07 5.04763e+08 9.51027e-08
3.1022e-07 5.14861e+08 9.76455e-08
3.16424e-07 5.25162e+08 1.00256e-07
3.22753e-07 5.35669e+08 1.02935e-07
3.29208e-07 5.46386e+08 1.05685e-07
3.35792e-07 5.57318e+08 1.08508e-07
3.42508e-07 5.68468e+08 1.11406e-07
3.49358e-07 5.79841e+08 1.1438e-07
3.56345e-07 5.91442e+08 1.17433e-07
3.63472e-07 6.03275e+08 1.20567e-07
3.70742e-07 6.15345e+08 1.23784e-07
3.78156e-07 6.27657e+08 1.27086e-07
3.8572e-07 6.40214e+08 1.30475e-07
3.93434e-07 6.53023e+08 1.33954e-07
4.01303e-07 6.66089e+08 1.37525e-07
4.09329e-07 6.79415e+08 1.4119e-07
4.17515e-07 6.93009e+08 1.44952e-07
4.25866e-07 7.06874e+08 1.48813e-07
4.34383e-07 7.21017e+08 1.52777e-07
4.4307e-07 7.35443e+08 1.56845e-07
4.51932e-07 7.50157e+08 1.6102e-07
4.60971e-07 7.65166e+08 1.65306e-07
4.7019e-07 7.80476e+08 1.69704e-07
4.79594e-07 7.96091e+08 1.74219e-07
4.89186e-07 8.1202e+08 1.78853e-07
4.98969e-07 8.28266e+08 1.83609e-07
5.08949e-07 8.44838e+08 1.8849e-07
5.19128e-07 8.61742e+08 1.93501e-07
5.2951e-07 8.78984e+08 1.98643e-07
5.401e-07 8.96571e+08 2.03921e-07
5.50902e-07 9.14509e+08 2.09337e-07
5.61921e-07 9.32807e+08 2.14897e-07
5.73159e-07 9.51471e+08 2.20603e-07
5.84622e-07 9.70509e+08 2.26459e-07
5.96315e-07 9.89927e+08 2.32469e-07
6.08241e-07 1.00973e+09 2.38638e-07
6.20406e-07 1.02994e+09 2.44969e-07
6.32814e-07 1.05054e+09 2.51466e-07
6.4547e-07 1.07156e+09 2.58135e-07
6.58379e-07 1.09301e+09 2.64979e-07
6.71547e-07 1.11488e+09 2.72003e-07
6.84978e-07 1.13718e+09 2.79211e-07
6.98678e-07 1.15994e+09 2.86609e-07
7.12651e-07 1.18315e+09 2.94201e-07
7.26904e-07 1.20682e+09 3.01993e-07
7.41442e-07 1.23097e+09 3.0999e-07
7.56271e-07 1.2556e+09 3.18196e-07
7.71396e-07 1.28072e+09 3.26619e-07
7.86824e-07 1.30635e+09 3.35262e-07
8.02561e-07 1.33249e+09 3.44132e-07
8.18612e-07 1.35915e+09 3.53235e-07
8.34984e-07 1.38634e+09 3.62577e-07
8.51684e-07 1.41408e+09 3.72164e-07
8.68718e-07 1.44238e+09 3.82002e-07
8.86092e-07 1.47124e+09 3.92098e-07
9.03814e-07 1.50068e+09 4.02459e-07
9.2189e-07 1.53071e+09 4.13092e-07
9.40328e-07 1.56134e+09 4.24003e-07
9.59135e-07 1.59258e+09 4.352e-07
9.78317e-07 1.62445e+09 4.46691e-07
9.97884e-07 1.65695e+09 4.58482e-07
1.01784e-06 1.69011e+09 4.70583e-07
1.0382e-06 1.72393e+09 4.83e-07
1.05896e-06 1.75842e+09 4.95742e-07
1.08014e-06 1.79361e+09 5.08817e-07
1.10174e-06 1.8295e+09 5.22235e-07
1.12378e-06 1.86611e+09 5.36003e-07
1.14625e-06 1.90345e+09 5.50132e-07
1.16918e-06 1.94154e+09 5.6463e-07
1.19256e-06 1.98039e+09 5.79507e-07
1.21641e-06 2.02002e+09 5.94773e-07
1.24074e-06 2.06044e+09 6.10438e-07
1.26556e-06 2.10167e+09 6.26512e-07
1.29087e-06 2.14373e+09 6.43006e-07
1.31669e-06 2.18662e+09 6.59931e-07
1.34302e-06 2.23038e+09 6.77297e-07
1.36988e-06 2.27501e+09 6.95117e-07
1.39728e-06 2.32054e+09 7.13402e-07
1.42522e-06 2.36697e+09 7.32164e-07
1.45373e-06 2.41434e+09 7.51416e-07
1.4828e-06 2.46265e+09 7.71169e-07
1.51246e-06 2.51194e+09 7.91438e-07
1.54271e-06 2.5622e+09 8.12235e-07
1.57356e-06 2.61348e+09 8.33574e-07
1.60503e-06 2.66578e+09 8.55469e-07
1.63713e-06 2.71912e+09 8.77934e-07
1.66988e-06 2.77354e+09 9.00985e-07
1.70327e-06 2.82904e+09 9.24635e-07
1.73734e-06 2.88565e+09 9.48902e-07
1.77209e-06 2.9434e+09 9.738e-07
1.80753e-06 3.0023e+09 9.99346e-07
1.84368e-06 3.06239e+09 1.02556e-06
1.88055e-06 3.12367e+09 1.05245e-06
1.91816e-06 3.18618e+09 1.08004e-06
1.95653e-06 3.24995e+09 1.10835e-06
1.99566e-06 3.31498e+09 1.13739e-06
2.03557e-06 3.38133e+09 1.16719e-06
2.07628e-06 3.44899e+09 1.19777e-06
2.11781e-06 3.51802e+09 1.22913e-06
2.16016e-06 3.58842e+09 1.26132e-06
2.20337e-06 3.66024e+09 1.29433e-06
2.24743e-06 3.73349e+09 1.32821e-06
2.29238e-06 3.80821e+09 1.36296e-06
2.33823e-06 3.88442e+09 1.39862e-06
2.38499e-06 3.96216e+09 1.4352e-06
2.43269e-06 4.04145e+09 1.47272e-06
2.48135e-06 4.12234e+09 1.51122e-06
2.53098e-06 4.20484e+09 1.55072e-06
2.5816e-06 4.28899e+09 1.59125e-06
2.63323e-06 4.37483e+09 1.63282e-06
2.68589e-06 4.46238e+09 1.67547e-06
2.73961e-06 4.55169e+09 1.71922e-06
2.7944e-06 4.64279e+09 1.7641e-06
2.85029e-06 4.73571e+09 1.81015e-06
2.9073e-06 4.83049e+09 1.85739e-06
2.96544e-06 4.92716e+09 1.90585e-06
3.02475e-06 5.02578e+09 1.95556e-06
3.08525e-06 5.12636e+09 2.00655e-06
3.14695e-06 5.22896e+09 2.05887e-06
3.20989e-06 5.33362e+09 2.11254e-06
3.27409e-06 5.44037e+09 2.16759e-06
3.33957e-06 5.54925e+09 2.22406e-06
3.40636e-06 5.66032e+09 2.282e-06
3.47449e-06 5.77361e+09 2.34142e-06
3.54398e-06 5.88916e+09 2.40238e-06
3.61486e-06 6.00703e+09 2.46492e-06
3.68715e-06 6.12726e+09 2.52906e-06
3.7609e-06 6.2499e+09 2.59486e-06
3.83611e-06 6.37499e+09 2.66236e-06
3.91284e-06 6.50259e+09 2.73159e-06
3.99109e-06 6.63274e+09 2.80261e-06
4.07092e-06 6.76549e+09 2.87545e-06
4.15233e-06 6.90091e+09 2.95017e-06
4.23538e-06 7.03903e+09 3.02682e-06
4.32009e-06 7.17992e+09 3.10543e-06
4.40649e-06 7.32363e+09 3.18607e-06
4.49462e-06 7.47022e+09 3.26878e-06
4.58451e-06 7.61975e+09 3.35362e-06
4.6762e-06 7.77226e+09 3.44064e-06
4.76973e-06 7.92783e+09 3.52989e-06
4.86512e-06 8.08652e+09 3.62143e-06
4.96242e-06 8.24838e+09 3.71533e-06
5.06167e-06 8.41348e+09 3.81163e-06
5.1629e-06 8.58189e+09 3.91041e-06
5.26616e-06 8.75367e+09 4.01172e-06
5.37149e-06 8.92889e+09 4.11563e-06
5.47892e-06 9.10761e+09 4.2222e-06
5.58849e-06 9.28992e+09 4.3315e-06
5.70026e-06 9.47587e+09 4.44361e-06
5.81427e-06 9.66555e+09 4.55858e-06
5.93055e-06 9.85903e+09 4.6765e-06
6.04917e-06 1.00564e+10 4.79743e-06
6.17015e-06 1.02577e+10 4.92146e-06
6.29355e-06 1.0463e+10 5.04866e-06
6.41942e-06 1.06725e+10 5.17912e-06
6.54781e-06 1.08861e+10 5.3129e-06
6.67877e-06 1.1104e+10 5.45011e-06
6.81234e-06 1.13263e+10 5.59082e-06
6.94859e-06 1.1553e+10 5.73512e-06
7.08756e-06 1.17843e+10 5.88311e-06
7.22931e-06 1.20202e+10 6.03488e-06
7.3739e-06 1.22608e+10 6.19051e-06
7.52138e-06 1.25062e+10 6.35011e-06
7.67181e-06 1.27566e+10 6.51378e-06
7.82524e-06 1.3012e+10 6.68163e-06
7.98175e-06 1.32724e+10 6.85374e-06
8.14138e-06 1.35381e+10 7.03024e-06
8.30421e-06 1.38092e+10 7.21123e-06
8.47029e-06 1.40856e+10 7.39683e-06
8.6397e-06 1.43676e+10 7.58715e-06
8.81249e-06 1.46552e+10 7.7823e-06
8.98874e-06 1.49486e+10 7.98242e-06
9.16852e-06 1.52479e+10 8.18762e-06
9.35189e-06 1.55531e+10 8.39803e-06
9.53893e-06 1.58645e+10 8.61379e-06
9.7297e-06 1.61821e+10 8.83502e-06
9.9243e-06 1.6506e+10 9.06186e-06
1.01228e-05 1.68365e+10 9.29445e-06
1.03252e-05 1.71736e+10 9.53294e-06
1.05317e-05 1.75174e+10 9.77747e-06
1.07424e-05 1.78681e+10 1.00282e-05
1.09572e-05 1.82258e+10 1.02853e-05
1.11764e-05 1.85907e+10 1.05488e-05
1.13999e-05 1.89629e+10 1.08191e-05
1.16279e-05 1.93425e+10 1.10962e-05
1.18605e-05 1.97298e+10 1.13803e-05
1.20977e-05 2.01248e+10 1.16715e-05
1.23396e-05 2.05277e+10 1.19701e-05
1.25864e-05 2.09387e+10 1.22763e-05
1.28381e-05 2.13579e+10 1.25902e-05
1.30949e-05 2.17855e+10 1.2912e-05
1.33568e-05 2.22217e+10 1.32419e-05
1.36239e-05 2.26666e+10 1.35801e-05
1.38964e-05 2.31205e+10 1.39268e-05
1.41743e-05 2.35834e+10 1.42823e-05
1.44578e-05 2.40556e+10 1.46467e-05
1.4747e-05 2.45372e+10 1.50203e-05
1.50419e-05 2.50285e+10 1.54033e-05
1.53428e-05 2.55296e+10 1.57959e-05
1.56496e-05 2.60408e+10 1.61984e-05
1.59626e-05 2.65622e+10 1.66109e-05
1.62819e-05 2.7094e+10 1.70339e-05
1.66075e-05 2.76365e+10 1.74674e-05
1.69396e-05 2.81899e+10 1.79118e-05
1.72784e-05 2.87543e+10 1.83674e-05
1.7624e-05 2.93301e+10 1.88343e-05
1.79765e-05 2.99174e+10 1.9313e-05
1.8336e-05 3.05164e+10 1.98036e-05
1.87027e-05 3.11275e+10 2.03065e-05
1.90768e-05 3.17508e+10 2.0822e-05
1.94583e-05 3.23865e+10 2.13503e-05
1.98475e-05 3.3035e+10 2.18919e-05
2.02444e-05 3.36965e+10 2.24469e-05
2.06493e-05 3.43713e+10 2.30158e-05
2.10623e-05 3.50595e+10 2.35989e-05
2.14836e-05 3.57616e+10 2.41966e-05
2.19132e-05 3.64777e+10 2.48091e-05
2.23515e-05 3.72081e+10 2.54369e-05
2.27985e-05 3.79532e+10 2.60802e-05
2.32545e-05 3.87132e+10 2.67396e-05
2.37196e-05 3.94885e+10 2.74154e-05
2.4194e-05 4.02792e+10 2.8108e-05
2.46779e-05 4.10858e+10 2.88177e-05
2.51714e-05 4.19086e+10 2.95451e-05
2.56749e-05 4.27478e+10 3.02905e-05
2.61884e-05 4.36039e+10 3.10544e-05
2.67121e-05 4.44771e+10 3.18372e-05
2.72464e-05 4.53678e+10 3.26394e-05
2.77913e-05 4.62763e+10 3.34615e-05
2.83471e-05 4.72031e+10 3.43038e-05
2.89141e-05 4.81484e+10 3.5167e-05
2.94923e-05 4.91126e+10 3.60515e-05
3.00822e-05 5.00962e+10 3.69578e-05
3.06838e-05 5.10995e+10 3.78865e-05
3.12975e-05 5.21228e+10 3.88381e-05
3.19235e-05 5.31667e+10 3.98131e-05
3.25619e-05 5.42315e+10 4.08122e-05
3.32132e-05 5.53176e+10 4.18358e-05
3.38774e-05 5.64254e+10 4.28846e-05
3.4555e-05 5.75555e+10 4.39591e-05
3.52461e-05 5.87082e+10 4.50601e-05
3.5951e-05 5.9884e+10 4.6188e-05
3.667e-05 6.10834e+10 4.73436e-05
3.74034e-05 6.23068e+10 4.85276e-05
3.81515e-05 6.35547e+10 4.97405e-05
3.89145e-05 6.48276e+10 5.09831e-05
3.96928e-05 6.6126e+10 5.22562e-05
4.04867e-05 6.74504e+10 5.35603e-05
4.12964e-05 6.88013e+10 5.48962e-05
4.21223e-05 7.01794e+10 5.62648e-05
4.29648e-05 7.1585e+10 5.76668e-05
4.38241e-05 7.30188e+10 5.91029e-05
4.47005e-05 7.44813e+10 6.05739e-05
4.55946e-05 7.59731e+10 6.20808e-05
4.65065e-05 7.74948e+10 6.36243e-05
4.74366e-05 7.9047e+10 6.52053e-05
4.83853e-05 8.06304e+10 6.68247e-05
4.9353e-05 8.22454e+10 6.84834e-05
5.03401e-05 8.38928e+10 7.01822e-05
5.13469e-05 8.55732e+10 7.19222e-05
5.23738e-05 8.72873e+10 7.37044e-05
5.34213e-05 8.90357e+10 7.55296e-05
5.44897e-05 9.08192e+10 7.73989e-05
5.55795e-05 9.26383e+10 7.93133e-05
5.66911e-05 9.4494e+10 8.12739e-05
5.78249e-05 9.63868e+10 8.32818e-05
5.89814e-05 9.83176e+10 8.53379e-05
6.01611e-05 1.00287e+11 8.74436e-05
6.13643e-05 1.02296e+11 8.95999e-05
6.25916e-05 1.04345e+11 9.18079e-05
6.38434e-05 1.06435e+11 9.40689e-05
6.51203e-05 1.08568e+11 9.63842e-05
6.64227e-05 1.10742e+11 9.87548e-05
6.77511e-05 1.12961e+11 0.000101182
6.91061e-05 1.15224e+11 0.000103668
7.04883e-05 1.17532e+11 0.000106212
7.1898e-05 1.19886e+11 0.000108818
7.3336e-05 1.22288e+11 0.000111485
7.48027e-05 1.24738e+11 0.000114217
7.62988e-05 1.27237e+11 0.000117013
7.78247e-05 1.29786e+11 0.000119875
7.93812e-05 1.32386e+11 0.000122806
8.09689e-05 1.35038e+11 0.000125806
8.25882e-05 1.37743e+11 0.000128877
8.424e-05 1.40503e+11 0.00013202
8.59248e-05 1.43318e+11 0.000135238
8.76433e-05 1.46189e+11 0.000138533
8.93962e-05 1.49118e+11 0.000141904
9.11841e-05 1.52105e+11 0.000145355
9.30078e-05 1.55153e+11 0.000148888
9.48679e-05 1.58261e+11 0.000152503
9.67653e-05 1.61432e+11 0.000156204
9.87006e-05 1.64666e+11 0.000159991
0.000100675 1.67966e+11 0.000163867
0.000102688 1.71331e+11 0.000167833
0.000104742 1.74764e+11 0.000171893
0.000106837 1.78265e+11 0.000176047
0.000108973 1.81837e+11 0.000180297
0.000111153 1.8548e+11 0.000184647
0.000113376 1.89196e+11 0.000189098
0.000115643 1.92987e+11 0.000193653
0.000117956 1.96854e+11 0.000198313
0.000120315 2.00798e+11 0.000203081
0.000122722 2.04822e+11 0.000207959
0.000125176 2.08926e+11 0.00021295
0.00012768 2.13112e+11 0.000218056
0.000130233 2.17382e+11 0.000223279
0.000132838 2.21738e+11 0.000228623
0.000135495 2.26181e+11 0.00023409
0.000138205 2.30713e+11 0.000239682
0.000140969 2.35336e+11 0.000245402
0.000143788 2.40052e+11 0.000251252
0.000146664 2.44862e+11 0.000257237
0.000149597 2.49769e+11 0.000263358
0.000152589 2.54774e+11 0.000269618
0.000155641 2.59879e+11 0.00027602
0.000158754 2.65087e+11 0.000282568
0.000161929 2.70399e+11 0.000289264
0.000165167 2.75817e+11 0.000296111
0.000168471 2.81344e+11 0.000303113
0.00017184 2.86982e+11 0.000310272
0.000175277 2.92733e+11 0.000317593
0.000178782 2.98599e+11 0.000325078
0.000182358 3.04583e+11 0.000332731
0.000186005 3.10687e+11 0.000340555
0.000189725 3.16913e+11 0.000348554
0.00019352 3.23264e+11 0.00035673
0.00019739 3.29743e+11 0.000365089
0.000201338 3.36351e+11 0.000373634
0.000205365 3.43091e+11 0.000382367
0.000209472 3.49967e+11 0.000391294
0.000213662 3.56981e+11 0.000400418
0.000217935 3.64135e+11 0.000409743
0.000222293 3.71433e+11 0.000419272
0.000226739 3.78877e+11 0.000429011
0.000231274 3.8647e+11 0.000438962
0.0002359 3.94215e+11 0.00044913
0.000240618 4.02116e+11 0.00045952
0.00024543 4.10175e+11 0.000467404
0.00034543 5.77691e+11 0.000542344
0.00044543 7.45244e+11 0.000605307
0.00054543 9.12824e+11 0.000668461
0.00064543 1.08043e+12 0.000733242
0.00074543 1.24805e+12 0.000799948
0.00084543 1.41568e+12 0.000868578
0.00094543 1.58334e+12 0.000939033
0.00104543 1.751e+12 0.00101118
0.00114543 1.91868e+12 0.00108488
0.00124543 2.08637e+12 0.00116001
0.00134543 2.25407e+12 0.00123642
0.00144543 2.42179e+12 0.00131401
0.00154543 2.58951e+12 0.00139267
0.00164543 2.75724e+12 0.0014723
0.00174543 2.92498e+12 0.0015528
0.00184543 3.09273e+12 0.0016341
0.00194543 3.26048e+12 0.00171612
0.00204543 3.42825e+12 0.00179878
0.00214543 3.59602e+12 0.00188202
0.00224543 3.7638e+12 0.00196579
0.00234543 3.93158e+12 0.00205003
0.00244543 4.09937e+12 0.00213469
0.00254543 4.26717e+12 0.00221972
0.00264543 4.43498e+12 0.00230509
0.00274543 4.60279e+12 0.00239075
0.00284543 4.7706e+12 0.00247668
0.00294543 4.93842e+12 0.00256283
0.00304543 5.10625e+12 0.00264918
0.00314543 5.27408e+12 0.00273571
0.00324543 5.44192e+12 0.00282238
0.00334543 5.60976e+12 0.00290917
0.00344543 5.7776e+12 0.00299607
0.00354543 5.94545e+12 0.00308306
0.00364543 6.11331e+12 0.00317012
0.00374543 6.28117e+12 0.00325723
0.00384543 6.44903e+12 0.00334438
0.00394543 6.6169e+12 0.00343156
0.00404543 6.78477e+12 0.00351876
0.00414543 6.95264e+12 0.00360596
0.00424543 7.12052e+12 0.00369316
0.00434543 7.28841e+12 0.00378036
0.00444543 7.45629e+12 0.00386754
0.00454543 7.62418e+12 0.0039547
0.00464543 7.79207e+12 0.00404184
0.00474543 7.95997e+12 0.00412895
0.00484543 8.12787e+12 0.00421603
0.00494543 8.29577e+12 0.00430308
0.00504543 8.46368e+12 0.00439009
0.00514543 8.63159e+12 0.00447707
0.00524543 8.7995e+12 0.00456401
0.00534543 8.96742e+12 0.00465093
0.00544543 9.13534e+12 0.00473781
0.00554543 9.30326e+12 0.00482466
0.00564543 9.47118e+12 0.00491149
0.00574543 9.63911e+12 0.00499829
0.00584543 9.80704e+12 0.00508507
0.00594543 9.97497e+12 0.00517184
0.00604543 1.01429e+13 0.00525859
0.00614543 1.03108e+13 0.00534534
0.00624543 1.04788e+13 0.00543208
0.00634543 1.06467e+13 0.00551883
0.00644543 1.08147e+13 0.00560559
0.00654543 1.09826e+13 0.00569236
0.00664543 1.11506e+13 0.00577916
0.00674543 1.13185e+13 0.00586599
0.00684543 1.14865e+13 0.00595285
0.00694543 1.16544e+13 0.00603976
0.00704543 1.18224e+13 0.00612672
0.00714543 1.19903e+13 0.00621373
0.00724543 1.21583e+13 0.00630082
0.00734543 1.23263e+13 0.00638799
0.00744543 1.24942e+13 0.00647524
0.00754543 1.26622e+13 0.00656258
0.00764543 1.28302e+13 0.00665003
0.00774543 1.29982e+13 0.00673759
0.00784543 1.31661e+13 0.00682527
0.00794543 1.33341e+13 0.00691309
0.00804543 1.35021e+13 0.00700105
0.00814543 1.36701e+13 0.00708916
0.00824543 1.38381e+13 0.00717743
0.00834543 1.4006e+13 0.00726587
0.00844543 1.4174e+13 0.00735449
0.00854543 1.4342e+13 0.00744331
0.00864543 1.451e+13 0.00753233
0.00874543 1.4678e+13 0.00762157
0.00884543 1.4846e+13 0.00771103
0.00894543 1.5014e+13 0.00780073
0.00904543 1.5182e+13 0.00789067
0.00914543 1.535e+13 0.00798087
0.00924543 1.5518e+13 0.00807135
0.00934543 1.5686e+13 0.0081621
0.00944543 1.5854e+13 0.00825314
0.00954543 1.6022e+13 0.00834449
0.00964543 1.619e+13 0.00843616
0.00974543 1.6358e+13 0.00852815
0.00984543 1.6526e+13 0.00862048
0.00994543 1.66941e+13 0.00871316
0.0100454 1.68621e+13 0.0088062
0.0101454 1.70301e+13 0.00889961
0.0102454 1.71981e+13 0.00899341
0.0103454 1.73661e+13 0.00908761
0.0104454 1.75342e+13 0.00918222
0.0105454 1.77022e+13 0.00927725
0.0106454 1.78702e+13 0.00937272
0.0107454 1.80382e+13 0.00946863
0.0108454 1.82063e+13 0.00956499
0.0109454 1.83743e+13 0.00966183
0.0110454 1.85423e+13 0.00975915
0.0111454 1.87104e+13 0.00985697
0.0112454 1.88784e+13 0.00995529
0.0113454 1.90464e+13 0.0100541
0.0114454 1.92145e+13 0.0101535
0.0115454 1.93825e+13 0.0102534
0.0116454 1.95505e+13 0.0103539
0.0117454 1.97186e+13 0.0104549
0.0118454 1.98866e+13 0.0105566
0.0119454 2.00547e+13 0.0106588
0.0120454 2.02227e+13 0.0107616
0.0121454 2.03908e+13 0.010865
0.0122454 2.05588e+13 0.0109691
0.0123454 2.07269e+13 0.0110738
0.0124454 2.08949e+13 0.0111792
0.0125454 2.1063e+13 0.0112852
0.0126454 2.1231e+13 0.0113919
0.0127454 2.13991e+13 0.0114993
0.0128454 2.15672e+13 0.0116074
0.0129454 2.17352e+13 0.0117163
0.0130454 2.19033e+13 0.0118258
0.0131454 2.20713e+13 0.0119361
0.0132454 2.22394e+13 0.0120472
0.0133454 2.24075e+13 0.012159
0.0134454 2.25756e+13 0.0122716
0.0135454 2.27436e+13 0.012385
0.0136454 2.29117e+13 0.0124992
0.0137454 2.30798e+13 0.0126143
0.0138454 2.32478e+13 0.0127301
0.0139454 2.34159e+13 0.0128468
0.0140454 2.3584e+13 0.0129643
0.0141454 2.37521e+13 0.0130828
0.0142454 2.39202e+13 0.0132021
0.0143454 2.40882e+13 0.0133222
0.0144454 2.42563e+13 0.0134433
0.0145454 2.44244e+13 0.0135653
0.0146454 2.45925e+13 0.0136883
0.0147454 2.47606e+13 0.0138122
0.0148454 2.49287e+13 0.013937
0.0149454 2.50968e+13 0.0140628
0.0150454 2.52649e+13 0.0141896
0.0151454 2.54329e+13 0.0143173
0.0152454 2.5601e+13 0.0144461
0.0153454 2.57691e+13 0.0145759
0.0154454 2.59372e+13 0.0147067
0.0155454 2.61053e+13 0.0148386
0.0156454 2.62734e+13 0.0149715
0.0157454 2.64415e+13 0.0151055
0.0158454 2.66096e+13 0.0152405
0.0159454 2.67778e+13 0.0153767
0.0160454 2.69459e+13 0.0155139
0.0161454 2.7114e+13 0.0156523
0.0162454 2.72821e+13 0.0157917
0.0163454 2.74502e+13 0.0159324
0.0164454 2.76183e+13 0.0160741
0.0165454 2.77864e+13 0.0162171
0.0166454 2.79545e+13 0.0163612
0.0167454 2.81227e+13 0.0165065
0.0168454 2.82908e+13 0.016653
0.0169454 2.84589e+13 0.0168007
0.0170454 2.8627e+13 0.0169496
0.0171454 2.87951e+13 0.0170998
0.0172454 2.89633e+13 0.0172512
0.0173454 2.91314e+13 0.0174039
0.0174454 2.92995e+13 0.0175578
0.0175454 2.94677e+13 0.0177131
0.0176454 2.96358e+13 0.0178696
0.0177454 2.98039e+13 0.0180274
0.0178454 2.99721e+13 0.0181866
0.0179454 3.01402e+13 0.0183471
0.0180454 3.03083e+13 0.0185089
0.0181454 3.04765e+13 0.0186721
0.0182454 3.06446e+13 0.0188366
0.0183454 3.08128e+13 0.0190026
0.0184454 3.09809e+13 0.0191699
0.0185454 3.11491e+13 0.0193386
0.0186454 3.13172e+13 0.0195088
0.0187454 3.14854e+13 0.0196803
0.0188454 3.16535e+13 0.0198533
0.0189454 3.18217e+13 0.0200278
0.0190454 3.19898e+13 0.0202037
0.0191454 3.2158e+13 0.0203811
0.0192454 3.23261e+13 0.02056
0.0193454 3.24943e+13 0.0207404
0.0194454 3.26625e+13 0.0209223
0.0195454 3.28306e+13 0.0211057
0.0196454 3.29988e+13 0.0212906
0.0197454 3.3167e+13 0.0214771
0.0198454 3.33351e+13 0.0216651
0.0199454 3.35033e+13 0.0218547
0.0200454 3.36715e+13 0.0220459
0.0201454 3.38396e+13 0.0222387
0.0202454 3.40078e+13 0.0224331
0.0203454 3.4176e+13 0.0226291
0.0204454 3.43442e+13 0.0228267
0.0205454 3.45123e+13 0.023026
0.0206454 3.46805e+13 0.0232269
0.0207454 3.48487e+13 0.0234294
0.0208454 3.50169e+13 0.0236337
0.0209454 3.51851e+13 0.0238396
0.0210454 3.53533e+13 0.0240472
0.0211454 3.55215e+13 0.0242565
0.0212454 3.56897e+13 0.0244676
0.0213454 3.58579e+13 0.0246803
0.0214454 3.60261e+13 0.0248949
0.0215454 3.61942e+13 0.0251111
0.0216454 3.63624e+13 0.0253291
0.0217454 3.65307e+13 0.0255489
0.0218454 3.66989e+13 0.0257705
0.0219454 3.68671e+13 0.0259939
0.0220454 3.70353e+13 0.0262191
0.0221454 3.72035e+13 0.0264461
0.0222454 3.73717e+13 0.0266749
0.0223454 3.75399e+13 0.0269056
0.0224454 3.77081e+13 0.0271381
0.0225454 3.78763e+13 0.0273725
0.0226454 3.80445e+13 0.0276087
0.0227454 3.82128e+13 0.0278469
0.0228454 3.8381e+13 0.0280869
0.0229454 3.85492e+13 0.0283289
0.0230454 3.87174e+13 0.0285728
0.0231454 3.88857e+13 0.0288186
0.0232454 3.90539e+13 0.0290663
0.0233454 3.92221e+13 0.029316
0.0234454 3.93904e+13 0.0295677
0.0235454 3.95586e+13 0.0298213
0.0236454 3.97268e+13 0.0300769
0.0237454 3.98951e+13 0.0303345
0.0238454 4.00633e+13 0.0305941
0.0239454 4.02316e+13 0.0308558
0.0240454 4.03998e+13 0.0311195
0.0241454 4.0568e+13 0.0313852
0.0242454 4.07363e+13 0.0316529
0.0243454 4.09045e+13 0.0319227
0.0244454 4.10728e+13 0.0321946
0.0245454 4.12411e+13 0.0324686
0.0246454 4.14093e+13 0.0327446
0.0247454 4.15776e+13 0.0330228
0.0248454 4.17458e+13 0.0333031
0.0249454 4.19141e+13 0.0335855
0.0250454 4.20824e+13 0.03387
0.0251454 4.22506e+13 0.0341567
0.0252454 4.24189e+13 0.0344456
0.0253454 4.25872e+13 0.0347366
0.0254454 4.27554e+13 0.0350298
0.0255454 4.29237e+13 0.0353251
0.0256454 4.3092e+13 0.0356227
0.0257454 4.32603e+13 0.0359225
0.0258454 4.34285e+13 0.0362245
0.0259454 4.35968e+13 0.0365287
0.0260454 4.37651e+13 0.0368352
0.0261454 4.39334e+13 0.0371439
0.0262454 4.41017e+13 0.0374549
0.0263454 4.427e+13 0.0377682
0.0264454 4.44383e+13 0.0380837
0.0265454 4.46066e+13 0.0384016
0.0266454 4.47749e+13 0.0387217
0.0267454 4.49432e+13 0.0390441
0.0268454 4.51115e+13 0.0393689
0.0269454 4.52798e+13 0.039696
0.0270454 4.54481e+13 0.0400255
0.0271454 4.56164e+13 0.0403573
0.0272454 4.57847e+13 0.0406914
0.0273454 4.5953e+13 0.041028
0.0274454 4.61213e+13 0.0413669
0.0275454 4.62896e+13 0.0417082
0.0276454 4.6458e+13 0.0420519
0.0277454 4.66263e+13 0.0423981
0.0278454 4.67946e+13 0.0427466
0.0279454 4.69629e+13 0.0430976
0.0280454 4.71313e+13 0.0434511
0.0281454 4.72996e+13 0.043807
0.0282454 4.74679e+13 0.0441653
0.0283454 4.76363e+13 0.0445262
0.0284454 4.78046e+13 0.0448895
0.0285454 4.79729e+13 0.0452553
0.0286454 4.81413e+13 0.0456236
0.0287454 4.83096e+13 0.0459944
0.0288454 4.8478e+13 0.0463678
0.0289454 4.86463e+13 0.0467436
0.0290454 4.88147e+13 0.0471221
0.0291454 4.8983e+13 0.047503
0.0292454 4.91514e+13 0.0478866
0.0293454 4.93197e+13 0.0482727
0.0294454 4.94881e+13 0.0486613
0.0295454 4.96565e+13 0.0490526
0.0296454 4.98248e+13 0.0494465
0.0297454 4.99932e+13 0.049843
0.0298454 5.01616e+13 0.0502421
0.0299454 5.03299e+13 0.0506438
0.0300454 5.04983e+13 0.0510482
0.0301454 5.06667e+13 0.0514552
0.0302454 5.08351e+13 0.0518648
0.0303454 5.10035e+13 0.0522772
0.0304454 5.11718e+13 0.0526922
0.0305454 5.13402e+13 0.0531099
0.0306454 5.15086e+13 0.0535303
0.0307454 5.1677e+13 0.0539534
0.0308454 5.18454e+13 0.0543792
0.0309454 5.20138e+13 0.0548077
0.0310454 5.21822e+13 0.0552389
0.0311454 5.23506e+13 0.0556729
0.0312454 5.2519e+13 0.0561097
0.0313454 5.26874e+13 0.0565492
0.0314454 5.28558e+13 0.0569914
0.0315454 5.30242e+13 0.0574365
0.0316454 5.31926e+13 0.0578843
0.0317454 5.33611e+13 0.0583349
0.0318454 5.35295e+13 0.0587883
0.0319454 5.36979e+13 0.0592445
0.0320454 5.38663e+13 0.0597036
0.0321454 5.40348e+13 0.0601655
0.0322454 5.42032e+13 0.0606302
0.0323454 5.43716e+13 0.0610977
0.0324454 5.45401e+13 0.0615682
0.0325454 5.47085e+13 0.0620414
0.0326454 5.48769e+13 0.0625176
0.0327454 5.50454e+13 0.0629966
0.0328454 5.52138e+13 0.0634786
0.0329454 5.53823e+13 0.0639634
0.0330454 5.55507e+13 0.0644511
0.0331454 5.57192e+13 0.0649418
0.0332454 5.58876e+13 0.0654353
0.0333454 5.60561e+13 0.0659318
0.0334454 5.62245e+13 0.0664313
0.0335454 5.6393e+13 0.0669337
0.0336454 5.65615e+13 0.067439
0.0337454 5.67299e+13 0.0679474
0.0338454 5.68984e+13 0.0684587
0.0339454 5.70669e+13 0.0689729
0.0340454 5.72354e+13 0.0694902
0.0341454 5.74038e+13 0.0700105
0.0342454 5.75723e+13 0.0705338
0.0343454 5.77408e+13 0.0710601
0.0344454 5.79093e+13 0.0715894
0.0345454 5.80778e+13 0.0721217
0.0346454 5.82463e+13 0.0726571
0.0347454 5.84148e+13 0.0731956
0.0348454 5.85833e+13 0.0737371
0.0349454 5.87518e+13 0.0742817
0.0350454 5.89203e+13 0.0748293
0.0351454 5.90888e+13 0.07538
0.0352454 5.92573e+13 0.0759338
0.0353454 5.94258e+13 0.0764908
0.0354454 5.95943e+13 0.0770508
0.0355454 5.97628e+13 0.0776139
0.0356454 5.99314e+13 0.0781802
0.0357454 6.00999e+13 0.0787495
0.0358454 6.02684e+13 0.0793221
0.0359454 6.04369e+13 0.0798977
0.0360454 6.06055e+13 0.0804765
0.0361454 6.0774e+13 0.0810585
0.0362454 6.09425e+13 0.0816437
0.0363454 6.11111e+13 0.082232
0.0364454 6.12796e+13 0.0828235
0.0365454 6.14482e+13 0.0834182
0.0366454 6.16167e+13 0.0840161
0.0367454 6.17853e+13 0.0846172
0.0368454 6.19538e+13 0.0852216
0.0369454 6.21224e+13 0.0858291
0.0370454 6.2291e+13 0.0864399
0.0371454 6.24595e+13 0.0870539
0.0372454 6.26281e+13 0.0876712
0.0373454 6.27967e+13 0.0882917
0.0374454 6.29652e+13 0.0889155
0.0375454 6.31338e+13 0.0895425
0.0376454 6.33024e+13 0.0901728
0.0377454 6.3471e+13 0.0908064
0.0378454 6.36395e+13 0.0914433
0.0379454 6.38081e+13 0.0920835
0.0380454 6.39767e+13 0.092727
0.0381454 6.41453e+13 0.0933738
0.0382454 6.43139e+13 0.094024
0.0383454 6.44825e+13 0.0946775
0.0384454 6.46511e+13 0.0953343
0.0385454 6.48197e+13 0.0959944
0.0386454 6.49883e+13 0.0966579
0.0387454 6.51569e+13 0.0973248
0.0388454 6.53256e+13 0.097995
0.0389454 6.54942e+13 0.0986686
0.0390454 6.56628e+13 0.0993455
0.0391454 6.58314e+13 0.100026
0.0392454 6.60001e+13 0.10071
0.0393454 6.61687e+13 0.101397
0.0394454 6.63373e+13 0.102087
0.0395454 6.6506e+13 0.102781
0.0396454 6.66746e+13 0.103479
0.0397454 6.68432e+13 0.10418
0.0398454 6.70119e+13 0.104884
0.0399454 6.71805e+13 0.105592
0.0400454 6.73492e+13 0.106303
0.0401454 6.75178e+13 0.107018
0.0402454 6.76865e+13 0.107736
0.0403454 6.78552e+13 0.108457
0.0404454 6.80238e+13 0.109182
0.0405454 6.81925e+13 0.109911
0.0406454 6.83612e+13 0.110643
0.0407454 6.85298e+13 0.111379
0.0408454 6.86985e+13 0.112118
0.0409454 6.88672e+13 0.11286
0.0410454 6.90359e+13 0.113606
0.0411454 6.92046e+13 0.114356
0.0412454 6.93733e+13 0.115109
0.0413454 6.9542e+13 0.115866
0.0414454 6.97106e+13 0.116627
0.0415454 6.98793e+13 0.11739
0.0416454 7.00481e+13 0.118158
0.0417454 7.02168e+13 0.118929
0.0418454 7.03855e+13 0.119704
0.0419454 7.05542e+13 0.120482
0.0420454 7.07229e+13 0.121264
0.0421454 7.08916e+13 0.122049
0.0422454 7.10603e+13 0.122838
0.0423454 7.12291e+13 0.123631
0.0424454 7.13978e+13 0.124427
0.0425454 7.15665e+13 0.125228
0.0426454 7.17353e+13 0.126031
0.0427454 7.1904e+13 0.126838
0.0428454 7.20728e+13 0.127649
0.0429454 7.22415e+13 0.128464
0.0430454 7.24103e+13 0.129283
0.0431454 7.2579e+13 0.130105
0.0432454 7.27478e+13 0.13093
0.0433454 7.29165e+13 0.13176
0.0434454 7.30853e+13 0.132593
0.0435454 7.32541e+13 0.13343
0.0436454 7.34228e+13 0.134271
0.0437454 7.35916e+13 0.135115
0.0438454 7.37604e+13 0.135963
0.0439454 7.39292e+13 0.136815
0.0440454 7.40979e+13 0.137671
0.0441454 7.42667e+13 0.13853
0.0442454 7.44355e+13 0.139393
0.0443454 7.46043e+13 0.14026
0.0444454 7.47731e+13 0.141131
0.0445454 7.49419e+13 0.142006
0.0446454 7.51107e+13 0.142884
0.0447454 7.52795e+13 0.143766
0.0448454 7.54483e+13 0.144652
0.0449454 7.56172e+13 0.145542
0.0450454 7.5786e+13 0.146436
0.0451454 7.59548e+13 0.147334
0.0452454 7.61236e+13 0.148235
0.0453454 7.62925e+13 0.149141
0.0454454 7.64613e+13 0.15005
0.0455454 7.66301e+13 0.150963
0.0456454 7.6799e+13 0.15188
0.0457454 7.69678e+13 0.152801
0.0458454 7.71367e+13 0.153726
0.0459454 7.73055e+13 0.154655
0.0460454 7.74744e+13 0.155588
0.0461454 7.76432e+13 0.156524
0.0462454 7.78121e+13 0.157465
0.0463454 7.7981e+13 0.15841
0.0464454 7.81498e+13 0.159358
0.0465454 7.83187e+13 0.160311
0.0466454 7.84876e+13 0.161268
0.0467454 7.86565e+13 0.162228
0.0468454 7.88253e+13 0.163193
0.0469454 7.89942e+13 0.164161
0.0470454 7.91631e+13 0.165134
0.0471454 7.9332e+13 0.166111
0.0472454 7.95009e+13 0.167092
0.0473454 7.96698e+13 0.168076
0.0474454 7.98387e+13 0.169065
0.0475454 8.00076e+13 0.170058
0.0476454 8.01765e+13 0.171055
0.0477454 8.03455e+13 0.172057
0.0478454 8.05144e+13 0.173062
0.0479454 8.06833e+13 0.174071
0.0480454 8.08522e+13 0.175085
0.0481454 8.10212e+13 0.176102
0.0482454 8.11901e+13 0.177124
0.0483454 8.1359e+13 0.17815
0.0484454 8.1528e+13 0.17918
0.0485454 8.16969e+13 0.180214
0.0486454 8.18659e+13 0.181253
0.0487454 8.20348e+13 0.182295
0.0488454 8.22038e+13 0.183342
0.0489454 8.23728e+13 0.184393
0.0490454 8.25417e+13 0.185449
0.0491454 8.27107e+13 0.186508
0.0492454 8.28797e+13 0.187572
0.0493454 8.30487e+13 0.18864
0.0494454 8.32176e+13 0.189712
0.0495454 8.33866e+13 0.190788
0.0496454 8.35556e+13 0.191869
0.0497454 8.37246e+13 0.192954
0.0498454 8.38936e+13 0.194043
0.0499454 8.40626e+13 0.195137
0.0500454 8.42316e+13 0.196234
0.0501454 8.44006e+13 0.197337
0.0502454 8.45696e+13 0.198443
0.0503454 8.47386e+13 0.199554
0.0504454 8.49077e+13 0.200669
0.0505454 8.50767e+13 0.201788
0.0506454 8.52457e+13 0.202912
0.0507454 8.54148e+13 0.20404
0.0508454 8.55838e+13 0.205173
0.0509454 8.57528e+13 0.20631
0.0510454 8.59219e+13 0.207451
0.0511454 8.60909e+13 0.208597
0.0512454 8.626e+13 0.209747
0.0513454 8.6429e+13 0.210901
0.0514454 8.65981e+13 0.21206
0.0515454 8.67672e+13 0.213223
0.0516454 8.69362e+13 0.214391
0.0517454 8.71053e+13 0.215563
0.0518454 8.72744e+13 0.216739
0.0519454 8.74435e+13 0.21792
0.0520454 8.76125e+13 0.219106
0.0521454 8.77816e+13 0.220295
0.0522454 8.79507e+13 0.22149
0.0523454 8.81198e+13 0.222688
0.0524454 8.82889e+13 0.223891
0.0525454 8.8458e+13 0.225099
0.0526454 8.86271e+13 0.226311
0.0527454 8.87962e+13 0.227528
0.0528454 8.89654e+13 0.228749
0.0529454 8.91345e+13 0.229974
0.0530454 8.93036e+13 0.231204
0.0531454 8.94727e+13 0.232439
0.0532454 8.96419e+13 0.233678
0.0533454 8.9811e+13 0.234921
0.0534454 8.99802e+13 0.236169
0.0535454 9.01493e+13 0.237422
0.0536454 9.03185e+13 0.238679
0.0537454 9.04876e+13 0.23994
0.0538454 9.06568e+13 0.241206
0.0539454 9.08259e+13 0.242477
0.0540454 9.09951e+13 0.243752
0.0541454 9.11643e+13 0.245031
0.0542454 9.13334e+13 0.246315
0.0543454 9.15026e+13 0.247603
0.0544454 9.16718e+13 0.248896
0.0545454 9.1841e+13 0.250194
0.0546454 9.20102e+13 0.251496
0.0547454 9.21794e+13 0.252802
0.0548454 9.23486e+13 0.254113
0.0549454 9.25178e+13 0.255429
0.0550454 9.2687e+13 0.256749
0.0551454 9.28562e+13 0.258073
0.0552454 9.30254e+13 0.259402
0.0553454 9.31947e+13 0.260735
0.0554454 9.33639e+13 0.262073
0.0555454 9.35331e+13 0.263415
0.0556454 9.37024e+13 0.264762
0.0557454 9.38716e+13 0.266113
0.0558454 9.40408e+13 0.267468
0.0559454 9.42101e+13 0.268828
0.0560454 9.43793e+13 0.270192
0.0561454 9.45486e+13 0.271561
0.0562454 9.47179e+13 0.272934
0.0563454 9.48871e+13 0.274311
0.0564454 9.50564e+13 0.275693
0.0565454 9.52257e+13 0.277079
0.0566454 9.5395e+13 0.278469
0.0567454 9.55642e+13 0.279863
0.0568454 9.57335e+13 0.281262
0.0569454 9.59028e+13 0.282664
0.0570454 9.60721e+13 0.284071
0.0571454 9.62414e+13 0.285482
0.0572454 9.64107e+13 0.286896
0.0573454 9.658e+13 0.288315
0.0574454 9.67493e+13 0.289738
0.0575454 9.69187e+13 0.291164
0.0576454 9.7088e+13 0.292594
0.0577454 9.72573e+13 0.294028
0.0578454 9.74266e+13 0.295465
0.0579454 9.7596e+13 0.296906
0.0580454 9.77653e+13 0.29835
0.0581454 9.79347e+13 0.299797
0.0582454 9.8104e+13 0.298525
0.0592454 9.97977e+13 0.313997
0.0602454 1.01492e+14 0.330011
0.0612454 1.03187e+14 0.346575
0.0622454 1.04882e+14 0.363697
0.0632454 1.06577e+14 0.381386
0.0642454 1.08273e+14 0.399649
0.0652454 1.0997e+14 0.418495
0.0662454 1.11667e+14 0.43793
0.0672454 1.13365e+14 0.457964
0.0682454 1.15063e+14 0.478603
0.0692454 1.16762e+14 0.499856
0.0702454 1.18461e+14 0.521729
0.0712454 1.20161e+14 0.544229
0.0722454 1.21862e+14 0.567365
0.0732454 1.23563e+14 0.591143
0.0742454 1.25265e+14 0.615571
0.0752454 1.26967e+14 0.640654
0.0762454 1.2867e+14 0.666401
0.0772454 1.30373e+14 0.692818
0.0782454 1.32077e+14 0.719911
0.0792454 1.33782e+14 0.747687
0.0802454 1.35487e+14 0.776153
0.0812454 1.37193e+14 0.805315
0.0822454 1.389e+14 0.835179
0.0832454 1.40607e+14 0.865752
0.0842454 1.42315e+14 0.897039
0.0852454 1.44024e+14 0.929048
0.0862454 1.45733e+14 0.961783
0.0872454 1.47443e+14 0.995251
0.0882454 1.49154e+14 1.02946
0.0892454 1.50865e+14 1.06441
0.0902454 1.52577e+14 1.10011
0.0912454 1.5429e+14 1.13657
0.0922454 1.56003e+14 1.17379
0.0932454 1.57717e+14 1.21177
0.0942454 1.59432e+14 1.25053
0.0952454 1.61148e+14 1.29007
0.0962454 1.62865e+14 1.33039
0.0972454 1.64582e+14 1.37149
0.0982454 1.663e+14 1.41339
0.0992454 1.68018e+14 1.45609
0.100245 1.69738e+14 1.4996
0.101245 1.71458e+14 1.54391
0.102245 1.73179e+14 1.58903
0.103245 1.74901e+14 1.63498
0.104245 1.76624e+14 1.68175
0.105245 1.78347e+14 1.72934
0.106245 1.80072e+14 1.77777
0.107245 1.81797e+14 1.82704
0.108245 1.83523e+14 1.87715
0.109245 1.85249e+14 1.92768
0.114245 1.93895e+14 2.18654
0.119245 2.02562e+14 2.46194
0.124245 2.1125e+14 2.7559
0.129245 2.1996e+14 3.06947
0.134245 2.28692e+14 3.40345
0.139245 2.37446e+14 3.75858
0.144245 2.46224e+14 4.13552
0.149245 2.55025e+14 4.53495
0.154245 2.63851e+14 4.95755
0.159245 2.72701e+14 5.404
0.164245 2.81577e+14 5.87501
0.169245 2.90479e+14 6.37132
0.174245 2.99407e+14 6.89373
0.179245 3.08363e+14 7.44304
0.184245 3.17346e+14 8.02014
0.189245 3.26358e+14 8.62595
0.194245 3.35398e+14 9.26146
0.199245 3.44469e+14 9.92772
0.204245 3.53569e+14 10.6258
0.209245 3.627e+14 11.357
0.214245 3.71863e+14 12.1225
0.219245 3.81059e+14 12.9237
0.224245 3.90287e+14 13.7621
0.229245 3.99549e+14 14.6391
0.234245 4.08846e+14 15.5564
0.239245 4.18178e+14 16.5158
0.244245 4.27547e+14 17.5191
0.249245 4.36953e+14 18.5682
0.254245 4.46397e+14 19.6652
0.259245 4.5588e+14 20.8123
0.264245 4.65403e+14 22.0119
0.269245 4.74967e+14 23.2664
0.274245 4.84574e+14 24.5783
0.279245 4.94224e+14 25.9504
0.284245 5.03918e+14 27.3855
0.289245 5.13659e+14 28.8867
0.294245 5.23446e+14 30.457
0.299245 5.33282e+14 32.0998
0.304245 5.43168e+14 33.8186
0.309245 5.53105e+14 35.617
0.314245 5.63095e+14 37.4988
0.319245 5.7314e+14 39.4679
0.324245 5.8324e+14 41.5285
0.329245 5.93398e+14 43.6848
0.334245 6.03616e+14 45.9414
0.339245 6.13895e+14 48.3029
0.344245 6.24238e+14 50.7741
0.349245 6.34646e+14 53.3601
0.354245 6.45121e+14 56.0662
0.359245 6.55666e+14 58.8977
0.364245 6.66282e+14 61.8602
0.369245 6.76972e+14 64.9596
0.374245 6.87739e+14 68.2018
0.379245 6.98585e+14 71.5931
0.384245 7.09512e+14 75.1399
0.389245 7.20523e+14 78.8486
0.394245 7.3162e+14 82.7263
0.399245 7.42808e+14 86.7797
0.404245 7.54087e+14 91.0163
0.409245 7.65462e+14 95.4433
0.414245 7.76936e+14 100.068
0.419245 7.88511e+14 104.899
0.424245 8.00191e+14 109.944
0.429245 8.11979e+14 115.211
0.434245 8.23878e+14 120.708
0.439245 8.35893e+14 126.444
0.444245 8.48027e+14 132.427
0.449245 8.60283e+14 138.668
0.454245 8.72666e+14 145.173
0.459245 8.85178e+14 151.953
