1e-10 165821 6.72436e-13
1.02e-10 169138 6.95005e-13
1.0404e-10 172520 7.18321e-13
1.06121e-10 175971 7.42409e-13
1.08243e-10 179490 7.67292e-13
1.10408e-10 183080 7.92998e-13
1.12616e-10 186742 8.19552e-13
1.14869e-10 190477 8.46983e-13
1.17166e-10 194286 8.75319e-13
1.19509e-10 198172 9.04589e-13
1.21899e-10 202135 9.34824e-13
1.24337e-10 206178 9.66055e-13
1.26824e-10 210302 9.98313e-13
1.29361e-10 214508 1.03163e-12
1.31948e-10 218798 1.06605e-12
1.34587e-10 223174 1.1016e-12
1.37279e-10 227637 1.13831e-12
1.40024e-10 232190 1.17623e-12
1.42825e-10 236834 1.21539e-12
1.45681e-10 241571 1.25584e-12
1.48595e-10 246402 1.29762e-12
1.51567e-10 251330 1.34076e-12
1.54598e-10 256357 1.38531e-12
1.5769e-10 261484 1.43133e-12
1.60844e-10 266714 1.47884e-12
1.64061e-10 272048 1.52791e-12
1.67342e-10 277489 1.57859e-12
1.70689e-10 283039 1.63091e-12
1.74102e-10 288700 1.68495e-12
1.77584e-10 294474 1.74075e-12
1.81136e-10 300364 1.79836e-12
1.84759e-10 306371 1.85785e-12
1.88454e-10 312498 1.91928e-12
1.92223e-10 318748 1.98271e-12
1.96068e-10 325123 2.0482e-12
1.99989e-10 331626 2.11582e-12
2.03989e-10 338259 2.18563e-12
2.08069e-10 345024 2.25771e-12
2.1223e-10 351924 2.33212e-12
2.16474e-10 358963 2.40895e-12
2.20804e-10 366142 2.48827e-12
2.2522e-10 373465 2.57015e-12
2.29724e-10 380935 2.65469e-12
2.34319e-10 388553 2.74196e-12
2.39005e-10 396325 2.83204e-12
2.43785e-10 404251 2.92504e-12
2.48661e-10 412336 3.02104e-12
2.53634e-10 420583 3.12013e-12
2.58707e-10 428995 3.22242e-12
2.63881e-10 437575 3.32801e-12
2.69159e-10 446327 3.43699e-12
2.74542e-10 455253 3.54948e-12
2.80033e-10 464358 3.66558e-12
2.85633e-10 473646 3.78542e-12
2.91346e-10 483119 3.9091e-12
2.97173e-10 492781 4.03675e-12
3.03117e-10 502637 4.16849e-12
3.09179e-10 512690 4.30446e-12
3.15362e-10 522944 4.44478e-12
3.2167e-10 533403 4.58959e-12
3.28103e-10 544071 4.73903e-12
3.34665e-10 554953 4.89324e-12
3.41358e-10 566052 5.05238e-12
3.48186e-10 577373 5.2166e-12
3.55149e-10 588921 5.38606e-12
3.62252e-10 600700 5.56092e-12
3.69497e-10 612714 5.74134e-12
3.76887e-10 624968 5.92751e-12
3.84425e-10 637468 6.1196e-12
3.92114e-10 650217 6.31779e-12
3.99956e-10 663222 6.52227e-12
4.07955e-10 676487 6.73325e-12
4.16114e-10 690017 6.95091e-12
4.24436e-10 703817 7.17548e-12
4.32925e-10 717894 7.40715e-12
4.41584e-10 732252 7.64616e-12
4.50415e-10 746897 7.89272e-12
4.59424e-10 761835 8.14707e-12
4.68612e-10 777073 8.40946e-12
4.77984e-10 792614 8.68012e-12
4.87544e-10 808467 8.95932e-12
4.97295e-10 824637 9.24731e-12
5.07241e-10 841130 9.54437e-12
5.17386e-10 857953 9.85077e-12
5.27733e-10 875112 1.01668e-11
5.38288e-10 892615 1.04928e-11
5.49054e-10 910467 1.0829e-11
5.60035e-10 928677 1.11757e-11
5.71235e-10 947251 1.15333e-11
5.8266e-10 966196 1.19021e-11
5.94313e-10 985521 1.22825e-11
6.062e-10 1.00523e+06 1.26747e-11
6.18324e-10 1.02534e+06 1.30792e-11
6.3069e-10 1.04584e+06 1.34963e-11
6.43304e-10 1.06676e+06 1.39264e-11
6.5617e-10 1.0881e+06 1.437e-11
6.69293e-10 1.10986e+06 1.48273e-11
6.82679e-10 1.13206e+06 1.52989e-11
6.96333e-10 1.1547e+06 1.57852e-11
7.10259e-10 1.17779e+06 1.62866e-11
7.24465e-10 1.20135e+06 1.68035e-11
7.38954e-10 1.22538e+06 1.73365e-11
7.53733e-10 1.24989e+06 1.7886e-11
7.68808e-10 1.27488e+06 1.84525e-11
7.84184e-10 1.30038e+06 1.90366e-11
7.99867e-10 1.32639e+06 1.96387e-11
8.15865e-10 1.35292e+06 2.02594e-11
8.32182e-10 1.37998e+06 2.08993e-11
8.48826e-10 1.40758e+06 2.1559e-11
8.65802e-10 1.43573e+06 2.22389e-11
8.83118e-10 1.46445e+06 2.29399e-11
9.00781e-10 1.49374e+06 2.36624e-11
9.18796e-10 1.52361e+06 2.44071e-11
9.37172e-10 1.55408e+06 2.51747e-11
9.55916e-10 1.58517e+06 2.59659e-11
9.75034e-10 1.61687e+06 2.67813e-11
9.94535e-10 1.64921e+06 2.76218e-11
1.01443e-09 1.6822e+06 2.8488e-11
1.03471e-09 1.71584e+06 2.93807e-11
1.05541e-09 1.75016e+06 3.03007e-11
1.07652e-09 1.78516e+06 3.12488e-11
1.09805e-09 1.82087e+06 3.22259e-11
1.12001e-09 1.85729e+06 3.32328e-11
1.14241e-09 1.89443e+06 3.42703e-11
1.16526e-09 1.93232e+06 3.53395e-11
1.18856e-09 1.97097e+06 3.64412e-11
1.21233e-09 2.01039e+06 3.75764e-11
1.23658e-09 2.0506e+06 3.87461e-11
1.26131e-09 2.09161e+06 3.99513e-11
1.28654e-09 2.13345e+06 4.11931e-11
1.31227e-09 2.17612e+06 4.24725e-11
1.33851e-09 2.21964e+06 4.37907e-11
1.36528e-09 2.26404e+06 4.51487e-11
1.39259e-09 2.30932e+06 4.65478e-11
1.42044e-09 2.35551e+06 4.79891e-11
1.44885e-09 2.40262e+06 4.9474e-11
1.47783e-09 2.45067e+06 5.10036e-11
1.50738e-09 2.49969e+06 5.25794e-11
1.53753e-09 2.54968e+06 5.42025e-11
1.56828e-09 2.60068e+06 5.58746e-11
1.59965e-09 2.65269e+06 5.75968e-11
1.63164e-09 2.70575e+06 5.93708e-11
1.66427e-09 2.75987e+06 6.11981e-11
1.69756e-09 2.81507e+06 6.30801e-11
1.73151e-09 2.87137e+06 6.50185e-11
1.76614e-09 2.9288e+06 6.7015e-11
1.80146e-09 2.98738e+06 6.90711e-11
1.83749e-09 3.04713e+06 7.11887e-11
1.87424e-09 3.10807e+06 7.33696e-11
1.91173e-09 3.17024e+06 7.56155e-11
1.94996e-09 3.23365e+06 7.79284e-11
1.98896e-09 3.29832e+06 8.03102e-11
2.02874e-09 3.36429e+06 8.27629e-11
2.06931e-09 3.43158e+06 8.52885e-11
2.1107e-09 3.50021e+06 8.78892e-11
2.15291e-09 3.57022e+06 9.05671e-11
2.19597e-09 3.64163e+06 9.33245e-11
2.23989e-09 3.71447e+06 9.61636e-11
2.28469e-09 3.78876e+06 9.90868e-11
2.33038e-09 3.86454e+06 1.02097e-10
2.37699e-09 3.94183e+06 1.05195e-10
2.42453e-09 4.02067e+06 1.08386e-10
2.47302e-09 4.10109e+06 1.1167e-10
2.52248e-09 4.18311e+06 1.15051e-10
2.57293e-09 4.26678e+06 1.18532e-10
2.62439e-09 4.35212e+06 1.22116e-10
2.67688e-09 4.43917e+06 1.25805e-10
2.73042e-09 4.52796e+06 1.29603e-10
2.78502e-09 4.61852e+06 1.33512e-10
2.84072e-09 4.71089e+06 1.37536e-10
2.89754e-09 4.80512e+06 1.41678e-10
2.95549e-09 4.90123e+06 1.45941e-10
3.0146e-09 4.99925e+06 1.5033e-10
3.07489e-09 5.09925e+06 1.54846e-10
3.13639e-09 5.20124e+06 1.59495e-10
3.19912e-09 5.30527e+06 1.6428e-10
3.2631e-09 5.41138e+06 1.69204e-10
3.32836e-09 5.51961e+06 1.74272e-10
3.39493e-09 5.63001e+06 1.79488e-10
3.46283e-09 5.74262e+06 1.84856e-10
3.53208e-09 5.85748e+06 1.9038e-10
3.60272e-09 5.97463e+06 1.96065e-10
3.67478e-09 6.09413e+06 2.01915e-10
3.74827e-09 6.21602e+06 2.07935e-10
3.82324e-09 6.34035e+06 2.1413e-10
3.89971e-09 6.46716e+06 2.20504e-10
3.9777e-09 6.59652e+06 2.27063e-10
4.05725e-09 6.72845e+06 2.33812e-10
4.1384e-09 6.86303e+06 2.40757e-10
4.22117e-09 7.0003e+06 2.47902e-10
4.30559e-09 7.14032e+06 2.55253e-10
4.3917e-09 7.28313e+06 2.62817e-10
4.47954e-09 7.4288e+06 2.70599e-10
4.56913e-09 7.57739e+06 2.78606e-10
4.66051e-09 7.72895e+06 2.86843e-10
4.75372e-09 7.88354e+06 2.95317e-10
4.84879e-09 8.04122e+06 3.04035e-10
4.94577e-09 8.20205e+06 3.13003e-10
5.04468e-09 8.36611e+06 3.2223e-10
5.14558e-09 8.53344e+06 3.31721e-10
5.24849e-09 8.70412e+06 3.41484e-10
5.35346e-09 8.87822e+06 3.51527e-10
5.46053e-09 9.05579e+06 3.61858e-10
5.56974e-09 9.23692e+06 3.72485e-10
5.68113e-09 9.42167e+06 3.83415e-10
5.79476e-09 9.61012e+06 3.94659e-10
5.91065e-09 9.80234e+06 4.06223e-10
6.02886e-09 9.9984e+06 4.18117e-10
6.14944e-09 1.01984e+07 4.30351e-10
6.27243e-09 1.04024e+07 4.42933e-10
6.39788e-09 1.06104e+07 4.55874e-10
6.52584e-09 1.08227e+07 4.69184e-10
6.65635e-09 1.10391e+07 4.82872e-10
6.78948e-09 1.12599e+07 4.96949e-10
6.92527e-09 1.14851e+07 5.11426e-10
7.06378e-09 1.17149e+07 5.26314e-10
7.20505e-09 1.19492e+07 5.41625e-10
7.34915e-09 1.21882e+07 5.5737e-10
7.49614e-09 1.2432e+07 5.73561e-10
7.64606e-09 1.26806e+07 5.9021e-10
7.79898e-09 1.29343e+07 6.07331e-10
7.95496e-09 1.3193e+07 6.24936e-10
8.11406e-09 1.34568e+07 6.43039e-10
8.27634e-09 1.3726e+07 6.61653e-10
8.44187e-09 1.40006e+07 6.80793e-10
8.6107e-09 1.42806e+07 7.00473e-10
8.78292e-09 1.45662e+07 7.20707e-10
8.95858e-09 1.48576e+07 7.41512e-10
9.13775e-09 1.51548e+07 7.62903e-10
9.3205e-09 1.54579e+07 7.84895e-10
9.50691e-09 1.57671e+07 8.07507e-10
9.69705e-09 1.60824e+07 8.30754e-10
9.89099e-09 1.64041e+07 8.54654e-10
1.00888e-08 1.67322e+07 8.79225e-10
1.02906e-08 1.70669e+07 9.04486e-10
1.04964e-08 1.74083e+07 9.30455e-10
1.07063e-08 1.77565e+07 9.57152e-10
1.09205e-08 1.81116e+07 9.84597e-10
1.11389e-08 1.84739e+07 1.01281e-09
1.13616e-08 1.88434e+07 1.04181e-09
1.15889e-08 1.92203e+07 1.07163e-09
1.18207e-08 1.96048e+07 1.10227e-09
1.20571e-08 1.99969e+07 1.13378e-09
1.22982e-08 2.03969e+07 1.16616e-09
1.25442e-08 2.08049e+07 1.19945e-09
1.27951e-08 2.1221e+07 1.23366e-09
1.3051e-08 2.16455e+07 1.26883e-09
1.3312e-08 2.20784e+07 1.30498e-09
1.35782e-08 2.252e+07 1.34213e-09
1.38498e-08 2.29705e+07 1.38032e-09
1.41268e-08 2.34299e+07 1.41957e-09
1.44093e-08 2.38986e+07 1.45991e-09
1.46975e-08 2.43766e+07 1.50138e-09
1.49914e-08 2.48642e+07 1.54399e-09
1.52913e-08 2.53615e+07 1.58779e-09
1.55971e-08 2.58688e+07 1.6328e-09
1.5909e-08 2.63863e+07 1.67906e-09
1.62272e-08 2.69141e+07 1.7266e-09
1.65518e-08 2.74524e+07 1.77546e-09
1.68828e-08 2.80015e+07 1.82567e-09
1.72205e-08 2.85616e+07 1.87728e-09
1.75649e-08 2.91329e+07 1.93031e-09
1.79162e-08 2.97156e+07 1.9848e-09
1.82745e-08 3.031e+07 2.0408e-09
1.864e-08 3.09163e+07 2.09835e-09
1.90128e-08 3.15347e+07 2.15749e-09
1.9393e-08 3.21655e+07 2.21825e-09
1.97809e-08 3.28089e+07 2.2807e-09
2.01765e-08 3.34651e+07 2.34487e-09
2.058e-08 3.41345e+07 2.4108e-09
2.09916e-08 3.48173e+07 2.47855e-09
2.14115e-08 3.55137e+07 2.54817e-09
2.18397e-08 3.62241e+07 2.6197e-09
2.22765e-08 3.69487e+07 2.6932e-09
2.2722e-08 3.76877e+07 2.76871e-09
2.31765e-08 3.84416e+07 2.84631e-09
2.364e-08 3.92105e+07 2.92604e-09
2.41128e-08 3.99948e+07 3.00795e-09
2.45951e-08 4.07948e+07 3.09212e-09
2.5087e-08 4.16109e+07 3.17859e-09
2.55887e-08 4.24432e+07 3.26743e-09
2.61005e-08 4.32922e+07 3.35871e-09
2.66225e-08 4.41581e+07 3.4525e-09
2.71549e-08 4.50414e+07 3.54885e-09
2.7698e-08 4.59424e+07 3.64783e-09
2.8252e-08 4.68614e+07 3.74953e-09
2.8817e-08 4.77987e+07 3.85401e-09
2.93934e-08 4.87548e+07 3.96135e-09
2.99812e-08 4.97301e+07 4.07162e-09
3.05809e-08 5.07248e+07 4.1849e-09
3.11925e-08 5.17395e+07 4.30127e-09
3.18163e-08 5.27744e+07 4.42083e-09
3.24526e-08 5.38301e+07 4.54365e-09
3.31017e-08 5.49068e+07 4.66981e-09
3.37637e-08 5.60051e+07 4.79942e-09
3.4439e-08 5.71254e+07 4.93256e-09
3.51278e-08 5.82681e+07 5.06933e-09
3.58303e-08 5.94336e+07 5.20983e-09
3.6547e-08 6.06225e+07 5.35415e-09
3.72779e-08 6.18352e+07 5.5024e-09
3.80235e-08 6.30721e+07 5.65468e-09
3.87839e-08 6.43337e+07 5.81111e-09
3.95596e-08 6.56206e+07 5.97179e-09
4.03508e-08 6.69332e+07 6.13683e-09
4.11578e-08 6.82721e+07 6.30637e-09
4.1981e-08 6.96378e+07 6.4805e-09
4.28206e-08 7.10308e+07 6.65937e-09
4.3677e-08 7.24516e+07 6.84309e-09
4.45505e-08 7.39009e+07 7.03179e-09
4.54415e-08 7.53792e+07 7.22561e-09
4.63504e-08 7.6887e+07 7.42469e-09
4.72774e-08 7.8425e+07 7.62917e-09
4.82229e-08 7.99938e+07 7.83918e-09
4.91874e-08 8.1594e+07 8.05489e-09
5.01711e-08 8.32261e+07 8.27644e-09
5.11746e-08 8.48909e+07 8.50398e-09
5.2198e-08 8.65891e+07 8.73768e-09
5.3242e-08 8.83212e+07 8.97771e-09
5.43069e-08 9.00879e+07 9.22423e-09
5.5393e-08 9.189e+07 9.47741e-09
5.65008e-08 9.37282e+07 9.73743e-09
5.76309e-08 9.56031e+07 1.00045e-08
5.87835e-08 9.75155e+07 1.02787e-08
5.99592e-08 9.94662e+07 1.05604e-08
6.11583e-08 1.01456e+08 1.08497e-08
6.23815e-08 1.03485e+08 1.11468e-08
6.36291e-08 1.05555e+08 1.14519e-08
6.49017e-08 1.07667e+08 1.17652e-08
6.61997e-08 1.09821e+08 1.2087e-08
6.75237e-08 1.12018e+08 1.24174e-08
6.88742e-08 1.14258e+08 1.27568e-08
7.02517e-08 1.16544e+08 1.31053e-08
7.16567e-08 1.18875e+08 1.34631e-08
7.30899e-08 1.21253e+08 1.38307e-08
7.45517e-08 1.23679e+08 1.42081e-08
7.60427e-08 1.26153e+08 1.45956e-08
7.75636e-08 1.28677e+08 1.49936e-08
7.91148e-08 1.31251e+08 1.54023e-08
8.06971e-08 1.33876e+08 1.5822e-08
8.23111e-08 1.36554e+08 1.62529e-08
8.39573e-08 1.39286e+08 1.66955e-08
8.56364e-08 1.42072e+08 1.71499e-08
8.73492e-08 1.44914e+08 1.76166e-08
8.90961e-08 1.47813e+08 1.80957e-08
9.08781e-08 1.5077e+08 1.85877e-08
9.26956e-08 1.53786e+08 1.9093e-08
9.45495e-08 1.56863e+08 1.96118e-08
9.64405e-08 1.60001e+08 2.01445e-08
9.83693e-08 1.63202e+08 2.06914e-08
1.00337e-07 1.66466e+08 2.12531e-08
1.02343e-07 1.69796e+08 2.18298e-08
1.0439e-07 1.73193e+08 2.24219e-08
1.06478e-07 1.76658e+08 2.303e-08
1.08608e-07 1.80192e+08 2.36543e-08
1.1078e-07 1.83796e+08 2.42953e-08
1.12995e-07 1.87473e+08 2.49534e-08
1.15255e-07 1.91224e+08 2.56292e-08
1.1756e-07 1.95049e+08 2.63231e-08
1.19912e-07 1.98951e+08 2.70355e-08
1.2231e-07 2.02931e+08 2.7767e-08
1.24756e-07 2.06991e+08 2.8518e-08
1.27251e-07 2.11131e+08 2.92891e-08
1.29796e-07 2.15355e+08 3.00808e-08
1.32392e-07 2.19663e+08 3.08937e-08
1.3504e-07 2.24058e+08 3.17283e-08
1.37741e-07 2.2854e+08 3.25851e-08
1.40496e-07 2.33112e+08 3.34648e-08
1.43306e-07 2.37775e+08 3.43681e-08
1.46172e-07 2.42532e+08 3.52954e-08
1.49095e-07 2.47384e+08 3.62474e-08
1.52077e-07 2.52333e+08 3.72249e-08
1.55119e-07 2.57381e+08 3.82284e-08
1.58221e-07 2.6253e+08 3.92586e-08
1.61385e-07 2.67782e+08 4.03163e-08
1.64613e-07 2.73139e+08 4.14023e-08
1.67905e-07 2.78604e+08 4.25171e-08
1.71263e-07 2.84177e+08 4.36616e-08
1.74689e-07 2.89862e+08 4.48366e-08
1.78182e-07 2.95661e+08 4.60429e-08
1.81746e-07 3.01576e+08 4.72813e-08
1.85381e-07 3.07609e+08 4.85527e-08
1.89089e-07 3.13763e+08 4.98578e-08
1.9287e-07 3.2004e+08 5.11977e-08
1.96728e-07 3.26443e+08 5.25733e-08
2.00662e-07 3.32974e+08 5.39854e-08
2.04676e-07 3.39635e+08 5.5435e-08
2.08769e-07 3.4643e+08 5.69232e-08
2.12945e-07 3.5336e+08 5.84509e-08
2.17203e-07 3.6043e+08 6.00192e-08
2.21547e-07 3.67641e+08 6.16291e-08
2.25978e-07 3.74996e+08 6.32818e-08
2.30498e-07 3.82498e+08 6.49784e-08
2.35108e-07 3.9015e+08 6.67199e-08
2.3981e-07 3.97956e+08 6.85078e-08
2.44606e-07 4.05917e+08 7.0343e-08
2.49498e-07 4.14038e+08 7.22269e-08
2.54488e-07 4.22321e+08 7.41608e-08
2.59578e-07 4.3077e+08 7.6146e-08
2.6477e-07 4.39389e+08 7.81838e-08
2.70065e-07 4.48179e+08 8.02756e-08
2.75466e-07 4.57146e+08 8.24228e-08
2.80976e-07 4.66292e+08 8.46269e-08
2.86595e-07 4.75621e+08 8.68894e-08
2.92327e-07 4.85136e+08 8.92118e-08
2.98174e-07 4.94842e+08 9.15957e-08
3.04137e-07 5.04742e+08 9.40427e-08
3.1022e-07 5.1484e+08 9.65545e-08
3.16424e-07 5.25141e+08 9.91327e-08
3.22753e-07 5.35647e+08 1.01779e-07
3.29208e-07 5.46364e+08 1.04496e-07
3.35792e-07 5.57295e+08 1.07284e-07
3.42508e-07 5.68445e+08 1.10146e-07
3.49358e-07 5.79817e+08 1.13083e-07
3.56345e-07 5.91418e+08 1.16099e-07
3.63472e-07 6.0325e+08 1.19194e-07
3.70742e-07 6.1532e+08 1.2237e-07
3.78156e-07 6.27631e+08 1.25631e-07
3.8572e-07 6.40188e+08 1.28977e-07
3.93434e-07 6.52996e+08 1.32413e-07
4.01303e-07 6.66061e+08 1.35938e-07
4.09329e-07 6.79387e+08 1.39557e-07
4.17515e-07 6.9298e+08 1.43271e-07
4.25866e-07 7.06845e+08 1.47083e-07
4.34383e-07 7.20987e+08 1.50996e-07
4.4307e-07 7.35412e+08 1.55012e-07
4.51932e-07 7.50126e+08 1.59134e-07
4.60971e-07 7.65134e+08 1.63364e-07
4.7019e-07 7.80443e+08 1.67706e-07
4.79594e-07 7.96058e+08 1.72162e-07
4.89186e-07 8.11985e+08 1.76736e-07
4.98969e-07 8.28231e+08 1.8143e-07
5.08949e-07 8.44802e+08 1.86248e-07
5.19128e-07 8.61705e+08 1.91193e-07
5.2951e-07 8.78946e+08 1.96267e-07
5.401e-07 8.96532e+08 2.01476e-07
5.50902e-07 9.1447e+08 2.06821e-07
5.61921e-07 9.32767e+08 2.12307e-07
5.73159e-07 9.5143e+08 2.17937e-07
5.84622e-07 9.70466e+08 2.23715e-07
5.96315e-07 9.89884e+08 2.29646e-07
6.08241e-07 1.00969e+09 2.35732e-07
6.20406e-07 1.02989e+09 2.41977e-07
6.32814e-07 1.0505e+09 2.48388e-07
6.4547e-07 1.07152e+09 2.54966e-07
6.58379e-07 1.09296e+09 2.61717e-07
6.71547e-07 1.11483e+09 2.68646e-07
6.84978e-07 1.13713e+09 2.75756e-07
6.98678e-07 1.15988e+09 2.83053e-07
7.12651e-07 1.18309e+09 2.90541e-07
7.26904e-07 1.20677e+09 2.98226e-07
7.41442e-07 1.23091e+09 3.06113e-07
7.56271e-07 1.25554e+09 3.14206e-07
7.71396e-07 1.28066e+09 3.22512e-07
7.86824e-07 1.30629e+09 3.31035e-07
8.02561e-07 1.33243e+09 3.39781e-07
8.18612e-07 1.35909e+09 3.48757e-07
8.34984e-07 1.38628e+09 3.57968e-07
8.51684e-07 1.41402e+09 3.67421e-07
8.68718e-07 1.44231e+09 3.7712e-07
8.86092e-07 1.47117e+09 3.87074e-07
9.03814e-07 1.50061e+09 3.97288e-07
9.2189e-07 1.53064e+09 4.0777e-07
9.40328e-07 1.56126e+09 4.18526e-07
9.59135e-07 1.5925e+09 4.29563e-07
9.78317e-07 1.62437e+09 4.40889e-07
9.97884e-07 1.65687e+09 4.52511e-07
1.01784e-06 1.69003e+09 4.64437e-07
1.0382e-06 1.72384e+09 4.76674e-07
1.05896e-06 1.75834e+09 4.89232e-07
1.08014e-06 1.79352e+09 5.02117e-07
1.10174e-06 1.82941e+09 5.15339e-07
1.12378e-06 1.86602e+09 5.28907e-07
1.14625e-06 1.90336e+09 5.42829e-07
1.16918e-06 1.94145e+09 5.57114e-07
1.19256e-06 1.98029e+09 5.71772e-07
1.21641e-06 2.01992e+09 5.86812e-07
1.24074e-06 2.06034e+09 6.02245e-07
1.26556e-06 2.10157e+09 6.1808e-07
1.29087e-06 2.14362e+09 6.34328e-07
1.31669e-06 2.18652e+09 6.51e-07
1.34302e-06 2.23027e+09 6.68106e-07
1.36988e-06 2.2749e+09 6.85658e-07
1.39728e-06 2.32042e+09 7.03668e-07
1.42522e-06 2.36686e+09 7.22146e-07
1.45373e-06 2.41422e+09 7.41106e-07
1.4828e-06 2.46253e+09 7.6056e-07
1.51246e-06 2.51181e+09 7.80519e-07
1.54271e-06 2.56208e+09 8.00999e-07
1.57356e-06 2.61335e+09 8.22011e-07
1.60503e-06 2.66564e+09 8.43569e-07
1.63713e-06 2.71899e+09 8.65689e-07
1.66988e-06 2.7734e+09 8.88383e-07
1.70327e-06 2.8289e+09 9.11668e-07
1.73734e-06 2.88551e+09 9.35557e-07
1.77209e-06 2.94325e+09 9.60068e-07
1.80753e-06 3.00215e+09 9.85215e-07
1.84368e-06 3.06223e+09 1.01101e-06
1.88055e-06 3.12351e+09 1.03748e-06
1.91816e-06 3.18602e+09 1.06464e-06
1.95653e-06 3.24978e+09 1.0925e-06
1.99566e-06 3.31481e+09 1.12109e-06
2.03557e-06 3.38115e+09 1.15042e-06
2.07628e-06 3.44882e+09 1.1805e-06
2.11781e-06 3.51783e+09 1.21137e-06
2.16016e-06 3.58823e+09 1.24304e-06
2.20337e-06 3.66004e+09 1.27552e-06
2.24743e-06 3.73329e+09 1.30885e-06
2.29238e-06 3.808e+09 1.34305e-06
2.33823e-06 3.88421e+09 1.37813e-06
2.38499e-06 3.96195e+09 1.41411e-06
2.43269e-06 4.04124e+09 1.45103e-06
2.48135e-06 4.12211e+09 1.48891e-06
2.53098e-06 4.20461e+09 1.52776e-06
2.5816e-06 4.28876e+09 1.56762e-06
2.63323e-06 4.37459e+09 1.60851e-06
2.68589e-06 4.46214e+09 1.65045e-06
2.73961e-06 4.55144e+09 1.69349e-06
2.7944e-06 4.64253e+09 1.73763e-06
2.85029e-06 4.73545e+09 1.78291e-06
2.9073e-06 4.83022e+09 1.82936e-06
2.96544e-06 4.92689e+09 1.87702e-06
3.02475e-06 5.0255e+09 1.9259e-06
3.08525e-06 5.12608e+09 1.97604e-06
3.14695e-06 5.22867e+09 2.02748e-06
3.20989e-06 5.33332e+09 2.08024e-06
3.27409e-06 5.44006e+09 2.13437e-06
3.33957e-06 5.54894e+09 2.18989e-06
3.40636e-06 5.65999e+09 2.24684e-06
3.47449e-06 5.77328e+09 2.30526e-06
3.54398e-06 5.88882e+09 2.36518e-06
3.61486e-06 6.00669e+09 2.42665e-06
3.68715e-06 6.12691e+09 2.48969e-06
3.7609e-06 6.24954e+09 2.55437e-06
3.83611e-06 6.37462e+09 2.6207e-06
3.91284e-06 6.50221e+09 2.68874e-06
3.99109e-06 6.63235e+09 2.75854e-06
4.07092e-06 6.7651e+09 2.83012e-06
4.15233e-06 6.9005e+09 2.90355e-06
4.23538e-06 7.03861e+09 2.97886e-06
4.32009e-06 7.17949e+09 3.05611e-06
4.40649e-06 7.3232e+09 3.13534e-06
4.49462e-06 7.46977e+09 3.21661e-06
4.58451e-06 7.61928e+09 3.29996e-06
4.6762e-06 7.77179e+09 3.38545e-06
4.76973e-06 7.92735e+09 3.47314e-06
4.86512e-06 8.08602e+09 3.56307e-06
4.96242e-06 8.24787e+09 3.65531e-06
5.06167e-06 8.41296e+09 3.74991e-06
5.1629e-06 8.58136e+09 3.84694e-06
5.26616e-06 8.75312e+09 3.94645e-06
5.37149e-06 8.92833e+09 4.04852e-06
5.47892e-06 9.10704e+09 4.15319e-06
5.58849e-06 9.28933e+09 4.26054e-06
5.70026e-06 9.47527e+09 4.37064e-06
5.81427e-06 9.66494e+09 4.48356e-06
5.93055e-06 9.8584e+09 4.59936e-06
6.04917e-06 1.00557e+10 4.71812e-06
6.17015e-06 1.0257e+10 4.83992e-06
6.29355e-06 1.04623e+10 4.96483e-06
6.41942e-06 1.06718e+10 5.09293e-06
6.54781e-06 1.08854e+10 5.2243e-06
6.67877e-06 1.11033e+10 5.35902e-06
6.81234e-06 1.13255e+10 5.49719e-06
6.94859e-06 1.15522e+10 5.63887e-06
7.08756e-06 1.17835e+10 5.78417e-06
7.22931e-06 1.20194e+10 5.93317e-06
7.3739e-06 1.226e+10 6.08597e-06
7.52138e-06 1.25054e+10 6.24266e-06
7.67181e-06 1.27557e+10 6.40334e-06
7.82524e-06 1.30111e+10 6.56811e-06
7.98175e-06 1.32715e+10 6.73708e-06
8.14138e-06 1.35372e+10 6.91034e-06
8.30421e-06 1.38082e+10 7.08801e-06
8.47029e-06 1.40846e+10 7.2702e-06
8.6397e-06 1.43666e+10 7.45702e-06
8.81249e-06 1.46542e+10 7.64858e-06
8.98874e-06 1.49475e+10 7.84501e-06
9.16852e-06 1.52468e+10 8.04643e-06
9.35189e-06 1.5552e+10 8.25296e-06
9.53893e-06 1.58633e+10 8.46473e-06
9.7297e-06 1.61809e+10 8.68187e-06
9.9243e-06 1.65049e+10 8.90452e-06
1.01228e-05 1.68353e+10 9.13281e-06
1.03252e-05 1.71723e+10 9.36689e-06
1.05317e-05 1.75161e+10 9.60689e-06
1.07424e-05 1.78668e+10 9.85297e-06
1.09572e-05 1.82245e+10 1.01053e-05
1.11764e-05 1.85893e+10 1.0364e-05
1.13999e-05 1.89615e+10 1.06292e-05
1.16279e-05 1.93411e+10 1.09012e-05
1.18605e-05 1.97283e+10 1.118e-05
1.20977e-05 2.01233e+10 1.14658e-05
1.23396e-05 2.05262e+10 1.17589e-05
1.25864e-05 2.09371e+10 1.20594e-05
1.28381e-05 2.13563e+10 1.23675e-05
1.30949e-05 2.17839e+10 1.26833e-05
1.33568e-05 2.222e+10 1.30071e-05
1.36239e-05 2.26649e+10 1.33391e-05
1.38964e-05 2.31186e+10 1.36794e-05
1.41743e-05 2.35815e+10 1.40283e-05
1.44578e-05 2.40537e+10 1.4386e-05
1.4747e-05 2.45353e+10 1.47527e-05
1.50419e-05 2.50265e+10 1.51286e-05
1.53428e-05 2.55276e+10 1.55139e-05
1.56496e-05 2.60387e+10 1.5909e-05
1.59626e-05 2.656e+10 1.6314e-05
1.62819e-05 2.70918e+10 1.67291e-05
1.66075e-05 2.76343e+10 1.71547e-05
1.69396e-05 2.81876e+10 1.7591e-05
1.72784e-05 2.8752e+10 1.80382e-05
1.7624e-05 2.93277e+10 1.84966e-05
1.79765e-05 2.99149e+10 1.89666e-05
1.8336e-05 3.05139e+10 1.94483e-05
1.87027e-05 3.11248e+10 1.9942e-05
1.90768e-05 3.17481e+10 2.04482e-05
1.94583e-05 3.23838e+10 2.0967e-05
1.98475e-05 3.30322e+10 2.14987e-05
2.02444e-05 3.36936e+10 2.20438e-05
2.06493e-05 3.43683e+10 2.26025e-05
2.10623e-05 3.50565e+10 2.31752e-05
2.14836e-05 3.57585e+10 2.37621e-05
2.19132e-05 3.64745e+10 2.43638e-05
2.23515e-05 3.72049e+10 2.49804e-05
2.27985e-05 3.79499e+10 2.56124e-05
2.32545e-05 3.87098e+10 2.62602e-05
2.37196e-05 3.94849e+10 2.69241e-05
2.4194e-05 4.02756e+10 2.76046e-05
2.46779e-05 4.10821e+10 2.83019e-05
2.51714e-05 4.19048e+10 2.90167e-05
2.56749e-05 4.27439e+10 2.97492e-05
2.61884e-05 4.35999e+10 3.05e-05
2.67121e-05 4.4473e+10 3.12694e-05
2.72464e-05 4.53636e+10 3.20579e-05
2.77913e-05 4.6272e+10 3.2866e-05
2.83471e-05 4.71987e+10 3.36942e-05
2.89141e-05 4.81439e+10 3.45429e-05
2.94923e-05 4.9108e+10 3.54127e-05
3.00822e-05 5.00914e+10 3.6304e-05
3.06838e-05 5.10946e+10 3.72174e-05
3.12975e-05 5.21178e+10 3.81534e-05
3.19235e-05 5.31616e+10 3.91126e-05
3.25619e-05 5.42262e+10 4.00955e-05
3.32132e-05 5.53122e+10 4.11027e-05
3.38774e-05 5.64199e+10 4.21348e-05
3.4555e-05 5.75499e+10 4.31924e-05
3.52461e-05 5.87024e+10 4.42761e-05
3.5951e-05 5.98781e+10 4.53865e-05
3.667e-05 6.10773e+10 4.65244e-05
3.74034e-05 6.23005e+10 4.76903e-05
3.81515e-05 6.35483e+10 4.88849e-05
3.89145e-05 6.4821e+10 5.01089e-05
3.96928e-05 6.61192e+10 5.13631e-05
4.04867e-05 6.74435e+10 5.26482e-05
4.12964e-05 6.87943e+10 5.39648e-05
4.21223e-05 7.01721e+10 5.53138e-05
4.29648e-05 7.15776e+10 5.66959e-05
4.38241e-05 7.30112e+10 5.8112e-05
4.47005e-05 7.44735e+10 5.95628e-05
4.55946e-05 7.59651e+10 6.10492e-05
4.65065e-05 7.74867e+10 6.2572e-05
4.74366e-05 7.90387e+10 6.41321e-05
4.83853e-05 8.06218e+10 6.57305e-05
4.9353e-05 8.22366e+10 6.73679e-05
5.03401e-05 8.38838e+10 6.90455e-05
5.13469e-05 8.55639e+10 7.0764e-05
5.23738e-05 8.72778e+10 7.25245e-05
5.34213e-05 8.9026e+10 7.4328e-05
5.44897e-05 9.08092e+10 7.61755e-05
5.55795e-05 9.26281e+10 7.80681e-05
5.66911e-05 9.44835e+10 8.00068e-05
5.78249e-05 9.63761e+10 8.19927e-05
5.89814e-05 9.83066e+10 8.4027e-05
6.01611e-05 1.00276e+11 8.61109e-05
6.13643e-05 1.02284e+11 8.82454e-05
6.25916e-05 1.04333e+11 9.04317e-05
6.38434e-05 1.06423e+11 9.26712e-05
6.51203e-05 1.08555e+11 9.49651e-05
6.64227e-05 1.1073e+11 9.73146e-05
6.77511e-05 1.12948e+11 9.97212e-05
6.91061e-05 1.1521e+11 0.000102186
7.04883e-05 1.17518e+11 0.000104711
7.1898e-05 1.19872e+11 0.000107296
7.3336e-05 1.22274e+11 0.000109944
7.48027e-05 1.24723e+11 0.000112657
7.62988e-05 1.27222e+11 0.000115434
7.78247e-05 1.2977e+11 0.000118279
7.93812e-05 1.3237e+11 0.000121193
8.09689e-05 1.35022e+11 0.000124176
8.25882e-05 1.37727e+11 0.000127232
8.424e-05 1.40486e+11 0.000130361
8.59248e-05 1.43301e+11 0.000133566
8.76433e-05 1.46171e+11 0.000136848
8.93962e-05 1.491e+11 0.000140208
9.11841e-05 1.52087e+11 0.000143649
9.30078e-05 1.55134e+11 0.000147173
9.48679e-05 1.58242e+11 0.000150782
9.67653e-05 1.61412e+11 0.000154477
9.87006e-05 1.64646e+11 0.00015826
0.000100675 1.67945e+11 0.000162134
0.000102688 1.7131e+11 0.000166101
0.000104742 1.74742e+11 0.000170163
0.000106837 1.78243e+11 0.000174321
0.000108973 1.81814e+11 0.000178579
0.000111153 1.85457e+11 0.000182939
0.000113376 1.89173e+11 0.000187402
0.000115643 1.92963e+11 0.000191972
0.000117956 1.96829e+11 0.000196651
0.000120315 2.00773e+11 0.000201441
0.000122722 2.04796e+11 0.000206345
0.000125176 2.08899e+11 0.000211365
0.00012768 2.13085e+11 0.000216505
0.000130233 2.17354e+11 0.000221766
0.000132838 2.21709e+11 0.000227153
0.000135495 2.26152e+11 0.000232666
0.000138205 2.30683e+11 0.000238311
0.000140969 2.35306e+11 0.000244089
0.000143788 2.40021e+11 0.000250003
0.000146664 2.4483e+11 0.000256057
0.000149597 2.49736e+11 0.000262254
0.000152589 2.5474e+11 0.000268597
0.000155641 2.59845e+11 0.00027509
0.000158754 2.65052e+11 0.000281735
0.000161929 2.70363e+11 0.000288537
0.000165167 2.75781e+11 0.000295499
0.000168471 2.81307e+11 0.000302624
0.00017184 2.86944e+11 0.000309916
0.000175277 2.92695e+11 0.00031738
0.000178782 2.9856e+11 0.000325018
0.000182358 3.04543e+11 0.000332835
0.000186005 3.10646e+11 0.000340835
0.000189725 3.16871e+11 0.000349022
0.00019352 3.23221e+11 0.0003574
0.00019739 3.29699e+11 0.000365973
0.000201338 3.36306e+11 0.000374746
0.000205365 3.43046e+11 0.000383724
0.000209472 3.49921e+11 0.000392911
0.000213662 3.56933e+11 0.000402311
0.000217935 3.64087e+11 0.000411929
0.000222293 3.71384e+11 0.000421771
0.000226739 3.78827e+11 0.000431841
0.000231274 3.86419e+11 0.000442144
0.0002359 3.94163e+11 0.000452686
0.000240618 4.02063e+11 0.000463471
0.00024543 4.10121e+11 0.000474506
0.000250339 4.18341e+11 0.000485795
0.000255345 4.26725e+11 0.000496917
0.000355345 5.94241e+11 0.000585604
0.000455345 7.618e+11 0.000664564
0.000555345 9.29393e+11 0.000747646
0.000655345 1.09701e+12 0.000836326
0.000755345 1.26466e+12 0.000930894
0.000855345 1.43233e+12 0.00103132
0.000955345 1.60002e+12 0.00113746
0.00105535 1.76773e+12 0.00124914
0.00115535 1.93546e+12 0.00136617
0.00125535 2.10321e+12 0.00148839
0.00135535 2.27098e+12 0.00161559
0.00145535 2.43877e+12 0.00174762
0.00155535 2.60657e+12 0.00188432
0.00165535 2.77439e+12 0.00202552
0.00175535 2.94222e+12 0.0021711
0.00185535 3.11007e+12 0.0023209
0.00195535 3.27793e+12 0.00247481
0.00205535 3.44581e+12 0.00263269
0.00215535 3.6137e+12 0.00279443
0.00225535 3.78161e+12 0.00295992
0.00235535 3.94953e+12 0.00312906
0.00245535 4.11746e+12 0.00330173
0.00255535 4.2854e+12 0.00347784
0.00265535 4.45336e+12 0.00365731
0.00275535 4.62133e+12 0.00384003
0.00285535 4.78931e+12 0.00402592
0.00295535 4.9573e+12 0.00421491
0.00305535 5.1253e+12 0.00440691
0.00315535 5.29332e+12 0.00460184
0.00325535 5.46134e+12 0.00479963
0.00335535 5.62938e+12 0.00500022
0.00345535 5.79743e+12 0.00520352
0.00355535 5.96549e+12 0.00540947
0.00365535 6.13356e+12 0.00561802
0.00375535 6.30164e+12 0.00582909
0.00385535 6.46973e+12 0.00604263
0.00395535 6.63783e+12 0.00625857
0.00405535 6.80593e+12 0.00647687
0.00415535 6.97405e+12 0.00669746
0.00425535 7.14218e+12 0.0069203
0.00435535 7.31032e+12 0.00714532
0.00445535 7.47847e+12 0.00737248
0.00455535 7.64662e+12 0.00760174
0.00465535 7.81479e+12 0.00783303
0.00475535 7.98296e+12 0.00806633
0.00485535 8.15115e+12 0.00830157
0.00495535 8.31934e+12 0.00853872
0.00505535 8.48754e+12 0.00877773
0.00515535 8.65575e+12 0.00901857
0.00525535 8.82396e+12 0.00926118
0.00535535 8.99219e+12 0.00950554
0.00545535 9.16042e+12 0.0097516
0.00555535 9.32866e+12 0.00999933
0.00565535 9.49691e+12 0.0102487
0.00575535 9.66517e+12 0.0104996
0.00585535 9.83344e+12 0.0107521
0.00595535 1.00017e+13 0.0110061
0.00605535 1.017e+13 0.0112617
0.00615535 1.03383e+13 0.0115186
0.00625535 1.05066e+13 0.011777
0.00635535 1.06749e+13 0.0120368
0.00645535 1.08432e+13 0.0122979
0.00655535 1.10115e+13 0.0125604
0.00665535 1.11798e+13 0.0128242
0.00675535 1.13482e+13 0.0130892
0.00685535 1.15165e+13 0.0133555
0.00695535 1.16848e+13 0.0136231
0.00705535 1.18532e+13 0.0138918
0.00715535 1.20216e+13 0.0141616
0.00725535 1.21899e+13 0.0144326
0.00735535 1.23583e+13 0.0147048
0.00745535 1.25267e+13 0.014978
0.00755535 1.26951e+13 0.0152523
0.00765535 1.28635e+13 0.0155276
0.00775535 1.30319e+13 0.0158039
0.00785535 1.32003e+13 0.0160813
0.00795535 1.33687e+13 0.0163596
0.00805535 1.35371e+13 0.0166388
0.00815535 1.37055e+13 0.016919
0.00825535 1.38739e+13 0.0172001
0.00835535 1.40424e+13 0.0174821
0.00845535 1.42108e+13 0.017765
0.00855535 1.43793e+13 0.0180487
0.00865535 1.45477e+13 0.0183333
0.00875535 1.47162e+13 0.0186186
0.00885535 1.48847e+13 0.0189048
0.00895535 1.50531e+13 0.0191917
0.00905535 1.52216e+13 0.0194794
0.00915535 1.53901e+13 0.0197678
0.00925535 1.55586e+13 0.0200569
0.00935535 1.57271e+13 0.0203468
0.00945535 1.58956e+13 0.0206373
0.00955535 1.60641e+13 0.0209286
0.00965535 1.62326e+13 0.0212204
0.00975535 1.64011e+13 0.021513
0.00985535 1.65696e+13 0.0218061
0.00995535 1.67382e+13 0.0220999
0.0100553 1.69067e+13 0.0223942
0.0101553 1.70752e+13 0.0226891
0.0102553 1.72438e+13 0.0229847
0.0103553 1.74123e+13 0.0232807
0.0104553 1.75809e+13 0.0235773
0.0105553 1.77494e+13 0.0238745
0.0106553 1.7918e+13 0.0241721
0.0107553 1.80866e+13 0.0244703
0.0108553 1.82551e+13 0.0247689
0.0109553 1.84237e+13 0.025068
0.0110553 1.85923e+13 0.0253676
0.0111553 1.87609e+13 0.0256677
0.0112553 1.89295e+13 0.0259682
0.0113553 1.90981e+13 0.0262691
0.0114553 1.92667e+13 0.0265704
0.0115553 1.94353e+13 0.0268722
0.0116553 1.96039e+13 0.0271743
0.0117553 1.97725e+13 0.0274769
0.0118553 1.99411e+13 0.0277798
0.0119553 2.01097e+13 0.0280831
0.0120553 2.02784e+13 0.0283867
0.0121553 2.0447e+13 0.0286907
0.0122553 2.06157e+13 0.028995
0.0123553 2.07843e+13 0.0292997
0.0124553 2.09529e+13 0.0296047
0.0125553 2.11216e+13 0.02991
0.0126553 2.12903e+13 0.0302156
0.0127553 2.14589e+13 0.0305214
0.0128553 2.16276e+13 0.0308276
0.0129553 2.17962e+13 0.0311341
0.0130553 2.19649e+13 0.0314408
0.0131553 2.21336e+13 0.0317478
0.0132553 2.23023e+13 0.032055
0.0133553 2.2471e+13 0.0323625
0.0134553 2.26397e+13 0.0326702
0.0135553 2.28083e+13 0.0329782
0.0136553 2.2977e+13 0.0332863
0.0137553 2.31457e+13 0.0335947
0.0138553 2.33145e+13 0.0339033
0.0139553 2.34832e+13 0.0342121
0.0140553 2.36519e+13 0.0345211
0.0141553 2.38206e+13 0.0348303
0.0142553 2.39893e+13 0.0351397
0.0143553 2.4158e+13 0.0354492
0.0144553 2.43268e+13 0.0357589
0.0145553 2.44955e+13 0.0360688
0.0146553 2.46642e+13 0.0363788
0.0147553 2.4833e+13 0.036689
0.0148553 2.50017e+13 0.0369994
0.0149553 2.51705e+13 0.0373099
0.0150553 2.53392e+13 0.0376205
0.0151553 2.5508e+13 0.0379312
0.0152553 2.56768e+13 0.0382421
0.0153553 2.58455e+13 0.0385531
0.0154553 2.60143e+13 0.0388642
0.0155553 2.61831e+13 0.0391755
0.0156553 2.63518e+13 0.0394868
0.0157553 2.65206e+13 0.0397982
0.0158553 2.66894e+13 0.0401098
0.0159553 2.68582e+13 0.0404214
0.0160553 2.7027e+13 0.0407331
0.0161553 2.71958e+13 0.0410449
0.0162553 2.73645e+13 0.0413568
0.0163553 2.75333e+13 0.0416688
0.0164553 2.77021e+13 0.0419808
0.0165553 2.7871e+13 0.0422929
0.0166553 2.80398e+13 0.0426051
0.0167553 2.82086e+13 0.0429173
0.0168553 2.83774e+13 0.0432296
0.0169553 2.85462e+13 0.0435419
0.0170553 2.8715e+13 0.0438543
0.0171553 2.88839e+13 0.0441668
0.0172553 2.90527e+13 0.0444793
0.0173553 2.92215e+13 0.0447918
0.0174553 2.93904e+13 0.0451044
0.0175553 2.95592e+13 0.045417
0.0176553 2.9728e+13 0.0457297
0.0177553 2.98969e+13 0.0460423
0.0178553 3.00657e+13 0.046355
0.0179553 3.02346e+13 0.0466678
0.0180553 3.04034e+13 0.0469805
0.0181553 3.05723e+13 0.0472933
0.0182553 3.07411e+13 0.0476061
0.0183553 3.091e+13 0.0479189
0.0184553 3.10789e+13 0.0482317
0.0185553 3.12477e+13 0.0485446
0.0186553 3.14166e+13 0.0488574
0.0187553 3.15855e+13 0.0491703
0.0188553 3.17544e+13 0.0494832
0.0189553 3.19233e+13 0.049796
0.0190553 3.20921e+13 0.0501089
0.0191553 3.2261e+13 0.0504218
0.0192553 3.24299e+13 0.0507347
0.0193553 3.25988e+13 0.0510475
0.0194553 3.27677e+13 0.0513604
0.0195553 3.29366e+13 0.0516733
0.0196553 3.31055e+13 0.0519861
0.0197553 3.32744e+13 0.052299
0.0198553 3.34433e+13 0.0526118
0.0199553 3.36122e+13 0.0529247
0.0200553 3.37811e+13 0.0532375
0.0201553 3.39501e+13 0.0535503
0.0202553 3.4119e+13 0.0538631
0.0203553 3.42879e+13 0.0541759
0.0204553 3.44568e+13 0.0544887
0.0205553 3.46258e+13 0.0548014
0.0206553 3.47947e+13 0.0551142
0.0207553 3.49636e+13 0.0554269
0.0208553 3.51325e+13 0.0557396
0.0209553 3.53015e+13 0.0560523
0.0210553 3.54704e+13 0.056365
0.0211553 3.56394e+13 0.0566776
0.0212553 3.58083e+13 0.0569903
0.0213553 3.59773e+13 0.0573029
0.0214553 3.61462e+13 0.0576155
0.0215553 3.63152e+13 0.057928
0.0216553 3.64841e+13 0.0582406
0.0217553 3.66531e+13 0.0585531
0.0218553 3.6822e+13 0.0588657
0.0219553 3.6991e+13 0.0591782
0.0220553 3.716e+13 0.0594906
0.0221553 3.73289e+13 0.0598031
0.0222553 3.74979e+13 0.0601155
0.0223553 3.76669e+13 0.0604279
0.0224553 3.78359e+13 0.0607403
0.0225553 3.80048e+13 0.0610527
0.0226553 3.81738e+13 0.0613651
0.0227553 3.83428e+13 0.0616774
0.0228553 3.85118e+13 0.0619897
0.0229553 3.86808e+13 0.062302
0.0230553 3.88498e+13 0.0626143
0.0231553 3.90188e+13 0.0629266
0.0232553 3.91878e+13 0.0632389
0.0233553 3.93568e+13 0.0635511
0.0234553 3.95258e+13 0.0638633
0.0235553 3.96948e+13 0.0641755
0.0236553 3.98638e+13 0.0644877
0.0237553 4.00328e+13 0.0647999
0.0238553 4.02018e+13 0.0651121
0.0239553 4.03708e+13 0.0654242
0.0240553 4.05398e+13 0.0657364
0.0241553 4.07088e+13 0.0660485
0.0242553 4.08779e+13 0.0663606
0.0243553 4.10469e+13 0.0666728
0.0244553 4.12159e+13 0.0669849
0.0245553 4.13849e+13 0.067297
0.0246553 4.1554e+13 0.0676091
0.0247553 4.1723e+13 0.0679212
0.0248553 4.1892e+13 0.0682333
0.0249553 4.20611e+13 0.0685454
0.0250553 4.22301e+13 0.0688575
0.0251553 4.23991e+13 0.0691696
0.0252553 4.25682e+13 0.0694817
0.0253553 4.27372e+13 0.0697938
0.0254553 4.29063e+13 0.0701059
0.0255553 4.30753e+13 0.0704181
0.0256553 4.32444e+13 0.0707302
0.0257553 4.34134e+13 0.0710424
0.0258553 4.35825e+13 0.0713545
0.0259553 4.37515e+13 0.0716667
0.0260553 4.39206e+13 0.0719789
0.0261553 4.40897e+13 0.0722911
0.0262553 4.42587e+13 0.0726033
0.0263553 4.44278e+13 0.0729155
0.0264553 4.45969e+13 0.0732278
0.0265553 4.47659e+13 0.0735401
0.0266553 4.4935e+13 0.0738524
0.0267553 4.51041e+13 0.0741647
0.0268553 4.52732e+13 0.0744771
0.0269553 4.54422e+13 0.0747895
0.0270553 4.56113e+13 0.0751019
0.0271553 4.57804e+13 0.0754144
0.0272553 4.59495e+13 0.0757269
0.0273553 4.61186e+13 0.0760394
0.0274553 4.62877e+13 0.076352
0.0275553 4.64568e+13 0.0766646
0.0276553 4.66258e+13 0.0769773
0.0277553 4.67949e+13 0.07729
0.0278553 4.6964e+13 0.0776028
0.0279553 4.71331e+13 0.0779156
0.0280553 4.73022e+13 0.0782284
0.0281553 4.74713e+13 0.0785413
0.0282553 4.76405e+13 0.0788543
0.0283553 4.78096e+13 0.0791674
0.0284553 4.79787e+13 0.0794805
0.0285553 4.81478e+13 0.0797936
0.0286553 4.83169e+13 0.0801068
0.0287553 4.8486e+13 0.0804201
0.0288553 4.86551e+13 0.0807335
0.0289553 4.88242e+13 0.081047
0.0290553 4.89934e+13 0.0813605
0.0291553 4.91625e+13 0.0816741
0.0292553 4.93316e+13 0.0819877
0.0293553 4.95007e+13 0.0823015
0.0294553 4.96699e+13 0.0826153
0.0295553 4.9839e+13 0.0829293
0.0296553 5.00081e+13 0.0832433
0.0297553 5.01773e+13 0.0835574
0.0298553 5.03464e+13 0.0838716
0.0299553 5.05155e+13 0.0841859
0.0300553 5.06847e+13 0.0845003
0.0301553 5.08538e+13 0.0848148
0.0302553 5.1023e+13 0.0851294
0.0303553 5.11921e+13 0.0854441
0.0304553 5.13613e+13 0.085759
0.0305553 5.15304e+13 0.0860739
0.0306553 5.16996e+13 0.086389
0.0307553 5.18687e+13 0.0867041
0.0308553 5.20379e+13 0.0870194
0.0309553 5.2207e+13 0.0873349
0.0310553 5.23762e+13 0.0876504
0.0311553 5.25453e+13 0.0879661
0.0312553 5.27145e+13 0.0882819
0.0313553 5.28837e+13 0.0885979
0.0314553 5.30528e+13 0.0889139
0.0315553 5.3222e+13 0.0892302
0.0316553 5.33912e+13 0.0895465
0.0317553 5.35603e+13 0.089863
0.0318553 5.37295e+13 0.0901797
0.0319553 5.38987e+13 0.0904965
0.0320553 5.40679e+13 0.0908135
0.0321553 5.4237e+13 0.0911306
0.0322553 5.44062e+13 0.0914479
0.0323553 5.45754e+13 0.0917654
0.0324553 5.47446e+13 0.092083
0.0325553 5.49138e+13 0.0924008
0.0326553 5.5083e+13 0.0927187
0.0327553 5.52522e+13 0.0930369
0.0328553 5.54213e+13 0.0933552
0.0329553 5.55905e+13 0.0936737
0.0330553 5.57597e+13 0.0939923
0.0331553 5.59289e+13 0.0943112
0.0332553 5.60981e+13 0.0946303
0.0333553 5.62673e+13 0.0949495
0.0334553 5.64365e+13 0.0952689
0.0335553 5.66057e+13 0.0955886
0.0336553 5.67749e+13 0.0959084
0.0337553 5.69441e+13 0.0962285
0.0338553 5.71133e+13 0.0965487
0.0339553 5.72825e+13 0.0968692
0.0340553 5.74518e+13 0.0971899
0.0341553 5.7621e+13 0.0975108
0.0342553 5.77902e+13 0.0978319
0.0343553 5.79594e+13 0.0981533
0.0344553 5.81286e+13 0.0984748
0.0345553 5.82978e+13 0.0987967
0.0346553 5.84671e+13 0.0991187
0.0347553 5.86363e+13 0.099441
0.0348553 5.88055e+13 0.0997635
0.0349553 5.89747e+13 0.100086
0.0350553 5.9144e+13 0.100409
0.0351553 5.93132e+13 0.100732
0.0352553 5.94824e+13 0.101056
0.0353553 5.96517e+13 0.10138
0.0354553 5.98209e+13 0.101704
0.0355553 5.99901e+13 0.102028
0.0356553 6.01594e+13 0.102353
0.0357553 6.03286e+13 0.102677
0.0358553 6.04978e+13 0.103002
0.0359553 6.06671e+13 0.103328
0.0360553 6.08363e+13 0.103653
0.0361553 6.10056e+13 0.103979
0.0362553 6.11748e+13 0.104306
0.0363553 6.13441e+13 0.104632
0.0364553 6.15133e+13 0.104959
0.0365553 6.16826e+13 0.105286
0.0366553 6.18518e+13 0.105613
0.0367553 6.20211e+13 0.105941
0.0368553 6.21903e+13 0.106269
0.0369553 6.23596e+13 0.106597
0.0370553 6.25289e+13 0.106926
0.0371553 6.26981e+13 0.107255
0.0372553 6.28674e+13 0.107584
0.0373553 6.30366e+13 0.107913
0.0374553 6.32059e+13 0.108243
0.0375553 6.33752e+13 0.108574
0.0376553 6.35444e+13 0.108904
0.0377553 6.37137e+13 0.109235
0.0378553 6.3883e+13 0.109566
0.0379553 6.40523e+13 0.109898
0.0380553 6.42215e+13 0.110229
0.0381553 6.43908e+13 0.110562
0.0382553 6.45601e+13 0.110894
0.0383553 6.47294e+13 0.111227
0.0384553 6.48987e+13 0.11156
0.0385553 6.50679e+13 0.111894
0.0386553 6.52372e+13 0.112228
0.0387553 6.54065e+13 0.112562
0.0388553 6.55758e+13 0.112897
0.0389553 6.57451e+13 0.113232
0.0390553 6.59144e+13 0.113568
0.0391553 6.60837e+13 0.113904
0.0392553 6.6253e+13 0.11424
0.0393553 6.64223e+13 0.114577
0.0394553 6.65916e+13 0.114914
0.0395553 6.67609e+13 0.115251
0.0396553 6.69302e+13 0.115589
0.0397553 6.70995e+13 0.115927
0.0398553 6.72688e+13 0.116266
0.0399553 6.74381e+13 0.116605
0.0400553 6.76074e+13 0.116944
0.0401553 6.77767e+13 0.117284
0.0402553 6.7946e+13 0.117624
0.0403553 6.81153e+13 0.117965
0.0404553 6.82846e+13 0.118306
0.0405553 6.84539e+13 0.118647
0.0406553 6.86232e+13 0.118989
0.0407553 6.87926e+13 0.119332
0.0408553 6.89619e+13 0.119674
0.0409553 6.91312e+13 0.120018
0.0410553 6.93005e+13 0.120361
0.0411553 6.94698e+13 0.120705
0.0412553 6.96392e+13 0.12105
0.0413553 6.98085e+13 0.121395
0.0414553 6.99778e+13 0.121741
0.0415553 7.01471e+13 0.122086
0.0416553 7.03165e+13 0.122433
0.0417553 7.04858e+13 0.12278
0.0418553 7.06551e+13 0.123127
0.0419553 7.08245e+13 0.123475
0.0420553 7.09938e+13 0.123823
0.0421553 7.11632e+13 0.124172
0.0422553 7.13325e+13 0.124521
0.0423553 7.15018e+13 0.124871
0.0424553 7.16712e+13 0.125221
0.0425553 7.18405e+13 0.125572
0.0426553 7.20099e+13 0.125923
0.0427553 7.21792e+13 0.126275
0.0428553 7.23486e+13 0.126627
0.0429553 7.25179e+13 0.126979
0.0430553 7.26873e+13 0.127333
0.0431553 7.28566e+13 0.127686
0.0432553 7.3026e+13 0.128041
0.0433553 7.31953e+13 0.128395
0.0434553 7.33647e+13 0.12875
0.0435553 7.3534e+13 0.129106
0.0436553 7.37034e+13 0.129463
0.0437553 7.38728e+13 0.129819
0.0438553 7.40421e+13 0.130177
0.0439553 7.42115e+13 0.130535
0.0440553 7.43808e+13 0.130893
0.0441553 7.45502e+13 0.131252
0.0442553 7.47196e+13 0.131611
0.0443553 7.48889e+13 0.131972
0.0444553 7.50583e+13 0.132332
0.0445553 7.52277e+13 0.132693
0.0446553 7.53971e+13 0.133055
0.0447553 7.55664e+13 0.133417
0.0448553 7.57358e+13 0.13378
0.0449553 7.59052e+13 0.134143
0.0450553 7.60746e+13 0.134507
0.0451553 7.6244e+13 0.134872
0.0452553 7.64133e+13 0.135237
0.0453553 7.65827e+13 0.135603
0.0454553 7.67521e+13 0.135969
0.0455553 7.69215e+13 0.136336
0.0456553 7.70909e+13 0.136703
0.0457553 7.72603e+13 0.137071
0.0458553 7.74297e+13 0.13744
0.0459553 7.75991e+13 0.137809
0.0460553 7.77685e+13 0.138179
0.0461553 7.79378e+13 0.13855
0.0462553 7.81072e+13 0.138921
0.0463553 7.82766e+13 0.139292
0.0464553 7.8446e+13 0.139664
0.0465553 7.86154e+13 0.140037
0.0466553 7.87848e+13 0.140411
0.0467553 7.89543e+13 0.140785
0.0468553 7.91237e+13 0.14116
0.0469553 7.92931e+13 0.141535
0.0470553 7.94625e+13 0.141911
0.0471553 7.96319e+13 0.142288
0.0472553 7.98013e+13 0.142665
0.0473553 7.99707e+13 0.143043
0.0474553 8.01401e+13 0.143421
0.0475553 8.03095e+13 0.1438
0.0476553 8.0479e+13 0.14418
0.0477553 8.06484e+13 0.144561
0.0478553 8.08178e+13 0.144942
0.0479553 8.09872e+13 0.145324
0.0480553 8.11566e+13 0.145706
0.0481553 8.13261e+13 0.146089
0.0482553 8.14955e+13 0.146473
0.0483553 8.16649e+13 0.146857
0.0484553 8.18343e+13 0.147243
0.0485553 8.20038e+13 0.147628
0.0486553 8.21732e+13 0.148015
0.0487553 8.23426e+13 0.148402
0.0488553 8.25121e+13 0.14879
0.0489553 8.26815e+13 0.149178
0.0490553 8.28509e+13 0.149568
0.0491553 8.30204e+13 0.149957
0.0492553 8.31898e+13 0.150348
0.0493553 8.33593e+13 0.150739
0.0494553 8.35287e+13 0.151131
0.0495553 8.36981e+13 0.151524
0.0496553 8.38676e+13 0.151917
0.0497553 8.4037e+13 0.152311
0.0498553 8.42065e+13 0.152706
0.0499553 8.43759e+13 0.153102
0.0500553 8.45454e+13 0.153498
0.0501553 8.47148e+13 0.153895
0.0502553 8.48843e+13 0.154293
0.0503553 8.50537e+13 0.154691
0.0504553 8.52232e+13 0.15509
0.0505553 8.53927e+13 0.15549
0.0506553 8.55621e+13 0.155891
0.0507553 8.57316e+13 0.156292
0.0508553 8.5901e+13 0.156694
0.0509553 8.60705e+13 0.157097
0.0510553 8.624e+13 0.157501
0.0511553 8.64094e+13 0.157905
0.0512553 8.65789e+13 0.15831
0.0513553 8.67484e+13 0.158716
0.0514553 8.69178e+13 0.159122
0.0515553 8.70873e+13 0.15953
0.0516553 8.72568e+13 0.159938
0.0517553 8.74263e+13 0.160347
0.0518553 8.75957e+13 0.160756
0.0519553 8.77652e+13 0.161167
0.0520553 8.79347e+13 0.161578
0.0521553 8.81042e+13 0.16199
0.0522553 8.82737e+13 0.162402
0.0523553 8.84431e+13 0.162816
0.0524553 8.86126e+13 0.16323
0.0525553 8.87821e+13 0.163645
0.0526553 8.89516e+13 0.164061
0.0527553 8.91211e+13 0.164478
0.0528553 8.92906e+13 0.164895
0.0529553 8.94601e+13 0.165313
0.0530553 8.96296e+13 0.165732
0.0531553 8.97991e+13 0.166152
0.0532553 8.99685e+13 0.166573
0.0533553 9.0138e+13 0.166994
0.0534553 9.03075e+13 0.167416
0.0535553 9.0477e+13 0.167839
0.0536553 9.06465e+13 0.168263
0.0537553 9.0816e+13 0.168688
0.0538553 9.09855e+13 0.169113
0.0539553 9.11551e+13 0.16954
0.0540553 9.13246e+13 0.169967
0.0541553 9.14941e+13 0.170395
0.0542553 9.16636e+13 0.170824
0.0543553 9.18331e+13 0.171253
0.0544553 9.20026e+13 0.171684
0.0545553 9.21721e+13 0.172115
0.0546553 9.23416e+13 0.172547
0.0547553 9.25111e+13 0.17298
0.0548553 9.26807e+13 0.173414
0.0549553 9.28502e+13 0.173849
0.0550553 9.30197e+13 0.174284
0.0551553 9.31892e+13 0.174721
0.0552553 9.33588e+13 0.175158
0.0553553 9.35283e+13 0.175596
0.0554553 9.36978e+13 0.176035
0.0555553 9.38673e+13 0.176475
0.0556553 9.40369e+13 0.176915
0.0557553 9.42064e+13 0.177357
0.0558553 9.43759e+13 0.177799
0.0559553 9.45455e+13 0.178242
0.0560553 9.4715e+13 0.178687
0.0561553 9.48845e+13 0.179132
0.0562553 9.50541e+13 0.179577
0.0563553 9.52236e+13 0.180024
0.0564553 9.53931e+13 0.180472
0.0565553 9.55627e+13 0.18092
0.0566553 9.57322e+13 0.18137
0.0567553 9.59018e+13 0.18182
0.0568553 9.60713e+13 0.182271
0.0569553 9.62409e+13 0.182723
0.0570553 9.64104e+13 0.183176
0.0571553 9.658e+13 0.18363
0.0572553 9.67495e+13 0.184085
0.0573553 9.69191e+13 0.184541
0.0574553 9.70886e+13 0.184998
0.0575553 9.72582e+13 0.185455
0.0576553 9.74277e+13 0.185913
0.0577553 9.75973e+13 0.186373
0.0578553 9.77669e+13 0.186833
0.0579553 9.79364e+13 0.187294
0.0580553 9.8106e+13 0.187756
0.0581553 9.82756e+13 0.188219
0.0582553 9.84451e+13 0.188683
0.0583553 9.86147e+13 0.189148
0.0584553 9.87843e+13 0.189614
0.0585553 9.89538e+13 0.190081
0.0586553 9.91234e+13 0.190548
0.0587553 9.9293e+13 0.191017
0.0588553 9.94625e+13 0.191487
0.0589553 9.96321e+13 0.191957
0.0590553 9.98017e+13 0.192429
0.0591553 9.99713e+13 0.192901
0.0592553 1.00141e+14 0.193374
0.0593553 1.0031e+14 0.193849
0.0594553 1.0048e+14 0.194324
0.0595553 1.0065e+14 0.1948
0.0596553 1.00819e+14 0.195277
0.0597553 1.00989e+14 0.195755
0.0598553 1.01158e+14 0.196234
0.0599553 1.01328e+14 0.196714
0.0600553 1.01498e+14 0.197195
0.0601553 1.01667e+14 0.197677
0.0602553 1.01837e+14 0.19816
0.0603553 1.02006e+14 0.198644
0.0604553 1.02176e+14 0.199129
0.0605553 1.02346e+14 0.199615
0.0606553 1.02515e+14 0.200102
0.0607553 1.02685e+14 0.20059
0.0608553 1.02854e+14 0.201078
0.0609553 1.03024e+14 0.201568
0.0610553 1.03194e+14 0.202059
0.0611553 1.03363e+14 0.202551
0.0612553 1.03533e+14 0.203043
0.0613553 1.03702e+14 0.203537
0.0614553 1.03872e+14 0.204032
0.0615553 1.04042e+14 0.204528
0.0616553 1.04211e+14 0.205024
0.0617553 1.04381e+14 0.205522
0.0618553 1.0455e+14 0.206021
0.0619553 1.0472e+14 0.206521
0.0620553 1.0489e+14 0.207021
0.0621553 1.05059e+14 0.207523
0.0622553 1.05229e+14 0.208026
0.0623553 1.05399e+14 0.20853
0.0624553 1.05568e+14 0.209035
0.0625553 1.05738e+14 0.20954
0.0626553 1.05907e+14 0.210047
0.0627553 1.06077e+14 0.210555
0.0628553 1.06247e+14 0.211064
0.0629553 1.06416e+14 0.211574
0.0630553 1.06586e+14 0.212085
0.0631553 1.06756e+14 0.212597
0.0632553 1.06925e+14 0.21311
0.0633553 1.07095e+14 0.213624
0.0634553 1.07265e+14 0.214139
0.0635553 1.07434e+14 0.214655
0.0636553 1.07604e+14 0.215173
0.0637553 1.07773e+14 0.215691
0.0638553 1.07943e+14 0.21621
0.0639553 1.08113e+14 0.21673
0.0640553 1.08282e+14 0.217252
0.0641553 1.08452e+14 0.217774
0.0642553 1.08622e+14 0.218298
0.0643553 1.08791e+14 0.218822
0.0644553 1.08961e+14 0.219348
0.0645553 1.09131e+14 0.219874
0.0646553 1.093e+14 0.220402
0.0647553 1.0947e+14 0.220931
0.0648553 1.0964e+14 0.221461
0.0649553 1.09809e+14 0.221992
0.0650553 1.09979e+14 0.222524
0.0651553 1.10149e+14 0.223057
0.0652553 1.10318e+14 0.223591
0.0653553 1.10488e+14 0.224126
0.0654553 1.10658e+14 0.224662
0.0655553 1.10827e+14 0.2252
0.0656553 1.10997e+14 0.225738
0.0657553 1.11167e+14 0.226278
0.0658553 1.11336e+14 0.226818
0.0659553 1.11506e+14 0.22736
0.0660553 1.11676e+14 0.227903
0.0661553 1.11845e+14 0.228446
0.0662553 1.12015e+14 0.228991
0.0663553 1.12185e+14 0.229537
0.0664553 1.12354e+14 0.230085
0.0665553 1.12524e+14 0.230633
0.0666553 1.12694e+14 0.231182
0.0667553 1.12863e+14 0.231733
0.0668553 1.13033e+14 0.232284
0.0669553 1.13203e+14 0.232837
0.0670553 1.13373e+14 0.23339
0.0671553 1.13542e+14 0.233945
0.0672553 1.13712e+14 0.234501
0.0673553 1.13882e+14 0.235058
0.0674553 1.14051e+14 0.235616
0.0675553 1.14221e+14 0.236176
0.0676553 1.14391e+14 0.236736
0.0677553 1.1456e+14 0.237298
0.0678553 1.1473e+14 0.23786
0.0679553 1.149e+14 0.238424
0.0680553 1.1507e+14 0.238989
0.0681553 1.15239e+14 0.239555
0.0682553 1.15409e+14 0.240122
0.0683553 1.15579e+14 0.240691
0.0684553 1.15748e+14 0.24126
0.0685553 1.15918e+14 0.24183
0.0686553 1.16088e+14 0.242402
0.0687553 1.16258e+14 0.242975
0.0688553 1.16427e+14 0.243549
0.0689553 1.16597e+14 0.244124
0.0690553 1.16767e+14 0.2447
0.0691553 1.16936e+14 0.245278
0.0692553 1.17106e+14 0.245856
0.0693553 1.17276e+14 0.246436
0.0694553 1.17446e+14 0.247017
0.0695553 1.17615e+14 0.247598
0.0696553 1.17785e+14 0.248182
0.0697553 1.17955e+14 0.248766
0.0698553 1.18124e+14 0.249351
0.0699553 1.18294e+14 0.249938
0.0700553 1.18464e+14 0.250525
0.0701553 1.18634e+14 0.251114
0.0702553 1.18803e+14 0.251704
0.0703553 1.18973e+14 0.252296
0.0704553 1.19143e+14 0.252888
0.0705553 1.19313e+14 0.253481
0.0706553 1.19482e+14 0.254076
0.0707553 1.19652e+14 0.254672
0.0708553 1.19822e+14 0.255269
0.0709553 1.19992e+14 0.255867
0.0710553 1.20161e+14 0.256466
0.0711553 1.20331e+14 0.257067
0.0712553 1.20501e+14 0.257669
0.0713553 1.20671e+14 0.258272
0.0714553 1.2084e+14 0.258876
0.0715553 1.2101e+14 0.259481
0.0716553 1.2118e+14 0.260087
0.0717553 1.2135e+14 0.260695
0.0718553 1.21519e+14 0.261304
0.0719553 1.21689e+14 0.261914
0.0720553 1.21859e+14 0.262525
0.0721553 1.22029e+14 0.263137
0.0722553 1.22199e+14 0.26375
0.0723553 1.22368e+14 0.264365
0.0724553 1.22538e+14 0.264981
0.0725553 1.22708e+14 0.265598
0.0726553 1.22878e+14 0.266216
0.0727553 1.23047e+14 0.266836
0.0728553 1.23217e+14 0.267457
0.0729553 1.23387e+14 0.268078
0.0730553 1.23557e+14 0.268701
0.0731553 1.23727e+14 0.269326
0.0732553 1.23896e+14 0.269951
0.0733553 1.24066e+14 0.270578
0.0734553 1.24236e+14 0.271206
0.0735553 1.24406e+14 0.271835
0.0736553 1.24575e+14 0.272465
0.0737553 1.24745e+14 0.273097
0.0738553 1.24915e+14 0.273729
0.0739553 1.25085e+14 0.274363
0.0740553 1.25255e+14 0.274998
0.0741553 1.25424e+14 0.275635
0.0742553 1.25594e+14 0.276272
0.0743553 1.25764e+14 0.276911
0.0744553 1.25934e+14 0.277551
0.0745553 1.26104e+14 0.278192
0.0746553 1.26273e+14 0.278835
0.0747553 1.26443e+14 0.279478
0.0748553 1.26613e+14 0.280123
0.0749553 1.26783e+14 0.280769
0.0750553 1.26953e+14 0.281416
0.0751553 1.27123e+14 0.282065
0.0752553 1.27292e+14 0.282715
0.0753553 1.27462e+14 0.283366
0.0754553 1.27632e+14 0.284018
0.0755553 1.27802e+14 0.284672
0.0756553 1.27972e+14 0.285326
0.0757553 1.28141e+14 0.285982
0.0758553 1.28311e+14 0.286639
0.0759553 1.28481e+14 0.287298
0.0760553 1.28651e+14 0.287958
0.0761553 1.28821e+14 0.288618
0.0762553 1.28991e+14 0.289281
0.0763553 1.2916e+14 0.289944
0.0764553 1.2933e+14 0.290609
0.0765553 1.295e+14 0.291275
0.0766553 1.2967e+14 0.291942
0.0767553 1.2984e+14 0.292611
0.0768553 1.3001e+14 0.29328
0.0769553 1.30179e+14 0.293951
0.0770553 1.30349e+14 0.294624
0.0771553 1.30519e+14 0.295297
0.0772553 1.30689e+14 0.295972
0.0773553 1.30859e+14 0.296648
0.0774553 1.31029e+14 0.297326
0.0775553 1.31199e+14 0.298005
0.0776553 1.31368e+14 0.298685
0.0777553 1.31538e+14 0.299366
0.0778553 1.31708e+14 0.300049
0.0779553 1.31878e+14 0.300733
0.0780553 1.32048e+14 0.301419
0.0781553 1.32218e+14 0.302105
0.0782553 1.32388e+14 0.302793
0.0783553 1.32557e+14 0.303483
0.0784553 1.32727e+14 0.304174
0.0785553 1.32897e+14 0.304866
0.0786553 1.33067e+14 0.30556
0.0787553 1.33237e+14 0.306255
0.0788553 1.33407e+14 0.306952
0.0789553 1.33577e+14 0.30765
0.0790553 1.33746e+14 0.308349
0.0791553 1.33916e+14 0.30905
0.0792553 1.34086e+14 0.309752
0.0793553 1.34256e+14 0.310456
0.0794553 1.34426e+14 0.311162
0.0795553 1.34596e+14 0.311869
0.0796553 1.34766e+14 0.312578
0.0797553 1.34936e+14 0.313288
0.0798553 1.35106e+14 0.314
0.0799553 1.35275e+14 0.314714
0.0800553 1.35445e+14 0.315429
0.0801553 1.35615e+14 0.316147
0.0802553 1.35785e+14 0.316866
0.0803553 1.35955e+14 0.317587
0.0804553 1.36125e+14 0.318309
0.0805553 1.36295e+14 0.319034
0.0806553 1.36465e+14 0.309776
0.0816553 1.38164e+14 0.318751
0.0826553 1.39863e+14 0.327966
0.0836553 1.41562e+14 0.337427
0.0846553 1.43261e+14 0.347136
0.0856553 1.44961e+14 0.357099
0.0866553 1.46661e+14 0.367321
0.0876553 1.48361e+14 0.377804
0.0886553 1.50062e+14 0.388555
0.0896553 1.51762e+14 0.399577
0.0906553 1.53463e+14 0.410874
0.0916553 1.55164e+14 0.422452
0.0926553 1.56865e+14 0.434315
0.0936553 1.58567e+14 0.446467
0.0946553 1.60268e+14 0.458913
0.0956553 1.6197e+14 0.471657
0.0966553 1.63672e+14 0.484704
0.0976553 1.65375e+14 0.498058
0.0986553 1.67077e+14 0.511725
0.0996553 1.6878e+14 0.525707
0.100655 1.70484e+14 0.540011
0.101655 1.72187e+14 0.55464
0.102655 1.73891e+14 0.569599
0.103655 1.75595e+14 0.584892
0.104655 1.77299e+14 0.600525
0.105655 1.79003e+14 0.616502
0.106655 1.80708e+14 0.632826
0.107655 1.82413e+14 0.649504
0.108655 1.84118e+14 0.666539
0.109655 1.85824e+14 0.683936
0.110655 1.8753e+14 0.701699
0.111655 1.89236e+14 0.719834
0.112655 1.90943e+14 0.738344
0.113655 1.92649e+14 0.757234
0.114655 1.94356e+14 0.77651
0.115655 1.96064e+14 0.796174
0.116655 1.97771e+14 0.816233
0.117655 1.99479e+14 0.83669
0.118655 2.01188e+14 0.85755
0.119655 2.02896e+14 0.878817
0.120655 2.04605e+14 0.900497
0.121655 2.06314e+14 0.92247
0.126655 2.14866e+14 1.03768
0.131655 2.23425e+14 1.16322
0.136655 2.31994e+14 1.30001
0.141655 2.40571e+14 1.44874
0.146655 2.49159e+14 1.61004
0.151655 2.57756e+14 1.78451
0.156655 2.66364e+14 1.97271
0.161655 2.74984e+14 2.17522
0.166655 2.83614e+14 2.39257
0.171655 2.92257e+14 2.6253
0.176655 3.00912e+14 2.87393
0.181655 3.0958e+14 3.13897
0.186655 3.18261e+14 3.42091
0.191655 3.26956e+14 3.72025
0.196655 3.35666e+14 4.03746
0.201655 3.4439e+14 4.37301
0.206655 3.53129e+14 4.72735
0.211655 3.61884e+14 5.10092
0.216655 3.70655e+14 5.49417
0.221655 3.79443e+14 5.90751
0.226655 3.88247e+14 6.34135
0.231655 3.97069e+14 6.79609
0.236655 4.05909e+14 7.27212
0.241655 4.14767e+14 7.76981
0.246655 4.23644e+14 8.28951
0.251655 4.32539e+14 8.83159
0.256655 4.41455e+14 9.39637
0.261655 4.5039e+14 9.98417
0.266655 4.59346e+14 10.5953
0.271655 4.68322e+14 11.23
0.276655 4.7732e+14 11.8887
0.281655 4.86339e+14 12.5714
0.286655 4.9538e+14 13.2785
0.291655 5.04444e+14 14.0102
0.296655 5.1353e+14 14.7667
0.301655 5.22639e+14 15.5481
0.306655 5.31771e+14 16.3545
0.311655 5.40928e+14 17.186
0.316655 5.50108e+14 18.0428
0.321655 5.59313e+14 18.9247
0.326655 5.68543e+14 19.8318
0.331655 5.77797e+14 20.7639
0.336655 5.87077e+14 21.721
0.341655 5.96383e+14 22.7026
0.346655 6.05715e+14 23.7086
0.351655 6.15072e+14 24.7385
0.356655 6.24457e+14 25.7918
0.361655 6.33867e+14 26.8679
0.366655 6.43305e+14 27.9659
0.371655 6.52769e+14 29.0849
0.376655 6.62261e+14 30.2238
0.381655 6.71779e+14 31.3813
0.386655 6.81325e+14 32.5558
0.391655 6.90898e+14 33.7456
0.396655 7.00498e+14 34.9486
0.401655 7.10126e+14 36.1625
0.406655 7.1978e+14 37.3846
0.411655 7.29462e+14 38.6118
0.416655 7.3917e+14 39.8406
0.421655 7.48904e+14 41.0672
0.426655 7.58664e+14 42.2872
0.431655 7.6845e+14 43.4957
0.436655 7.78261e+14 44.6873
0.441655 7.88095e+14 45.8562
0.446655 7.97953e+14 46.9957
0.451655 8.07834e+14 48.0989
0.456655 8.17735e+14 49.1581
0.461655 8.27657e+14 50.1652
0.466655 8.37598e+14 51.1117
0.471655 8.47557e+14 51.9887
0.476655 8.57531e+14 52.7873
0.481655 8.6752e+14 53.4985
0.486655 8.77521e+14 54.1139
0.491655 8.87532e+14 54.6258
0.496655 8.97552e+14 55.0279
0.501655 9.07578e+14 55.3159
0.506655 9.17608e+14 55.4884
0.511655 9.27641e+14 55.5486
0.516655 9.37673e+14 55.507
0.521655 9.47704e+14 55.3943
0.526655 9.57733e+14 55.2511
0.531655 9.67759e+14 54.9401
0.536655 9.7778e+14 54.6345
0.541655 9.87794e+14 54.1831
