1e-10 165824 6.74738e-13
1.02e-10 169140 6.97414e-13
1.0404e-10 172523 7.2084e-13
1.06121e-10 175974 7.45041e-13
1.08243e-10 179493 7.70044e-13
1.10408e-10 183083 7.95873e-13
1.12616e-10 186745 8.22555e-13
1.14869e-10 190480 8.5012e-13
1.17166e-10 194289 8.78594e-13
1.19509e-10 198175 9.08008e-13
1.21899e-10 202138 9.38392e-13
1.24337e-10 206181 9.69778e-13
1.26824e-10 210305 1.0022e-12
1.29361e-10 214511 1.03568e-12
1.31948e-10 218801 1.07027e-12
1.34587e-10 223177 1.106e-12
1.37279e-10 227641 1.1429e-12
1.40024e-10 232194 1.18102e-12
1.42825e-10 236838 1.22038e-12
1.45681e-10 241575 1.26104e-12
1.48595e-10 246406 1.30303e-12
1.51567e-10 251334 1.3464e-12
1.54598e-10 256361 1.39119e-12
1.5769e-10 261488 1.43744e-12
1.60844e-10 266718 1.48521e-12
1.64061e-10 272053 1.53454e-12
1.67342e-10 277494 1.58548e-12
1.70689e-10 283044 1.63809e-12
1.74102e-10 288704 1.69242e-12
1.77584e-10 294479 1.74852e-12
1.81136e-10 300368 1.80644e-12
1.84759e-10 306376 1.86626e-12
1.88454e-10 312503 1.92802e-12
1.92223e-10 318753 1.9918e-12
1.96068e-10 325129 2.05765e-12
1.99989e-10 331631 2.12564e-12
2.03989e-10 338264 2.19584e-12
2.08069e-10 345029 2.26832e-12
2.1223e-10 351930 2.34315e-12
2.16474e-10 358969 2.42041e-12
2.20804e-10 366148 2.50017e-12
2.2522e-10 373471 2.58252e-12
2.29724e-10 380941 2.66753e-12
2.34319e-10 388560 2.7553e-12
2.39005e-10 396331 2.8459e-12
2.43785e-10 404258 2.93943e-12
2.48661e-10 412343 3.03598e-12
2.53634e-10 420590 3.13564e-12
2.58707e-10 429002 3.23852e-12
2.63881e-10 437582 3.34472e-12
2.69159e-10 446334 3.45433e-12
2.74542e-10 455260 3.56748e-12
2.80033e-10 464366 3.68426e-12
2.85633e-10 473653 3.8048e-12
2.91346e-10 483126 3.92921e-12
2.97173e-10 492789 4.05761e-12
3.03117e-10 502645 4.19013e-12
3.09179e-10 512698 4.3269e-12
3.15362e-10 522952 4.46806e-12
3.2167e-10 533411 4.61373e-12
3.28103e-10 544080 4.76406e-12
3.34665e-10 554961 4.9192e-12
3.41358e-10 566061 5.07929e-12
3.48186e-10 577382 5.2445e-12
3.55149e-10 588930 5.41498e-12
3.62252e-10 600709 5.59089e-12
3.69497e-10 612723 5.77241e-12
3.76887e-10 624978 5.95971e-12
3.84425e-10 637478 6.15297e-12
3.92114e-10 650228 6.35237e-12
3.99956e-10 663232 6.5581e-12
4.07955e-10 676497 6.77037e-12
4.16114e-10 690027 6.98937e-12
4.24436e-10 703828 7.21532e-12
4.32925e-10 717905 7.44842e-12
4.41584e-10 732263 7.6889e-12
4.50415e-10 746909 7.93699e-12
4.59424e-10 761847 8.19292e-12
4.68612e-10 777085 8.45694e-12
4.77984e-10 792627 8.72929e-12
4.87544e-10 808480 9.01023e-12
4.97295e-10 824649 9.30002e-12
5.07241e-10 841143 9.59894e-12
5.17386e-10 857966 9.90727e-12
5.27733e-10 875126 1.02253e-11
5.38288e-10 892629 1.05533e-11
5.49054e-10 910481 1.08916e-11
5.60035e-10 928691 1.12406e-11
5.71235e-10 947266 1.16004e-11
5.8266e-10 966211 1.19716e-11
5.94313e-10 985536 1.23543e-11
6.062e-10 1.00525e+06 1.27491e-11
6.18324e-10 1.02535e+06 1.31561e-11
6.3069e-10 1.04586e+06 1.35759e-11
6.43304e-10 1.06678e+06 1.40088e-11
6.5617e-10 1.08811e+06 1.44552e-11
6.69293e-10 1.10988e+06 1.49155e-11
6.82679e-10 1.13207e+06 1.53901e-11
6.96333e-10 1.15472e+06 1.58795e-11
7.10259e-10 1.17781e+06 1.63841e-11
7.24465e-10 1.20137e+06 1.69044e-11
7.38954e-10 1.2254e+06 1.74408e-11
7.53733e-10 1.24991e+06 1.79938e-11
7.68808e-10 1.2749e+06 1.8564e-11
7.84184e-10 1.3004e+06 1.91519e-11
7.99867e-10 1.32641e+06 1.97579e-11
8.15865e-10 1.35294e+06 2.03827e-11
8.32182e-10 1.38e+06 2.10267e-11
8.48826e-10 1.4076e+06 2.16907e-11
8.65802e-10 1.43575e+06 2.23751e-11
8.83118e-10 1.46447e+06 2.30806e-11
9.00781e-10 1.49376e+06 2.38078e-11
9.18796e-10 1.52364e+06 2.45574e-11
9.37172e-10 1.55411e+06 2.53301e-11
9.55916e-10 1.58519e+06 2.61265e-11
9.75034e-10 1.6169e+06 2.69473e-11
9.94535e-10 1.64924e+06 2.77933e-11
1.01443e-09 1.68222e+06 2.86652e-11
1.03471e-09 1.71587e+06 2.95638e-11
1.05541e-09 1.75019e+06 3.04899e-11
1.07652e-09 1.78519e+06 3.14443e-11
1.09805e-09 1.8209e+06 3.24278e-11
1.12001e-09 1.85731e+06 3.34414e-11
1.14241e-09 1.89446e+06 3.44858e-11
1.16526e-09 1.93235e+06 3.55621e-11
1.18856e-09 1.971e+06 3.66711e-11
1.21233e-09 2.01042e+06 3.78139e-11
1.23658e-09 2.05063e+06 3.89914e-11
1.26131e-09 2.09165e+06 4.02046e-11
1.28654e-09 2.13348e+06 4.14547e-11
1.31227e-09 2.17615e+06 4.27426e-11
1.33851e-09 2.21968e+06 4.40696e-11
1.36528e-09 2.26407e+06 4.54367e-11
1.39259e-09 2.30935e+06 4.68452e-11
1.42044e-09 2.35554e+06 4.82962e-11
1.44885e-09 2.40266e+06 4.97911e-11
1.47783e-09 2.45071e+06 5.1331e-11
1.50738e-09 2.49973e+06 5.29173e-11
1.53753e-09 2.54972e+06 5.45514e-11
1.56828e-09 2.60072e+06 5.62347e-11
1.59965e-09 2.65274e+06 5.79686e-11
1.63164e-09 2.70579e+06 5.97546e-11
1.66427e-09 2.75991e+06 6.15941e-11
1.69756e-09 2.81511e+06 6.34889e-11
1.73151e-09 2.87142e+06 6.54404e-11
1.76614e-09 2.92885e+06 6.74504e-11
1.80146e-09 2.98743e+06 6.95205e-11
1.83749e-09 3.04718e+06 7.16525e-11
1.87424e-09 3.10812e+06 7.38482e-11
1.91173e-09 3.17029e+06 7.61094e-11
1.94996e-09 3.2337e+06 7.8438e-11
1.98896e-09 3.29837e+06 8.0836e-11
2.02874e-09 3.36434e+06 8.33054e-11
2.06931e-09 3.43163e+06 8.58482e-11
2.1107e-09 3.50027e+06 8.84667e-11
2.15291e-09 3.57028e+06 9.11629e-11
2.19597e-09 3.64169e+06 9.39391e-11
2.23989e-09 3.71452e+06 9.67976e-11
2.28469e-09 3.78882e+06 9.97408e-11
2.33038e-09 3.8646e+06 1.02771e-10
2.37699e-09 3.94189e+06 1.05891e-10
2.42453e-09 4.02074e+06 1.09103e-10
2.47302e-09 4.10115e+06 1.1241e-10
2.52248e-09 4.18318e+06 1.15815e-10
2.57293e-09 4.26685e+06 1.1932e-10
2.62439e-09 4.35219e+06 1.22928e-10
2.67688e-09 4.43924e+06 1.26643e-10
2.73042e-09 4.52803e+06 1.30466e-10
2.78502e-09 4.61859e+06 1.34403e-10
2.84072e-09 4.71097e+06 1.38454e-10
2.89754e-09 4.80519e+06 1.42625e-10
2.95549e-09 4.9013e+06 1.46918e-10
3.0146e-09 4.99934e+06 1.51336e-10
3.07489e-09 5.09933e+06 1.55884e-10
3.13639e-09 5.20132e+06 1.60565e-10
3.19912e-09 5.30535e+06 1.65383e-10
3.2631e-09 5.41146e+06 1.70342e-10
3.32836e-09 5.5197e+06 1.75445e-10
3.39493e-09 5.6301e+06 1.80697e-10
3.46283e-09 5.74271e+06 1.86102e-10
3.53208e-09 5.85757e+06 1.91665e-10
3.60272e-09 5.97473e+06 1.97389e-10
3.67478e-09 6.09423e+06 2.0328e-10
3.74827e-09 6.21612e+06 2.09342e-10
3.82324e-09 6.34045e+06 2.1558e-10
3.89971e-09 6.46727e+06 2.21999e-10
3.9777e-09 6.59662e+06 2.28604e-10
4.05725e-09 6.72856e+06 2.354e-10
4.1384e-09 6.86314e+06 2.42393e-10
4.22117e-09 7.00041e+06 2.49588e-10
4.30559e-09 7.14043e+06 2.56991e-10
4.3917e-09 7.28325e+06 2.64608e-10
4.47954e-09 7.42892e+06 2.72445e-10
4.56913e-09 7.57751e+06 2.80507e-10
4.66051e-09 7.72907e+06 2.88802e-10
4.75372e-09 7.88366e+06 2.97336e-10
4.84879e-09 8.04135e+06 3.06115e-10
4.94577e-09 8.20219e+06 3.15147e-10
5.04468e-09 8.36624e+06 3.24438e-10
5.14558e-09 8.53358e+06 3.33996e-10
5.24849e-09 8.70426e+06 3.43829e-10
5.35346e-09 8.87836e+06 3.53943e-10
5.46053e-09 9.05594e+06 3.64347e-10
5.56974e-09 9.23707e+06 3.75049e-10
5.68113e-09 9.42183e+06 3.86057e-10
5.79476e-09 9.61028e+06 3.97379e-10
5.91065e-09 9.8025e+06 4.09026e-10
6.02886e-09 9.99856e+06 4.21005e-10
6.14944e-09 1.01985e+07 4.33325e-10
6.27243e-09 1.04025e+07 4.45997e-10
6.39788e-09 1.06106e+07 4.5903e-10
6.52584e-09 1.08228e+07 4.72434e-10
6.65635e-09 1.10393e+07 4.8622e-10
6.78948e-09 1.12601e+07 5.00397e-10
6.92527e-09 1.14853e+07 5.14978e-10
7.06378e-09 1.17151e+07 5.29972e-10
7.20505e-09 1.19494e+07 5.45393e-10
7.34915e-09 1.21884e+07 5.6125e-10
7.49614e-09 1.24322e+07 5.77557e-10
7.64606e-09 1.26808e+07 5.94326e-10
7.79898e-09 1.29345e+07 6.1157e-10
7.95496e-09 1.31932e+07 6.29301e-10
8.11406e-09 1.34571e+07 6.47534e-10
8.27634e-09 1.37262e+07 6.66282e-10
8.44187e-09 1.40008e+07 6.85559e-10
8.6107e-09 1.42808e+07 7.05381e-10
8.78292e-09 1.45665e+07 7.25761e-10
8.95858e-09 1.48578e+07 7.46716e-10
9.13775e-09 1.5155e+07 7.68262e-10
9.3205e-09 1.54581e+07 7.90413e-10
9.50691e-09 1.57673e+07 8.13188e-10
9.69705e-09 1.60827e+07 8.36604e-10
9.89099e-09 1.64044e+07 8.60677e-10
1.00888e-08 1.67325e+07 8.85427e-10
1.02906e-08 1.70672e+07 9.10871e-10
1.04964e-08 1.74086e+07 9.37029e-10
1.07063e-08 1.77568e+07 9.6392e-10
1.09205e-08 1.81119e+07 9.91565e-10
1.11389e-08 1.84742e+07 1.01998e-09
1.13616e-08 1.88437e+07 1.0492e-09
1.15889e-08 1.92206e+07 1.07923e-09
1.18207e-08 1.96051e+07 1.1101e-09
1.20571e-08 1.99972e+07 1.14184e-09
1.22982e-08 2.03972e+07 1.17446e-09
1.25442e-08 2.08052e+07 1.20799e-09
1.27951e-08 2.12214e+07 1.24245e-09
1.3051e-08 2.16458e+07 1.27788e-09
1.3312e-08 2.20788e+07 1.31429e-09
1.35782e-08 2.25204e+07 1.35172e-09
1.38498e-08 2.29709e+07 1.39019e-09
1.41268e-08 2.34303e+07 1.42973e-09
1.44093e-08 2.3899e+07 1.47037e-09
1.46975e-08 2.4377e+07 1.51214e-09
1.49914e-08 2.48646e+07 1.55507e-09
1.52913e-08 2.5362e+07 1.59919e-09
1.55971e-08 2.58693e+07 1.64454e-09
1.5909e-08 2.63867e+07 1.69114e-09
1.62272e-08 2.69145e+07 1.73904e-09
1.65518e-08 2.74529e+07 1.78826e-09
1.68828e-08 2.8002e+07 1.83885e-09
1.72205e-08 2.85621e+07 1.89084e-09
1.75649e-08 2.91334e+07 1.94426e-09
1.79162e-08 2.97161e+07 1.99916e-09
1.82745e-08 3.03105e+07 2.05558e-09
1.864e-08 3.09168e+07 2.11356e-09
1.90128e-08 3.15352e+07 2.17314e-09
1.9393e-08 3.2166e+07 2.23437e-09
1.97809e-08 3.28094e+07 2.29728e-09
2.01765e-08 3.34657e+07 2.36193e-09
2.058e-08 3.41351e+07 2.42836e-09
2.09916e-08 3.48179e+07 2.49662e-09
2.14115e-08 3.55143e+07 2.56677e-09
2.18397e-08 3.62247e+07 2.63884e-09
2.22765e-08 3.69493e+07 2.71289e-09
2.2722e-08 3.76884e+07 2.78899e-09
2.31765e-08 3.84423e+07 2.86717e-09
2.364e-08 3.92112e+07 2.9475e-09
2.41128e-08 3.99955e+07 3.03004e-09
2.45951e-08 4.07956e+07 3.11485e-09
2.5087e-08 4.16116e+07 3.20198e-09
2.55887e-08 4.24439e+07 3.29151e-09
2.61005e-08 4.32929e+07 3.38349e-09
2.66225e-08 4.41589e+07 3.47799e-09
2.71549e-08 4.50422e+07 3.57508e-09
2.7698e-08 4.59432e+07 3.67482e-09
2.8252e-08 4.68622e+07 3.7773e-09
2.8817e-08 4.77996e+07 3.88259e-09
2.93934e-08 4.87557e+07 3.99075e-09
2.99812e-08 4.9731e+07 4.10187e-09
3.05809e-08 5.07257e+07 4.21603e-09
3.11925e-08 5.17404e+07 4.33331e-09
3.18163e-08 5.27754e+07 4.45379e-09
3.24526e-08 5.3831e+07 4.57756e-09
3.31017e-08 5.49078e+07 4.70471e-09
3.37637e-08 5.60061e+07 4.83533e-09
3.4439e-08 5.71264e+07 4.96951e-09
3.51278e-08 5.82691e+07 5.10735e-09
3.58303e-08 5.94347e+07 5.24894e-09
3.6547e-08 6.06236e+07 5.3944e-09
3.72779e-08 6.18363e+07 5.54381e-09
3.80235e-08 6.30732e+07 5.69729e-09
3.87839e-08 6.43348e+07 5.85495e-09
3.95596e-08 6.56218e+07 6.01689e-09
4.03508e-08 6.69344e+07 6.18324e-09
4.11578e-08 6.82733e+07 6.35411e-09
4.1981e-08 6.9639e+07 6.52963e-09
4.28206e-08 7.1032e+07 6.70991e-09
4.3677e-08 7.24529e+07 6.89509e-09
4.45505e-08 7.39022e+07 7.08529e-09
4.54415e-08 7.53805e+07 7.28066e-09
4.63504e-08 7.68884e+07 7.48133e-09
4.72774e-08 7.84264e+07 7.68744e-09
4.82229e-08 7.99952e+07 7.89913e-09
4.91874e-08 8.15954e+07 8.11657e-09
5.01711e-08 8.32276e+07 8.33989e-09
5.11746e-08 8.48925e+07 8.56927e-09
5.2198e-08 8.65907e+07 8.80485e-09
5.3242e-08 8.83228e+07 9.04682e-09
5.43069e-08 9.00896e+07 9.29532e-09
5.5393e-08 9.18917e+07 9.55055e-09
5.65008e-08 9.37299e+07 9.81269e-09
5.76309e-08 9.56048e+07 1.00819e-08
5.87835e-08 9.75173e+07 1.03584e-08
5.99592e-08 9.9468e+07 1.06424e-08
6.11583e-08 1.01458e+08 1.0934e-08
6.23815e-08 1.03487e+08 1.12335e-08
6.36291e-08 1.05557e+08 1.15411e-08
6.49017e-08 1.07669e+08 1.1857e-08
6.61997e-08 1.09823e+08 1.21814e-08
6.75237e-08 1.1202e+08 1.25146e-08
6.88742e-08 1.14261e+08 1.28567e-08
7.02517e-08 1.16546e+08 1.32081e-08
7.16567e-08 1.18878e+08 1.35689e-08
7.30899e-08 1.21256e+08 1.39395e-08
7.45517e-08 1.23681e+08 1.432e-08
7.60427e-08 1.26155e+08 1.47108e-08
7.75636e-08 1.28679e+08 1.51121e-08
7.91148e-08 1.31253e+08 1.55242e-08
8.06971e-08 1.33879e+08 1.59474e-08
8.23111e-08 1.36557e+08 1.6382e-08
8.39573e-08 1.39289e+08 1.68283e-08
8.56364e-08 1.42075e+08 1.72865e-08
8.73492e-08 1.44917e+08 1.77571e-08
8.90961e-08 1.47816e+08 1.82403e-08
9.08781e-08 1.50773e+08 1.87365e-08
9.26956e-08 1.53789e+08 1.9246e-08
9.45495e-08 1.56866e+08 1.97692e-08
9.64405e-08 1.60004e+08 2.03064e-08
9.83693e-08 1.63205e+08 2.0858e-08
1.00337e-07 1.6647e+08 2.14245e-08
1.02343e-07 1.698e+08 2.20061e-08
1.0439e-07 1.73196e+08 2.26033e-08
1.06478e-07 1.76661e+08 2.32165e-08
1.08608e-07 1.80195e+08 2.38462e-08
1.1078e-07 1.838e+08 2.44927e-08
1.12995e-07 1.87477e+08 2.51566e-08
1.15255e-07 1.91227e+08 2.58382e-08
1.1756e-07 1.95053e+08 2.65381e-08
1.19912e-07 1.98955e+08 2.72567e-08
1.2231e-07 2.02935e+08 2.79945e-08
1.24756e-07 2.06995e+08 2.87521e-08
1.27251e-07 2.11136e+08 2.953e-08
1.29796e-07 2.15359e+08 3.03286e-08
1.32392e-07 2.19668e+08 3.11486e-08
1.3504e-07 2.24062e+08 3.19905e-08
1.37741e-07 2.28545e+08 3.28549e-08
1.40496e-07 2.33117e+08 3.37424e-08
1.43306e-07 2.3778e+08 3.46535e-08
1.46172e-07 2.42537e+08 3.55891e-08
1.49095e-07 2.47389e+08 3.65496e-08
1.52077e-07 2.52338e+08 3.75357e-08
1.55119e-07 2.57386e+08 3.85481e-08
1.58221e-07 2.62535e+08 3.95876e-08
1.61385e-07 2.67788e+08 4.06548e-08
1.64613e-07 2.73145e+08 4.17504e-08
1.67905e-07 2.78609e+08 4.28753e-08
1.71263e-07 2.84183e+08 4.40301e-08
1.74689e-07 2.89868e+08 4.52157e-08
1.78182e-07 2.95667e+08 4.64329e-08
1.81746e-07 3.01582e+08 4.76825e-08
1.85381e-07 3.07616e+08 4.89654e-08
1.89089e-07 3.1377e+08 5.02824e-08
1.9287e-07 3.20047e+08 5.16345e-08
1.96728e-07 3.2645e+08 5.30226e-08
2.00662e-07 3.32981e+08 5.44476e-08
2.04676e-07 3.39642e+08 5.59106e-08
2.08769e-07 3.46437e+08 5.74124e-08
2.12945e-07 3.53368e+08 5.89542e-08
2.17203e-07 3.60437e+08 6.0537e-08
2.21547e-07 3.67648e+08 6.21618e-08
2.25978e-07 3.75004e+08 6.38298e-08
2.30498e-07 3.82506e+08 6.55421e-08
2.35108e-07 3.90158e+08 6.73e-08
2.3981e-07 3.97964e+08 6.91045e-08
2.44606e-07 4.05926e+08 7.09569e-08
2.49498e-07 4.14047e+08 7.28584e-08
2.54488e-07 4.2233e+08 7.48105e-08
2.59578e-07 4.3078e+08 7.68144e-08
2.6477e-07 4.39398e+08 7.88714e-08
2.70065e-07 4.48189e+08 8.0983e-08
2.75466e-07 4.57156e+08 8.31505e-08
2.80976e-07 4.66302e+08 8.53756e-08
2.86595e-07 4.75631e+08 8.76596e-08
2.92327e-07 4.85147e+08 9.00042e-08
2.98174e-07 4.94853e+08 9.24109e-08
3.04137e-07 5.04753e+08 9.48813e-08
3.1022e-07 5.14852e+08 9.74172e-08
3.16424e-07 5.25152e+08 1.0002e-07
3.22753e-07 5.35659e+08 1.02692e-07
3.29208e-07 5.46376e+08 1.05435e-07
3.35792e-07 5.57307e+08 1.0825e-07
3.42508e-07 5.68457e+08 1.1114e-07
3.49358e-07 5.7983e+08 1.14106e-07
3.56345e-07 5.91431e+08 1.17151e-07
3.63472e-07 6.03264e+08 1.20276e-07
3.70742e-07 6.15334e+08 1.23484e-07
3.78156e-07 6.27645e+08 1.26777e-07
3.8572e-07 6.40202e+08 1.30156e-07
3.93434e-07 6.53011e+08 1.33625e-07
4.01303e-07 6.66076e+08 1.37186e-07
4.09329e-07 6.79403e+08 1.4084e-07
4.17515e-07 6.92996e+08 1.44591e-07
4.25866e-07 7.06861e+08 1.48442e-07
4.34383e-07 7.21003e+08 1.52393e-07
4.4307e-07 7.35429e+08 1.5645e-07
4.51932e-07 7.50143e+08 1.60613e-07
4.60971e-07 7.65152e+08 1.64886e-07
4.7019e-07 7.80461e+08 1.69271e-07
4.79594e-07 7.96076e+08 1.73773e-07
4.89186e-07 8.12004e+08 1.78393e-07
4.98969e-07 8.28251e+08 1.83135e-07
5.08949e-07 8.44822e+08 1.88001e-07
5.19128e-07 8.61725e+08 1.92997e-07
5.2951e-07 8.78967e+08 1.98123e-07
5.401e-07 8.96553e+08 2.03385e-07
5.50902e-07 9.14492e+08 2.08785e-07
5.61921e-07 9.32789e+08 2.14328e-07
5.73159e-07 9.51453e+08 2.20016e-07
5.84622e-07 9.7049e+08 2.25854e-07
5.96315e-07 9.89908e+08 2.31846e-07
6.08241e-07 1.00971e+09 2.37995e-07
6.20406e-07 1.02992e+09 2.44306e-07
6.32814e-07 1.05052e+09 2.50783e-07
6.4547e-07 1.07154e+09 2.5743e-07
6.58379e-07 1.09298e+09 2.64253e-07
6.71547e-07 1.11485e+09 2.71254e-07
6.84978e-07 1.13716e+09 2.78439e-07
6.98678e-07 1.15991e+09 2.85813e-07
7.12651e-07 1.18312e+09 2.93381e-07
7.26904e-07 1.2068e+09 3.01148e-07
7.41442e-07 1.23094e+09 3.09118e-07
7.56271e-07 1.25557e+09 3.17298e-07
7.71396e-07 1.2807e+09 3.25693e-07
7.86824e-07 1.30632e+09 3.34307e-07
8.02561e-07 1.33246e+09 3.43148e-07
8.18612e-07 1.35912e+09 3.52221e-07
8.34984e-07 1.38632e+09 3.61531e-07
8.51684e-07 1.41406e+09 3.71086e-07
8.68718e-07 1.44235e+09 3.80891e-07
8.86092e-07 1.47121e+09 3.90953e-07
9.03814e-07 1.50065e+09 4.01279e-07
9.2189e-07 1.53068e+09 4.11876e-07
9.40328e-07 1.5613e+09 4.22749e-07
9.59135e-07 1.59255e+09 4.33908e-07
9.78317e-07 1.62441e+09 4.45359e-07
9.97884e-07 1.65692e+09 4.57109e-07
1.01784e-06 1.69007e+09 4.69167e-07
1.0382e-06 1.72389e+09 4.81541e-07
1.05896e-06 1.75839e+09 4.94238e-07
1.08014e-06 1.79357e+09 5.07268e-07
1.10174e-06 1.82946e+09 5.20638e-07
1.12378e-06 1.86607e+09 5.34357e-07
1.14625e-06 1.90341e+09 5.48435e-07
1.16918e-06 1.9415e+09 5.62882e-07
1.19256e-06 1.98035e+09 5.77705e-07
1.21641e-06 2.01998e+09 5.92916e-07
1.24074e-06 2.0604e+09 6.08524e-07
1.26556e-06 2.10163e+09 6.24539e-07
1.29087e-06 2.14368e+09 6.40973e-07
1.31669e-06 2.18658e+09 6.57835e-07
1.34302e-06 2.23033e+09 6.75138e-07
1.36988e-06 2.27497e+09 6.92892e-07
1.39728e-06 2.32049e+09 7.11109e-07
1.42522e-06 2.36693e+09 7.29801e-07
1.45373e-06 2.41429e+09 7.4898e-07
1.4828e-06 2.4626e+09 7.68659e-07
1.51246e-06 2.51188e+09 7.88851e-07
1.54271e-06 2.56215e+09 8.0957e-07
1.57356e-06 2.61342e+09 8.30827e-07
1.60503e-06 2.66572e+09 8.52639e-07
1.63713e-06 2.71907e+09 8.75018e-07
1.66988e-06 2.77348e+09 8.9798e-07
1.70327e-06 2.82898e+09 9.21539e-07
1.73734e-06 2.88559e+09 9.45711e-07
1.77209e-06 2.94334e+09 9.70513e-07
1.80753e-06 3.00224e+09 9.95959e-07
1.84368e-06 3.06232e+09 1.02207e-06
1.88055e-06 3.12361e+09 1.04885e-06
1.91816e-06 3.18612e+09 1.07634e-06
1.95653e-06 3.24988e+09 1.10453e-06
1.99566e-06 3.31491e+09 1.13346e-06
2.03557e-06 3.38125e+09 1.16314e-06
2.07628e-06 3.44892e+09 1.19359e-06
2.11781e-06 3.51794e+09 1.22483e-06
2.16016e-06 3.58835e+09 1.25689e-06
2.20337e-06 3.66016e+09 1.28977e-06
2.24743e-06 3.73341e+09 1.32351e-06
2.29238e-06 3.80812e+09 1.35812e-06
2.33823e-06 3.88434e+09 1.39363e-06
2.38499e-06 3.96207e+09 1.43006e-06
2.43269e-06 4.04137e+09 1.46743e-06
2.48135e-06 4.12225e+09 1.50577e-06
2.53098e-06 4.20475e+09 1.54511e-06
2.5816e-06 4.2889e+09 1.58546e-06
2.63323e-06 4.37473e+09 1.62686e-06
2.68589e-06 4.46229e+09 1.66933e-06
2.73961e-06 4.55159e+09 1.7129e-06
2.7944e-06 4.64269e+09 1.75759e-06
2.85029e-06 4.7356e+09 1.80344e-06
2.9073e-06 4.83038e+09 1.85048e-06
2.96544e-06 4.92706e+09 1.89873e-06
3.02475e-06 5.02567e+09 1.94823e-06
3.08525e-06 5.12625e+09 1.99901e-06
3.14695e-06 5.22885e+09 2.0511e-06
3.20989e-06 5.3335e+09 2.10454e-06
3.27409e-06 5.44024e+09 2.15935e-06
3.33957e-06 5.54913e+09 2.21558e-06
3.40636e-06 5.66019e+09 2.27326e-06
3.47449e-06 5.77348e+09 2.33243e-06
3.54398e-06 5.88903e+09 2.39312e-06
3.61486e-06 6.0069e+09 2.45538e-06
3.68715e-06 6.12712e+09 2.51925e-06
3.7609e-06 6.24976e+09 2.58476e-06
3.83611e-06 6.37485e+09 2.65195e-06
3.91284e-06 6.50244e+09 2.72088e-06
3.99109e-06 6.63259e+09 2.79158e-06
4.07092e-06 6.76534e+09 2.8641e-06
4.15233e-06 6.90075e+09 2.93849e-06
4.23538e-06 7.03887e+09 3.01479e-06
4.32009e-06 7.17976e+09 3.09306e-06
4.40649e-06 7.32346e+09 3.17333e-06
4.49462e-06 7.47005e+09 3.25567e-06
4.58451e-06 7.61957e+09 3.34013e-06
4.6762e-06 7.77208e+09 3.42675e-06
4.76973e-06 7.92765e+09 3.5156e-06
4.86512e-06 8.08633e+09 3.60673e-06
4.96242e-06 8.24818e+09 3.7002e-06
5.06167e-06 8.41328e+09 3.79607e-06
5.1629e-06 8.58168e+09 3.89439e-06
5.26616e-06 8.75346e+09 3.99524e-06
5.37149e-06 8.92867e+09 4.09867e-06
5.47892e-06 9.10739e+09 4.20475e-06
5.58849e-06 9.28969e+09 4.31356e-06
5.70026e-06 9.47564e+09 4.42514e-06
5.81427e-06 9.66532e+09 4.53959e-06
5.93055e-06 9.85879e+09 4.65696e-06
6.04917e-06 1.00561e+10 4.77734e-06
6.17015e-06 1.02574e+10 4.90079e-06
6.29355e-06 1.04628e+10 5.02741e-06
6.41942e-06 1.06722e+10 5.15726e-06
6.54781e-06 1.08858e+10 5.29043e-06
6.67877e-06 1.11037e+10 5.427e-06
6.81234e-06 1.1326e+10 5.56705e-06
6.94859e-06 1.15527e+10 5.71069e-06
7.08756e-06 1.1784e+10 5.85799e-06
7.22931e-06 1.20199e+10 6.00905e-06
7.3739e-06 1.22605e+10 6.16396e-06
7.52138e-06 1.25059e+10 6.32282e-06
7.67181e-06 1.27563e+10 6.48573e-06
7.82524e-06 1.30116e+10 6.65279e-06
7.98175e-06 1.32721e+10 6.82411e-06
8.14138e-06 1.35378e+10 6.99979e-06
8.30421e-06 1.38088e+10 7.17994e-06
8.47029e-06 1.40852e+10 7.36467e-06
8.6397e-06 1.43672e+10 7.5541e-06
8.81249e-06 1.46548e+10 7.74835e-06
8.98874e-06 1.49482e+10 7.94754e-06
9.16852e-06 1.52475e+10 8.15179e-06
9.35189e-06 1.55527e+10 8.36123e-06
9.53893e-06 1.58641e+10 8.57599e-06
9.7297e-06 1.61817e+10 8.79619e-06
9.9243e-06 1.65056e+10 9.02199e-06
1.01228e-05 1.6836e+10 9.25351e-06
1.03252e-05 1.71731e+10 9.4909e-06
1.05317e-05 1.75169e+10 9.73431e-06
1.07424e-05 1.78676e+10 9.98389e-06
1.09572e-05 1.82253e+10 1.02398e-05
1.11764e-05 1.85902e+10 1.05022e-05
1.13999e-05 1.89624e+10 1.07712e-05
1.16279e-05 1.9342e+10 1.1047e-05
1.18605e-05 1.97293e+10 1.13298e-05
1.20977e-05 2.01242e+10 1.16197e-05
1.23396e-05 2.05272e+10 1.1917e-05
1.25864e-05 2.09381e+10 1.22218e-05
1.28381e-05 2.13573e+10 1.25343e-05
1.30949e-05 2.17849e+10 1.28546e-05
1.33568e-05 2.22211e+10 1.31831e-05
1.36239e-05 2.2666e+10 1.35198e-05
1.38964e-05 2.31198e+10 1.38651e-05
1.41743e-05 2.35827e+10 1.4219e-05
1.44578e-05 2.40549e+10 1.45818e-05
1.4747e-05 2.45365e+10 1.49538e-05
1.50419e-05 2.50278e+10 1.53351e-05
1.53428e-05 2.55289e+10 1.5726e-05
1.56496e-05 2.604e+10 1.61268e-05
1.59626e-05 2.65614e+10 1.65376e-05
1.62819e-05 2.70933e+10 1.69588e-05
1.66075e-05 2.76357e+10 1.73905e-05
1.69396e-05 2.81891e+10 1.78331e-05
1.72784e-05 2.87535e+10 1.82868e-05
1.7624e-05 2.93292e+10 1.87519e-05
1.79765e-05 2.99165e+10 1.92286e-05
1.8336e-05 3.05155e+10 1.97173e-05
1.87027e-05 3.11266e+10 2.02182e-05
1.90768e-05 3.17498e+10 2.07316e-05
1.94583e-05 3.23856e+10 2.12579e-05
1.98475e-05 3.3034e+10 2.17974e-05
2.02444e-05 3.36955e+10 2.23504e-05
2.06493e-05 3.43702e+10 2.29172e-05
2.10623e-05 3.50585e+10 2.34981e-05
2.14836e-05 3.57605e+10 2.40936e-05
2.19132e-05 3.64766e+10 2.47039e-05
2.23515e-05 3.7207e+10 2.53294e-05
2.27985e-05 3.79521e+10 2.59706e-05
2.32545e-05 3.87121e+10 2.66277e-05
2.37196e-05 3.94873e+10 2.73012e-05
2.4194e-05 4.0278e+10 2.79915e-05
2.46779e-05 4.10846e+10 2.86989e-05
2.51714e-05 4.19073e+10 2.9424e-05
2.56749e-05 4.27465e+10 3.01671e-05
2.61884e-05 4.36025e+10 3.09286e-05
2.67121e-05 4.44757e+10 3.17091e-05
2.72464e-05 4.53664e+10 3.2509e-05
2.77913e-05 4.62749e+10 3.33287e-05
2.83471e-05 4.72016e+10 3.41687e-05
2.89141e-05 4.81469e+10 3.50295e-05
2.94923e-05 4.91111e+10 3.59117e-05
3.00822e-05 5.00946e+10 3.68158e-05
3.06838e-05 5.10978e+10 3.77422e-05
3.12975e-05 5.21212e+10 3.86915e-05
3.19235e-05 5.3165e+10 3.96643e-05
3.25619e-05 5.42297e+10 4.06612e-05
3.32132e-05 5.53158e+10 4.16827e-05
3.38774e-05 5.64236e+10 4.27293e-05
3.4555e-05 5.75536e+10 4.38019e-05
3.52461e-05 5.87063e+10 4.49008e-05
3.5951e-05 5.98821e+10 4.60269e-05
3.667e-05 6.10814e+10 4.71807e-05
3.74034e-05 6.23047e+10 4.83629e-05
3.81515e-05 6.35526e+10 4.95742e-05
3.89145e-05 6.48254e+10 5.08153e-05
3.96928e-05 6.61238e+10 5.20869e-05
4.04867e-05 6.74481e+10 5.33897e-05
4.12964e-05 6.8799e+10 5.47245e-05
4.21223e-05 7.0177e+10 5.60921e-05
4.29648e-05 7.15826e+10 5.74932e-05
4.38241e-05 7.30163e+10 5.89287e-05
4.47005e-05 7.44788e+10 6.03993e-05
4.55946e-05 7.59705e+10 6.19059e-05
4.65065e-05 7.74922e+10 6.34494e-05
4.74366e-05 7.90444e+10 6.50306e-05
4.83853e-05 8.06276e+10 6.66504e-05
4.9353e-05 8.22426e+10 6.83098e-05
5.03401e-05 8.38899e+10 7.00097e-05
5.13469e-05 8.55703e+10 7.17511e-05
5.23738e-05 8.72843e+10 7.35349e-05
5.34213e-05 8.90326e+10 7.53622e-05
5.44897e-05 9.0816e+10 7.72339e-05
5.55795e-05 9.26351e+10 7.91512e-05
5.66911e-05 9.44907e+10 8.11151e-05
5.78249e-05 9.63835e+10 8.31267e-05
5.89814e-05 9.83142e+10 8.51872e-05
6.01611e-05 1.00284e+11 8.72977e-05
6.13643e-05 1.02292e+11 8.94593e-05
6.25916e-05 1.04341e+11 9.16733e-05
6.38434e-05 1.06432e+11 9.3941e-05
6.51203e-05 1.08564e+11 9.62635e-05
6.64227e-05 1.10738e+11 9.86422e-05
6.77511e-05 1.12957e+11 0.000101078
6.91061e-05 1.1522e+11 0.000103573
7.04883e-05 1.17528e+11 0.000106129
7.1898e-05 1.19882e+11 0.000108746
7.3336e-05 1.22284e+11 0.000111426
7.48027e-05 1.24734e+11 0.00011417
7.62988e-05 1.27232e+11 0.000116981
7.78247e-05 1.29781e+11 0.000119859
7.93812e-05 1.32381e+11 0.000122806
8.09689e-05 1.35033e+11 0.000125824
8.25882e-05 1.37739e+11 0.000128915
8.424e-05 1.40498e+11 0.000132079
8.59248e-05 1.43313e+11 0.00013532
8.76433e-05 1.46184e+11 0.000138638
8.93962e-05 1.49113e+11 0.000142035
9.11841e-05 1.521e+11 0.000145514
9.30078e-05 1.55147e+11 0.000149076
9.48679e-05 1.58256e+11 0.000152723
9.67653e-05 1.61426e+11 0.000156456
9.87006e-05 1.64661e+11 0.000160279
0.000100675 1.6796e+11 0.000164193
0.000102688 1.71325e+11 0.0001682
0.000104742 1.74757e+11 0.000172302
0.000106837 1.78259e+11 0.000176501
0.000108973 1.8183e+11 0.000180801
0.000111153 1.85474e+11 0.000185202
0.000113376 1.8919e+11 0.000189708
0.000115643 1.92981e+11 0.00019432
0.000117956 1.96847e+11 0.000199041
0.000120315 2.00791e+11 0.000203874
0.000122722 2.04815e+11 0.000208821
0.000125176 2.08919e+11 0.000213885
0.00012768 2.13105e+11 0.000219068
0.000130233 2.17375e+11 0.000224373
0.000132838 2.2173e+11 0.000229803
0.000135495 2.26173e+11 0.000235361
0.000138205 2.30705e+11 0.000241049
0.000140969 2.35328e+11 0.000246871
0.000143788 2.40044e+11 0.000252829
0.000146664 2.44854e+11 0.000258927
0.000149597 2.4976e+11 0.000265168
0.000152589 2.54765e+11 0.000271554
0.000155641 2.59871e+11 0.00027809
0.000158754 2.65078e+11 0.000284778
0.000161929 2.7039e+11 0.000291622
0.000165167 2.75808e+11 0.000298625
0.000168471 2.81335e+11 0.000305792
0.00017184 2.86973e+11 0.000313124
0.000175277 2.92724e+11 0.000320628
0.000178782 2.9859e+11 0.000328305
0.000182358 3.04574e+11 0.00033616
0.000186005 3.10678e+11 0.000344197
0.000189725 3.16904e+11 0.000352419
0.00019352 3.23255e+11 0.000360832
0.00019739 3.29733e+11 0.000369438
0.000201338 3.36341e+11 0.000378243
0.000205365 3.43082e+11 0.000387251
0.000209472 3.49958e+11 0.000396466
0.000213662 3.56971e+11 0.000405892
0.000217935 3.64125e+11 0.000415535
0.000222293 3.71423e+11 0.000425399
0.000226739 3.78867e+11 0.000435488
0.000231274 3.8646e+11 0.000445808
0.0002359 3.94206e+11 0.000456364
0.000240618 4.02106e+11 0.000467144
0.000340618 5.69619e+11 0.000541293
0.000440618 7.37169e+11 0.00059776
0.000540618 9.04743e+11 0.000652174
0.000640618 1.07234e+12 0.000706196
0.000740618 1.23994e+12 0.000760244
0.000840618 1.40757e+12 0.000814406
0.000940618 1.5752e+12 0.000868671
0.00104062 1.74284e+12 0.000922991
0.00114062 1.9105e+12 0.000977313
0.00124062 2.07816e+12 0.00103159
0.00134062 2.24583e+12 0.00108578
0.00144062 2.41351e+12 0.00113985
0.00154062 2.58119e+12 0.00119378
0.00164062 2.74888e+12 0.00124756
0.00174062 2.91658e+12 0.00130118
0.00184062 3.08428e+12 0.00135465
0.00194062 3.25199e+12 0.00140798
0.00204062 3.4197e+12 0.00146118
0.00214062 3.58742e+12 0.00151427
0.00224062 3.75514e+12 0.00156728
0.00234062 3.92287e+12 0.00162024
0.00244062 4.0906e+12 0.00167318
0.00254062 4.25833e+12 0.00172614
0.00264062 4.42607e+12 0.00177915
0.00274062 4.59381e+12 0.00183225
0.00284062 4.76156e+12 0.0018855
0.00294062 4.92931e+12 0.00193893
0.00304062 5.09706e+12 0.00199259
0.00314062 5.26481e+12 0.00204652
0.00324062 5.43257e+12 0.00210079
0.00334062 5.60033e+12 0.00215542
0.00344062 5.7681e+12 0.00221049
0.00354062 5.93586e+12 0.00226602
0.00364062 6.10363e+12 0.00232209
0.00374062 6.27141e+12 0.00237873
0.00384062 6.43918e+12 0.002436
0.00394062 6.60696e+12 0.00249395
0.00404062 6.77474e+12 0.00255263
0.00414062 6.94252e+12 0.00261209
0.00424062 7.11031e+12 0.00267239
0.00434062 7.2781e+12 0.00273357
0.00444062 7.44589e+12 0.00279569
0.00454062 7.61368e+12 0.00285879
0.00464062 7.78148e+12 0.00292293
0.00474062 7.94928e+12 0.00298816
0.00484062 8.11708e+12 0.00305451
0.00494062 8.28488e+12 0.00312205
0.00504062 8.45269e+12 0.00319082
0.00514062 8.62049e+12 0.00326087
0.00524062 8.78831e+12 0.00333224
0.00534062 8.95612e+12 0.00340499
0.00544062 9.12393e+12 0.00347915
0.00554062 9.29175e+12 0.00355477
0.00564062 9.45957e+12 0.0036319
0.00574062 9.6274e+12 0.00371058
0.00584062 9.79522e+12 0.00379085
0.00594062 9.96305e+12 0.00387275
0.00604062 1.01309e+13 0.00395634
0.00614062 1.02987e+13 0.00404164
0.00624062 1.04665e+13 0.00412869
0.00634062 1.06344e+13 0.00421755
0.00644062 1.08022e+13 0.00430824
0.00654062 1.09701e+13 0.00440081
0.00664062 1.11379e+13 0.00449529
0.00674062 1.13058e+13 0.00459171
0.00684062 1.14736e+13 0.00469013
0.00694062 1.16415e+13 0.00479056
0.00704062 1.18093e+13 0.00489304
0.00714062 1.19772e+13 0.00499762
0.00724062 1.2145e+13 0.00510432
0.00734062 1.23129e+13 0.00521317
0.00744062 1.24808e+13 0.0053242
0.00754062 1.26486e+13 0.00543746
0.00764062 1.28165e+13 0.00555296
0.00774062 1.29844e+13 0.00567074
0.00784062 1.31523e+13 0.00579082
0.00794062 1.33201e+13 0.00591324
0.00804062 1.3488e+13 0.00603802
0.00814062 1.36559e+13 0.0061652
0.00824062 1.38238e+13 0.00629478
0.00834062 1.39917e+13 0.00642681
0.00844062 1.41596e+13 0.00656131
0.00854062 1.43275e+13 0.00669829
0.00864062 1.44954e+13 0.00683779
0.00874062 1.46633e+13 0.00697983
0.00884062 1.48312e+13 0.00712443
0.00894062 1.49991e+13 0.00727161
0.00904062 1.5167e+13 0.0074214
0.00914062 1.53349e+13 0.0075738
0.00924062 1.55028e+13 0.00772886
0.00934062 1.56708e+13 0.00788658
0.00944062 1.58387e+13 0.00804698
0.00954062 1.60066e+13 0.00821008
0.00964062 1.61745e+13 0.0083759
0.00974062 1.63425e+13 0.00854446
0.00984062 1.65104e+13 0.00871578
0.00994062 1.66784e+13 0.00888986
0.0100406 1.68463e+13 0.00906672
0.0101406 1.70142e+13 0.00924639
0.0102406 1.71822e+13 0.00942887
0.0103406 1.73501e+13 0.00961418
0.0104406 1.75181e+13 0.00980234
0.0105406 1.76861e+13 0.00999335
0.0106406 1.7854e+13 0.0101872
0.0107406 1.8022e+13 0.010384
0.0108406 1.81899e+13 0.0105836
0.0109406 1.83579e+13 0.0107862
0.0110406 1.85259e+13 0.0109916
0.0111406 1.86939e+13 0.0112
0.0112406 1.88619e+13 0.0114114
0.0113406 1.90298e+13 0.0116256
0.0114406 1.91978e+13 0.0118428
0.0115406 1.93658e+13 0.012063
0.0116406 1.95338e+13 0.0122862
0.0117406 1.97018e+13 0.0125123
0.0118406 1.98698e+13 0.0127414
0.0119406 2.00378e+13 0.0129735
0.0120406 2.02058e+13 0.0132086
0.0121406 2.03738e+13 0.0134466
0.0122406 2.05418e+13 0.0136877
0.0123406 2.07099e+13 0.0139318
0.0124406 2.08779e+13 0.014179
0.0125406 2.10459e+13 0.0144291
0.0126406 2.12139e+13 0.0146823
0.0127406 2.1382e+13 0.0149385
0.0128406 2.155e+13 0.0151977
0.0129406 2.17181e+13 0.01546
0.0130406 2.18861e+13 0.0157253
0.0131406 2.20541e+13 0.0159936
0.0132406 2.22222e+13 0.016265
0.0133406 2.23903e+13 0.0165395
0.0134406 2.25583e+13 0.0168169
0.0135406 2.27264e+13 0.0170975
0.0136406 2.28944e+13 0.017381
0.0137406 2.30625e+13 0.0176676
0.0138406 2.32306e+13 0.0179573
0.0139406 2.33987e+13 0.01825
0.0140406 2.35667e+13 0.0185458
0.0141406 2.37348e+13 0.0188446
0.0142406 2.39029e+13 0.0191464
0.0143406 2.4071e+13 0.0194513
0.0144406 2.42391e+13 0.0197593
0.0145406 2.44072e+13 0.0200703
0.0146406 2.45753e+13 0.0203843
0.0147406 2.47434e+13 0.0207013
0.0148406 2.49115e+13 0.0210214
0.0149406 2.50796e+13 0.0213445
0.0150406 2.52478e+13 0.0216707
0.0151406 2.54159e+13 0.0219999
0.0152406 2.5584e+13 0.022332
0.0153406 2.57521e+13 0.0226673
0.0154406 2.59203e+13 0.0230055
0.0155406 2.60884e+13 0.0233467
0.0156406 2.62566e+13 0.023691
0.0157406 2.64247e+13 0.0240382
0.0158406 2.65929e+13 0.0243884
0.0159406 2.6761e+13 0.0247416
0.0160406 2.69292e+13 0.0250979
0.0161406 2.70973e+13 0.0254571
0.0162406 2.72655e+13 0.0258192
0.0163406 2.74337e+13 0.0261844
0.0164406 2.76018e+13 0.0265525
0.0165406 2.777e+13 0.0269235
0.0166406 2.79382e+13 0.0272975
0.0167406 2.81064e+13 0.0276745
0.0168406 2.82746e+13 0.0280544
0.0169406 2.84428e+13 0.0284372
0.0170406 2.8611e+13 0.0288229
0.0171406 2.87792e+13 0.0292116
0.0172406 2.89474e+13 0.0296032
0.0173406 2.91156e+13 0.0299977
0.0174406 2.92838e+13 0.030395
0.0175406 2.9452e+13 0.0307953
0.0176406 2.96202e+13 0.0311985
0.0177406 2.97885e+13 0.0316045
0.0178406 2.99567e+13 0.0320134
0.0179406 3.01249e+13 0.0324251
0.0180406 3.02932e+13 0.0328397
0.0181406 3.04614e+13 0.0332572
0.0182406 3.06297e+13 0.0336774
0.0183406 3.07979e+13 0.0341005
0.0184406 3.09662e+13 0.0345264
0.0185406 3.11344e+13 0.0349551
0.0186406 3.13027e+13 0.0353867
0.0187406 3.1471e+13 0.035821
0.0188406 3.16392e+13 0.0362581
0.0189406 3.18075e+13 0.0366979
0.0190406 3.19758e+13 0.0371406
0.0191406 3.21441e+13 0.0375859
0.0192406 3.23123e+13 0.0380341
0.0193406 3.24806e+13 0.0384849
0.0194406 3.26489e+13 0.0389385
0.0195406 3.28172e+13 0.0393948
0.0196406 3.29855e+13 0.0398538
0.0197406 3.31539e+13 0.0403155
0.0198406 3.33222e+13 0.0407799
0.0199406 3.34905e+13 0.041247
0.0200406 3.36588e+13 0.0417167
0.0201406 3.38271e+13 0.0421891
0.0202406 3.39955e+13 0.0426641
0.0203406 3.41638e+13 0.0431418
0.0204406 3.43321e+13 0.0436221
0.0205406 3.45005e+13 0.0441051
0.0206406 3.46688e+13 0.0445906
0.0207406 3.48372e+13 0.0450787
0.0208406 3.50055e+13 0.0455694
0.0209406 3.51739e+13 0.0460627
0.0210406 3.53422e+13 0.0465586
0.0211406 3.55106e+13 0.047057
0.0212406 3.5679e+13 0.047558
0.0213406 3.58474e+13 0.0480615
0.0214406 3.60157e+13 0.0485675
0.0215406 3.61841e+13 0.0490761
0.0216406 3.63525e+13 0.0495871
0.0217406 3.65209e+13 0.0501007
0.0218406 3.66893e+13 0.0506167
0.0219406 3.68577e+13 0.0511352
0.0220406 3.70261e+13 0.0516562
0.0221406 3.71945e+13 0.0521796
0.0222406 3.73629e+13 0.0527054
0.0223406 3.75313e+13 0.0532337
0.0224406 3.76998e+13 0.0537644
0.0225406 3.78682e+13 0.0542975
0.0226406 3.80366e+13 0.0548331
0.0227406 3.82051e+13 0.055371
0.0228406 3.83735e+13 0.0559112
0.0229406 3.85419e+13 0.0564539
0.0230406 3.87104e+13 0.0569989
0.0231406 3.88788e+13 0.0575462
0.0232406 3.90473e+13 0.0580959
0.0233406 3.92158e+13 0.0586479
0.0234406 3.93842e+13 0.0592023
0.0235406 3.95527e+13 0.0597589
0.0236406 3.97212e+13 0.0603178
0.0237406 3.98896e+13 0.060879
0.0238406 4.00581e+13 0.0614425
0.0239406 4.02266e+13 0.0620082
0.0240406 4.03951e+13 0.0625762
0.0241406 4.05636e+13 0.0631464
0.0242406 4.07321e+13 0.0637188
0.0243406 4.09006e+13 0.0642935
0.0244406 4.10691e+13 0.0648704
0.0245406 4.12376e+13 0.0654495
0.0246406 4.14061e+13 0.0660307
0.0247406 4.15746e+13 0.0666141
0.0248406 4.17432e+13 0.0671997
0.0249406 4.19117e+13 0.0677875
0.0250406 4.20802e+13 0.0683774
0.0251406 4.22488e+13 0.0689694
0.0252406 4.24173e+13 0.0695636
0.0253406 4.25858e+13 0.0701598
0.0254406 4.27544e+13 0.0707582
0.0255406 4.29229e+13 0.0713587
0.0256406 4.30915e+13 0.0719612
0.0257406 4.32601e+13 0.0725658
0.0258406 4.34286e+13 0.0731725
0.0259406 4.35972e+13 0.0737812
0.0260406 4.37658e+13 0.074392
0.0261406 4.39343e+13 0.0750048
0.0262406 4.41029e+13 0.0756196
0.0263406 4.42715e+13 0.0762365
0.0264406 4.44401e+13 0.0768553
0.0265406 4.46087e+13 0.0774761
0.0266406 4.47773e+13 0.0780989
0.0267406 4.49459e+13 0.0787237
0.0268406 4.51145e+13 0.0793504
0.0269406 4.52831e+13 0.0799791
0.0270406 4.54517e+13 0.0806097
0.0271406 4.56203e+13 0.0812423
0.0272406 4.5789e+13 0.0818767
0.0273406 4.59576e+13 0.0825131
0.0274406 4.61262e+13 0.0831514
0.0275406 4.62949e+13 0.0837916
0.0276406 4.64635e+13 0.0844336
0.0277406 4.66321e+13 0.0850776
0.0278406 4.68008e+13 0.0857234
0.0279406 4.69694e+13 0.086371
0.0280406 4.71381e+13 0.0870205
0.0281406 4.73068e+13 0.0876718
0.0282406 4.74754e+13 0.088325
0.0283406 4.76441e+13 0.0889799
0.0284406 4.78128e+13 0.0896367
0.0285406 4.79814e+13 0.0902952
0.0286406 4.81501e+13 0.0909556
0.0287406 4.83188e+13 0.0916177
0.0288406 4.84875e+13 0.0922816
0.0289406 4.86562e+13 0.0929473
0.0290406 4.88249e+13 0.0936147
0.0291406 4.89936e+13 0.0942838
0.0292406 4.91623e+13 0.0949547
0.0293406 4.9331e+13 0.0956273
0.0294406 4.94997e+13 0.0963016
0.0295406 4.96684e+13 0.0969777
0.0296406 4.98371e+13 0.0976554
0.0297406 5.00059e+13 0.0983348
0.0298406 5.01746e+13 0.0990159
0.0299406 5.03433e+13 0.0996986
0.0300406 5.05121e+13 0.100383
0.0301406 5.06808e+13 0.101069
0.0302406 5.08496e+13 0.101757
0.0303406 5.10183e+13 0.102446
0.0304406 5.11871e+13 0.103137
0.0305406 5.13558e+13 0.10383
0.0306406 5.15246e+13 0.104524
0.0307406 5.16933e+13 0.10522
0.0308406 5.18621e+13 0.105917
0.0309406 5.20309e+13 0.106616
0.0310406 5.21997e+13 0.107317
0.0311406 5.23684e+13 0.108019
0.0312406 5.25372e+13 0.108723
0.0313406 5.2706e+13 0.109428
0.0314406 5.28748e+13 0.110135
0.0315406 5.30436e+13 0.110843
0.0316406 5.32124e+13 0.111553
0.0317406 5.33812e+13 0.112264
0.0318406 5.355e+13 0.112977
0.0319406 5.37188e+13 0.113692
0.0320406 5.38877e+13 0.114408
0.0321406 5.40565e+13 0.115125
0.0322406 5.42253e+13 0.115844
0.0323406 5.43941e+13 0.116564
0.0324406 5.4563e+13 0.117286
0.0325406 5.47318e+13 0.118009
0.0326406 5.49007e+13 0.118734
0.0327406 5.50695e+13 0.11946
0.0328406 5.52383e+13 0.120188
0.0329406 5.54072e+13 0.120917
0.0330406 5.55761e+13 0.121648
0.0331406 5.57449e+13 0.122379
0.0332406 5.59138e+13 0.123113
0.0333406 5.60827e+13 0.123847
0.0334406 5.62515e+13 0.124584
0.0335406 5.64204e+13 0.125321
0.0336406 5.65893e+13 0.12606
0.0337406 5.67582e+13 0.1268
0.0338406 5.69271e+13 0.127542
0.0339406 5.70959e+13 0.128285
0.0340406 5.72648e+13 0.129029
0.0341406 5.74337e+13 0.129775
0.0342406 5.76026e+13 0.130522
0.0343406 5.77716e+13 0.13127
0.0344406 5.79405e+13 0.13202
0.0345406 5.81094e+13 0.132771
0.0346406 5.82783e+13 0.133524
0.0347406 5.84472e+13 0.134277
0.0348406 5.86162e+13 0.135032
0.0349406 5.87851e+13 0.135789
0.0350406 5.8954e+13 0.136546
0.0351406 5.9123e+13 0.137305
0.0352406 5.92919e+13 0.138065
0.0353406 5.94608e+13 0.138827
0.0354406 5.96298e+13 0.139589
0.0355406 5.97988e+13 0.140353
0.0356406 5.99677e+13 0.141118
0.0357406 6.01367e+13 0.141885
0.0358406 6.03056e+13 0.142652
0.0359406 6.04746e+13 0.143421
0.0360406 6.06436e+13 0.144192
0.0361406 6.08126e+13 0.144963
0.0362406 6.09815e+13 0.145736
0.0363406 6.11505e+13 0.146509
0.0364406 6.13195e+13 0.147284
0.0365406 6.14885e+13 0.148061
0.0366406 6.16575e+13 0.148838
0.0367406 6.18265e+13 0.149617
0.0368406 6.19955e+13 0.150397
0.0369406 6.21645e+13 0.151178
0.0370406 6.23335e+13 0.15196
0.0371406 6.25025e+13 0.152743
0.0372406 6.26716e+13 0.153528
0.0373406 6.28406e+13 0.154313
0.0374406 6.30096e+13 0.1551
0.0375406 6.31786e+13 0.155888
0.0376406 6.33477e+13 0.156677
0.0377406 6.35167e+13 0.157468
0.0378406 6.36857e+13 0.158259
0.0379406 6.38548e+13 0.159052
0.0380406 6.40238e+13 0.159845
0.0381406 6.41929e+13 0.16064
0.0382406 6.43619e+13 0.161436
0.0383406 6.4531e+13 0.162233
0.0384406 6.47001e+13 0.163031
0.0385406 6.48691e+13 0.163831
0.0386406 6.50382e+13 0.164631
0.0387406 6.52073e+13 0.165433
0.0388406 6.53763e+13 0.166235
0.0389406 6.55454e+13 0.167039
0.0390406 6.57145e+13 0.167844
0.0391406 6.58836e+13 0.168649
0.0392406 6.60527e+13 0.169456
0.0393406 6.62218e+13 0.170264
0.0394406 6.63909e+13 0.171073
0.0395406 6.656e+13 0.171883
0.0396406 6.67291e+13 0.172695
0.0397406 6.68982e+13 0.173507
0.0398406 6.70673e+13 0.17432
0.0399406 6.72364e+13 0.175134
0.0400406 6.74056e+13 0.17595
0.0401406 6.75747e+13 0.176766
0.0402406 6.77438e+13 0.177584
0.0403406 6.7913e+13 0.178402
0.0404406 6.80821e+13 0.179221
0.0405406 6.82512e+13 0.180042
0.0406406 6.84204e+13 0.180864
0.0407406 6.85895e+13 0.181686
0.0408406 6.87587e+13 0.18251
0.0409406 6.89278e+13 0.183334
0.0410406 6.9097e+13 0.18416
0.0411406 6.92661e+13 0.184986
0.0412406 6.94353e+13 0.185814
0.0413406 6.96045e+13 0.186643
0.0414406 6.97736e+13 0.187472
0.0415406 6.99428e+13 0.188303
0.0416406 7.0112e+13 0.189134
0.0417406 7.02812e+13 0.189967
0.0418406 7.04504e+13 0.1908
0.0419406 7.06196e+13 0.191635
0.0420406 7.07887e+13 0.19247
0.0421406 7.09579e+13 0.193307
0.0422406 7.11271e+13 0.194144
0.0423406 7.12963e+13 0.194983
0.0424406 7.14656e+13 0.195822
0.0425406 7.16348e+13 0.196662
0.0426406 7.1804e+13 0.197504
0.0427406 7.19732e+13 0.198346
0.0428406 7.21424e+13 0.199189
0.0429406 7.23116e+13 0.200033
0.0430406 7.24809e+13 0.200878
0.0431406 7.26501e+13 0.201724
0.0432406 7.28193e+13 0.202571
0.0433406 7.29886e+13 0.203419
0.0434406 7.31578e+13 0.204268
0.0435406 7.33271e+13 0.205118
0.0436406 7.34963e+13 0.205969
0.0437406 7.36656e+13 0.20682
0.0438406 7.38348e+13 0.207673
0.0439406 7.40041e+13 0.208526
0.0440406 7.41733e+13 0.209381
0.0441406 7.43426e+13 0.210236
0.0442406 7.45119e+13 0.211092
0.0443406 7.46811e+13 0.211949
0.0444406 7.48504e+13 0.212808
0.0445406 7.50197e+13 0.213667
0.0446406 7.5189e+13 0.214526
0.0447406 7.53583e+13 0.215387
0.0448406 7.55276e+13 0.216249
0.0449406 7.56969e+13 0.217112
0.0450406 7.58662e+13 0.217975
0.0451406 7.60355e+13 0.21884
0.0452406 7.62048e+13 0.219705
0.0453406 7.63741e+13 0.220571
0.0454406 7.65434e+13 0.221438
0.0455406 7.67127e+13 0.222306
0.0456406 7.6882e+13 0.223175
0.0457406 7.70513e+13 0.224045
0.0458406 7.72206e+13 0.224916
0.0459406 7.739e+13 0.225787
0.0460406 7.75593e+13 0.22666
0.0461406 7.77286e+13 0.227533
0.0462406 7.7898e+13 0.228407
0.0463406 7.80673e+13 0.229282
0.0464406 7.82367e+13 0.230158
0.0465406 7.8406e+13 0.231035
0.0466406 7.85754e+13 0.231913
0.0467406 7.87447e+13 0.232792
0.0468406 7.89141e+13 0.233671
0.0469406 7.90834e+13 0.234551
0.0470406 7.92528e+13 0.235433
0.0471406 7.94222e+13 0.236315
0.0472406 7.95915e+13 0.237198
0.0473406 7.97609e+13 0.238082
0.0474406 7.99303e+13 0.238966
0.0475406 8.00997e+13 0.239852
0.0476406 8.02691e+13 0.240738
0.0477406 8.04384e+13 0.241626
0.0478406 8.06078e+13 0.242514
0.0479406 8.07772e+13 0.243403
0.0480406 8.09466e+13 0.244293
0.0481406 8.1116e+13 0.245183
0.0482406 8.12854e+13 0.246075
0.0483406 8.14548e+13 0.246968
0.0484406 8.16242e+13 0.247861
0.0485406 8.17937e+13 0.248755
0.0486406 8.19631e+13 0.24965
0.0487406 8.21325e+13 0.250546
0.0488406 8.23019e+13 0.251443
0.0489406 8.24713e+13 0.25234
0.0490406 8.26408e+13 0.253239
0.0491406 8.28102e+13 0.254138
0.0492406 8.29796e+13 0.255038
0.0493406 8.31491e+13 0.255939
0.0494406 8.33185e+13 0.256841
0.0495406 8.3488e+13 0.257744
0.0496406 8.36574e+13 0.258647
0.0497406 8.38269e+13 0.259552
0.0498406 8.39963e+13 0.260457
0.0499406 8.41658e+13 0.261363
0.0500406 8.43353e+13 0.26227
0.0501406 8.45047e+13 0.263178
0.0502406 8.46742e+13 0.264086
0.0503406 8.48437e+13 0.264996
0.0504406 8.50131e+13 0.265906
0.0505406 8.51826e+13 0.266817
0.0506406 8.53521e+13 0.267729
0.0507406 8.55216e+13 0.268642
0.0508406 8.56911e+13 0.269556
0.0509406 8.58606e+13 0.270471
0.0510406 8.60301e+13 0.271386
0.0511406 8.61995e+13 0.272302
0.0512406 8.6369e+13 0.273219
0.0513406 8.65386e+13 0.274137
0.0514406 8.67081e+13 0.275056
0.0515406 8.68776e+13 0.275976
0.0516406 8.70471e+13 0.276896
0.0517406 8.72166e+13 0.277818
0.0518406 8.73861e+13 0.27874
0.0519406 8.75556e+13 0.279663
0.0520406 8.77252e+13 0.280587
0.0521406 8.78947e+13 0.281512
0.0522406 8.80642e+13 0.282437
0.0523406 8.82338e+13 0.283364
0.0524406 8.84033e+13 0.284291
0.0525406 8.85728e+13 0.285219
0.0526406 8.87424e+13 0.286148
0.0527406 8.89119e+13 0.287078
0.0528406 8.90815e+13 0.288008
0.0529406 8.9251e+13 0.28894
0.0530406 8.94206e+13 0.289872
0.0531406 8.95902e+13 0.290805
0.0532406 8.97597e+13 0.291739
0.0533406 8.99293e+13 0.292674
0.0534406 9.00989e+13 0.29361
0.0535406 9.02684e+13 0.294547
0.0536406 9.0438e+13 0.295484
0.0537406 9.06076e+13 0.296423
0.0538406 9.07772e+13 0.297362
0.0539406 9.09468e+13 0.298302
0.0540406 9.11163e+13 0.299243
0.0541406 9.12859e+13 0.300184
0.0542406 9.14555e+13 0.301127
0.0543406 9.16251e+13 0.30207
0.0544406 9.17947e+13 0.303015
0.0545406 9.19643e+13 0.30396
0.0546406 9.21339e+13 0.304906
0.0547406 9.23036e+13 0.305853
0.0548406 9.24732e+13 0.3068
0.0549406 9.26428e+13 0.307749
0.0550406 9.28124e+13 0.308698
0.0551406 9.2982e+13 0.309649
0.0552406 9.31517e+13 0.3106
0.0553406 9.33213e+13 0.311552
0.0554406 9.34909e+13 0.312505
0.0555406 9.36605e+13 0.313458
0.0556406 9.38302e+13 0.314413
0.0557406 9.39998e+13 0.315369
0.0558406 9.41695e+13 0.316325
0.0559406 9.43391e+13 0.317282
0.0560406 9.45088e+13 0.31824
0.0561406 9.46784e+13 0.319199
0.0562406 9.48481e+13 0.320159
0.0563406 9.50177e+13 0.32112
0.0564406 9.51874e+13 0.322081
0.0565406 9.53571e+13 0.323044
0.0566406 9.55267e+13 0.324007
0.0567406 9.56964e+13 0.324971
0.0568406 9.58661e+13 0.325936
0.0569406 9.60358e+13 0.326902
0.0570406 9.62054e+13 0.327869
0.0571406 9.63751e+13 0.328837
0.0572406 9.65448e+13 0.329805
0.0573406 9.67145e+13 0.330775
0.0574406 9.68842e+13 0.331745
0.0575406 9.70539e+13 0.332716
0.0576406 9.72236e+13 0.333688
0.0577406 9.73933e+13 0.334661
0.0578406 9.7563e+13 0.335635
0.0579406 9.77327e+13 0.33661
0.0580406 9.79024e+13 0.337585
0.0581406 9.80721e+13 0.338562
0.0582406 9.82418e+13 0.339539
0.0583406 9.84116e+13 0.340518
0.0584406 9.85813e+13 0.341497
0.0585406 9.8751e+13 0.342477
0.0586406 9.89207e+13 0.343458
0.0587406 9.90905e+13 0.34444
0.0588406 9.92602e+13 0.345423
0.0589406 9.94299e+13 0.346406
0.0590406 9.95997e+13 0.347391
0.0591406 9.97694e+13 0.348376
0.0592406 9.99392e+13 0.349363
0.0593406 1.00109e+14 0.35035
0.0594406 1.00279e+14 0.351338
0.0595406 1.00448e+14 0.352327
0.0596406 1.00618e+14 0.353317
0.0597406 1.00788e+14 0.354308
0.0598406 1.00958e+14 0.3553
0.0599406 1.01127e+14 0.356293
0.0600406 1.01297e+14 0.357286
0.0601406 1.01467e+14 0.358281
0.0602406 1.01637e+14 0.359276
0.0603406 1.01807e+14 0.360272
0.0604406 1.01976e+14 0.36127
0.0605406 1.02146e+14 0.362268
0.0606406 1.02316e+14 0.363267
0.0607406 1.02486e+14 0.364267
0.0608406 1.02655e+14 0.365268
0.0609406 1.02825e+14 0.36627
0.0610406 1.02995e+14 0.367273
0.0611406 1.03165e+14 0.368276
0.0612406 1.03335e+14 0.369281
0.0613406 1.03505e+14 0.370287
0.0614406 1.03674e+14 0.371293
0.0615406 1.03844e+14 0.3723
0.0616406 1.04014e+14 0.373309
0.0617406 1.04184e+14 0.374318
0.0618406 1.04354e+14 0.375328
0.0619406 1.04523e+14 0.376339
0.0620406 1.04693e+14 0.377351
0.0621406 1.04863e+14 0.378364
0.0622406 1.05033e+14 0.379378
0.0623406 1.05203e+14 0.380393
0.0624406 1.05373e+14 0.381409
0.0625406 1.05542e+14 0.382426
0.0626406 1.05712e+14 0.383443
0.0627406 1.05882e+14 0.384462
0.0628406 1.06052e+14 0.385482
0.0629406 1.06222e+14 0.386502
0.0630406 1.06392e+14 0.387524
0.0631406 1.06562e+14 0.388546
0.0632406 1.06731e+14 0.389569
0.0633406 1.06901e+14 0.390594
0.0634406 1.07071e+14 0.391619
0.0635406 1.07241e+14 0.392645
0.0636406 1.07411e+14 0.393672
0.0637406 1.07581e+14 0.3947
0.0638406 1.07751e+14 0.39573
0.0639406 1.07921e+14 0.39676
0.0640406 1.0809e+14 0.397791
0.0641406 1.0826e+14 0.398822
0.0642406 1.0843e+14 0.399855
0.0643406 1.086e+14 0.400889
0.0644406 1.0877e+14 0.401924
0.0645406 1.0894e+14 0.40296
0.0646406 1.0911e+14 0.403997
0.0647406 1.0928e+14 0.405034
0.0648406 1.0945e+14 0.406073
0.0649406 1.0962e+14 0.407113
0.0650406 1.09789e+14 0.408153
0.0651406 1.09959e+14 0.409195
0.0652406 1.10129e+14 0.410237
0.0653406 1.10299e+14 0.411281
0.0654406 1.10469e+14 0.412325
0.0655406 1.10639e+14 0.413371
0.0656406 1.10809e+14 0.414417
0.0657406 1.10979e+14 0.415465
0.0658406 1.11149e+14 0.416513
0.0659406 1.11319e+14 0.417562
0.0660406 1.11489e+14 0.418613
0.0661406 1.11659e+14 0.419664
0.0662406 1.11829e+14 0.420716
0.0663406 1.11999e+14 0.421769
0.0664406 1.12169e+14 0.422824
0.0665406 1.12338e+14 0.423879
0.0666406 1.12508e+14 0.424935
0.0667406 1.12678e+14 0.425992
0.0668406 1.12848e+14 0.42705
0.0669406 1.13018e+14 0.42811
0.0670406 1.13188e+14 0.42917
0.0671406 1.13358e+14 0.430231
0.0672406 1.13528e+14 0.431293
0.0673406 1.13698e+14 0.432356
0.0674406 1.13868e+14 0.43342
0.0675406 1.14038e+14 0.434485
0.0676406 1.14208e+14 0.435551
0.0677406 1.14378e+14 0.436618
0.0678406 1.14548e+14 0.437686
0.0679406 1.14718e+14 0.438755
0.0680406 1.14888e+14 0.439825
0.0681406 1.15058e+14 0.440896
0.0682406 1.15228e+14 0.441968
0.0683406 1.15398e+14 0.443041
0.0684406 1.15568e+14 0.444115
0.0685406 1.15738e+14 0.44519
0.0686406 1.15908e+14 0.446266
0.0687406 1.16078e+14 0.447343
0.0688406 1.16248e+14 0.448421
0.0689406 1.16418e+14 0.4495
0.0690406 1.16588e+14 0.45058
0.0691406 1.16758e+14 0.451661
0.0692406 1.16928e+14 0.452743
0.0693406 1.17098e+14 0.453826
0.0694406 1.17268e+14 0.45491
0.0695406 1.17438e+14 0.455995
0.0696406 1.17609e+14 0.457081
0.0697406 1.17779e+14 0.458168
0.0698406 1.17949e+14 0.459256
0.0699406 1.18119e+14 0.460344
0.0700406 1.18289e+14 0.461434
0.0701406 1.18459e+14 0.462525
0.0702406 1.18629e+14 0.463617
0.0703406 1.18799e+14 0.46471
0.0704406 1.18969e+14 0.465804
0.0705406 1.19139e+14 0.466899
0.0706406 1.19309e+14 0.467995
0.0707406 1.19479e+14 0.469092
0.0708406 1.19649e+14 0.47019
0.0709406 1.19819e+14 0.471289
0.0710406 1.19989e+14 0.472389
0.0711406 1.2016e+14 0.473489
0.0712406 1.2033e+14 0.474591
0.0713406 1.205e+14 0.475694
0.0714406 1.2067e+14 0.476798
0.0715406 1.2084e+14 0.477903
0.0716406 1.2101e+14 0.479009
0.0717406 1.2118e+14 0.480116
0.0718406 1.2135e+14 0.481224
0.0719406 1.2152e+14 0.482333
0.0720406 1.2169e+14 0.483443
0.0721406 1.21861e+14 0.484553
0.0722406 1.22031e+14 0.485665
0.0723406 1.22201e+14 0.486778
0.0724406 1.22371e+14 0.487892
0.0725406 1.22541e+14 0.489007
0.0726406 1.22711e+14 0.490123
0.0727406 1.22881e+14 0.49124
0.0728406 1.23051e+14 0.492358
0.0729406 1.23222e+14 0.493477
0.0730406 1.23392e+14 0.494596
0.0731406 1.23562e+14 0.495717
0.0732406 1.23732e+14 0.496839
0.0733406 1.23902e+14 0.497962
0.0734406 1.24072e+14 0.499086
0.0735406 1.24242e+14 0.500211
0.0736406 1.24413e+14 0.501337
0.0737406 1.24583e+14 0.502464
0.0738406 1.24753e+14 0.503592
0.0739406 1.24923e+14 0.504721
0.0740406 1.25093e+14 0.50585
0.0741406 1.25263e+14 0.506981
0.0742406 1.25434e+14 0.508113
0.0743406 1.25604e+14 0.509246
0.0744406 1.25774e+14 0.51038
0.0745406 1.25944e+14 0.511515
0.0746406 1.26114e+14 0.512651
0.0747406 1.26284e+14 0.513788
0.0748406 1.26455e+14 0.514926
0.0749406 1.26625e+14 0.516066
0.0750406 1.26795e+14 0.517206
0.0751406 1.26965e+14 0.518347
0.0752406 1.27135e+14 0.519489
0.0753406 1.27306e+14 0.520633
0.0754406 1.27476e+14 0.521777
0.0755406 1.27646e+14 0.522922
0.0756406 1.27816e+14 0.524069
0.0757406 1.27986e+14 0.525217
0.0758406 1.28157e+14 0.518489
0.0768406 1.29859e+14 0.530708
0.0778406 1.31561e+14 0.543127
0.0788406 1.33264e+14 0.555754
0.0798406 1.34967e+14 0.568594
0.0808406 1.3667e+14 0.581653
0.0818406 1.38374e+14 0.594938
0.0828406 1.40078e+14 0.608455
0.0838406 1.41782e+14 0.622211
0.0848406 1.43486e+14 0.636211
0.0858406 1.45191e+14 0.650463
0.0868406 1.46896e+14 0.664974
0.0878406 1.48601e+14 0.67975
0.0888406 1.50307e+14 0.694797
0.0898406 1.52013e+14 0.710123
0.0908406 1.53719e+14 0.725735
0.0918406 1.55426e+14 0.741639
0.0928406 1.57133e+14 0.757843
0.0938406 1.5884e+14 0.774354
0.0948406 1.60548e+14 0.791179
0.0958406 1.62255e+14 0.808325
0.0968406 1.63964e+14 0.8258
0.0978406 1.65672e+14 0.843611
0.0988406 1.67381e+14 0.861766
0.0998406 1.6909e+14 0.880271
0.100841 1.708e+14 0.899136
0.101841 1.72509e+14 0.918367
0.102841 1.7422e+14 0.937973
0.103841 1.7593e+14 0.95796
0.104841 1.77641e+14 0.978338
0.105841 1.79352e+14 0.999114
0.106841 1.81064e+14 1.0203
0.107841 1.82776e+14 1.04189
0.108841 1.84488e+14 1.06391
0.109841 1.862e+14 1.08637
0.110841 1.87913e+14 1.10926
0.111841 1.89627e+14 1.13237
0.116841 1.98199e+14 1.25296
0.121841 2.06781e+14 1.38464
0.126841 2.15373e+14 1.52916
0.131841 2.23976e+14 1.68801
0.136841 2.3259e+14 1.86259
0.141841 2.41215e+14 2.05438
0.146841 2.49854e+14 2.26486
0.151841 2.58505e+14 2.4956
0.156841 2.6717e+14 2.74822
0.161841 2.75851e+14 3.02442
0.166841 2.84547e+14 3.326
0.171841 2.9326e+14 3.65483
0.176841 3.01991e+14 4.01287
0.181841 3.1074e+14 4.40218
0.186841 3.19509e+14 4.82494
0.191841 3.28299e+14 5.28342
0.196841 3.37111e+14 5.77998
0.201841 3.45946e+14 6.31714
0.206841 3.54806e+14 6.89751
0.211841 3.63692e+14 7.52383
0.216841 3.72605e+14 8.19896
0.221841 3.81546e+14 8.92592
0.226841 3.90518e+14 9.70785
0.231841 3.99522e+14 10.548
0.236841 4.08559e+14 11.4499
0.241841 4.17631e+14 12.417
0.246841 4.26739e+14 13.4531
0.251841 4.35887e+14 14.5621
0.256841 4.45075e+14 15.748
0.261841 4.54305e+14 17.0151
0.266841 4.6358e+14 18.3678
0.271841 4.72901e+14 19.8105
0.276841 4.82271e+14 21.348
0.281841 4.91692e+14 22.9851
0.286841 5.01167e+14 24.727
0.291841 5.10697e+14 26.5788
0.296841 5.20286e+14 28.5458
0.301841 5.29935e+14 30.6336
0.306841 5.39647e+14 32.8478
0.311841 5.49426e+14 35.1942
0.316841 5.59274e+14 37.6786
0.321841 5.69193e+14 40.307
0.326841 5.79188e+14 43.0856
0.331841 5.8926e+14 46.0204
0.336841 5.99413e+14 49.1176
0.341841 6.0965e+14 52.3833
0.346841 6.19975e+14 55.8238
0.351841 6.3039e+14 59.4451
0.356841 6.40899e+14 63.2532
0.361841 6.51506e+14 67.2538
0.366841 6.62214e+14 71.4527
0.371841 6.73026e+14 75.855
0.376841 6.83946e+14 80.4657
0.381841 6.94978e+14 85.2894
0.386841 7.06125e+14 90.3301
0.391841 7.17391e+14 95.5912
0.396841 7.28779e+14 101.075
0.401841 7.40292e+14 106.785
0.406841 7.51935e+14 112.72
0.411841 7.6371e+14 118.881
0.416841 7.75621e+14 125.267
