1e-10 165820 6.71735e-13
1.02e-10 169137 6.94268e-13
1.0404e-10 172520 7.17546e-13
1.06121e-10 175970 7.41594e-13
1.08243e-10 179490 7.66436e-13
1.10408e-10 183079 7.92098e-13
1.12616e-10 186741 8.18608e-13
1.14869e-10 190476 8.45993e-13
1.17166e-10 194285 8.7428e-13
1.19509e-10 198171 9.035e-13
1.21899e-10 202135 9.33682e-13
1.24337e-10 206177 9.64858e-13
1.26824e-10 210301 9.97059e-13
1.29361e-10 214507 1.03032e-12
1.31948e-10 218797 1.06467e-12
1.34587e-10 223173 1.10016e-12
1.37279e-10 227637 1.1368e-12
1.40024e-10 232189 1.17466e-12
1.42825e-10 236833 1.21375e-12
1.45681e-10 241570 1.25412e-12
1.48595e-10 246401 1.29582e-12
1.51567e-10 251329 1.33888e-12
1.54598e-10 256356 1.38335e-12
1.5769e-10 261483 1.42928e-12
1.60844e-10 266713 1.4767e-12
1.64061e-10 272047 1.52568e-12
1.67342e-10 277488 1.57626e-12
1.70689e-10 283038 1.62848e-12
1.74102e-10 288699 1.68241e-12
1.77584e-10 294473 1.7381e-12
1.81136e-10 300362 1.7956e-12
1.84759e-10 306370 1.85498e-12
1.88454e-10 312497 1.91628e-12
1.92223e-10 318747 1.97958e-12
1.96068e-10 325122 2.04494e-12
1.99989e-10 331625 2.11242e-12
2.03989e-10 338257 2.18209e-12
2.08069e-10 345023 2.25402e-12
2.1223e-10 351923 2.32829e-12
2.16474e-10 358962 2.40496e-12
2.20804e-10 366141 2.48411e-12
2.2522e-10 373464 2.56582e-12
2.29724e-10 380933 2.65018e-12
2.34319e-10 388552 2.73727e-12
2.39005e-10 396323 2.82717e-12
2.43785e-10 404250 2.91997e-12
2.48661e-10 412335 3.01576e-12
2.53634e-10 420582 3.11464e-12
2.58707e-10 428993 3.21671e-12
2.63881e-10 437573 3.32207e-12
2.69159e-10 446325 3.43082e-12
2.74542e-10 455252 3.54306e-12
2.80033e-10 464357 3.65891e-12
2.85633e-10 473644 3.77849e-12
2.91346e-10 483117 3.9019e-12
2.97173e-10 492779 4.02927e-12
3.03117e-10 502635 4.16072e-12
3.09179e-10 512688 4.29638e-12
3.15362e-10 522942 4.43639e-12
3.2167e-10 533401 4.58088e-12
3.28103e-10 544069 4.72998e-12
3.34665e-10 554951 4.88385e-12
3.41358e-10 566050 5.04263e-12
3.48186e-10 577371 5.20648e-12
3.55149e-10 588919 5.37555e-12
3.62252e-10 600697 5.55001e-12
3.69497e-10 612711 5.73002e-12
3.76887e-10 624966 5.91576e-12
3.84425e-10 637465 6.1074e-12
3.92114e-10 650215 6.30513e-12
3.99956e-10 663219 6.50915e-12
4.07955e-10 676484 6.71963e-12
4.16114e-10 690014 6.93679e-12
4.24436e-10 703815 7.16082e-12
4.32925e-10 717891 7.39196e-12
4.41584e-10 732249 7.6304e-12
4.50415e-10 746894 7.87638e-12
4.59424e-10 761833 8.13013e-12
4.68612e-10 777070 8.39189e-12
4.77984e-10 792611 8.66191e-12
4.87544e-10 808464 8.94044e-12
4.97295e-10 824633 9.22774e-12
5.07241e-10 841126 9.52409e-12
5.17386e-10 857949 9.82975e-12
5.27733e-10 875109 1.0145e-11
5.38288e-10 892611 1.04702e-11
5.49054e-10 910464 1.08056e-11
5.60035e-10 928673 1.11515e-11
5.71235e-10 947247 1.15082e-11
5.8266e-10 966193 1.18761e-11
5.94313e-10 985517 1.22555e-11
6.062e-10 1.00523e+06 1.26468e-11
6.18324e-10 1.02533e+06 1.30503e-11
6.3069e-10 1.04584e+06 1.34664e-11
6.43304e-10 1.06676e+06 1.38954e-11
6.5617e-10 1.08809e+06 1.43379e-11
6.69293e-10 1.10986e+06 1.47941e-11
6.82679e-10 1.13205e+06 1.52645e-11
6.96333e-10 1.15469e+06 1.57496e-11
7.10259e-10 1.17779e+06 1.62497e-11
7.24465e-10 1.20135e+06 1.67653e-11
7.38954e-10 1.22537e+06 1.7297e-11
7.53733e-10 1.24988e+06 1.78451e-11
7.68808e-10 1.27488e+06 1.84102e-11
7.84184e-10 1.30038e+06 1.89927e-11
7.99867e-10 1.32639e+06 1.95933e-11
8.15865e-10 1.35291e+06 2.02125e-11
8.32182e-10 1.37997e+06 2.08507e-11
8.48826e-10 1.40757e+06 2.15087e-11
8.65802e-10 1.43573e+06 2.21869e-11
8.83118e-10 1.46444e+06 2.28861e-11
9.00781e-10 1.49373e+06 2.36067e-11
9.18796e-10 1.52361e+06 2.43495e-11
9.37172e-10 1.55408e+06 2.51151e-11
9.55916e-10 1.58516e+06 2.59043e-11
9.75034e-10 1.61687e+06 2.67176e-11
9.94535e-10 1.6492e+06 2.75559e-11
1.01443e-09 1.68219e+06 2.84198e-11
1.03471e-09 1.71583e+06 2.93102e-11
1.05541e-09 1.75015e+06 3.02278e-11
1.07652e-09 1.78516e+06 3.11734e-11
1.09805e-09 1.82086e+06 3.21479e-11
1.12001e-09 1.85728e+06 3.31522e-11
1.14241e-09 1.89442e+06 3.4187e-11
1.16526e-09 1.93231e+06 3.52534e-11
1.18856e-09 1.97096e+06 3.63521e-11
1.21233e-09 2.01038e+06 3.74844e-11
1.23658e-09 2.05059e+06 3.86509e-11
1.26131e-09 2.09161e+06 3.98529e-11
1.28654e-09 2.13344e+06 4.10914e-11
1.31227e-09 2.17611e+06 4.23674e-11
1.33851e-09 2.21963e+06 4.3682e-11
1.36528e-09 2.26403e+06 4.50364e-11
1.39259e-09 2.30931e+06 4.64317e-11
1.42044e-09 2.3555e+06 4.78692e-11
1.44885e-09 2.40261e+06 4.93501e-11
1.47783e-09 2.45066e+06 5.08756e-11
1.50738e-09 2.49968e+06 5.24471e-11
1.53753e-09 2.54967e+06 5.40658e-11
1.56828e-09 2.60067e+06 5.57333e-11
1.59965e-09 2.65268e+06 5.74509e-11
1.63164e-09 2.70574e+06 5.92201e-11
1.66427e-09 2.75986e+06 6.10423e-11
1.69756e-09 2.81506e+06 6.29192e-11
1.73151e-09 2.87136e+06 6.48523e-11
1.76614e-09 2.92879e+06 6.68433e-11
1.80146e-09 2.98737e+06 6.88938e-11
1.83749e-09 3.04712e+06 7.10056e-11
1.87424e-09 3.10806e+06 7.31805e-11
1.91173e-09 3.17023e+06 7.54202e-11
1.94996e-09 3.23363e+06 7.77267e-11
1.98896e-09 3.29831e+06 8.01019e-11
2.02874e-09 3.36428e+06 8.25477e-11
2.06931e-09 3.43157e+06 8.50663e-11
2.1107e-09 3.5002e+06 8.76598e-11
2.15291e-09 3.57021e+06 9.03302e-11
2.19597e-09 3.64161e+06 9.30799e-11
2.23989e-09 3.71445e+06 9.5911e-11
2.28469e-09 3.78874e+06 9.8826e-11
2.33038e-09 3.86452e+06 1.01827e-10
2.37699e-09 3.94182e+06 1.04917e-10
2.42453e-09 4.02066e+06 1.08099e-10
2.47302e-09 4.10107e+06 1.11374e-10
2.52248e-09 4.1831e+06 1.14746e-10
2.57293e-09 4.26676e+06 1.18217e-10
2.62439e-09 4.3521e+06 1.2179e-10
2.67688e-09 4.43915e+06 1.25469e-10
2.73042e-09 4.52794e+06 1.29256e-10
2.78502e-09 4.6185e+06 1.33154e-10
2.84072e-09 4.71088e+06 1.37166e-10
2.89754e-09 4.8051e+06 1.41296e-10
2.95549e-09 4.90121e+06 1.45547e-10
3.0146e-09 4.99924e+06 1.49923e-10
3.07489e-09 5.09923e+06 1.54427e-10
3.13639e-09 5.20122e+06 1.59062e-10
3.19912e-09 5.30525e+06 1.63833e-10
3.2631e-09 5.41136e+06 1.68743e-10
3.32836e-09 5.51959e+06 1.73797e-10
3.39493e-09 5.62999e+06 1.78998e-10
3.46283e-09 5.74259e+06 1.8435e-10
3.53208e-09 5.85745e+06 1.89858e-10
3.60272e-09 5.97461e+06 1.95526e-10
3.67478e-09 6.09411e+06 2.01359e-10
3.74827e-09 6.216e+06 2.07361e-10
3.82324e-09 6.34032e+06 2.13538e-10
3.89971e-09 6.46714e+06 2.19893e-10
3.9777e-09 6.59649e+06 2.26433e-10
4.05725e-09 6.72843e+06 2.33162e-10
4.1384e-09 6.863e+06 2.40086e-10
4.22117e-09 7.00027e+06 2.4721e-10
4.30559e-09 7.14029e+06 2.5454e-10
4.3917e-09 7.2831e+06 2.62081e-10
4.47954e-09 7.42877e+06 2.6984e-10
4.56913e-09 7.57736e+06 2.77822e-10
4.66051e-09 7.72892e+06 2.86035e-10
4.75372e-09 7.88351e+06 2.94484e-10
4.84879e-09 8.04119e+06 3.03176e-10
4.94577e-09 8.20202e+06 3.12117e-10
5.04468e-09 8.36607e+06 3.21316e-10
5.14558e-09 8.53341e+06 3.30778e-10
5.24849e-09 8.70409e+06 3.40512e-10
5.35346e-09 8.87818e+06 3.50525e-10
5.46053e-09 9.05576e+06 3.60824e-10
5.56974e-09 9.23688e+06 3.71419e-10
5.68113e-09 9.42164e+06 3.82316e-10
5.79476e-09 9.61008e+06 3.93525e-10
5.91065e-09 9.8023e+06 4.05054e-10
6.02886e-09 9.99836e+06 4.16912e-10
6.14944e-09 1.01983e+07 4.29108e-10
6.27243e-09 1.04023e+07 4.41651e-10
6.39788e-09 1.06104e+07 4.54552e-10
6.52584e-09 1.08226e+07 4.67821e-10
6.65635e-09 1.10391e+07 4.81466e-10
6.78948e-09 1.12599e+07 4.955e-10
6.92527e-09 1.14851e+07 5.09932e-10
7.06378e-09 1.17148e+07 5.24774e-10
7.20505e-09 1.19491e+07 5.40037e-10
7.34915e-09 1.21881e+07 5.55732e-10
7.49614e-09 1.24319e+07 5.71873e-10
7.64606e-09 1.26806e+07 5.8847e-10
7.79898e-09 1.29342e+07 6.05537e-10
7.95496e-09 1.31929e+07 6.23087e-10
8.11406e-09 1.34568e+07 6.41132e-10
8.27634e-09 1.3726e+07 6.59687e-10
8.44187e-09 1.40005e+07 6.78766e-10
8.6107e-09 1.42805e+07 6.98383e-10
8.78292e-09 1.45662e+07 7.18553e-10
8.95858e-09 1.48575e+07 7.39292e-10
9.13775e-09 1.51547e+07 7.60614e-10
9.3205e-09 1.54578e+07 7.82536e-10
9.50691e-09 1.5767e+07 8.05075e-10
9.69705e-09 1.60824e+07 8.28247e-10
9.89099e-09 1.6404e+07 8.5207e-10
1.00888e-08 1.67322e+07 8.76561e-10
1.02906e-08 1.70668e+07 9.0174e-10
1.04964e-08 1.74082e+07 9.27625e-10
1.07063e-08 1.77564e+07 9.54235e-10
1.09205e-08 1.81116e+07 9.8159e-10
1.11389e-08 1.84738e+07 1.00971e-09
1.13616e-08 1.88433e+07 1.03862e-09
1.15889e-08 1.92202e+07 1.06833e-09
1.18207e-08 1.96047e+07 1.09888e-09
1.20571e-08 1.99968e+07 1.13028e-09
1.22982e-08 2.03968e+07 1.16256e-09
1.25442e-08 2.08048e+07 1.19573e-09
1.27951e-08 2.12209e+07 1.22983e-09
1.3051e-08 2.16454e+07 1.26488e-09
1.3312e-08 2.20783e+07 1.30091e-09
1.35782e-08 2.25199e+07 1.33794e-09
1.38498e-08 2.29704e+07 1.376e-09
1.41268e-08 2.34298e+07 1.41512e-09
1.44093e-08 2.38985e+07 1.45532e-09
1.46975e-08 2.43765e+07 1.49665e-09
1.49914e-08 2.48641e+07 1.53912e-09
1.52913e-08 2.53614e+07 1.58276e-09
1.55971e-08 2.58687e+07 1.62762e-09
1.5909e-08 2.63862e+07 1.67372e-09
1.62272e-08 2.69139e+07 1.7211e-09
1.65518e-08 2.74523e+07 1.7698e-09
1.68828e-08 2.80014e+07 1.81983e-09
1.72205e-08 2.85615e+07 1.87126e-09
1.75649e-08 2.91328e+07 1.9241e-09
1.79162e-08 2.97155e+07 1.97841e-09
1.82745e-08 3.03099e+07 2.03421e-09
1.864e-08 3.09162e+07 2.09156e-09
1.90128e-08 3.15346e+07 2.15049e-09
1.9393e-08 3.21653e+07 2.21105e-09
1.97809e-08 3.28087e+07 2.27327e-09
2.01765e-08 3.3465e+07 2.33721e-09
2.058e-08 3.41344e+07 2.40291e-09
2.09916e-08 3.48171e+07 2.47042e-09
2.14115e-08 3.55136e+07 2.53979e-09
2.18397e-08 3.62239e+07 2.61106e-09
2.22765e-08 3.69485e+07 2.6843e-09
2.2722e-08 3.76876e+07 2.75955e-09
2.31765e-08 3.84414e+07 2.83686e-09
2.364e-08 3.92104e+07 2.9163e-09
2.41128e-08 3.99947e+07 2.99792e-09
2.45951e-08 4.07947e+07 3.08178e-09
2.5087e-08 4.16107e+07 3.16794e-09
2.55887e-08 4.2443e+07 3.25646e-09
2.61005e-08 4.3292e+07 3.3474e-09
2.66225e-08 4.41579e+07 3.44084e-09
2.71549e-08 4.50412e+07 3.53683e-09
2.7698e-08 4.59422e+07 3.63545e-09
2.8252e-08 4.68611e+07 3.73677e-09
2.8817e-08 4.77985e+07 3.84086e-09
2.93934e-08 4.87546e+07 3.9478e-09
2.99812e-08 4.97298e+07 4.05766e-09
3.05809e-08 5.07246e+07 4.17051e-09
3.11925e-08 5.17392e+07 4.28645e-09
3.18163e-08 5.27742e+07 4.40555e-09
3.24526e-08 5.38298e+07 4.52791e-09
3.31017e-08 5.49066e+07 4.65359e-09
3.37637e-08 5.60049e+07 4.78271e-09
3.4439e-08 5.71251e+07 4.91534e-09
3.51278e-08 5.82678e+07 5.05158e-09
3.58303e-08 5.94334e+07 5.19154e-09
3.6547e-08 6.06222e+07 5.3353e-09
3.72779e-08 6.18349e+07 5.48298e-09
3.80235e-08 6.30718e+07 5.63467e-09
3.87839e-08 6.43334e+07 5.79049e-09
3.95596e-08 6.56203e+07 5.95054e-09
4.03508e-08 6.69329e+07 6.11493e-09
4.11578e-08 6.82718e+07 6.2838e-09
4.1981e-08 6.96374e+07 6.45725e-09
4.28206e-08 7.10304e+07 6.6354e-09
4.3677e-08 7.24513e+07 6.81839e-09
4.45505e-08 7.39005e+07 7.00634e-09
4.54415e-08 7.53788e+07 7.19939e-09
4.63504e-08 7.68866e+07 7.39767e-09
4.72774e-08 7.84246e+07 7.60132e-09
4.82229e-08 7.99934e+07 7.81049e-09
4.91874e-08 8.15936e+07 8.02532e-09
5.01711e-08 8.32257e+07 8.24596e-09
5.11746e-08 8.48905e+07 8.47257e-09
5.2198e-08 8.65886e+07 8.70532e-09
5.3242e-08 8.83207e+07 8.94436e-09
5.43069e-08 9.00875e+07 9.18985e-09
5.5393e-08 9.18896e+07 9.44199e-09
5.65008e-08 9.37277e+07 9.70093e-09
5.76309e-08 9.56026e+07 9.96687e-09
5.87835e-08 9.7515e+07 1.024e-08
5.99592e-08 9.94657e+07 1.05205e-08
6.11583e-08 1.01455e+08 1.08085e-08
6.23815e-08 1.03485e+08 1.11043e-08
6.36291e-08 1.05555e+08 1.14081e-08
6.49017e-08 1.07666e+08 1.17201e-08
6.61997e-08 1.0982e+08 1.20405e-08
6.75237e-08 1.12017e+08 1.23696e-08
6.88742e-08 1.14258e+08 1.27074e-08
7.02517e-08 1.16543e+08 1.30544e-08
7.16567e-08 1.18875e+08 1.34108e-08
7.30899e-08 1.21253e+08 1.37767e-08
7.45517e-08 1.23678e+08 1.41524e-08
7.60427e-08 1.26152e+08 1.45383e-08
7.75636e-08 1.28676e+08 1.49345e-08
7.91148e-08 1.3125e+08 1.53414e-08
8.06971e-08 1.33876e+08 1.57592e-08
8.23111e-08 1.36554e+08 1.61883e-08
8.39573e-08 1.39285e+08 1.66288e-08
8.56364e-08 1.42072e+08 1.70812e-08
8.73492e-08 1.44914e+08 1.75457e-08
8.90961e-08 1.47813e+08 1.80227e-08
9.08781e-08 1.5077e+08 1.85125e-08
9.26956e-08 1.53786e+08 1.90154e-08
9.45495e-08 1.56862e+08 1.95318e-08
9.64405e-08 1.6e+08 2.00621e-08
9.83693e-08 1.63201e+08 2.06065e-08
1.00337e-07 1.66465e+08 2.11656e-08
1.02343e-07 1.69795e+08 2.17396e-08
1.0439e-07 1.73192e+08 2.2329e-08
1.06478e-07 1.76657e+08 2.29341e-08
1.08608e-07 1.80191e+08 2.35555e-08
1.1078e-07 1.83795e+08 2.41935e-08
1.12995e-07 1.87472e+08 2.48485e-08
1.15255e-07 1.91223e+08 2.55211e-08
1.1756e-07 1.95048e+08 2.62116e-08
1.19912e-07 1.9895e+08 2.69206e-08
1.2231e-07 2.0293e+08 2.76486e-08
1.24756e-07 2.06989e+08 2.83959e-08
1.27251e-07 2.1113e+08 2.91633e-08
1.29796e-07 2.15354e+08 2.99511e-08
1.32392e-07 2.19662e+08 3.076e-08
1.3504e-07 2.24056e+08 3.15904e-08
1.37741e-07 2.28539e+08 3.24431e-08
1.40496e-07 2.33111e+08 3.33184e-08
1.43306e-07 2.37774e+08 3.42171e-08
1.46172e-07 2.42531e+08 3.51398e-08
1.49095e-07 2.47383e+08 3.6087e-08
1.52077e-07 2.52332e+08 3.70595e-08
1.55119e-07 2.5738e+08 3.80579e-08
1.58221e-07 2.62529e+08 3.90829e-08
1.61385e-07 2.67781e+08 4.01352e-08
1.64613e-07 2.73138e+08 4.12155e-08
1.67905e-07 2.78602e+08 4.23246e-08
1.71263e-07 2.84175e+08 4.34632e-08
1.74689e-07 2.89861e+08 4.4632e-08
1.78182e-07 2.95659e+08 4.5832e-08
1.81746e-07 3.01574e+08 4.70639e-08
1.85381e-07 3.07607e+08 4.83285e-08
1.89089e-07 3.13761e+08 4.96267e-08
1.9287e-07 3.20038e+08 5.09595e-08
1.96728e-07 3.26441e+08 5.23276e-08
2.00662e-07 3.32972e+08 5.37321e-08
2.04676e-07 3.39633e+08 5.51739e-08
2.08769e-07 3.46428e+08 5.6654e-08
2.12945e-07 3.53358e+08 5.81734e-08
2.17203e-07 3.60428e+08 5.97331e-08
2.21547e-07 3.67638e+08 6.13341e-08
2.25978e-07 3.74993e+08 6.29777e-08
2.30498e-07 3.82495e+08 6.46648e-08
2.35108e-07 3.90148e+08 6.63967e-08
2.3981e-07 3.97953e+08 6.81744e-08
2.44606e-07 4.05914e+08 6.99993e-08
2.49498e-07 4.14035e+08 7.18726e-08
2.54488e-07 4.22319e+08 7.37955e-08
2.59578e-07 4.30768e+08 7.57693e-08
2.6477e-07 4.39386e+08 7.77953e-08
2.70065e-07 4.48176e+08 7.98751e-08
2.75466e-07 4.57143e+08 8.20098e-08
2.80976e-07 4.66289e+08 8.42011e-08
2.86595e-07 4.75617e+08 8.64503e-08
2.92327e-07 4.85133e+08 8.8759e-08
2.98174e-07 4.94839e+08 9.11288e-08
3.04137e-07 5.04739e+08 9.35613e-08
3.1022e-07 5.14837e+08 9.6058e-08
3.16424e-07 5.25137e+08 9.86208e-08
3.22753e-07 5.35643e+08 1.01251e-07
3.29208e-07 5.4636e+08 1.03951e-07
3.35792e-07 5.57291e+08 1.06722e-07
3.42508e-07 5.68441e+08 1.09567e-07
3.49358e-07 5.79813e+08 1.12486e-07
3.56345e-07 5.91414e+08 1.15483e-07
3.63472e-07 6.03246e+08 1.18559e-07
3.70742e-07 6.15315e+08 1.21715e-07
3.78156e-07 6.27626e+08 1.24956e-07
3.8572e-07 6.40183e+08 1.28281e-07
3.93434e-07 6.52991e+08 1.31694e-07
4.01303e-07 6.66056e+08 1.35198e-07
4.09329e-07 6.79382e+08 1.38793e-07
4.17515e-07 6.92975e+08 1.42483e-07
4.25866e-07 7.06839e+08 1.46271e-07
4.34383e-07 7.20981e+08 1.50158e-07
4.4307e-07 7.35406e+08 1.54148e-07
4.51932e-07 7.5012e+08 1.58242e-07
4.60971e-07 7.65128e+08 1.62445e-07
4.7019e-07 7.80437e+08 1.66758e-07
4.79594e-07 7.96051e+08 1.71184e-07
4.89186e-07 8.11979e+08 1.75727e-07
4.98969e-07 8.28225e+08 1.8039e-07
5.08949e-07 8.44796e+08 1.85175e-07
5.19128e-07 8.61698e+08 1.90086e-07
5.2951e-07 8.78939e+08 1.95126e-07
5.401e-07 8.96525e+08 2.00298e-07
5.50902e-07 9.14463e+08 2.05606e-07
5.61921e-07 9.32759e+08 2.11054e-07
5.73159e-07 9.51422e+08 2.16645e-07
5.84622e-07 9.70458e+08 2.22382e-07
5.96315e-07 9.89876e+08 2.2827e-07
6.08241e-07 1.00968e+09 2.34313e-07
6.20406e-07 1.02988e+09 2.40514e-07
6.32814e-07 1.05049e+09 2.46878e-07
6.4547e-07 1.07151e+09 2.53409e-07
6.58379e-07 1.09295e+09 2.60111e-07
6.71547e-07 1.11482e+09 2.66988e-07
6.84978e-07 1.13712e+09 2.74046e-07
6.98678e-07 1.15987e+09 2.81289e-07
7.12651e-07 1.18308e+09 2.88722e-07
7.26904e-07 1.20675e+09 2.96349e-07
7.41442e-07 1.2309e+09 3.04176e-07
7.56271e-07 1.25553e+09 3.12208e-07
7.71396e-07 1.28065e+09 3.20451e-07
7.86824e-07 1.30628e+09 3.28908e-07
8.02561e-07 1.33241e+09 3.37588e-07
8.18612e-07 1.35907e+09 3.46494e-07
8.34984e-07 1.38627e+09 3.55633e-07
8.51684e-07 1.41401e+09 3.65011e-07
8.68718e-07 1.4423e+09 3.74634e-07
8.86092e-07 1.47116e+09 3.84509e-07
9.03814e-07 1.5006e+09 3.94642e-07
9.2189e-07 1.53062e+09 4.05039e-07
9.40328e-07 1.56125e+09 4.15708e-07
9.59135e-07 1.59249e+09 4.26656e-07
9.78317e-07 1.62435e+09 4.37889e-07
9.97884e-07 1.65686e+09 4.49416e-07
1.01784e-06 1.69001e+09 4.61243e-07
1.0382e-06 1.72383e+09 4.73379e-07
1.05896e-06 1.75832e+09 4.85832e-07
1.08014e-06 1.79351e+09 4.98609e-07
1.10174e-06 1.82939e+09 5.11719e-07
1.12378e-06 1.866e+09 5.25171e-07
1.14625e-06 1.90334e+09 5.38973e-07
1.16918e-06 1.94143e+09 5.53135e-07
1.19256e-06 1.98027e+09 5.67666e-07
1.21641e-06 2.0199e+09 5.82575e-07
1.24074e-06 2.06032e+09 5.97872e-07
1.26556e-06 2.10155e+09 6.13568e-07
1.29087e-06 2.1436e+09 6.29672e-07
1.31669e-06 2.18649e+09 6.46195e-07
1.34302e-06 2.23025e+09 6.63147e-07
1.36988e-06 2.27488e+09 6.8054e-07
1.39728e-06 2.3204e+09 6.98386e-07
1.42522e-06 2.36683e+09 7.16695e-07
1.45373e-06 2.41419e+09 7.3548e-07
1.4828e-06 2.46251e+09 7.54753e-07
1.51246e-06 2.51178e+09 7.74526e-07
1.54271e-06 2.56205e+09 7.94813e-07
1.57356e-06 2.61332e+09 8.15626e-07
1.60503e-06 2.66561e+09 8.3698e-07
1.63713e-06 2.71895e+09 8.58887e-07
1.66988e-06 2.77336e+09 8.81363e-07
1.70327e-06 2.82886e+09 9.04421e-07
1.73734e-06 2.88547e+09 9.28078e-07
1.77209e-06 2.94322e+09 9.52347e-07
1.80753e-06 3.00212e+09 9.77246e-07
1.84368e-06 3.06219e+09 1.00279e-06
1.88055e-06 3.12347e+09 1.02899e-06
1.91816e-06 3.18598e+09 1.05588e-06
1.95653e-06 3.24974e+09 1.08346e-06
1.99566e-06 3.31477e+09 1.11175e-06
2.03557e-06 3.38111e+09 1.14077e-06
2.07628e-06 3.44877e+09 1.17055e-06
2.11781e-06 3.51779e+09 1.20109e-06
2.16016e-06 3.58819e+09 1.23243e-06
2.20337e-06 3.66e+09 1.26457e-06
2.24743e-06 3.73324e+09 1.29755e-06
2.29238e-06 3.80795e+09 1.33138e-06
2.33823e-06 3.88416e+09 1.36608e-06
2.38499e-06 3.96189e+09 1.40167e-06
2.43269e-06 4.04118e+09 1.43819e-06
2.48135e-06 4.12206e+09 1.47565e-06
2.53098e-06 4.20455e+09 1.51407e-06
2.5816e-06 4.2887e+09 1.55348e-06
2.63323e-06 4.37453e+09 1.59392e-06
2.68589e-06 4.46208e+09 1.63539e-06
2.73961e-06 4.55138e+09 1.67793e-06
2.7944e-06 4.64247e+09 1.72157e-06
2.85029e-06 4.73538e+09 1.76633e-06
2.9073e-06 4.83015e+09 1.81224e-06
2.96544e-06 4.92682e+09 1.85933e-06
3.02475e-06 5.02542e+09 1.90764e-06
3.08525e-06 5.126e+09 1.95719e-06
3.14695e-06 5.22859e+09 2.00801e-06
3.20989e-06 5.33323e+09 2.06014e-06
3.27409e-06 5.43997e+09 2.11361e-06
3.33957e-06 5.54885e+09 2.16845e-06
3.40636e-06 5.65991e+09 2.2247e-06
3.47449e-06 5.77318e+09 2.2824e-06
3.54398e-06 5.88873e+09 2.34157e-06
3.61486e-06 6.00659e+09 2.40227e-06
3.68715e-06 6.12681e+09 2.46452e-06
3.7609e-06 6.24943e+09 2.52837e-06
3.83611e-06 6.37451e+09 2.59385e-06
3.91284e-06 6.5021e+09 2.66101e-06
3.99109e-06 6.63224e+09 2.7299e-06
4.07092e-06 6.76498e+09 2.80054e-06
4.15233e-06 6.90038e+09 2.873e-06
4.23538e-06 7.03849e+09 2.94731e-06
4.32009e-06 7.17937e+09 3.02352e-06
4.40649e-06 7.32307e+09 3.10168e-06
4.49462e-06 7.46964e+09 3.18185e-06
4.58451e-06 7.61915e+09 3.26405e-06
4.6762e-06 7.77165e+09 3.34836e-06
4.76973e-06 7.9272e+09 3.43483e-06
4.86512e-06 8.08587e+09 3.5235e-06
4.96242e-06 8.24772e+09 3.61444e-06
5.06167e-06 8.4128e+09 3.70769e-06
5.1629e-06 8.58119e+09 3.80333e-06
5.26616e-06 8.75295e+09 3.9014e-06
5.37149e-06 8.92816e+09 4.00197e-06
5.47892e-06 9.10686e+09 4.10511e-06
5.58849e-06 9.28915e+09 4.21088e-06
5.70026e-06 9.47508e+09 4.31933e-06
5.81427e-06 9.66474e+09 4.43055e-06
5.93055e-06 9.8582e+09 4.5446e-06
6.04917e-06 1.00555e+10 4.66155e-06
6.17015e-06 1.02568e+10 4.78148e-06
6.29355e-06 1.04621e+10 4.90445e-06
6.41942e-06 1.06715e+10 5.03055e-06
6.54781e-06 1.08851e+10 5.15985e-06
6.67877e-06 1.1103e+10 5.29243e-06
6.81234e-06 1.13253e+10 5.42838e-06
6.94859e-06 1.1552e+10 5.56778e-06
7.08756e-06 1.17832e+10 5.71072e-06
7.22931e-06 1.20191e+10 5.85728e-06
7.3739e-06 1.22597e+10 6.00755e-06
7.52138e-06 1.25051e+10 6.16163e-06
7.67181e-06 1.27554e+10 6.31962e-06
7.82524e-06 1.30108e+10 6.4816e-06
7.98175e-06 1.32712e+10 6.64768e-06
8.14138e-06 1.35369e+10 6.81797e-06
8.30421e-06 1.38079e+10 6.99255e-06
8.47029e-06 1.40843e+10 7.17156e-06
8.6397e-06 1.43662e+10 7.35508e-06
8.81249e-06 1.46538e+10 7.54324e-06
8.98874e-06 1.49472e+10 7.73615e-06
9.16852e-06 1.52464e+10 7.93392e-06
9.35189e-06 1.55516e+10 8.13669e-06
9.53893e-06 1.58629e+10 8.34457e-06
9.7297e-06 1.61805e+10 8.55768e-06
9.9243e-06 1.65044e+10 8.77617e-06
1.01228e-05 1.68348e+10 9.00016e-06
1.03252e-05 1.71719e+10 9.22978e-06
1.05317e-05 1.75156e+10 9.46518e-06
1.07424e-05 1.78663e+10 9.70651e-06
1.09572e-05 1.8224e+10 9.9539e-06
1.11764e-05 1.85888e+10 1.02075e-05
1.13999e-05 1.89609e+10 1.04675e-05
1.16279e-05 1.93405e+10 1.0734e-05
1.18605e-05 1.97277e+10 1.10072e-05
1.20977e-05 2.01227e+10 1.12872e-05
1.23396e-05 2.05256e+10 1.15743e-05
1.25864e-05 2.09365e+10 1.18685e-05
1.28381e-05 2.13556e+10 1.21701e-05
1.30949e-05 2.17832e+10 1.24793e-05
1.33568e-05 2.22193e+10 1.27962e-05
1.36239e-05 2.26642e+10 1.31211e-05
1.38964e-05 2.31179e+10 1.3454e-05
1.41743e-05 2.35808e+10 1.37953e-05
1.44578e-05 2.40529e+10 1.41451e-05
1.4747e-05 2.45345e+10 1.45036e-05
1.50419e-05 2.50257e+10 1.48711e-05
1.53428e-05 2.55267e+10 1.52477e-05
1.56496e-05 2.60378e+10 1.56338e-05
1.59626e-05 2.65591e+10 1.60294e-05
1.62819e-05 2.70909e+10 1.64349e-05
1.66075e-05 2.76333e+10 1.68505e-05
1.69396e-05 2.81866e+10 1.72764e-05
1.72784e-05 2.87509e+10 1.77129e-05
1.7624e-05 2.93266e+10 1.81603e-05
1.79765e-05 2.99138e+10 1.86188e-05
1.8336e-05 3.05128e+10 1.90886e-05
1.87027e-05 3.11237e+10 1.95701e-05
1.90768e-05 3.17469e+10 2.00636e-05
1.94583e-05 3.23825e+10 2.05692e-05
1.98475e-05 3.30309e+10 2.10874e-05
2.02444e-05 3.36923e+10 2.16185e-05
2.06493e-05 3.4367e+10 2.21626e-05
2.10623e-05 3.50551e+10 2.27203e-05
2.14836e-05 3.5757e+10 2.32917e-05
2.19132e-05 3.6473e+10 2.38772e-05
2.23515e-05 3.72033e+10 2.44771e-05
2.27985e-05 3.79483e+10 2.50919e-05
2.32545e-05 3.87082e+10 2.57218e-05
2.37196e-05 3.94833e+10 2.63673e-05
2.4194e-05 4.02739e+10 2.70286e-05
2.46779e-05 4.10803e+10 2.77062e-05
2.51714e-05 4.1903e+10 2.84005e-05
2.56749e-05 4.27421e+10 2.91118e-05
2.61884e-05 4.35979e+10 2.98407e-05
2.67121e-05 4.4471e+10 3.05874e-05
2.72464e-05 4.53615e+10 3.13524e-05
2.77913e-05 4.62699e+10 3.21362e-05
2.83471e-05 4.71965e+10 3.29392e-05
2.89141e-05 4.81416e+10 3.37619e-05
2.94923e-05 4.91056e+10 3.46047e-05
3.00822e-05 5.0089e+10 3.54681e-05
3.06838e-05 5.10921e+10 3.63526e-05
3.12975e-05 5.21152e+10 3.72587e-05
3.19235e-05 5.31589e+10 3.81869e-05
3.25619e-05 5.42234e+10 3.91378e-05
3.32132e-05 5.53093e+10 4.01118e-05
3.38774e-05 5.6417e+10 4.11096e-05
3.4555e-05 5.75468e+10 4.21316e-05
3.52461e-05 5.86993e+10 4.31785e-05
3.5951e-05 5.98748e+10 4.42509e-05
3.667e-05 6.10739e+10 4.53493e-05
3.74034e-05 6.22971e+10 4.64743e-05
3.81515e-05 6.35447e+10 4.76267e-05
3.89145e-05 6.48173e+10 4.88069e-05
3.96928e-05 6.61154e+10 5.00158e-05
4.04867e-05 6.74396e+10 5.12539e-05
4.12964e-05 6.87902e+10 5.25219e-05
4.21223e-05 7.01679e+10 5.38206e-05
4.29648e-05 7.15732e+10 5.51506e-05
4.38241e-05 7.30067e+10 5.65127e-05
4.47005e-05 7.44689e+10 5.79077e-05
4.55946e-05 7.59604e+10 5.93362e-05
4.65065e-05 7.74817e+10 6.07992e-05
4.74366e-05 7.90336e+10 6.22973e-05
4.83853e-05 8.06165e+10 6.38314e-05
4.9353e-05 8.22312e+10 6.54023e-05
5.03401e-05 8.38782e+10 6.70109e-05
5.13469e-05 8.55582e+10 6.86581e-05
5.23738e-05 8.72718e+10 7.03447e-05
5.34213e-05 8.90198e+10 7.20717e-05
5.44897e-05 9.08028e+10 7.384e-05
5.55795e-05 9.26216e+10 7.56505e-05
5.66911e-05 9.44767e+10 7.75042e-05
5.78249e-05 9.63691e+10 7.94021e-05
5.89814e-05 9.82994e+10 8.13452e-05
6.01611e-05 1.00268e+11 8.33345e-05
6.13643e-05 1.02277e+11 8.53712e-05
6.25916e-05 1.04325e+11 8.74562e-05
6.38434e-05 1.06415e+11 8.95907e-05
6.51203e-05 1.08547e+11 9.17758e-05
6.64227e-05 1.10721e+11 9.40127e-05
6.77511e-05 1.12939e+11 9.63025e-05
6.91061e-05 1.15201e+11 9.86465e-05
7.04883e-05 1.17509e+11 0.000101046
7.1898e-05 1.19862e+11 0.000103502
7.3336e-05 1.22263e+11 0.000106016
7.48027e-05 1.24713e+11 0.000108588
7.62988e-05 1.27211e+11 0.000111222
7.78247e-05 1.29759e+11 0.000113917
7.93812e-05 1.32358e+11 0.000116676
8.09689e-05 1.3501e+11 0.000119499
8.25882e-05 1.37714e+11 0.000122389
8.424e-05 1.40473e+11 0.000125346
8.59248e-05 1.43287e+11 0.000128372
8.76433e-05 1.46157e+11 0.000131469
8.93962e-05 1.49085e+11 0.000134638
9.11841e-05 1.52072e+11 0.000137881
9.30078e-05 1.55118e+11 0.000141199
9.48679e-05 1.58226e+11 0.000144594
9.67653e-05 1.61396e+11 0.000148068
9.87006e-05 1.64629e+11 0.000151623
0.000100675 1.67927e+11 0.00015526
0.000102688 1.71291e+11 0.000158981
0.000104742 1.74723e+11 0.000162788
0.000106837 1.78223e+11 0.000166682
0.000108973 1.81794e+11 0.000170667
0.000111153 1.85436e+11 0.000174743
0.000113376 1.89151e+11 0.000178913
0.000115643 1.92941e+11 0.000183178
0.000117956 1.96806e+11 0.000187541
0.000120315 2.00749e+11 0.000192004
0.000122722 2.04771e+11 0.000196569
0.000125176 2.08873e+11 0.000201238
0.00012768 2.13058e+11 0.000206013
0.000130233 2.17327e+11 0.000210897
0.000132838 2.21681e+11 0.000215892
0.000135495 2.26123e+11 0.000221001
0.000138205 2.30653e+11 0.000226225
0.000140969 2.35274e+11 0.000231567
0.000143788 2.39988e+11 0.000237029
0.000146664 2.44797e+11 0.000242615
0.000149597 2.49702e+11 0.000248327
0.000152589 2.54705e+11 0.000254167
0.000155641 2.59808e+11 0.000260137
0.000158754 2.65014e+11 0.000266242
0.000161929 2.70324e+11 0.000272483
0.000165167 2.7574e+11 0.000278863
0.000168471 2.81265e+11 0.000285385
0.00017184 2.86901e+11 0.000292053
0.000175277 2.92649e+11 0.000298868
0.000178782 2.98513e+11 0.000305835
0.000182358 3.04495e+11 0.000312955
0.000186005 3.10596e+11 0.000320233
0.000189725 3.16819e+11 0.000327671
0.00019352 3.23168e+11 0.000335272
0.00019739 3.29643e+11 0.00034304
0.000201338 3.36249e+11 0.000350979
0.000205365 3.42987e+11 0.00035909
0.000209472 3.49859e+11 0.000367379
0.000213662 3.5687e+11 0.000375848
0.000217935 3.64021e+11 0.000384501
0.000222293 3.71316e+11 0.000393341
0.000226739 3.78756e+11 0.000402373
0.000231274 3.86346e+11 0.000411599
0.0002359 3.94088e+11 0.000421023
0.000240618 4.01985e+11 0.00043065
0.00024543 4.1004e+11 0.000440483
0.000250339 4.18257e+11 0.000450526
0.000255345 4.26639e+11 0.000460782
0.000260452 4.35189e+11 0.000471257
0.000265661 4.4391e+11 0.000481953
0.000270975 4.52805e+11 0.000492876
0.000276394 4.61879e+11 0.000504029
0.000281922 4.71135e+11 0.000515416
0.00028756 4.80577e+11 0.000527041
0.000293312 4.90208e+11 0.00053891
0.000299178 5.00032e+11 0.000551026
0.000305161 5.10053e+11 0.000560519
0.000405161 6.77565e+11 0.000641312
0.000505161 8.45112e+11 0.000705526
0.000605161 1.01268e+12 0.000766675
0.000705161 1.18027e+12 0.000826769
0.000805161 1.34788e+12 0.000886391
0.000905161 1.5155e+12 0.000945713
0.00100516 1.68313e+12 0.00100475
0.00110516 1.85077e+12 0.00106347
0.00120516 2.01842e+12 0.0011218
0.00130516 2.18608e+12 0.00117967
0.00140516 2.35375e+12 0.00123701
0.00150516 2.52142e+12 0.00129375
0.00160516 2.68911e+12 0.00134982
0.00170516 2.85679e+12 0.00140519
0.00180516 3.02449e+12 0.00145979
0.00190516 3.19219e+12 0.00151359
0.00200516 3.35989e+12 0.00156655
0.00210516 3.5276e+12 0.00161864
0.00220516 3.69532e+12 0.00166984
0.00230516 3.86304e+12 0.00172014
0.00240516 4.03076e+12 0.00176952
0.00250516 4.19849e+12 0.00181797
0.00260516 4.36622e+12 0.00186548
0.00270516 4.53395e+12 0.00191206
0.00280516 4.70169e+12 0.0019577
0.00290516 4.86942e+12 0.00200241
0.00300516 5.03717e+12 0.0020462
0.00310516 5.20491e+12 0.00208908
0.00320516 5.37266e+12 0.00213105
0.00330516 5.54041e+12 0.00217215
0.00340516 5.70816e+12 0.00221237
0.00350516 5.87591e+12 0.00225174
0.00360516 6.04367e+12 0.00229028
0.00370516 6.21143e+12 0.00232801
0.00380516 6.37919e+12 0.00236494
0.00390516 6.54695e+12 0.00240112
0.00400516 6.71471e+12 0.00243655
0.00410516 6.88247e+12 0.00247127
0.00420516 7.05024e+12 0.0025053
0.00430516 7.21801e+12 0.00253867
0.00440516 7.38578e+12 0.00257141
0.00450516 7.55355e+12 0.00260354
0.00460516 7.72132e+12 0.0026351
0.00470516 7.88909e+12 0.0026661
0.00480516 8.05687e+12 0.00269659
0.00490516 8.22464e+12 0.0027266
0.00500516 8.39242e+12 0.00275614
0.00510516 8.56019e+12 0.00278526
0.00520516 8.72797e+12 0.00281399
0.00530516 8.89575e+12 0.00284235
0.00540516 9.06353e+12 0.00287037
0.00550516 9.23131e+12 0.00289809
0.00560516 9.3991e+12 0.00292555
0.00570516 9.56688e+12 0.00295276
0.00580516 9.73466e+12 0.00297976
0.00590516 9.90245e+12 0.00300658
0.00600516 1.00702e+13 0.00303325
0.00610516 1.0238e+13 0.00305981
0.00620516 1.04058e+13 0.00308628
0.00630516 1.05736e+13 0.00311269
0.00640516 1.07414e+13 0.00313908
0.00650516 1.09092e+13 0.00316547
0.00660516 1.1077e+13 0.0031919
0.00670516 1.12448e+13 0.00321839
0.00680516 1.14125e+13 0.00324497
0.00690516 1.15803e+13 0.00327168
0.00700516 1.17481e+13 0.00329854
0.00710516 1.19159e+13 0.00332558
0.00720516 1.20837e+13 0.00335282
0.00730516 1.22515e+13 0.00338031
0.00740516 1.24193e+13 0.00340806
0.00750516 1.25871e+13 0.00343611
0.00760516 1.27549e+13 0.00346447
0.00770516 1.29227e+13 0.00349319
0.00780516 1.30905e+13 0.00352227
0.00790516 1.32583e+13 0.00355176
0.00800516 1.34261e+13 0.00358168
0.00810516 1.35939e+13 0.00361205
0.00820516 1.37617e+13 0.0036429
0.00830516 1.39295e+13 0.00367425
0.00840516 1.40973e+13 0.00370614
0.00850516 1.42651e+13 0.00373858
0.00860516 1.44329e+13 0.00377159
0.00870516 1.46007e+13 0.00380521
0.00880516 1.47685e+13 0.00383946
0.00890516 1.49363e+13 0.00387436
0.00900516 1.51041e+13 0.00390993
0.00910516 1.52719e+13 0.00394619
0.00920516 1.54397e+13 0.00398318
0.00930516 1.56075e+13 0.00402091
0.00940516 1.57754e+13 0.0040594
0.00950516 1.59432e+13 0.00409867
0.00960516 1.6111e+13 0.00413875
0.00970516 1.62788e+13 0.00417966
0.00980516 1.64466e+13 0.00422142
0.00990516 1.66144e+13 0.00426404
0.0100052 1.67822e+13 0.00430756
0.0101052 1.695e+13 0.00435198
0.0102052 1.71179e+13 0.00439734
0.0103052 1.72857e+13 0.00444364
0.0104052 1.74535e+13 0.0044909
0.0105052 1.76213e+13 0.00453916
0.0106052 1.77891e+13 0.00458841
0.0107052 1.79569e+13 0.00463869
0.0108052 1.81248e+13 0.00469001
0.0109052 1.82926e+13 0.00474239
0.0110052 1.84604e+13 0.00479585
0.0111052 1.86282e+13 0.00485039
0.0112052 1.87961e+13 0.00490605
0.0113052 1.89639e+13 0.00496283
0.0114052 1.91317e+13 0.00502075
0.0115052 1.92995e+13 0.00507984
0.0116052 1.94674e+13 0.00514009
0.0117052 1.96352e+13 0.00520154
0.0118052 1.9803e+13 0.00526419
0.0119052 1.99709e+13 0.00532807
0.0120052 2.01387e+13 0.00539318
0.0121052 2.03065e+13 0.00545953
0.0122052 2.04743e+13 0.00552716
0.0123052 2.06422e+13 0.00559606
0.0124052 2.081e+13 0.00566625
0.0125052 2.09779e+13 0.00573775
0.0126052 2.11457e+13 0.00581057
0.0127052 2.13135e+13 0.00588473
0.0128052 2.14814e+13 0.00596023
0.0129052 2.16492e+13 0.00603709
0.0130052 2.1817e+13 0.00611532
0.0131052 2.19849e+13 0.00619493
0.0132052 2.21527e+13 0.00627594
0.0133052 2.23206e+13 0.00635836
0.0134052 2.24884e+13 0.0064422
0.0135052 2.26563e+13 0.00652747
0.0136052 2.28241e+13 0.00661418
0.0137052 2.2992e+13 0.00670234
0.0138052 2.31598e+13 0.00679198
0.0139052 2.33277e+13 0.00688308
0.0140052 2.34955e+13 0.00697568
0.0141052 2.36634e+13 0.00706977
0.0142052 2.38312e+13 0.00716537
0.0143052 2.39991e+13 0.00726249
0.0144052 2.41669e+13 0.00736113
0.0145052 2.43348e+13 0.00746131
0.0146052 2.45027e+13 0.00756304
0.0147052 2.46705e+13 0.00766633
0.0148052 2.48384e+13 0.00777118
0.0149052 2.50063e+13 0.0078776
0.0150052 2.51741e+13 0.00798561
0.0151052 2.5342e+13 0.00809521
0.0152052 2.55099e+13 0.00820641
0.0153052 2.56777e+13 0.00831922
0.0154052 2.58456e+13 0.00843365
0.0155052 2.60135e+13 0.00854971
0.0156052 2.61813e+13 0.0086674
0.0157052 2.63492e+13 0.00878673
0.0158052 2.65171e+13 0.00890771
0.0159052 2.6685e+13 0.00903034
0.0160052 2.68528e+13 0.00915465
0.0161052 2.70207e+13 0.00928062
0.0162052 2.71886e+13 0.00940827
0.0163052 2.73565e+13 0.00953761
0.0164052 2.75244e+13 0.00966864
0.0165052 2.76923e+13 0.00980138
0.0166052 2.78601e+13 0.00993581
0.0167052 2.8028e+13 0.010072
0.0168052 2.81959e+13 0.0102098
0.0169052 2.83638e+13 0.0103494
0.0170052 2.85317e+13 0.0104908
0.0171052 2.86996e+13 0.0106338
0.0172052 2.88675e+13 0.0107786
0.0173052 2.90354e+13 0.0109252
0.0174052 2.92033e+13 0.0110735
0.0175052 2.93712e+13 0.0112236
0.0176052 2.95391e+13 0.0113755
0.0177052 2.9707e+13 0.0115291
0.0178052 2.98749e+13 0.0116845
0.0179052 3.00428e+13 0.0118416
0.0180052 3.02107e+13 0.0120006
0.0181052 3.03786e+13 0.0121614
0.0182052 3.05465e+13 0.0123239
0.0183052 3.07144e+13 0.0124883
0.0184052 3.08824e+13 0.0126545
0.0185052 3.10503e+13 0.0128225
0.0186052 3.12182e+13 0.0129923
0.0187052 3.13861e+13 0.0131639
0.0188052 3.1554e+13 0.0133373
0.0189052 3.1722e+13 0.0135126
0.0190052 3.18899e+13 0.0136897
0.0191052 3.20578e+13 0.0138687
0.0192052 3.22257e+13 0.0140495
0.0193052 3.23937e+13 0.0142321
0.0194052 3.25616e+13 0.0144166
0.0195052 3.27295e+13 0.0146029
0.0196052 3.28975e+13 0.0147911
0.0197052 3.30654e+13 0.0149812
0.0198052 3.32333e+13 0.0151731
0.0199052 3.34013e+13 0.0153669
0.0200052 3.35692e+13 0.0155626
0.0201052 3.37372e+13 0.0157602
0.0202052 3.39051e+13 0.0159596
0.0203052 3.4073e+13 0.0161609
0.0204052 3.4241e+13 0.0163641
0.0205052 3.44089e+13 0.0165692
0.0206052 3.45769e+13 0.0167762
0.0207052 3.47448e+13 0.0169851
0.0208052 3.49128e+13 0.0171958
0.0209052 3.50808e+13 0.0174085
0.0210052 3.52487e+13 0.0176231
0.0211052 3.54167e+13 0.0178396
0.0212052 3.55846e+13 0.018058
0.0213052 3.57526e+13 0.0182783
0.0214052 3.59206e+13 0.0185005
0.0215052 3.60885e+13 0.0187247
0.0216052 3.62565e+13 0.0189507
0.0217052 3.64245e+13 0.0191787
0.0218052 3.65925e+13 0.0194087
0.0219052 3.67604e+13 0.0196405
0.0220052 3.69284e+13 0.0198743
0.0221052 3.70964e+13 0.02011
0.0222052 3.72644e+13 0.0203476
0.0223052 3.74324e+13 0.0205872
0.0224052 3.76003e+13 0.0208287
0.0225052 3.77683e+13 0.0210722
0.0226052 3.79363e+13 0.0213176
0.0227052 3.81043e+13 0.021565
0.0228052 3.82723e+13 0.0218143
0.0229052 3.84403e+13 0.0220655
0.0230052 3.86083e+13 0.0223187
0.0231052 3.87763e+13 0.0225739
0.0232052 3.89443e+13 0.022831
0.0233052 3.91123e+13 0.0230901
0.0234052 3.92803e+13 0.0233511
0.0235052 3.94483e+13 0.0236141
0.0236052 3.96163e+13 0.0238791
0.0237052 3.97843e+13 0.024146
0.0238052 3.99523e+13 0.0244149
0.0239052 4.01203e+13 0.0246858
0.0240052 4.02884e+13 0.0249586
0.0241052 4.04564e+13 0.0252334
0.0242052 4.06244e+13 0.0255102
0.0243052 4.07924e+13 0.025789
0.0244052 4.09605e+13 0.0260697
0.0245052 4.11285e+13 0.0263524
0.0246052 4.12965e+13 0.0266371
0.0247052 4.14645e+13 0.0269238
0.0248052 4.16326e+13 0.0272125
0.0249052 4.18006e+13 0.0275031
0.0250052 4.19686e+13 0.0277958
0.0251052 4.21367e+13 0.0280904
0.0252052 4.23047e+13 0.028387
0.0253052 4.24728e+13 0.0286856
0.0254052 4.26408e+13 0.0289862
0.0255052 4.28089e+13 0.0292888
0.0256052 4.29769e+13 0.0295934
0.0257052 4.3145e+13 0.0299
0.0258052 4.3313e+13 0.0302086
0.0259052 4.34811e+13 0.0305192
0.0260052 4.36491e+13 0.0308318
0.0261052 4.38172e+13 0.0311463
0.0262052 4.39853e+13 0.0314629
0.0263052 4.41533e+13 0.0317815
0.0264052 4.43214e+13 0.0321021
0.0265052 4.44895e+13 0.0324247
0.0266052 4.46575e+13 0.0327494
0.0267052 4.48256e+13 0.033076
0.0268052 4.49937e+13 0.0334046
0.0269052 4.51618e+13 0.0337353
0.0270052 4.53298e+13 0.0340679
0.0271052 4.54979e+13 0.0344026
0.0272052 4.5666e+13 0.0347393
0.0273052 4.58341e+13 0.035078
0.0274052 4.60022e+13 0.0354187
0.0275052 4.61703e+13 0.0357615
0.0276052 4.63384e+13 0.0361063
0.0277052 4.65065e+13 0.036453
0.0278052 4.66746e+13 0.0368019
0.0279052 4.68427e+13 0.0371527
0.0280052 4.70108e+13 0.0375056
0.0281052 4.71789e+13 0.0378604
0.0282052 4.7347e+13 0.0382174
0.0283052 4.75151e+13 0.0385763
0.0284052 4.76832e+13 0.0389373
0.0285052 4.78513e+13 0.0393003
0.0286052 4.80194e+13 0.0396653
0.0287052 4.81875e+13 0.0400324
0.0288052 4.83557e+13 0.0404015
0.0289052 4.85238e+13 0.0407726
0.0290052 4.86919e+13 0.0411458
0.0291052 4.886e+13 0.041521
0.0292052 4.90282e+13 0.0418982
0.0293052 4.91963e+13 0.0422775
0.0294052 4.93644e+13 0.0426588
0.0295052 4.95326e+13 0.0430422
0.0296052 4.97007e+13 0.0434276
0.0297052 4.98688e+13 0.043815
0.0298052 5.0037e+13 0.0442045
0.0299052 5.02051e+13 0.0445961
0.0300052 5.03733e+13 0.0449897
0.0301052 5.05414e+13 0.0453853
0.0302052 5.07096e+13 0.045783
0.0303052 5.08777e+13 0.0461827
0.0304052 5.10459e+13 0.0465845
0.0305052 5.12141e+13 0.0469883
0.0306052 5.13822e+13 0.0473942
0.0307052 5.15504e+13 0.0478021
0.0308052 5.17185e+13 0.0482121
0.0309052 5.18867e+13 0.0486242
0.0310052 5.20549e+13 0.0490383
0.0311052 5.22231e+13 0.0494545
0.0312052 5.23912e+13 0.0498727
0.0313052 5.25594e+13 0.050293
0.0314052 5.27276e+13 0.0507153
0.0315052 5.28958e+13 0.0511398
0.0316052 5.3064e+13 0.0515662
0.0317052 5.32322e+13 0.0519948
0.0318052 5.34003e+13 0.0524254
0.0319052 5.35685e+13 0.0528581
0.0320052 5.37367e+13 0.0532928
0.0321052 5.39049e+13 0.0537296
0.0322052 5.40731e+13 0.0541685
0.0323052 5.42413e+13 0.0546094
0.0324052 5.44095e+13 0.0550525
0.0325052 5.45777e+13 0.0554976
0.0326052 5.4746e+13 0.0559447
0.0327052 5.49142e+13 0.056394
0.0328052 5.50824e+13 0.0568453
0.0329052 5.52506e+13 0.0572987
0.0330052 5.54188e+13 0.0577542
0.0331052 5.5587e+13 0.0582118
0.0332052 5.57553e+13 0.0586714
0.0333052 5.59235e+13 0.0591332
0.0334052 5.60917e+13 0.059597
0.0335052 5.626e+13 0.0600629
0.0336052 5.64282e+13 0.0605309
0.0337052 5.65964e+13 0.061001
0.0338052 5.67647e+13 0.0614731
0.0339052 5.69329e+13 0.0619474
0.0340052 5.71012e+13 0.0624237
0.0341052 5.72694e+13 0.0629022
0.0342052 5.74377e+13 0.0633827
0.0343052 5.76059e+13 0.0638653
0.0344052 5.77742e+13 0.0643501
0.0345052 5.79424e+13 0.0648369
0.0346052 5.81107e+13 0.0653258
0.0347052 5.82789e+13 0.0658168
0.0348052 5.84472e+13 0.0663099
0.0349052 5.86155e+13 0.0668052
0.0350052 5.87837e+13 0.0673025
0.0351052 5.8952e+13 0.0678019
0.0352052 5.91203e+13 0.0683035
0.0353052 5.92886e+13 0.0688071
0.0354052 5.94568e+13 0.0693129
0.0355052 5.96251e+13 0.0698207
0.0356052 5.97934e+13 0.0703307
0.0357052 5.99617e+13 0.0708428
0.0358052 6.013e+13 0.071357
0.0359052 6.02983e+13 0.0718733
0.0360052 6.04666e+13 0.0723918
0.0361052 6.06349e+13 0.0729123
0.0362052 6.08032e+13 0.073435
0.0363052 6.09715e+13 0.0739598
0.0364052 6.11398e+13 0.0744867
0.0365052 6.13081e+13 0.0750158
0.0366052 6.14764e+13 0.0755469
0.0367052 6.16447e+13 0.0760802
0.0368052 6.1813e+13 0.0766157
0.0369052 6.19814e+13 0.0771532
0.0370052 6.21497e+13 0.0776929
0.0371052 6.2318e+13 0.0782347
0.0372052 6.24863e+13 0.0787787
0.0373052 6.26547e+13 0.0793247
0.0374052 6.2823e+13 0.079873
0.0375052 6.29913e+13 0.0804233
0.0376052 6.31597e+13 0.0809758
0.0377052 6.3328e+13 0.0815305
0.0378052 6.34963e+13 0.0820872
0.0379052 6.36647e+13 0.0826462
0.0380052 6.3833e+13 0.0832072
0.0381052 6.40014e+13 0.0837705
0.0382052 6.41697e+13 0.0843358
0.0383052 6.43381e+13 0.0849033
0.0384052 6.45064e+13 0.085473
0.0385052 6.46748e+13 0.0860448
0.0386052 6.48432e+13 0.0866188
0.0387052 6.50115e+13 0.0871949
0.0388052 6.51799e+13 0.0877732
0.0389052 6.53483e+13 0.0883537
0.0390052 6.55166e+13 0.0889363
0.0391052 6.5685e+13 0.0895211
0.0392052 6.58534e+13 0.090108
0.0393052 6.60218e+13 0.0906971
0.0394052 6.61902e+13 0.0912884
0.0395052 6.63586e+13 0.0918818
0.0396052 6.65269e+13 0.0924775
0.0397052 6.66953e+13 0.0930753
0.0398052 6.68637e+13 0.0936752
0.0399052 6.70321e+13 0.0942774
0.0400052 6.72005e+13 0.0948817
0.0401052 6.73689e+13 0.0954882
0.0402052 6.75373e+13 0.0960969
0.0403052 6.77057e+13 0.0967077
0.0404052 6.78742e+13 0.0973208
0.0405052 6.80426e+13 0.097936
0.0406052 6.8211e+13 0.0985535
0.0407052 6.83794e+13 0.0991731
0.0408052 6.85478e+13 0.0997949
0.0409052 6.87163e+13 0.100419
0.0410052 6.88847e+13 0.101045
0.0411052 6.90531e+13 0.101674
0.0412052 6.92215e+13 0.102304
0.0413052 6.939e+13 0.102937
0.0414052 6.95584e+13 0.103572
0.0415052 6.97269e+13 0.104209
0.0416052 6.98953e+13 0.104849
0.0417052 7.00637e+13 0.10549
0.0418052 7.02322e+13 0.106134
0.0419052 7.04006e+13 0.10678
0.0420052 7.05691e+13 0.107429
0.0421052 7.07376e+13 0.108079
0.0422052 7.0906e+13 0.108732
0.0423052 7.10745e+13 0.109387
0.0424052 7.12429e+13 0.110044
0.0425052 7.14114e+13 0.110703
0.0426052 7.15799e+13 0.111365
0.0427052 7.17484e+13 0.112029
0.0428052 7.19168e+13 0.112695
0.0429052 7.20853e+13 0.113363
0.0430052 7.22538e+13 0.114034
0.0431052 7.24223e+13 0.114707
0.0432052 7.25908e+13 0.115382
0.0433052 7.27593e+13 0.116059
0.0434052 7.29278e+13 0.116739
0.0435052 7.30963e+13 0.117421
0.0436052 7.32648e+13 0.118105
0.0437052 7.34333e+13 0.118791
0.0438052 7.36018e+13 0.11948
0.0439052 7.37703e+13 0.120171
0.0440052 7.39388e+13 0.120864
0.0441052 7.41073e+13 0.121559
0.0442052 7.42758e+13 0.122257
0.0443052 7.44443e+13 0.122957
0.0444052 7.46128e+13 0.123659
0.0445052 7.47814e+13 0.124364
0.0446052 7.49499e+13 0.12507
0.0447052 7.51184e+13 0.125779
0.0448052 7.5287e+13 0.126491
0.0449052 7.54555e+13 0.127205
0.0450052 7.5624e+13 0.127921
0.0451052 7.57926e+13 0.128639
0.0452052 7.59611e+13 0.129359
0.0453052 7.61297e+13 0.130082
0.0454052 7.62982e+13 0.130807
0.0455052 7.64668e+13 0.131535
0.0456052 7.66353e+13 0.132265
0.0457052 7.68039e+13 0.132997
0.0458052 7.69724e+13 0.133731
0.0459052 7.7141e+13 0.134468
0.0460052 7.73096e+13 0.135207
0.0461052 7.74781e+13 0.135949
0.0462052 7.76467e+13 0.136692
0.0463052 7.78153e+13 0.137439
0.0464052 7.79839e+13 0.138187
0.0465052 7.81524e+13 0.138938
0.0466052 7.8321e+13 0.139691
0.0467052 7.84896e+13 0.140447
0.0468052 7.86582e+13 0.141204
0.0469052 7.88268e+13 0.141965
0.0470052 7.89954e+13 0.142727
0.0471052 7.9164e+13 0.143492
0.0472052 7.93326e+13 0.14426
0.0473052 7.95012e+13 0.145029
0.0474052 7.96698e+13 0.145801
0.0475052 7.98384e+13 0.146576
0.0476052 8.0007e+13 0.147353
0.0477052 8.01756e+13 0.148132
0.0478052 8.03443e+13 0.148914
0.0479052 8.05129e+13 0.149698
0.0480052 8.06815e+13 0.150485
0.0481052 8.08501e+13 0.151273
0.0482052 8.10188e+13 0.152065
0.0483052 8.11874e+13 0.152859
0.0484052 8.1356e+13 0.153655
0.0485052 8.15247e+13 0.154453
0.0486052 8.16933e+13 0.155254
0.0487052 8.1862e+13 0.156058
0.0488052 8.20306e+13 0.156864
0.0489052 8.21993e+13 0.157672
0.0490052 8.23679e+13 0.158483
0.0491052 8.25366e+13 0.159296
0.0492052 8.27052e+13 0.160112
0.0493052 8.28739e+13 0.160931
0.0494052 8.30426e+13 0.161751
0.0495052 8.32112e+13 0.162574
0.0496052 8.33799e+13 0.1634
0.0497052 8.35486e+13 0.164228
0.0498052 8.37173e+13 0.165059
0.0499052 8.38859e+13 0.165892
0.0500052 8.40546e+13 0.166728
0.0501052 8.42233e+13 0.167566
0.0502052 8.4392e+13 0.168407
0.0503052 8.45607e+13 0.16925
0.0504052 8.47294e+13 0.170096
0.0505052 8.48981e+13 0.170944
0.0506052 8.50668e+13 0.171795
0.0507052 8.52355e+13 0.172648
0.0508052 8.54042e+13 0.173504
0.0509052 8.55729e+13 0.174363
0.0510052 8.57416e+13 0.175224
0.0511052 8.59103e+13 0.176087
0.0512052 8.6079e+13 0.176954
0.0513052 8.62478e+13 0.177822
0.0514052 8.64165e+13 0.178694
0.0515052 8.65852e+13 0.179567
0.0516052 8.6754e+13 0.180444
0.0517052 8.69227e+13 0.181323
0.0518052 8.70914e+13 0.182205
0.0519052 8.72602e+13 0.183089
0.0520052 8.74289e+13 0.183976
0.0521052 8.75977e+13 0.184865
0.0522052 8.77664e+13 0.185757
0.0523052 8.79352e+13 0.186652
0.0524052 8.81039e+13 0.187549
0.0525052 8.82727e+13 0.188449
0.0526052 8.84414e+13 0.189352
0.0527052 8.86102e+13 0.190257
0.0528052 8.8779e+13 0.191165
0.0529052 8.89477e+13 0.192076
0.0530052 8.91165e+13 0.192989
0.0531052 8.92853e+13 0.193905
0.0532052 8.94541e+13 0.194823
0.0533052 8.96229e+13 0.195744
0.0534052 8.97916e+13 0.196668
0.0535052 8.99604e+13 0.197595
0.0536052 9.01292e+13 0.198524
0.0537052 9.0298e+13 0.199456
0.0538052 9.04668e+13 0.20039
0.0539052 9.06356e+13 0.201327
0.0540052 9.08044e+13 0.202267
0.0541052 9.09732e+13 0.20321
0.0542052 9.1142e+13 0.204155
0.0543052 9.13109e+13 0.205103
0.0544052 9.14797e+13 0.206054
0.0545052 9.16485e+13 0.207007
0.0546052 9.18173e+13 0.207964
0.0547052 9.19861e+13 0.208922
0.0548052 9.2155e+13 0.209884
0.0549052 9.23238e+13 0.210848
0.0550052 9.24926e+13 0.211815
0.0551052 9.26615e+13 0.212785
0.0552052 9.28303e+13 0.213757
0.0553052 9.29992e+13 0.214732
0.0554052 9.3168e+13 0.21571
0.0555052 9.33369e+13 0.216691
0.0556052 9.35057e+13 0.217674
0.0557052 9.36746e+13 0.21866
0.0558052 9.38434e+13 0.219649
0.0559052 9.40123e+13 0.220641
0.0560052 9.41812e+13 0.221635
0.0561052 9.43501e+13 0.222632
0.0562052 9.45189e+13 0.223631
0.0563052 9.46878e+13 0.224634
0.0564052 9.48567e+13 0.225639
0.0565052 9.50256e+13 0.226647
0.0566052 9.51945e+13 0.227657
0.0567052 9.53633e+13 0.228671
0.0568052 9.55322e+13 0.229687
0.0569052 9.57011e+13 0.230705
0.0570052 9.587e+13 0.231727
0.0571052 9.60389e+13 0.232751
0.0572052 9.62078e+13 0.233778
0.0573052 9.63768e+13 0.234808
0.0574052 9.65457e+13 0.23584
0.0575052 9.67146e+13 0.236875
0.0576052 9.68835e+13 0.237913
0.0577052 9.70524e+13 0.238953
0.0578052 9.72213e+13 0.239996
0.0579052 9.73903e+13 0.241042
0.0580052 9.75592e+13 0.24209
0.0581052 9.77281e+13 0.243141
0.0582052 9.78971e+13 0.244195
0.0583052 9.8066e+13 0.245251
0.0584052 9.8235e+13 0.24631
0.0585052 9.84039e+13 0.247372
0.0586052 9.85729e+13 0.248436
0.0587052 9.87418e+13 0.249502
0.0588052 9.89108e+13 0.250572
0.0589052 9.90797e+13 0.251643
0.0590052 9.92487e+13 0.252718
0.0591052 9.94177e+13 0.253795
0.0592052 9.95866e+13 0.254874
0.0593052 9.97556e+13 0.255956
0.0594052 9.99246e+13 0.25704
0.0595052 1.00094e+14 0.258126
0.0596052 1.00263e+14 0.259215
0.0597052 1.00432e+14 0.260306
0.0598052 1.00601e+14 0.261399
0.0599052 1.0077e+14 0.262495
0.0600052 1.00939e+14 0.263592
0.0601052 1.01108e+14 0.264692
0.0602052 1.01277e+14 0.265793
0.0603052 1.01446e+14 0.266897
0.0604052 1.01615e+14 0.268002
0.0605052 1.01784e+14 0.269108
0.0606052 1.01953e+14 0.268245
0.0616052 1.03643e+14 0.279949
0.0626052 1.05334e+14 0.291981
0.0636052 1.07025e+14 0.304347
0.0646052 1.08716e+14 0.317052
0.0656052 1.10408e+14 0.330102
0.0666052 1.121e+14 0.3435
0.0676052 1.13792e+14 0.357254
0.0686052 1.15485e+14 0.371368
0.0696052 1.17178e+14 0.385847
0.0706052 1.18872e+14 0.400696
0.0716052 1.20565e+14 0.415921
0.0726052 1.2226e+14 0.431527
0.0736052 1.23954e+14 0.447517
0.0746052 1.2565e+14 0.463899
0.0756052 1.27345e+14 0.480675
0.0766052 1.29041e+14 0.497852
0.0776052 1.30737e+14 0.515434
0.0786052 1.32434e+14 0.533426
0.0796052 1.34131e+14 0.551833
0.0806052 1.35828e+14 0.570658
0.0816052 1.37526e+14 0.589908
0.0826052 1.39225e+14 0.609585
0.0836052 1.40924e+14 0.629696
0.0846052 1.42623e+14 0.650243
0.0856052 1.44322e+14 0.671232
0.0866052 1.46023e+14 0.692667
0.0876052 1.47723e+14 0.714552
0.0886052 1.49424e+14 0.736891
0.0896052 1.51126e+14 0.759689
0.0906052 1.52827e+14 0.782949
0.0916052 1.5453e+14 0.806675
0.0926052 1.56233e+14 0.830872
0.0936052 1.57936e+14 0.855542
0.0946052 1.5964e+14 0.880691
0.0956052 1.61344e+14 0.906322
0.0966052 1.63049e+14 0.932439
0.0976052 1.64754e+14 0.959044
0.0986052 1.6646e+14 0.986143
0.0996052 1.68166e+14 1.01374
0.100605 1.69873e+14 1.04183
0.101605 1.7158e+14 1.07043
0.102605 1.73288e+14 1.09954
0.103605 1.74996e+14 1.12915
0.104605 1.76705e+14 1.15928
0.105605 1.78414e+14 1.18993
0.106605 1.80124e+14 1.22109
0.107605 1.81834e+14 1.25278
0.108605 1.83545e+14 1.28499
0.109605 1.85256e+14 1.31774
0.110605 1.86968e+14 1.35102
0.111605 1.88681e+14 1.38483
0.112605 1.90394e+14 1.41918
0.113605 1.92107e+14 1.45407
0.114605 1.93821e+14 1.48951
0.115605 1.95536e+14 1.52549
0.116605 1.97251e+14 1.56203
0.117605 1.98967e+14 1.59912
0.118605 2.00683e+14 1.63676
0.119605 2.024e+14 1.67496
0.120605 2.04118e+14 1.71373
0.121605 2.05836e+14 1.75305
0.122605 2.07554e+14 1.79295
0.123605 2.09274e+14 1.83341
0.124605 2.10993e+14 1.87445
0.125605 2.12714e+14 1.91606
0.126605 2.14435e+14 1.95824
0.127605 2.16156e+14 2.00101
0.128605 2.17879e+14 2.04436
0.129605 2.19601e+14 2.08829
0.130605 2.21325e+14 2.1328
0.135605 2.29951e+14 2.35989
0.140605 2.38593e+14 2.59884
0.145605 2.4725e+14 2.85109
0.150605 2.55922e+14 3.11729
0.155605 2.64611e+14 3.39795
0.160605 2.73316e+14 3.69348
0.165605 2.82038e+14 4.00428
0.170605 2.90777e+14 4.33075
0.175605 2.99533e+14 4.67325
0.180605 3.08307e+14 5.03219
0.185605 3.17099e+14 5.40797
0.190605 3.25909e+14 5.80101
0.195605 3.34738e+14 6.21176
0.200605 3.43586e+14 6.64068
0.205605 3.52453e+14 7.08828
0.210605 3.6134e+14 7.55507
0.215605 3.70247e+14 8.04164
0.220605 3.79174e+14 8.54859
0.225605 3.88122e+14 9.07656
0.230605 3.97091e+14 9.62626
0.235605 4.06082e+14 10.1984
0.240605 4.15095e+14 10.7939
0.245605 4.24129e+14 11.4134
0.250605 4.33187e+14 12.058
0.255605 4.42268e+14 12.7286
0.260605 4.51373e+14 13.4262
0.265605 4.60502e+14 14.152
0.270605 4.69655e+14 14.9072
0.275605 4.78834e+14 15.6929
0.280605 4.88039e+14 16.5106
0.285605 4.97269e+14 17.3617
0.290605 5.06527e+14 18.2476
0.295605 5.15813e+14 19.1699
0.300605 5.25127e+14 20.1305
0.305605 5.34469e+14 21.1309
0.310605 5.43841e+14 22.1731
0.315605 5.53244e+14 23.2591
0.320605 5.62678e+14 24.391
0.325605 5.72144e+14 25.5709
0.330605 5.81643e+14 26.8012
0.335605 5.91175e+14 28.0842
0.340605 6.00742e+14 29.4226
0.345605 6.10345e+14 30.819
0.350605 6.19985e+14 32.2761
0.355605 6.29662e+14 33.797
0.360605 6.39378e+14 35.3845
0.365605 6.49134e+14 37.0419
0.370605 6.58931e+14 38.7725
0.375605 6.68771e+14 40.5799
0.380605 6.78654e+14 42.4674
0.385605 6.88582e+14 44.439
0.390605 6.98557e+14 46.4986
0.395605 7.0858e+14 48.65
0.400605 7.18652e+14 50.8977
0.405605 7.28776e+14 53.2459
0.410605 7.38951e+14 55.6993
0.415605 7.49182e+14 58.2624
0.420605 7.59468e+14 60.9402
0.425605 7.69812e+14 63.7377
0.430605 7.80216e+14 66.6601
0.435605 7.90682e+14 69.7129
0.440605 8.01211e+14 72.9017
0.445605 8.11807e+14 76.2321
0.450605 8.2247e+14 79.7103
0.455605 8.33203e+14 83.3423
0.460605 8.44009e+14 87.1345
0.465605 8.5489e+14 91.0934
0.470605 8.65849e+14 95.2259
0.475605 8.76887e+14 99.5389
0.480605 8.88007e+14 104.039
0.485605 8.99213e+14 108.735
0.490605 9.10507e+14 113.634
0.495605 9.21891e+14 118.742
0.500605 9.3337e+14 124.07
0.505605 9.44945e+14 129.624
0.510605 9.5662e+14 135.413
0.515605 9.68398e+14 141.447
0.520605 9.80282e+14 147.734
0.525605 9.92276e+14 154.283
