1e-10 165825 6.74677e-13
1.02e-10 169141 6.97347e-13
1.0404e-10 172524 7.20767e-13
1.06121e-10 175975 7.44963e-13
1.08243e-10 179494 7.6996e-13
1.10408e-10 183084 7.95783e-13
1.12616e-10 186746 8.22459e-13
1.14869e-10 190481 8.50017e-13
1.17166e-10 194290 8.78484e-13
1.19509e-10 198176 9.07891e-13
1.21899e-10 202140 9.38267e-13
1.24337e-10 206183 9.69645e-13
1.26824e-10 210306 1.00206e-12
1.29361e-10 214513 1.03553e-12
1.31948e-10 218803 1.07011e-12
1.34587e-10 223179 1.10583e-12
1.37279e-10 227643 1.14272e-12
1.40024e-10 232195 1.18083e-12
1.42825e-10 236839 1.22018e-12
1.45681e-10 241576 1.26083e-12
1.48595e-10 246408 1.30281e-12
1.51567e-10 251336 1.34616e-12
1.54598e-10 256363 1.39094e-12
1.5769e-10 261490 1.43718e-12
1.60844e-10 266720 1.48493e-12
1.64061e-10 272054 1.53425e-12
1.67342e-10 277496 1.58518e-12
1.70689e-10 283046 1.63777e-12
1.74102e-10 288707 1.69208e-12
1.77584e-10 294481 1.74816e-12
1.81136e-10 300370 1.80607e-12
1.84759e-10 306378 1.86587e-12
1.88454e-10 312505 1.92761e-12
1.92223e-10 318756 1.99137e-12
1.96068e-10 325131 2.0572e-12
1.99989e-10 331634 2.12517e-12
2.03989e-10 338266 2.19534e-12
2.08069e-10 345032 2.2678e-12
2.1223e-10 351932 2.34261e-12
2.16474e-10 358971 2.41984e-12
2.20804e-10 366151 2.49958e-12
2.2522e-10 373474 2.5819e-12
2.29724e-10 380943 2.66688e-12
2.34319e-10 388562 2.75462e-12
2.39005e-10 396334 2.84519e-12
2.43785e-10 404260 2.93868e-12
2.48661e-10 412346 3.0352e-12
2.53634e-10 420593 3.13483e-12
2.58707e-10 429005 3.23767e-12
2.63881e-10 437585 3.34383e-12
2.69159e-10 446337 3.45341e-12
2.74542e-10 455264 3.56651e-12
2.80033e-10 464369 3.68325e-12
2.85633e-10 473657 3.80375e-12
2.91346e-10 483130 3.92811e-12
2.97173e-10 492793 4.05647e-12
3.03117e-10 502649 4.18894e-12
3.09179e-10 512702 4.32566e-12
3.15362e-10 522956 4.46676e-12
3.2167e-10 533415 4.61238e-12
3.28103e-10 544084 4.76266e-12
3.34665e-10 554965 4.91774e-12
3.41358e-10 566065 5.07777e-12
3.48186e-10 577386 5.24292e-12
3.55149e-10 588934 5.41333e-12
3.62252e-10 600713 5.58918e-12
3.69497e-10 612728 5.77062e-12
3.76887e-10 624982 5.95785e-12
3.84425e-10 637482 6.15103e-12
3.92114e-10 650232 6.35035e-12
3.99956e-10 663237 6.55601e-12
4.07955e-10 676502 6.76819e-12
4.16114e-10 690032 6.98711e-12
4.24436e-10 703833 7.21296e-12
4.32925e-10 717910 7.44597e-12
4.41584e-10 732269 7.68636e-12
4.50415e-10 746914 7.93435e-12
4.59424e-10 761853 8.19018e-12
4.68612e-10 777090 8.45409e-12
4.77984e-10 792632 8.72632e-12
4.87544e-10 808485 9.00715e-12
4.97295e-10 824655 9.29682e-12
5.07241e-10 841149 9.59562e-12
5.17386e-10 857972 9.90382e-12
5.27733e-10 875132 1.02217e-11
5.38288e-10 892635 1.05496e-11
5.49054e-10 910488 1.08878e-11
5.60035e-10 928698 1.12365e-11
5.71235e-10 947272 1.15963e-11
5.8266e-10 966218 1.19672e-11
5.94313e-10 985543 1.23498e-11
6.062e-10 1.00525e+06 1.27444e-11
6.18324e-10 1.02536e+06 1.31513e-11
6.3069e-10 1.04587e+06 1.35709e-11
6.43304e-10 1.06679e+06 1.40036e-11
6.5617e-10 1.08812e+06 1.44498e-11
6.69293e-10 1.10988e+06 1.49099e-11
6.82679e-10 1.13208e+06 1.53843e-11
6.96333e-10 1.15473e+06 1.58735e-11
7.10259e-10 1.17782e+06 1.63779e-11
7.24465e-10 1.20138e+06 1.68979e-11
7.38954e-10 1.22541e+06 1.74341e-11
7.53733e-10 1.24991e+06 1.79869e-11
7.68808e-10 1.27491e+06 1.85568e-11
7.84184e-10 1.30041e+06 1.91444e-11
7.99867e-10 1.32642e+06 1.97502e-11
8.15865e-10 1.35295e+06 2.03747e-11
8.32182e-10 1.38001e+06 2.10184e-11
8.48826e-10 1.40761e+06 2.16821e-11
8.65802e-10 1.43576e+06 2.23662e-11
8.83118e-10 1.46448e+06 2.30714e-11
9.00781e-10 1.49377e+06 2.37983e-11
9.18796e-10 1.52365e+06 2.45475e-11
9.37172e-10 1.55412e+06 2.53198e-11
9.55916e-10 1.5852e+06 2.61158e-11
9.75034e-10 1.61691e+06 2.69363e-11
9.94535e-10 1.64925e+06 2.77819e-11
1.01443e-09 1.68223e+06 2.86534e-11
1.03471e-09 1.71588e+06 2.95516e-11
1.05541e-09 1.7502e+06 3.04772e-11
1.07652e-09 1.7852e+06 3.14312e-11
1.09805e-09 1.82091e+06 3.24142e-11
1.12001e-09 1.85733e+06 3.34273e-11
1.14241e-09 1.89448e+06 3.44713e-11
1.16526e-09 1.93237e+06 3.5547e-11
1.18856e-09 1.97101e+06 3.66555e-11
1.21233e-09 2.01044e+06 3.77978e-11
1.23658e-09 2.05065e+06 3.89747e-11
1.26131e-09 2.09166e+06 4.01874e-11
1.28654e-09 2.1335e+06 4.14368e-11
1.31227e-09 2.17617e+06 4.27242e-11
1.33851e-09 2.21969e+06 4.40505e-11
1.36528e-09 2.26409e+06 4.54169e-11
1.39259e-09 2.30937e+06 4.68247e-11
1.42044e-09 2.35556e+06 4.8275e-11
1.44885e-09 2.40267e+06 4.97691e-11
1.47783e-09 2.45073e+06 5.13083e-11
1.50738e-09 2.49974e+06 5.28939e-11
1.53753e-09 2.54974e+06 5.45272e-11
1.56828e-09 2.60074e+06 5.62096e-11
1.59965e-09 2.65275e+06 5.79426e-11
1.63164e-09 2.70581e+06 5.97277e-11
1.66427e-09 2.75993e+06 6.15664e-11
1.69756e-09 2.81513e+06 6.34602e-11
1.73151e-09 2.87144e+06 6.54108e-11
1.76614e-09 2.92887e+06 6.74197e-11
1.80146e-09 2.98745e+06 6.94888e-11
1.83749e-09 3.0472e+06 7.16197e-11
1.87424e-09 3.10815e+06 7.38143e-11
1.91173e-09 3.17031e+06 7.60743e-11
1.94996e-09 3.23372e+06 7.84017e-11
1.98896e-09 3.2984e+06 8.07985e-11
2.02874e-09 3.36437e+06 8.32667e-11
2.06931e-09 3.43166e+06 8.58082e-11
2.1107e-09 3.50029e+06 8.84253e-11
2.15291e-09 3.5703e+06 9.11201e-11
2.19597e-09 3.64171e+06 9.38949e-11
2.23989e-09 3.71455e+06 9.67519e-11
2.28469e-09 3.78884e+06 9.96936e-11
2.33038e-09 3.86463e+06 1.02722e-10
2.37699e-09 3.94192e+06 1.05841e-10
2.42453e-09 4.02076e+06 1.09051e-10
2.47302e-09 4.10118e+06 1.12357e-10
2.52248e-09 4.18321e+06 1.15759e-10
2.57293e-09 4.26688e+06 1.19263e-10
2.62439e-09 4.35222e+06 1.22869e-10
2.67688e-09 4.43927e+06 1.26581e-10
2.73042e-09 4.52806e+06 1.30403e-10
2.78502e-09 4.61863e+06 1.34337e-10
2.84072e-09 4.711e+06 1.38387e-10
2.89754e-09 4.80523e+06 1.42555e-10
2.95549e-09 4.90134e+06 1.46846e-10
3.0146e-09 4.99937e+06 1.51262e-10
3.07489e-09 5.09936e+06 1.55807e-10
3.13639e-09 5.20136e+06 1.60486e-10
3.19912e-09 5.30539e+06 1.65301e-10
3.2631e-09 5.4115e+06 1.70257e-10
3.32836e-09 5.51974e+06 1.75358e-10
3.39493e-09 5.63014e+06 1.80607e-10
3.46283e-09 5.74275e+06 1.86009e-10
3.53208e-09 5.85761e+06 1.91569e-10
3.60272e-09 5.97477e+06 1.9729e-10
3.67478e-09 6.09427e+06 2.03177e-10
3.74827e-09 6.21617e+06 2.09236e-10
3.82324e-09 6.3405e+06 2.1547e-10
3.89971e-09 6.46731e+06 2.21886e-10
3.9777e-09 6.59667e+06 2.28487e-10
4.05725e-09 6.72861e+06 2.35279e-10
4.1384e-09 6.86319e+06 2.42268e-10
4.22117e-09 7.00046e+06 2.49459e-10
4.30559e-09 7.14048e+06 2.56858e-10
4.3917e-09 7.2833e+06 2.64471e-10
4.47954e-09 7.42898e+06 2.72303e-10
4.56913e-09 7.57757e+06 2.80361e-10
4.66051e-09 7.72913e+06 2.88651e-10
4.75372e-09 7.88372e+06 2.9718e-10
4.84879e-09 8.04141e+06 3.05955e-10
4.94577e-09 8.20224e+06 3.14981e-10
5.04468e-09 8.3663e+06 3.24267e-10
5.14558e-09 8.53364e+06 3.3382e-10
5.24849e-09 8.70432e+06 3.43646e-10
5.35346e-09 8.87842e+06 3.53755e-10
5.46053e-09 9.056e+06 3.64153e-10
5.56974e-09 9.23714e+06 3.74848e-10
5.68113e-09 9.42189e+06 3.8585e-10
5.79476e-09 9.61034e+06 3.97166e-10
5.91065e-09 9.80257e+06 4.08805e-10
6.02886e-09 9.99863e+06 4.20777e-10
6.14944e-09 1.01986e+07 4.33091e-10
6.27243e-09 1.04026e+07 4.45755e-10
6.39788e-09 1.06107e+07 4.5878e-10
6.52584e-09 1.08229e+07 4.72176e-10
6.65635e-09 1.10394e+07 4.85954e-10
6.78948e-09 1.12602e+07 5.00123e-10
6.92527e-09 1.14854e+07 5.14694e-10
7.06378e-09 1.17151e+07 5.2968e-10
7.20505e-09 1.19495e+07 5.45091e-10
7.34915e-09 1.21885e+07 5.60939e-10
7.49614e-09 1.24323e+07 5.77236e-10
7.64606e-09 1.26809e+07 5.93995e-10
7.79898e-09 1.29346e+07 6.11228e-10
7.95496e-09 1.31933e+07 6.28948e-10
8.11406e-09 1.34572e+07 6.4717e-10
8.27634e-09 1.37263e+07 6.65907e-10
8.44187e-09 1.40009e+07 6.85172e-10
8.6107e-09 1.42809e+07 7.04981e-10
8.78292e-09 1.45666e+07 7.25349e-10
8.95858e-09 1.48579e+07 7.46291e-10
9.13775e-09 1.51551e+07 7.67823e-10
9.3205e-09 1.54582e+07 7.89961e-10
9.50691e-09 1.57674e+07 8.12721e-10
9.69705e-09 1.60828e+07 8.36122e-10
9.89099e-09 1.64045e+07 8.6018e-10
1.00888e-08 1.67326e+07 8.84914e-10
1.02906e-08 1.70673e+07 9.10342e-10
1.04964e-08 1.74087e+07 9.36483e-10
1.07063e-08 1.77569e+07 9.63357e-10
1.09205e-08 1.81121e+07 9.90984e-10
1.11389e-08 1.84743e+07 1.01939e-09
1.13616e-08 1.88439e+07 1.04858e-09
1.15889e-08 1.92208e+07 1.07859e-09
1.18207e-08 1.96052e+07 1.10944e-09
1.20571e-08 1.99974e+07 1.14116e-09
1.22982e-08 2.03974e+07 1.17376e-09
1.25442e-08 2.08054e+07 1.20726e-09
1.27951e-08 2.12215e+07 1.24171e-09
1.3051e-08 2.1646e+07 1.27711e-09
1.3312e-08 2.20789e+07 1.3135e-09
1.35782e-08 2.25206e+07 1.3509e-09
1.38498e-08 2.2971e+07 1.38935e-09
1.41268e-08 2.34305e+07 1.42886e-09
1.44093e-08 2.38992e+07 1.46948e-09
1.46975e-08 2.43772e+07 1.51122e-09
1.49914e-08 2.48648e+07 1.55412e-09
1.52913e-08 2.53622e+07 1.59821e-09
1.55971e-08 2.58695e+07 1.64353e-09
1.5909e-08 2.63869e+07 1.6901e-09
1.62272e-08 2.69147e+07 1.73796e-09
1.65518e-08 2.74531e+07 1.78715e-09
1.68828e-08 2.80022e+07 1.8377e-09
1.72205e-08 2.85623e+07 1.88965e-09
1.75649e-08 2.91336e+07 1.94304e-09
1.79162e-08 2.97164e+07 1.9979e-09
1.82745e-08 3.03108e+07 2.05429e-09
1.864e-08 3.0917e+07 2.11222e-09
1.90128e-08 3.15355e+07 2.17176e-09
1.9393e-08 3.21662e+07 2.23294e-09
1.97809e-08 3.28097e+07 2.29581e-09
2.01765e-08 3.34659e+07 2.36042e-09
2.058e-08 3.41353e+07 2.4268e-09
2.09916e-08 3.48181e+07 2.49501e-09
2.14115e-08 3.55146e+07 2.56511e-09
2.18397e-08 3.6225e+07 2.63713e-09
2.22765e-08 3.69496e+07 2.71113e-09
2.2722e-08 3.76887e+07 2.78716e-09
2.31765e-08 3.84425e+07 2.86529e-09
2.364e-08 3.92115e+07 2.94557e-09
2.41128e-08 3.99958e+07 3.02805e-09
2.45951e-08 4.07958e+07 3.11279e-09
2.5087e-08 4.16119e+07 3.19986e-09
2.55887e-08 4.24442e+07 3.28932e-09
2.61005e-08 4.32932e+07 3.38123e-09
2.66225e-08 4.41592e+07 3.47566e-09
2.71549e-08 4.50425e+07 3.57267e-09
2.7698e-08 4.59435e+07 3.67234e-09
2.8252e-08 4.68625e+07 3.77475e-09
2.8817e-08 4.77999e+07 3.87995e-09
2.93934e-08 4.8756e+07 3.98803e-09
2.99812e-08 4.97313e+07 4.09907e-09
3.05809e-08 5.07261e+07 4.21314e-09
3.11925e-08 5.17407e+07 4.33033e-09
3.18163e-08 5.27757e+07 4.45072e-09
3.24526e-08 5.38314e+07 4.57439e-09
3.31017e-08 5.49082e+07 4.70144e-09
3.37637e-08 5.60065e+07 4.83196e-09
3.4439e-08 5.71268e+07 4.96603e-09
3.51278e-08 5.82695e+07 5.10376e-09
3.58303e-08 5.94351e+07 5.24524e-09
3.6547e-08 6.0624e+07 5.39058e-09
3.72779e-08 6.18367e+07 5.53987e-09
3.80235e-08 6.30736e+07 5.69323e-09
3.87839e-08 6.43353e+07 5.85076e-09
3.95596e-08 6.56222e+07 6.01258e-09
4.03508e-08 6.69349e+07 6.17879e-09
4.11578e-08 6.82738e+07 6.34952e-09
4.1981e-08 6.96395e+07 6.52489e-09
4.28206e-08 7.10325e+07 6.70503e-09
4.3677e-08 7.24534e+07 6.89005e-09
4.45505e-08 7.39027e+07 7.0801e-09
4.54415e-08 7.5381e+07 7.27531e-09
4.63504e-08 7.68889e+07 7.47581e-09
4.72774e-08 7.8427e+07 7.68174e-09
4.82229e-08 7.99958e+07 7.89326e-09
4.91874e-08 8.1596e+07 8.11051e-09
5.01711e-08 8.32282e+07 8.33365e-09
5.11746e-08 8.48931e+07 8.56283e-09
5.2198e-08 8.65912e+07 8.79821e-09
5.3242e-08 8.83234e+07 9.03996e-09
5.43069e-08 9.00902e+07 9.28826e-09
5.5393e-08 9.18923e+07 9.54327e-09
5.65008e-08 9.37305e+07 9.80517e-09
5.76309e-08 9.56055e+07 1.00742e-08
5.87835e-08 9.7518e+07 1.03504e-08
5.99592e-08 9.94687e+07 1.06341e-08
6.11583e-08 1.01458e+08 1.09255e-08
6.23815e-08 1.03488e+08 1.12247e-08
6.36291e-08 1.05558e+08 1.15321e-08
6.49017e-08 1.0767e+08 1.18477e-08
6.61997e-08 1.09824e+08 1.21718e-08
6.75237e-08 1.1202e+08 1.25047e-08
6.88742e-08 1.14261e+08 1.28465e-08
7.02517e-08 1.16547e+08 1.31976e-08
7.16567e-08 1.18878e+08 1.35581e-08
7.30899e-08 1.21257e+08 1.39283e-08
7.45517e-08 1.23682e+08 1.43085e-08
7.60427e-08 1.26156e+08 1.46989e-08
7.75636e-08 1.2868e+08 1.50998e-08
7.91148e-08 1.31254e+08 1.55115e-08
8.06971e-08 1.3388e+08 1.59343e-08
8.23111e-08 1.36558e+08 1.63685e-08
8.39573e-08 1.3929e+08 1.68143e-08
8.56364e-08 1.42076e+08 1.72721e-08
8.73492e-08 1.44918e+08 1.77422e-08
8.90961e-08 1.47817e+08 1.8225e-08
9.08781e-08 1.50774e+08 1.87207e-08
9.26956e-08 1.5379e+08 1.92297e-08
9.45495e-08 1.56867e+08 1.97524e-08
9.64405e-08 1.60005e+08 2.02891e-08
9.83693e-08 1.63206e+08 2.08402e-08
1.00337e-07 1.66471e+08 2.14061e-08
1.02343e-07 1.69801e+08 2.19871e-08
1.0439e-07 1.73198e+08 2.25837e-08
1.06478e-07 1.76662e+08 2.31963e-08
1.08608e-07 1.80197e+08 2.38254e-08
1.1078e-07 1.83801e+08 2.44713e-08
1.12995e-07 1.87478e+08 2.51344e-08
1.15255e-07 1.91229e+08 2.58154e-08
1.1756e-07 1.95054e+08 2.65145e-08
1.19912e-07 1.98956e+08 2.72324e-08
1.2231e-07 2.02936e+08 2.79694e-08
1.24756e-07 2.06996e+08 2.87262e-08
1.27251e-07 2.11137e+08 2.95032e-08
1.29796e-07 2.15361e+08 3.0301e-08
1.32392e-07 2.19669e+08 3.11202e-08
1.3504e-07 2.24064e+08 3.19612e-08
1.37741e-07 2.28546e+08 3.28246e-08
1.40496e-07 2.33118e+08 3.37112e-08
1.43306e-07 2.37782e+08 3.46214e-08
1.46172e-07 2.42539e+08 3.55559e-08
1.49095e-07 2.47391e+08 3.65153e-08
1.52077e-07 2.5234e+08 3.75004e-08
1.55119e-07 2.57388e+08 3.85117e-08
1.58221e-07 2.62537e+08 3.955e-08
1.61385e-07 2.67789e+08 4.0616e-08
1.64613e-07 2.73147e+08 4.17104e-08
1.67905e-07 2.78611e+08 4.2834e-08
1.71263e-07 2.84185e+08 4.39875e-08
1.74689e-07 2.8987e+08 4.51718e-08
1.78182e-07 2.95669e+08 4.63876e-08
1.81746e-07 3.01584e+08 4.76358e-08
1.85381e-07 3.07618e+08 4.89172e-08
1.89089e-07 3.13772e+08 5.02327e-08
1.9287e-07 3.20049e+08 5.15832e-08
1.96728e-07 3.26452e+08 5.29697e-08
2.00662e-07 3.32983e+08 5.4393e-08
2.04676e-07 3.39644e+08 5.58543e-08
2.08769e-07 3.46439e+08 5.73543e-08
2.12945e-07 3.5337e+08 5.88942e-08
2.17203e-07 3.6044e+08 6.04751e-08
2.21547e-07 3.67651e+08 6.2098e-08
2.25978e-07 3.75006e+08 6.3764e-08
2.30498e-07 3.82508e+08 6.54742e-08
2.35108e-07 3.90161e+08 6.72299e-08
2.3981e-07 3.97967e+08 6.90322e-08
2.44606e-07 4.05928e+08 7.08823e-08
2.49498e-07 4.1405e+08 7.27815e-08
2.54488e-07 4.22333e+08 7.47311e-08
2.59578e-07 4.30783e+08 7.67325e-08
2.6477e-07 4.39401e+08 7.87869e-08
2.70065e-07 4.48192e+08 8.08958e-08
2.75466e-07 4.57159e+08 8.30606e-08
2.80976e-07 4.66305e+08 8.52828e-08
2.86595e-07 4.75634e+08 8.75639e-08
2.92327e-07 4.8515e+08 8.99054e-08
2.98174e-07 4.94856e+08 9.23089e-08
3.04137e-07 5.04756e+08 9.47762e-08
3.1022e-07 5.14855e+08 9.73087e-08
3.16424e-07 5.25156e+08 9.99083e-08
3.22753e-07 5.35662e+08 1.02577e-07
3.29208e-07 5.46379e+08 1.05316e-07
3.35792e-07 5.57311e+08 1.08127e-07
3.42508e-07 5.68461e+08 1.11013e-07
3.49358e-07 5.79834e+08 1.13975e-07
3.56345e-07 5.91435e+08 1.17016e-07
3.63472e-07 6.03268e+08 1.20137e-07
3.70742e-07 6.15338e+08 1.2334e-07
3.78156e-07 6.27649e+08 1.26628e-07
3.8572e-07 6.40206e+08 1.30003e-07
3.93434e-07 6.53015e+08 1.33467e-07
4.01303e-07 6.6608e+08 1.37023e-07
4.09329e-07 6.79407e+08 1.40672e-07
4.17515e-07 6.93e+08 1.44418e-07
4.25866e-07 7.06865e+08 1.48262e-07
4.34383e-07 7.21008e+08 1.52209e-07
4.4307e-07 7.35434e+08 1.56259e-07
4.51932e-07 7.50148e+08 1.60416e-07
4.60971e-07 7.65157e+08 1.64683e-07
4.7019e-07 7.80466e+08 1.69062e-07
4.79594e-07 7.96081e+08 1.73556e-07
4.89186e-07 8.12009e+08 1.7817e-07
4.98969e-07 8.28256e+08 1.82904e-07
5.08949e-07 8.44827e+08 1.87764e-07
5.19128e-07 8.61731e+08 1.92751e-07
5.2951e-07 8.78972e+08 1.9787e-07
5.401e-07 8.96559e+08 2.03124e-07
5.50902e-07 9.14498e+08 2.08516e-07
5.61921e-07 9.32795e+08 2.14049e-07
5.73159e-07 9.51459e+08 2.19729e-07
5.84622e-07 9.70496e+08 2.25558e-07
5.96315e-07 9.89914e+08 2.3154e-07
6.08241e-07 1.00972e+09 2.37679e-07
6.20406e-07 1.02992e+09 2.4398e-07
6.32814e-07 1.05053e+09 2.50447e-07
6.4547e-07 1.07155e+09 2.57084e-07
6.58379e-07 1.09299e+09 2.63895e-07
6.71547e-07 1.11486e+09 2.70885e-07
6.84978e-07 1.13717e+09 2.78058e-07
6.98678e-07 1.15992e+09 2.8542e-07
7.12651e-07 1.18313e+09 2.92975e-07
7.26904e-07 1.2068e+09 3.00729e-07
7.41442e-07 1.23095e+09 3.08686e-07
7.56271e-07 1.25558e+09 3.16852e-07
7.71396e-07 1.2807e+09 3.25232e-07
7.86824e-07 1.30633e+09 3.33832e-07
8.02561e-07 1.33247e+09 3.42658e-07
8.18612e-07 1.35913e+09 3.51715e-07
8.34984e-07 1.38632e+09 3.61009e-07
8.51684e-07 1.41406e+09 3.70547e-07
8.68718e-07 1.44236e+09 3.80335e-07
8.86092e-07 1.47122e+09 3.90379e-07
9.03814e-07 1.50066e+09 4.00686e-07
9.2189e-07 1.53069e+09 4.11264e-07
9.40328e-07 1.56131e+09 4.22118e-07
9.59135e-07 1.59256e+09 4.33256e-07
9.78317e-07 1.62442e+09 4.44686e-07
9.97884e-07 1.65693e+09 4.56415e-07
1.01784e-06 1.69008e+09 4.68451e-07
1.0382e-06 1.7239e+09 4.80801e-07
1.05896e-06 1.7584e+09 4.93475e-07
1.08014e-06 1.79358e+09 5.0648e-07
1.10174e-06 1.82947e+09 5.19824e-07
1.12378e-06 1.86608e+09 5.33518e-07
1.14625e-06 1.90342e+09 5.47569e-07
1.16918e-06 1.94151e+09 5.61987e-07
1.19256e-06 1.98036e+09 5.76782e-07
1.21641e-06 2.01999e+09 5.91963e-07
1.24074e-06 2.06041e+09 6.0754e-07
1.26556e-06 2.10164e+09 6.23524e-07
1.29087e-06 2.14369e+09 6.39925e-07
1.31669e-06 2.18659e+09 6.56754e-07
1.34302e-06 2.23035e+09 6.74022e-07
1.36988e-06 2.27498e+09 6.9174e-07
1.39728e-06 2.3205e+09 7.0992e-07
1.42522e-06 2.36694e+09 7.28573e-07
1.45373e-06 2.4143e+09 7.47713e-07
1.4828e-06 2.46262e+09 7.67351e-07
1.51246e-06 2.5119e+09 7.87501e-07
1.54271e-06 2.56216e+09 8.08176e-07
1.57356e-06 2.61344e+09 8.29389e-07
1.60503e-06 2.66573e+09 8.51154e-07
1.63713e-06 2.71908e+09 8.73485e-07
1.66988e-06 2.77349e+09 8.96398e-07
1.70327e-06 2.829e+09 9.19906e-07
1.73734e-06 2.88561e+09 9.44026e-07
1.77209e-06 2.94336e+09 9.68773e-07
1.80753e-06 3.00226e+09 9.94163e-07
1.84368e-06 3.06234e+09 1.02021e-06
1.88055e-06 3.12362e+09 1.04694e-06
1.91816e-06 3.18613e+09 1.07436e-06
1.95653e-06 3.24989e+09 1.10249e-06
1.99566e-06 3.31493e+09 1.13136e-06
2.03557e-06 3.38127e+09 1.16097e-06
2.07628e-06 3.44894e+09 1.19135e-06
2.11781e-06 3.51796e+09 1.22252e-06
2.16016e-06 3.58836e+09 1.2545e-06
2.20337e-06 3.66018e+09 1.2873e-06
2.24743e-06 3.73343e+09 1.32096e-06
2.29238e-06 3.80814e+09 1.35549e-06
2.33823e-06 3.88436e+09 1.39091e-06
2.38499e-06 3.96209e+09 1.42725e-06
2.43269e-06 4.04139e+09 1.46454e-06
2.48135e-06 4.12227e+09 1.50279e-06
2.53098e-06 4.20477e+09 1.54202e-06
2.5816e-06 4.28892e+09 1.58228e-06
2.63323e-06 4.37475e+09 1.62357e-06
2.68589e-06 4.46231e+09 1.66594e-06
2.73961e-06 4.55161e+09 1.7094e-06
2.7944e-06 4.64271e+09 1.75398e-06
2.85029e-06 4.73563e+09 1.79971e-06
2.9073e-06 4.8304e+09 1.84663e-06
2.96544e-06 4.92708e+09 1.89476e-06
3.02475e-06 5.02569e+09 1.94413e-06
3.08525e-06 5.12627e+09 1.99478e-06
3.14695e-06 5.22887e+09 2.04673e-06
3.20989e-06 5.33352e+09 2.10002e-06
3.27409e-06 5.44027e+09 2.15469e-06
3.33957e-06 5.54915e+09 2.21077e-06
3.40636e-06 5.66021e+09 2.2683e-06
3.47449e-06 5.7735e+09 2.32731e-06
3.54398e-06 5.88906e+09 2.38783e-06
3.61486e-06 6.00692e+09 2.44992e-06
3.68715e-06 6.12715e+09 2.51361e-06
3.7609e-06 6.24978e+09 2.57894e-06
3.83611e-06 6.37487e+09 2.64595e-06
3.91284e-06 6.50247e+09 2.71468e-06
3.99109e-06 6.63261e+09 2.78518e-06
4.07092e-06 6.76537e+09 2.8575e-06
4.15233e-06 6.90078e+09 2.93167e-06
4.23538e-06 7.0389e+09 3.00775e-06
4.32009e-06 7.17979e+09 3.08579e-06
4.40649e-06 7.32349e+09 3.16583e-06
4.49462e-06 7.47008e+09 3.24792e-06
4.58451e-06 7.6196e+09 3.33213e-06
4.6762e-06 7.77211e+09 3.4185e-06
4.76973e-06 7.92768e+09 3.50708e-06
4.86512e-06 8.08636e+09 3.59793e-06
4.96242e-06 8.24821e+09 3.69112e-06
5.06167e-06 8.41331e+09 3.78669e-06
5.1629e-06 8.58172e+09 3.88471e-06
5.26616e-06 8.75349e+09 3.98525e-06
5.37149e-06 8.9287e+09 4.08836e-06
5.47892e-06 9.10743e+09 4.19411e-06
5.58849e-06 9.28973e+09 4.30257e-06
5.70026e-06 9.47568e+09 4.4138e-06
5.81427e-06 9.66535e+09 4.52788e-06
5.93055e-06 9.85882e+09 4.64487e-06
6.04917e-06 1.00562e+10 4.76486e-06
6.17015e-06 1.02575e+10 4.88791e-06
6.29355e-06 1.04628e+10 5.01411e-06
6.41942e-06 1.06722e+10 5.14353e-06
6.54781e-06 1.08859e+10 5.27625e-06
6.67877e-06 1.11038e+10 5.41237e-06
6.81234e-06 1.1326e+10 5.55195e-06
6.94859e-06 1.15528e+10 5.6951e-06
7.08756e-06 1.1784e+10 5.8419e-06
7.22931e-06 1.20199e+10 5.99244e-06
7.3739e-06 1.22605e+10 6.14681e-06
7.52138e-06 1.2506e+10 6.30512e-06
7.67181e-06 1.27563e+10 6.46746e-06
7.82524e-06 1.30117e+10 6.63393e-06
7.98175e-06 1.32721e+10 6.80464e-06
8.14138e-06 1.35378e+10 6.97969e-06
8.30421e-06 1.38088e+10 7.15919e-06
8.47029e-06 1.40853e+10 7.34326e-06
8.6397e-06 1.43672e+10 7.532e-06
8.81249e-06 1.46549e+10 7.72554e-06
8.98874e-06 1.49482e+10 7.924e-06
9.16852e-06 1.52475e+10 8.12749e-06
9.35189e-06 1.55527e+10 8.33614e-06
9.53893e-06 1.58641e+10 8.55009e-06
9.7297e-06 1.61817e+10 8.76946e-06
9.9243e-06 1.65056e+10 8.9944e-06
1.01228e-05 1.68361e+10 9.22503e-06
1.03252e-05 1.71731e+10 9.46151e-06
1.05317e-05 1.75169e+10 9.70397e-06
1.07424e-05 1.78676e+10 9.95257e-06
1.09572e-05 1.82253e+10 1.02075e-05
1.11764e-05 1.85902e+10 1.04688e-05
1.13999e-05 1.89624e+10 1.07367e-05
1.16279e-05 1.9342e+10 1.10115e-05
1.18605e-05 1.97293e+10 1.12931e-05
1.20977e-05 2.01243e+10 1.15819e-05
1.23396e-05 2.05272e+10 1.18779e-05
1.25864e-05 2.09382e+10 1.21815e-05
1.28381e-05 2.13574e+10 1.24927e-05
1.30949e-05 2.1785e+10 1.28117e-05
1.33568e-05 2.22211e+10 1.31388e-05
1.36239e-05 2.2666e+10 1.34741e-05
1.38964e-05 2.31198e+10 1.38178e-05
1.41743e-05 2.35827e+10 1.41702e-05
1.44578e-05 2.40549e+10 1.45315e-05
1.4747e-05 2.45365e+10 1.49019e-05
1.50419e-05 2.50278e+10 1.52815e-05
1.53428e-05 2.55289e+10 1.56708e-05
1.56496e-05 2.60401e+10 1.60698e-05
1.59626e-05 2.65614e+10 1.64788e-05
1.62819e-05 2.70933e+10 1.6898e-05
1.66075e-05 2.76357e+10 1.73278e-05
1.69396e-05 2.81891e+10 1.77684e-05
1.72784e-05 2.87535e+10 1.822e-05
1.7624e-05 2.93292e+10 1.86829e-05
1.79765e-05 2.99165e+10 1.91575e-05
1.8336e-05 3.05155e+10 1.96439e-05
1.87027e-05 3.11266e+10 2.01424e-05
1.90768e-05 3.17498e+10 2.06535e-05
1.94583e-05 3.23856e+10 2.11773e-05
1.98475e-05 3.3034e+10 2.17142e-05
2.02444e-05 3.36955e+10 2.22645e-05
2.06493e-05 3.43702e+10 2.28286e-05
2.10623e-05 3.50585e+10 2.34067e-05
2.14836e-05 3.57605e+10 2.39993e-05
2.19132e-05 3.64766e+10 2.46066e-05
2.23515e-05 3.7207e+10 2.52291e-05
2.27985e-05 3.7952e+10 2.5867e-05
2.32545e-05 3.8712e+10 2.65209e-05
2.37196e-05 3.94872e+10 2.7191e-05
2.4194e-05 4.02779e+10 2.78777e-05
2.46779e-05 4.10845e+10 2.85816e-05
2.51714e-05 4.19072e+10 2.93029e-05
2.56749e-05 4.27464e+10 3.00422e-05
2.61884e-05 4.36025e+10 3.07998e-05
2.67121e-05 4.44756e+10 3.15762e-05
2.72464e-05 4.53663e+10 3.23718e-05
2.77913e-05 4.62748e+10 3.31872e-05
2.83471e-05 4.72015e+10 3.40228e-05
2.89141e-05 4.81468e+10 3.4879e-05
2.94923e-05 4.9111e+10 3.57565e-05
3.00822e-05 5.00945e+10 3.66556e-05
3.06838e-05 5.10977e+10 3.7577e-05
3.12975e-05 5.2121e+10 3.85211e-05
3.19235e-05 5.31648e+10 3.94886e-05
3.25619e-05 5.42296e+10 4.04799e-05
3.32132e-05 5.53156e+10 4.14957e-05
3.38774e-05 5.64234e+10 4.25365e-05
3.4555e-05 5.75535e+10 4.3603e-05
3.52461e-05 5.87061e+10 4.46957e-05
3.5951e-05 5.98818e+10 4.58153e-05
3.667e-05 6.10811e+10 4.69625e-05
3.74034e-05 6.23045e+10 4.81379e-05
3.81515e-05 6.35523e+10 4.93422e-05
3.89145e-05 6.48251e+10 5.0576e-05
3.96928e-05 6.61235e+10 5.18402e-05
4.04867e-05 6.74478e+10 5.31353e-05
4.12964e-05 6.87987e+10 5.44622e-05
4.21223e-05 7.01767e+10 5.58216e-05
4.29648e-05 7.15822e+10 5.72143e-05
4.38241e-05 7.3016e+10 5.86411e-05
4.47005e-05 7.44784e+10 6.01028e-05
4.55946e-05 7.59702e+10 6.16002e-05
4.65065e-05 7.74918e+10 6.31342e-05
4.74366e-05 7.90439e+10 6.47056e-05
4.83853e-05 8.06272e+10 6.63154e-05
4.9353e-05 8.22421e+10 6.79645e-05
5.03401e-05 8.38894e+10 6.96537e-05
5.13469e-05 8.55697e+10 7.13841e-05
5.23738e-05 8.72837e+10 7.31566e-05
5.34213e-05 8.90321e+10 7.49723e-05
5.44897e-05 9.08154e+10 7.6832e-05
5.55795e-05 9.26345e+10 7.8737e-05
5.66911e-05 9.44901e+10 8.06882e-05
5.78249e-05 9.63828e+10 8.26867e-05
5.89814e-05 9.83135e+10 8.47338e-05
6.01611e-05 1.00283e+11 8.68304e-05
6.13643e-05 1.02292e+11 8.89778e-05
6.25916e-05 1.04341e+11 9.11771e-05
6.38434e-05 1.06431e+11 9.34297e-05
6.51203e-05 1.08563e+11 9.57367e-05
6.64227e-05 1.10738e+11 9.80994e-05
6.77511e-05 1.12956e+11 0.000100519
6.91061e-05 1.15219e+11 0.000102997
7.04883e-05 1.17527e+11 0.000105535
7.1898e-05 1.19881e+11 0.000108134
7.3336e-05 1.22283e+11 0.000110796
7.48027e-05 1.24732e+11 0.000113521
7.62988e-05 1.27231e+11 0.000116312
7.78247e-05 1.2978e+11 0.00011917
7.93812e-05 1.3238e+11 0.000122097
8.09689e-05 1.35032e+11 0.000125094
8.25882e-05 1.37737e+11 0.000128162
8.424e-05 1.40497e+11 0.000131305
8.59248e-05 1.43311e+11 0.000134522
8.76433e-05 1.46182e+11 0.000137816
8.93962e-05 1.49111e+11 0.000141189
9.11841e-05 1.52098e+11 0.000144643
9.30078e-05 1.55146e+11 0.000148179
9.48679e-05 1.58254e+11 0.000151799
9.67653e-05 1.61425e+11 0.000155506
9.87006e-05 1.64659e+11 0.000159301
0.000100675 1.67958e+11 0.000163186
0.000102688 1.71323e+11 0.000167163
0.000104742 1.74755e+11 0.000171235
0.000106837 1.78257e+11 0.000175403
0.000108973 1.81828e+11 0.000179671
0.000111153 1.85471e+11 0.000184039
0.000113376 1.89187e+11 0.000188511
0.000115643 1.92978e+11 0.000193088
0.000117956 1.96845e+11 0.000197774
0.000120315 2.00789e+11 0.00020257
0.000122722 2.04812e+11 0.00020748
0.000125176 2.08916e+11 0.000212505
0.00012768 2.13102e+11 0.000217649
0.000130233 2.17372e+11 0.000222914
0.000132838 2.21727e+11 0.000228302
0.000135495 2.2617e+11 0.000233817
0.000138205 2.30702e+11 0.000239462
0.000140969 2.35325e+11 0.000245239
0.000143788 2.4004e+11 0.000251151
0.000146664 2.4485e+11 0.000257202
0.000149597 2.49756e+11 0.000263394
0.000152589 2.54761e+11 0.000269731
0.000155641 2.59866e+11 0.000276216
0.000158754 2.65073e+11 0.000282852
0.000161929 2.70385e+11 0.000289642
0.000165167 2.75803e+11 0.000296591
0.000168471 2.8133e+11 0.000303701
0.00017184 2.86968e+11 0.000310977
0.000175277 2.92719e+11 0.000318421
0.000178782 2.98585e+11 0.000326039
0.000182358 3.04568e+11 0.000333832
0.000186005 3.10672e+11 0.000341806
0.000189725 3.16898e+11 0.000349964
0.00019352 3.23248e+11 0.000358311
0.00019739 3.29726e+11 0.00036685
0.000201338 3.36334e+11 0.000375586
0.000205365 3.43075e+11 0.000384524
0.000209472 3.4995e+11 0.000393666
0.000213662 3.56964e+11 0.000403019
0.000217935 3.64117e+11 0.000412587
0.000222293 3.71415e+11 0.000422374
0.000226739 3.78859e+11 0.000432385
0.000231274 3.86451e+11 0.000442625
0.0002359 3.94197e+11 0.000453099
0.000240618 4.02097e+11 0.000463812
0.00024543 4.10156e+11 0.000474252
0.00034543 5.77669e+11 0.000547702
0.00044543 7.45218e+11 0.000603909
0.00054543 9.12791e+11 0.000657761
0.00064543 1.08038e+12 0.000710958
0.00074543 1.24799e+12 0.00076394
0.00084543 1.41561e+12 0.000816819
0.00094543 1.58324e+12 0.000869598
0.00104543 1.75088e+12 0.000922246
0.00114543 1.91853e+12 0.000974724
0.00124543 2.08619e+12 0.001027
0.00134543 2.25386e+12 0.00107904
0.00144543 2.42153e+12 0.00113083
0.00154543 2.58921e+12 0.00118236
0.00164543 2.7569e+12 0.00123364
0.00174543 2.92459e+12 0.00128466
0.00184543 3.09229e+12 0.00133544
0.00194543 3.25999e+12 0.001386
0.00204543 3.4277e+12 0.00143638
0.00214543 3.59541e+12 0.00148659
0.00224543 3.76313e+12 0.00153669
0.00234543 3.93084e+12 0.0015867
0.00244543 4.09857e+12 0.00163667
0.00254543 4.2663e+12 0.00168665
0.00264543 4.43403e+12 0.00173668
0.00274543 4.60176e+12 0.00178682
0.00284543 4.7695e+12 0.00183711
0.00294543 4.93724e+12 0.00188762
0.00304543 5.10498e+12 0.00193839
0.00314543 5.27273e+12 0.00198948
0.00324543 5.44048e+12 0.00204095
0.00334543 5.60823e+12 0.00209286
0.00344543 5.77599e+12 0.00214526
0.00354543 5.94375e+12 0.00219821
0.00364543 6.11151e+12 0.00225177
0.00374543 6.27927e+12 0.002306
0.00384543 6.44704e+12 0.00236095
0.00394543 6.61481e+12 0.00241669
0.00404543 6.78258e+12 0.00247328
0.00414543 6.95035e+12 0.00253076
0.00424543 7.11813e+12 0.0025892
0.00434543 7.28591e+12 0.00264865
0.00444543 7.45369e+12 0.00270918
0.00454543 7.62147e+12 0.00277083
0.00464543 7.78926e+12 0.00283366
0.00474543 7.95705e+12 0.00289773
0.00484543 8.12484e+12 0.00296309
0.00494543 8.29263e+12 0.00302979
0.00504543 8.46043e+12 0.00309789
0.00514543 8.62823e+12 0.00316743
0.00524543 8.79603e+12 0.00323848
0.00534543 8.96383e+12 0.00331108
0.00544543 9.13163e+12 0.00338527
0.00554543 9.29944e+12 0.00346112
0.00564543 9.46725e+12 0.00353866
0.00574543 9.63507e+12 0.00361794
0.00584543 9.80288e+12 0.00369901
0.00594543 9.9707e+12 0.00378192
0.00604543 1.01385e+13 0.00386671
0.00614543 1.03063e+13 0.00395342
0.00624543 1.04742e+13 0.0040421
0.00634543 1.0642e+13 0.00413279
0.00644543 1.08098e+13 0.00422553
0.00654543 1.09777e+13 0.00432036
0.00664543 1.11455e+13 0.00441733
0.00674543 1.13133e+13 0.00451646
0.00684543 1.14812e+13 0.0046178
0.00694543 1.1649e+13 0.00472139
0.00704543 1.18169e+13 0.00482725
0.00714543 1.19847e+13 0.00493544
0.00724543 1.21526e+13 0.00504597
0.00734543 1.23204e+13 0.0051589
0.00744543 1.24883e+13 0.00527424
0.00754543 1.26561e+13 0.00539203
0.00764543 1.2824e+13 0.0055123
0.00774543 1.29919e+13 0.00563509
0.00784543 1.31597e+13 0.00576042
0.00794543 1.33276e+13 0.00588833
0.00804543 1.34955e+13 0.00601884
0.00814543 1.36634e+13 0.00615197
0.00824543 1.38312e+13 0.00628776
0.00834543 1.39991e+13 0.00642623
0.00844543 1.4167e+13 0.00656741
0.00854543 1.43349e+13 0.00671132
0.00864543 1.45028e+13 0.00685799
0.00874543 1.46707e+13 0.00700744
0.00884543 1.48386e+13 0.00715969
0.00894543 1.50065e+13 0.00731476
0.00904543 1.51744e+13 0.00747268
0.00914543 1.53423e+13 0.00763346
0.00924543 1.55102e+13 0.00779713
0.00934543 1.56781e+13 0.0079637
0.00944543 1.5846e+13 0.0081332
0.00954543 1.6014e+13 0.00830563
0.00964543 1.61819e+13 0.00848103
0.00974543 1.63498e+13 0.00865939
0.00984543 1.65177e+13 0.00884075
0.00994543 1.66857e+13 0.00902512
0.0100454 1.68536e+13 0.0092125
0.0101454 1.70216e+13 0.00940292
0.0102454 1.71895e+13 0.00959639
0.0103454 1.73574e+13 0.00979293
0.0104454 1.75254e+13 0.00999253
0.0105454 1.76934e+13 0.0101952
0.0106454 1.78613e+13 0.010401
0.0107454 1.80293e+13 0.0106099
0.0108454 1.81972e+13 0.0108219
0.0109454 1.83652e+13 0.0110371
0.0110454 1.85332e+13 0.0112553
0.0111454 1.87011e+13 0.0114768
0.0112454 1.88691e+13 0.0117013
0.0113454 1.90371e+13 0.0119291
0.0114454 1.92051e+13 0.01216
0.0115454 1.93731e+13 0.0123941
0.0116454 1.95411e+13 0.0126313
0.0117454 1.97091e+13 0.0128718
0.0118454 1.98771e+13 0.0131154
0.0119454 2.00451e+13 0.0133623
0.0120454 2.02131e+13 0.0136123
0.0121454 2.03811e+13 0.0138656
0.0122454 2.05491e+13 0.0141221
0.0123454 2.07171e+13 0.0143817
0.0124454 2.08851e+13 0.0146446
0.0125454 2.10532e+13 0.0149107
0.0126454 2.12212e+13 0.0151801
0.0127454 2.13892e+13 0.0154526
0.0128454 2.15573e+13 0.0157284
0.0129454 2.17253e+13 0.0160074
0.0130454 2.18934e+13 0.0162896
0.0131454 2.20614e+13 0.0165751
0.0132454 2.22295e+13 0.0168637
0.0133454 2.23975e+13 0.0171556
0.0134454 2.25656e+13 0.0174507
0.0135454 2.27336e+13 0.0177491
0.0136454 2.29017e+13 0.0180506
0.0137454 2.30698e+13 0.0183554
0.0138454 2.32379e+13 0.0186634
0.0139454 2.34059e+13 0.0189746
0.0140454 2.3574e+13 0.019289
0.0141454 2.37421e+13 0.0196066
0.0142454 2.39102e+13 0.0199274
0.0143454 2.40783e+13 0.0202514
0.0144454 2.42464e+13 0.0205786
0.0145454 2.44145e+13 0.020909
0.0146454 2.45826e+13 0.0212425
0.0147454 2.47507e+13 0.0215793
0.0148454 2.49188e+13 0.0219192
0.0149454 2.5087e+13 0.0222623
0.0150454 2.52551e+13 0.0226086
0.0151454 2.54232e+13 0.022958
0.0152454 2.55914e+13 0.0233106
0.0153454 2.57595e+13 0.0236663
0.0154454 2.59276e+13 0.0240251
0.0155454 2.60958e+13 0.0243871
0.0156454 2.62639e+13 0.0247522
0.0157454 2.64321e+13 0.0251205
0.0158454 2.66002e+13 0.0254918
0.0159454 2.67684e+13 0.0258662
0.0160454 2.69366e+13 0.0262438
0.0161454 2.71047e+13 0.0266244
0.0162454 2.72729e+13 0.0270081
0.0163454 2.74411e+13 0.0273948
0.0164454 2.76093e+13 0.0277846
0.0165454 2.77775e+13 0.0281775
0.0166454 2.79457e+13 0.0285734
0.0167454 2.81138e+13 0.0289724
0.0168454 2.8282e+13 0.0293743
0.0169454 2.84503e+13 0.0297793
0.0170454 2.86185e+13 0.0301873
0.0171454 2.87867e+13 0.0305983
0.0172454 2.89549e+13 0.0310122
0.0173454 2.91231e+13 0.0314292
0.0174454 2.92913e+13 0.0318491
0.0175454 2.94596e+13 0.0322719
0.0176454 2.96278e+13 0.0326977
0.0177454 2.9796e+13 0.0331265
0.0178454 2.99643e+13 0.0335581
0.0179454 3.01325e+13 0.0339927
0.0180454 3.03008e+13 0.0344302
0.0181454 3.0469e+13 0.0348705
0.0182454 3.06373e+13 0.0353138
0.0183454 3.08056e+13 0.0357599
0.0184454 3.09738e+13 0.0362088
0.0185454 3.11421e+13 0.0366606
0.0186454 3.13104e+13 0.0371152
0.0187454 3.14787e+13 0.0375727
0.0188454 3.16469e+13 0.0380329
0.0189454 3.18152e+13 0.038496
0.0190454 3.19835e+13 0.0389618
0.0191454 3.21518e+13 0.0394305
0.0192454 3.23201e+13 0.0399018
0.0193454 3.24884e+13 0.040376
0.0194454 3.26568e+13 0.0408528
0.0195454 3.28251e+13 0.0413324
0.0196454 3.29934e+13 0.0418147
0.0197454 3.31617e+13 0.0422997
0.0198454 3.333e+13 0.0427874
0.0199454 3.34984e+13 0.0432777
0.0200454 3.36667e+13 0.0437707
0.0201454 3.38351e+13 0.0442664
0.0202454 3.40034e+13 0.0447647
0.0203454 3.41718e+13 0.0452656
0.0204454 3.43401e+13 0.0457692
0.0205454 3.45085e+13 0.0462753
0.0206454 3.46768e+13 0.046784
0.0207454 3.48452e+13 0.0472953
0.0208454 3.50136e+13 0.0478092
0.0209454 3.5182e+13 0.0483256
0.0210454 3.53503e+13 0.0488445
0.0211454 3.55187e+13 0.049366
0.0212454 3.56871e+13 0.0498899
0.0213454 3.58555e+13 0.0504164
0.0214454 3.60239e+13 0.0509453
0.0215454 3.61923e+13 0.0514767
0.0216454 3.63607e+13 0.0520106
0.0217454 3.65291e+13 0.0525469
0.0218454 3.66976e+13 0.0530856
0.0219454 3.6866e+13 0.0536268
0.0220454 3.70344e+13 0.0541703
0.0221454 3.72028e+13 0.0547163
0.0222454 3.73713e+13 0.0552646
0.0223454 3.75397e+13 0.0558153
0.0224454 3.77082e+13 0.0563683
0.0225454 3.78766e+13 0.0569237
0.0226454 3.80451e+13 0.0574814
0.0227454 3.82135e+13 0.0580414
0.0228454 3.8382e+13 0.0586037
0.0229454 3.85504e+13 0.0591683
0.0230454 3.87189e+13 0.0597351
0.0231454 3.88874e+13 0.0603043
0.0232454 3.90559e+13 0.0608756
0.0233454 3.92243e+13 0.0614492
0.0234454 3.93928e+13 0.0620251
0.0235454 3.95613e+13 0.0626031
0.0236454 3.97298e+13 0.0631833
0.0237454 3.98983e+13 0.0637657
0.0238454 4.00668e+13 0.0643503
0.0239454 4.02353e+13 0.064937
0.0240454 4.04038e+13 0.0655259
0.0241454 4.05724e+13 0.0661169
0.0242454 4.07409e+13 0.06671
0.0243454 4.09094e+13 0.0673052
0.0244454 4.10779e+13 0.0679025
0.0245454 4.12465e+13 0.0685019
0.0246454 4.1415e+13 0.0691034
0.0247454 4.15836e+13 0.0697069
0.0248454 4.17521e+13 0.0703124
0.0249454 4.19207e+13 0.07092
0.0250454 4.20892e+13 0.0715296
0.0251454 4.22578e+13 0.0721412
0.0252454 4.24263e+13 0.0727548
0.0253454 4.25949e+13 0.0733703
0.0254454 4.27635e+13 0.0739879
0.0255454 4.29321e+13 0.0746073
0.0256454 4.31006e+13 0.0752288
0.0257454 4.32692e+13 0.0758521
0.0258454 4.34378e+13 0.0764774
0.0259454 4.36064e+13 0.0771045
0.0260454 4.3775e+13 0.0777336
0.0261454 4.39436e+13 0.0783645
0.0262454 4.41122e+13 0.0789973
0.0263454 4.42808e+13 0.079632
0.0264454 4.44495e+13 0.0802685
0.0265454 4.46181e+13 0.0809068
0.0266454 4.47867e+13 0.081547
0.0267454 4.49553e+13 0.0821889
0.0268454 4.5124e+13 0.0828327
0.0269454 4.52926e+13 0.0834782
0.0270454 4.54613e+13 0.0841255
0.0271454 4.56299e+13 0.0847746
0.0272454 4.57986e+13 0.0854254
0.0273454 4.59672e+13 0.086078
0.0274454 4.61359e+13 0.0867322
0.0275454 4.63045e+13 0.0873882
0.0276454 4.64732e+13 0.0880459
0.0277454 4.66419e+13 0.0887053
0.0278454 4.68106e+13 0.0893664
0.0279454 4.69792e+13 0.0900291
0.0280454 4.71479e+13 0.0906935
0.0281454 4.73166e+13 0.0913595
0.0282454 4.74853e+13 0.0920272
0.0283454 4.7654e+13 0.0926965
0.0284454 4.78227e+13 0.0933674
0.0285454 4.79914e+13 0.0940399
0.0286454 4.81601e+13 0.094714
0.0287454 4.83288e+13 0.0953897
0.0288454 4.84975e+13 0.096067
0.0289454 4.86663e+13 0.0967458
0.0290454 4.8835e+13 0.0974262
0.0291454 4.90037e+13 0.0981081
0.0292454 4.91725e+13 0.0987915
0.0293454 4.93412e+13 0.0994764
0.0294454 4.95099e+13 0.100163
0.0295454 4.96787e+13 0.100851
0.0296454 4.98474e+13 0.10154
0.0297454 5.00162e+13 0.102231
0.0298454 5.0185e+13 0.102924
0.0299454 5.03537e+13 0.103617
0.0300454 5.05225e+13 0.104313
0.0301454 5.06913e+13 0.105009
0.0302454 5.086e+13 0.105708
0.0303454 5.10288e+13 0.106407
0.0304454 5.11976e+13 0.107108
0.0305454 5.13664e+13 0.10781
0.0306454 5.15352e+13 0.108514
0.0307454 5.1704e+13 0.109219
0.0308454 5.18728e+13 0.109926
0.0309454 5.20416e+13 0.110634
0.0310454 5.22104e+13 0.111343
0.0311454 5.23792e+13 0.112053
0.0312454 5.2548e+13 0.112765
0.0313454 5.27169e+13 0.113478
0.0314454 5.28857e+13 0.114193
0.0315454 5.30545e+13 0.114909
0.0316454 5.32233e+13 0.115626
0.0317454 5.33922e+13 0.116344
0.0318454 5.3561e+13 0.117064
0.0319454 5.37299e+13 0.117785
0.0320454 5.38987e+13 0.118507
0.0321454 5.40676e+13 0.11923
0.0322454 5.42364e+13 0.119955
0.0323454 5.44053e+13 0.120681
0.0324454 5.45742e+13 0.121408
0.0325454 5.4743e+13 0.122136
0.0326454 5.49119e+13 0.122866
0.0327454 5.50808e+13 0.123597
0.0328454 5.52497e+13 0.124328
0.0329454 5.54185e+13 0.125062
0.0330454 5.55874e+13 0.125796
0.0331454 5.57563e+13 0.126531
0.0332454 5.59252e+13 0.127268
0.0333454 5.60941e+13 0.128006
0.0334454 5.6263e+13 0.128744
0.0335454 5.64319e+13 0.129484
0.0336454 5.66008e+13 0.130226
0.0337454 5.67698e+13 0.130968
0.0338454 5.69387e+13 0.131711
0.0339454 5.71076e+13 0.132456
0.0340454 5.72765e+13 0.133201
0.0341454 5.74455e+13 0.133948
0.0342454 5.76144e+13 0.134696
0.0343454 5.77833e+13 0.135444
0.0344454 5.79523e+13 0.136194
0.0345454 5.81212e+13 0.136945
0.0346454 5.82902e+13 0.137697
0.0347454 5.84591e+13 0.13845
0.0348454 5.86281e+13 0.139204
0.0349454 5.87971e+13 0.139959
0.0350454 5.8966e+13 0.140715
0.0351454 5.9135e+13 0.141472
0.0352454 5.9304e+13 0.142231
0.0353454 5.9473e+13 0.14299
0.0354454 5.96419e+13 0.14375
0.0355454 5.98109e+13 0.144511
0.0356454 5.99799e+13 0.145273
0.0357454 6.01489e+13 0.146036
0.0358454 6.03179e+13 0.1468
0.0359454 6.04869e+13 0.147565
0.0360454 6.06559e+13 0.148331
0.0361454 6.08249e+13 0.149098
0.0362454 6.09939e+13 0.149866
0.0363454 6.11629e+13 0.150634
0.0364454 6.1332e+13 0.151404
0.0365454 6.1501e+13 0.152175
0.0366454 6.167e+13 0.152946
0.0367454 6.18391e+13 0.153718
0.0368454 6.20081e+13 0.154492
0.0369454 6.21771e+13 0.155266
0.0370454 6.23462e+13 0.156041
0.0371454 6.25152e+13 0.156817
0.0372454 6.26843e+13 0.157594
0.0373454 6.28533e+13 0.158372
0.0374454 6.30224e+13 0.15915
0.0375454 6.31914e+13 0.15993
0.0376454 6.33605e+13 0.16071
0.0377454 6.35296e+13 0.161491
0.0378454 6.36986e+13 0.162273
0.0379454 6.38677e+13 0.163056
0.0380454 6.40368e+13 0.16384
0.0381454 6.42059e+13 0.164624
0.0382454 6.4375e+13 0.16541
0.0383454 6.45441e+13 0.166196
0.0384454 6.47131e+13 0.166983
0.0385454 6.48822e+13 0.167771
0.0386454 6.50513e+13 0.168559
0.0387454 6.52205e+13 0.169349
0.0388454 6.53896e+13 0.170139
0.0389454 6.55587e+13 0.17093
0.0390454 6.57278e+13 0.171722
0.0391454 6.58969e+13 0.172514
0.0392454 6.6066e+13 0.173308
0.0393454 6.62352e+13 0.174102
0.0394454 6.64043e+13 0.174897
0.0395454 6.65734e+13 0.175692
0.0396454 6.67426e+13 0.176489
0.0397454 6.69117e+13 0.177286
0.0398454 6.70808e+13 0.178084
0.0399454 6.725e+13 0.178882
0.0400454 6.74191e+13 0.179681
0.0401454 6.75883e+13 0.180482
0.0402454 6.77575e+13 0.181282
0.0403454 6.79266e+13 0.182084
0.0404454 6.80958e+13 0.182886
0.0405454 6.8265e+13 0.183689
0.0406454 6.84341e+13 0.184493
0.0407454 6.86033e+13 0.185297
0.0408454 6.87725e+13 0.186102
0.0409454 6.89417e+13 0.186908
0.0410454 6.91109e+13 0.187715
0.0411454 6.928e+13 0.188522
0.0412454 6.94492e+13 0.18933
0.0413454 6.96184e+13 0.190138
0.0414454 6.97876e+13 0.190947
0.0415454 6.99568e+13 0.191757
0.0416454 7.0126e+13 0.192568
0.0417454 7.02953e+13 0.193379
0.0418454 7.04645e+13 0.194191
0.0419454 7.06337e+13 0.195004
0.0420454 7.08029e+13 0.195817
0.0421454 7.09721e+13 0.196631
0.0422454 7.11414e+13 0.197445
0.0423454 7.13106e+13 0.198261
0.0424454 7.14798e+13 0.199076
0.0425454 7.16491e+13 0.199893
0.0426454 7.18183e+13 0.20071
0.0427454 7.19876e+13 0.201528
0.0428454 7.21568e+13 0.202346
0.0429454 7.23261e+13 0.203165
0.0430454 7.24953e+13 0.203985
0.0431454 7.26646e+13 0.204805
0.0432454 7.28338e+13 0.205626
0.0433454 7.30031e+13 0.206448
0.0434454 7.31724e+13 0.20727
0.0435454 7.33416e+13 0.208092
0.0436454 7.35109e+13 0.208916
0.0437454 7.36802e+13 0.20974
0.0438454 7.38495e+13 0.210564
0.0439454 7.40188e+13 0.211389
0.0440454 7.4188e+13 0.212215
0.0441454 7.43573e+13 0.213041
0.0442454 7.45266e+13 0.213868
0.0443454 7.46959e+13 0.214696
0.0444454 7.48652e+13 0.215524
0.0445454 7.50345e+13 0.216353
0.0446454 7.52038e+13 0.217182
0.0447454 7.53732e+13 0.218012
0.0448454 7.55425e+13 0.218842
0.0449454 7.57118e+13 0.219673
0.0450454 7.58811e+13 0.220505
0.0451454 7.60504e+13 0.221337
0.0452454 7.62198e+13 0.22217
0.0453454 7.63891e+13 0.223003
0.0454454 7.65584e+13 0.223837
0.0455454 7.67278e+13 0.224671
0.0456454 7.68971e+13 0.225506
0.0457454 7.70665e+13 0.226342
0.0458454 7.72358e+13 0.227178
0.0459454 7.74052e+13 0.228014
0.0460454 7.75745e+13 0.228851
0.0461454 7.77439e+13 0.229689
0.0462454 7.79132e+13 0.230527
0.0463454 7.80826e+13 0.231366
0.0464454 7.8252e+13 0.232205
0.0465454 7.84213e+13 0.233045
0.0466454 7.85907e+13 0.233886
0.0467454 7.87601e+13 0.234727
0.0468454 7.89295e+13 0.235568
0.0469454 7.90989e+13 0.23641
0.0470454 7.92682e+13 0.237253
0.0471454 7.94376e+13 0.238096
0.0472454 7.9607e+13 0.238939
0.0473454 7.97764e+13 0.239784
0.0474454 7.99458e+13 0.240628
0.0475454 8.01152e+13 0.241473
0.0476454 8.02846e+13 0.242319
0.0477454 8.0454e+13 0.243165
0.0478454 8.06234e+13 0.244012
0.0479454 8.07929e+13 0.244859
0.0480454 8.09623e+13 0.245707
0.0481454 8.11317e+13 0.246555
0.0482454 8.13011e+13 0.247404
0.0483454 8.14706e+13 0.248254
0.0484454 8.164e+13 0.249103
0.0485454 8.18094e+13 0.249954
0.0486454 8.19789e+13 0.250805
0.0487454 8.21483e+13 0.251656
0.0488454 8.23177e+13 0.252508
0.0489454 8.24872e+13 0.25336
0.0490454 8.26566e+13 0.254213
0.0491454 8.28261e+13 0.255067
0.0492454 8.29955e+13 0.25592
0.0493454 8.3165e+13 0.256775
0.0494454 8.33345e+13 0.25763
0.0495454 8.35039e+13 0.258485
0.0496454 8.36734e+13 0.259341
0.0497454 8.38429e+13 0.260197
0.0498454 8.40123e+13 0.261054
0.0499454 8.41818e+13 0.261912
0.0500454 8.43513e+13 0.262769
0.0501454 8.45208e+13 0.263628
0.0502454 8.46903e+13 0.264487
0.0503454 8.48598e+13 0.265346
0.0504454 8.50292e+13 0.266206
0.0505454 8.51987e+13 0.267066
0.0506454 8.53682e+13 0.267927
0.0507454 8.55377e+13 0.268788
0.0508454 8.57072e+13 0.26965
0.0509454 8.58768e+13 0.270512
0.0510454 8.60463e+13 0.271375
0.0511454 8.62158e+13 0.272238
0.0512454 8.63853e+13 0.273102
0.0513454 8.65548e+13 0.273966
0.0514454 8.67243e+13 0.274831
0.0515454 8.68939e+13 0.275696
0.0516454 8.70634e+13 0.276562
0.0517454 8.72329e+13 0.277428
0.0518454 8.74025e+13 0.278295
0.0519454 8.7572e+13 0.279162
0.0520454 8.77415e+13 0.28003
0.0521454 8.79111e+13 0.280898
0.0522454 8.80806e+13 0.281766
0.0523454 8.82502e+13 0.282635
0.0524454 8.84197e+13 0.283505
0.0525454 8.85893e+13 0.284375
0.0526454 8.87588e+13 0.285246
0.0527454 8.89284e+13 0.286117
0.0528454 8.9098e+13 0.286988
0.0529454 8.92675e+13 0.28786
0.0530454 8.94371e+13 0.288733
0.0531454 8.96067e+13 0.289605
0.0532454 8.97762e+13 0.290479
0.0533454 8.99458e+13 0.291353
0.0534454 9.01154e+13 0.292227
0.0535454 9.0285e+13 0.293102
0.0536454 9.04546e+13 0.293977
0.0537454 9.06242e+13 0.294853
0.0538454 9.07938e+13 0.29573
0.0539454 9.09634e+13 0.296606
0.0540454 9.1133e+13 0.297484
0.0541454 9.13026e+13 0.298361
0.0542454 9.14722e+13 0.29924
0.0543454 9.16418e+13 0.300118
0.0544454 9.18114e+13 0.300997
0.0545454 9.1981e+13 0.301877
0.0546454 9.21506e+13 0.302757
0.0547454 9.23202e+13 0.303638
0.0548454 9.24898e+13 0.304519
0.0549454 9.26595e+13 0.305401
0.0550454 9.28291e+13 0.306283
0.0551454 9.29987e+13 0.307165
0.0552454 9.31684e+13 0.308048
0.0553454 9.3338e+13 0.308932
0.0554454 9.35076e+13 0.309816
0.0555454 9.36773e+13 0.3107
0.0556454 9.38469e+13 0.311585
0.0557454 9.40166e+13 0.312471
0.0558454 9.41862e+13 0.313357
0.0559454 9.43559e+13 0.314243
0.0560454 9.45255e+13 0.31513
0.0561454 9.46952e+13 0.316018
0.0562454 9.48649e+13 0.316906
0.0563454 9.50345e+13 0.317794
0.0564454 9.52042e+13 0.318683
0.0565454 9.53739e+13 0.319572
0.0566454 9.55435e+13 0.320462
0.0567454 9.57132e+13 0.321353
0.0568454 9.58829e+13 0.322243
0.0569454 9.60526e+13 0.323135
0.0570454 9.62222e+13 0.324027
0.0571454 9.63919e+13 0.324919
0.0572454 9.65616e+13 0.325812
0.0573454 9.67313e+13 0.326705
0.0574454 9.6901e+13 0.327599
0.0575454 9.70707e+13 0.328493
0.0576454 9.72404e+13 0.329388
0.0577454 9.74101e+13 0.330283
0.0578454 9.75798e+13 0.331179
0.0579454 9.77495e+13 0.332075
0.0580454 9.79192e+13 0.332972
0.0581454 9.80889e+13 0.33387
0.0582454 9.82587e+13 0.334767
0.0583454 9.84284e+13 0.335666
0.0584454 9.85981e+13 0.336565
0.0585454 9.87678e+13 0.337464
0.0586454 9.89376e+13 0.338364
0.0587454 9.91073e+13 0.339264
0.0588454 9.9277e+13 0.340165
0.0589454 9.94468e+13 0.341066
0.0590454 9.96165e+13 0.341968
0.0591454 9.97862e+13 0.34287
0.0592454 9.9956e+13 0.343773
0.0593454 1.00126e+14 0.344677
0.0594454 1.00295e+14 0.34558
0.0595454 1.00465e+14 0.346485
0.0596454 1.00635e+14 0.34739
0.0597454 1.00805e+14 0.348295
0.0598454 1.00975e+14 0.349201
0.0599454 1.01144e+14 0.350107
0.0600454 1.01314e+14 0.351014
0.0601454 1.01484e+14 0.351922
0.0602454 1.01654e+14 0.35283
0.0603454 1.01823e+14 0.353738
0.0604454 1.01993e+14 0.354647
0.0605454 1.02163e+14 0.355557
0.0606454 1.02333e+14 0.356467
0.0607454 1.02502e+14 0.357378
0.0608454 1.02672e+14 0.358289
0.0609454 1.02842e+14 0.359201
0.0610454 1.03012e+14 0.360113
0.0611454 1.03182e+14 0.361025
0.0612454 1.03351e+14 0.361939
0.0613454 1.03521e+14 0.362852
0.0614454 1.03691e+14 0.363767
0.0615454 1.03861e+14 0.364682
0.0616454 1.04031e+14 0.365597
0.0617454 1.042e+14 0.366513
0.0618454 1.0437e+14 0.367429
0.0619454 1.0454e+14 0.368346
0.0620454 1.0471e+14 0.369264
0.0621454 1.0488e+14 0.370182
0.0622454 1.0505e+14 0.3711
0.0623454 1.05219e+14 0.37202
0.0624454 1.05389e+14 0.372939
0.0625454 1.05559e+14 0.37386
0.0626454 1.05729e+14 0.37478
0.0627454 1.05899e+14 0.375702
0.0628454 1.06069e+14 0.376624
0.0629454 1.06238e+14 0.377546
0.0630454 1.06408e+14 0.378469
0.0631454 1.06578e+14 0.379392
0.0632454 1.06748e+14 0.380317
0.0633454 1.06918e+14 0.381241
0.0634454 1.07088e+14 0.382166
0.0635454 1.07258e+14 0.383092
0.0636454 1.07427e+14 0.384018
0.0637454 1.07597e+14 0.384945
0.0638454 1.07767e+14 0.385873
0.0639454 1.07937e+14 0.386801
0.0640454 1.08107e+14 0.387729
0.0641454 1.08277e+14 0.388658
0.0642454 1.08447e+14 0.389588
0.0643454 1.08616e+14 0.390518
0.0644454 1.08786e+14 0.391449
0.0645454 1.08956e+14 0.392381
0.0646454 1.09126e+14 0.393312
0.0647454 1.09296e+14 0.394245
0.0648454 1.09466e+14 0.395178
0.0649454 1.09636e+14 0.396112
0.0650454 1.09806e+14 0.397046
0.0651454 1.09976e+14 0.397981
0.0652454 1.10145e+14 0.398916
0.0653454 1.10315e+14 0.399852
0.0654454 1.10485e+14 0.400789
0.0655454 1.10655e+14 0.401726
0.0656454 1.10825e+14 0.402664
0.0657454 1.10995e+14 0.403602
0.0658454 1.11165e+14 0.404541
0.0659454 1.11335e+14 0.405481
0.0660454 1.11505e+14 0.406421
0.0661454 1.11675e+14 0.407361
0.0662454 1.11845e+14 0.408303
0.0663454 1.12015e+14 0.409245
0.0664454 1.12185e+14 0.410187
0.0665454 1.12354e+14 0.41113
0.0666454 1.12524e+14 0.412074
0.0667454 1.12694e+14 0.413018
0.0668454 1.12864e+14 0.413963
0.0669454 1.13034e+14 0.414908
0.0670454 1.13204e+14 0.415855
0.0671454 1.13374e+14 0.416801
0.0672454 1.13544e+14 0.417749
0.0673454 1.13714e+14 0.418696
0.0674454 1.13884e+14 0.419645
0.0675454 1.14054e+14 0.420594
0.0676454 1.14224e+14 0.421544
0.0677454 1.14394e+14 0.422494
0.0678454 1.14564e+14 0.423445
0.0679454 1.14734e+14 0.424397
0.0680454 1.14904e+14 0.425349
0.0681454 1.15074e+14 0.426302
0.0682454 1.15244e+14 0.427255
0.0683454 1.15414e+14 0.428209
0.0684454 1.15584e+14 0.429164
0.0685454 1.15754e+14 0.430119
0.0686454 1.15924e+14 0.431075
0.0687454 1.16094e+14 0.432032
0.0688454 1.16264e+14 0.432989
0.0689454 1.16434e+14 0.433947
0.0690454 1.16604e+14 0.434905
0.0691454 1.16774e+14 0.435864
0.0692454 1.16944e+14 0.436824
0.0693454 1.17114e+14 0.437785
0.0694454 1.17284e+14 0.438746
0.0695454 1.17454e+14 0.439707
0.0696454 1.17624e+14 0.44067
0.0697454 1.17794e+14 0.441632
0.0698454 1.17964e+14 0.442596
0.0699454 1.18134e+14 0.44356
0.0700454 1.18304e+14 0.444525
0.0701454 1.18474e+14 0.445491
0.0702454 1.18644e+14 0.446457
0.0703454 1.18814e+14 0.447424
0.0704454 1.18984e+14 0.448391
0.0705454 1.19154e+14 0.449359
0.0706454 1.19324e+14 0.450328
0.0707454 1.19494e+14 0.451297
0.0708454 1.19664e+14 0.452267
0.0709454 1.19834e+14 0.453238
0.0710454 1.20004e+14 0.45421
0.0711454 1.20174e+14 0.455182
0.0712454 1.20344e+14 0.456154
0.0713454 1.20514e+14 0.457128
0.0714454 1.20684e+14 0.458102
0.0715454 1.20854e+14 0.459076
0.0716454 1.21024e+14 0.460052
0.0717454 1.21195e+14 0.461028
0.0718454 1.21365e+14 0.462005
0.0719454 1.21535e+14 0.462982
0.0720454 1.21705e+14 0.46396
0.0721454 1.21875e+14 0.464939
0.0722454 1.22045e+14 0.465918
0.0723454 1.22215e+14 0.466898
0.0724454 1.22385e+14 0.467879
0.0725454 1.22555e+14 0.46886
0.0726454 1.22725e+14 0.469842
0.0727454 1.22895e+14 0.470825
0.0728454 1.23065e+14 0.471809
0.0729454 1.23235e+14 0.472793
0.0730454 1.23406e+14 0.473778
0.0731454 1.23576e+14 0.474763
0.0732454 1.23746e+14 0.475749
0.0733454 1.23916e+14 0.476736
0.0734454 1.24086e+14 0.477724
0.0735454 1.24256e+14 0.478712
0.0736454 1.24426e+14 0.479701
0.0737454 1.24596e+14 0.480691
0.0738454 1.24766e+14 0.481681
0.0739454 1.24937e+14 0.482672
0.0740454 1.25107e+14 0.483664
0.0741454 1.25277e+14 0.484656
0.0742454 1.25447e+14 0.485649
0.0743454 1.25617e+14 0.486643
0.0744454 1.25787e+14 0.487637
0.0745454 1.25957e+14 0.488632
0.0746454 1.26127e+14 0.489628
0.0747454 1.26298e+14 0.490625
0.0748454 1.26468e+14 0.491622
0.0749454 1.26638e+14 0.49262
0.0750454 1.26808e+14 0.493619
0.0751454 1.26978e+14 0.494618
0.0752454 1.27148e+14 0.495618
0.0753454 1.27318e+14 0.496619
0.0754454 1.27489e+14 0.497621
0.0755454 1.27659e+14 0.498623
0.0756454 1.27829e+14 0.499626
0.0757454 1.27999e+14 0.500629
0.0758454 1.28169e+14 0.501634
0.0759454 1.28339e+14 0.502639
0.0760454 1.2851e+14 0.503645
0.0761454 1.2868e+14 0.504651
0.0762454 1.2885e+14 0.505658
0.0763454 1.2902e+14 0.506666
0.0764454 1.2919e+14 0.507675
0.0765454 1.2936e+14 0.508684
0.0766454 1.29531e+14 0.509694
0.0767454 1.29701e+14 0.510705
0.0768454 1.29871e+14 0.511717
0.0769454 1.30041e+14 0.512729
0.0770454 1.30211e+14 0.513742
0.0771454 1.30381e+14 0.514756
0.0772454 1.30552e+14 0.51577
0.0773454 1.30722e+14 0.516785
0.0774454 1.30892e+14 0.517801
0.0775454 1.31062e+14 0.518818
0.0776454 1.31232e+14 0.519835
0.0777454 1.31403e+14 0.520854
0.0778454 1.31573e+14 0.521872
0.0779454 1.31743e+14 0.522892
0.0780454 1.31913e+14 0.523913
0.0781454 1.32084e+14 0.524934
0.0782454 1.32254e+14 0.525956
0.0783454 1.32424e+14 0.526978
0.0784454 1.32594e+14 0.528002
0.0785454 1.32764e+14 0.529026
0.0786454 1.32935e+14 0.530051
0.0787454 1.33105e+14 0.531077
0.0788454 1.33275e+14 0.532103
0.0789454 1.33445e+14 0.53313
0.0790454 1.33616e+14 0.534158
0.0791454 1.33786e+14 0.535187
0.0792454 1.33956e+14 0.536217
0.0793454 1.34126e+14 0.537248
0.0794454 1.34297e+14 0.538279
0.0795454 1.34467e+14 0.539311
0.0796454 1.34637e+14 0.540344
0.0797454 1.34807e+14 0.541378
0.0798454 1.34978e+14 0.542413
0.0799454 1.35148e+14 0.543448
0.0800454 1.35318e+14 0.544485
0.0801454 1.35488e+14 0.545522
0.0802454 1.35659e+14 0.54656
0.0803454 1.35829e+14 0.5476
0.0804454 1.35999e+14 0.54864
0.0805454 1.36169e+14 0.549681
0.0806454 1.3634e+14 0.550723
0.0807454 1.3651e+14 0.542146
0.0817454 1.38213e+14 0.553515
0.0827454 1.39916e+14 0.565086
0.0837454 1.41619e+14 0.576868
0.0847454 1.43322e+14 0.588867
0.0857454 1.45026e+14 0.601092
0.0867454 1.4673e+14 0.613551
0.0877454 1.48434e+14 0.626251
0.0887454 1.50139e+14 0.6392
0.0897454 1.51844e+14 0.652408
0.0907454 1.53549e+14 0.665881
0.0917454 1.55254e+14 0.679629
0.0927454 1.56959e+14 0.69366
0.0937454 1.58665e+14 0.707982
0.0947454 1.60371e+14 0.722605
0.0957454 1.62078e+14 0.737536
0.0967454 1.63784e+14 0.752786
0.0977454 1.65491e+14 0.768362
0.0987454 1.67199e+14 0.784273
0.0997454 1.68906e+14 0.80053
0.100745 1.70614e+14 0.817141
0.101745 1.72322e+14 0.834115
0.102745 1.74031e+14 0.851462
0.103745 1.75739e+14 0.869192
0.104745 1.77448e+14 0.887313
0.105745 1.79158e+14 0.905837
0.106745 1.80867e+14 0.924771
0.107745 1.82577e+14 0.944128
0.108745 1.84288e+14 0.963915
0.109745 1.85998e+14 0.984145
0.110745 1.87709e+14 1.00483
0.111745 1.89421e+14 1.02597
0.112745 1.91132e+14 1.04758
0.117745 1.99696e+14 1.16085
0.122745 2.08268e+14 1.28606
0.127745 2.1685e+14 1.42532
0.132745 2.25442e+14 1.58035
0.137745 2.34045e+14 1.7528
0.142745 2.4266e+14 1.94436
0.147745 2.51287e+14 2.15676
0.152745 2.59928e+14 2.3918
0.157745 2.68583e+14 2.65132
0.162745 2.77253e+14 2.93724
0.167745 2.85939e+14 3.25156
0.172745 2.94643e+14 3.59635
0.177745 3.03366e+14 3.97375
0.182745 3.12108e+14 4.38599
0.187745 3.20871e+14 4.83538
0.192745 3.29656e+14 5.32432
0.197745 3.38465e+14 5.8553
0.202745 3.47298e+14 6.4309
0.207745 3.56158e+14 7.0538
0.212745 3.65045e+14 7.72677
0.217745 3.73962e+14 8.45268
0.222745 3.82909e+14 9.23453
0.227745 3.91889e+14 10.0754
0.232745 4.00903e+14 10.9785
0.237745 4.09952e+14 11.9471
0.242745 4.19039e+14 12.9847
0.247745 4.28165e+14 14.0948
0.252745 4.37332e+14 15.2811
0.257745 4.46543e+14 16.5473
0.262745 4.55799e+14 17.8973
0.267745 4.65101e+14 19.3352
0.272745 4.74454e+14 20.8651
0.277745 4.83857e+14 22.4911
0.282745 4.93314e+14 24.2177
0.287745 5.02828e+14 26.0492
0.292745 5.12399e+14 27.9901
0.297745 5.22032e+14 30.045
0.302745 5.31727e+14 32.2185
0.307745 5.41488e+14 34.5152
0.312745 5.51318e+14 36.9398
0.317745 5.61218e+14 39.497
0.322745 5.71193e+14 42.1912
0.327745 5.81243e+14 45.027
0.332745 5.91372e+14 48.0087
0.337745 6.01584e+14 51.1405
0.342745 6.11879e+14 54.4263
0.347745 6.22263e+14 57.8697
0.352745 6.32736e+14 61.4741
0.357745 6.43303e+14 65.2422
0.362745 6.53966e+14 69.1763
0.367745 6.64727e+14 73.2779
0.372745 6.7559e+14 77.548
0.377745 6.86557e+14 81.9865
0.382745 6.97631e+14 86.5924
0.387745 7.08814e+14 91.3637
0.392745 7.20108e+14 96.2967
0.397745 7.31516e+14 101.387
0.402745 7.4304e+14 106.628
0.407745 7.54682e+14 112.011
0.412745 7.66443e+14 117.528
0.417745 7.78325e+14 123.166
0.422745 7.90328e+14 128.913
0.427745 8.02453e+14 134.754
0.432745 8.14701e+14 140.673
0.437745 8.27072e+14 146.654
0.442745 8.39565e+14 152.68
0.447745 8.5218e+14 158.737
