1e-10 165823 6.76637e-13
1.02e-10 169139 6.99354e-13
1.0404e-10 172522 7.22822e-13
1.06121e-10 175972 7.47066e-13
1.08243e-10 179492 7.72112e-13
1.10408e-10 183082 7.97986e-13
1.12616e-10 186743 8.24714e-13
1.14869e-10 190478 8.52325e-13
1.17166e-10 194288 8.80847e-13
1.19509e-10 198174 9.10309e-13
1.21899e-10 202137 9.40742e-13
1.24337e-10 206180 9.72177e-13
1.26824e-10 210304 1.00465e-12
1.29361e-10 214510 1.03819e-12
1.31948e-10 218800 1.07283e-12
1.34587e-10 223176 1.10861e-12
1.37279e-10 227639 1.14557e-12
1.40024e-10 232192 1.18374e-12
1.42825e-10 236836 1.22316e-12
1.45681e-10 241573 1.26387e-12
1.48595e-10 246404 1.30592e-12
1.51567e-10 251333 1.34935e-12
1.54598e-10 256359 1.3942e-12
1.5769e-10 261487 1.44052e-12
1.60844e-10 266716 1.48835e-12
1.64061e-10 272051 1.53774e-12
1.67342e-10 277492 1.58875e-12
1.70689e-10 283042 1.64143e-12
1.74102e-10 288703 1.69582e-12
1.77584e-10 294477 1.75199e-12
1.81136e-10 300366 1.80998e-12
1.84759e-10 306374 1.86987e-12
1.88454e-10 312501 1.93171e-12
1.92223e-10 318751 1.99555e-12
1.96068e-10 325126 2.06148e-12
1.99989e-10 331629 2.12954e-12
2.03989e-10 338262 2.19982e-12
2.08069e-10 345027 2.27238e-12
2.1223e-10 351928 2.34729e-12
2.16474e-10 358966 2.42463e-12
2.20804e-10 366146 2.50447e-12
2.2522e-10 373469 2.5869e-12
2.29724e-10 380938 2.672e-12
2.34319e-10 388557 2.75985e-12
2.39005e-10 396328 2.85054e-12
2.43785e-10 404255 2.94416e-12
2.48661e-10 412340 3.04079e-12
2.53634e-10 420587 3.14055e-12
2.58707e-10 428999 3.24352e-12
2.63881e-10 437579 3.34981e-12
2.69159e-10 446331 3.45952e-12
2.74542e-10 455257 3.57275e-12
2.80033e-10 464363 3.68963e-12
2.85633e-10 473650 3.81027e-12
2.91346e-10 483123 3.93478e-12
2.97173e-10 492786 4.06328e-12
3.03117e-10 502642 4.1959e-12
3.09179e-10 512695 4.33278e-12
3.15362e-10 522949 4.47403e-12
3.2167e-10 533408 4.61981e-12
3.28103e-10 544076 4.77024e-12
3.34665e-10 554958 4.92549e-12
3.41358e-10 566057 5.08569e-12
3.48186e-10 577378 5.25101e-12
3.55149e-10 588926 5.4216e-12
3.62252e-10 600705 5.59762e-12
3.69497e-10 612719 5.77925e-12
3.76887e-10 624974 5.96666e-12
3.84425e-10 637474 6.16003e-12
3.92114e-10 650223 6.35954e-12
3.99956e-10 663228 6.5654e-12
4.07955e-10 676493 6.77778e-12
4.16114e-10 690023 6.9969e-12
4.24436e-10 703824 7.22296e-12
4.32925e-10 717900 7.45618e-12
4.41584e-10 732259 7.69678e-12
4.50415e-10 746904 7.94499e-12
4.59424e-10 761842 8.20104e-12
4.68612e-10 777080 8.46517e-12
4.77984e-10 792621 8.73764e-12
4.87544e-10 808474 9.0187e-12
4.97295e-10 824644 9.30862e-12
5.07241e-10 841137 9.60766e-12
5.17386e-10 857960 9.9161e-12
5.27733e-10 875120 1.02342e-11
5.38288e-10 892623 1.05624e-11
5.49054e-10 910475 1.09008e-11
5.60035e-10 928685 1.12499e-11
5.71235e-10 947259 1.16099e-11
5.8266e-10 966205 1.19811e-11
5.94313e-10 985530 1.2364e-11
6.062e-10 1.00524e+06 1.27588e-11
6.18324e-10 1.02535e+06 1.3166e-11
6.3069e-10 1.04585e+06 1.35859e-11
6.43304e-10 1.06677e+06 1.40189e-11
6.5617e-10 1.08811e+06 1.44654e-11
6.69293e-10 1.10987e+06 1.49258e-11
6.82679e-10 1.13207e+06 1.54005e-11
6.96333e-10 1.15471e+06 1.589e-11
7.10259e-10 1.1778e+06 1.63947e-11
7.24465e-10 1.20136e+06 1.69151e-11
7.38954e-10 1.22539e+06 1.74516e-11
7.53733e-10 1.2499e+06 1.80048e-11
7.68808e-10 1.2749e+06 1.8575e-11
7.84184e-10 1.30039e+06 1.9163e-11
7.99867e-10 1.3264e+06 1.97691e-11
8.15865e-10 1.35293e+06 2.03939e-11
8.32182e-10 1.37999e+06 2.10381e-11
8.48826e-10 1.40759e+06 2.17021e-11
8.65802e-10 1.43574e+06 2.23866e-11
8.83118e-10 1.46446e+06 2.30921e-11
9.00781e-10 1.49375e+06 2.38194e-11
9.18796e-10 1.52363e+06 2.45691e-11
9.37172e-10 1.5541e+06 2.53418e-11
9.55916e-10 1.58518e+06 2.61382e-11
9.75034e-10 1.61689e+06 2.6959e-11
9.94535e-10 1.64923e+06 2.7805e-11
1.01443e-09 1.68221e+06 2.86769e-11
1.03471e-09 1.71586e+06 2.95755e-11
1.05541e-09 1.75017e+06 3.05016e-11
1.07652e-09 1.78518e+06 3.1456e-11
1.09805e-09 1.82088e+06 3.24395e-11
1.12001e-09 1.8573e+06 3.3453e-11
1.14241e-09 1.89445e+06 3.44974e-11
1.16526e-09 1.93234e+06 3.55736e-11
1.18856e-09 1.97099e+06 3.66826e-11
1.21233e-09 2.01041e+06 3.78253e-11
1.23658e-09 2.05062e+06 3.90027e-11
1.26131e-09 2.09163e+06 4.02158e-11
1.28654e-09 2.13347e+06 4.14657e-11
1.31227e-09 2.17614e+06 4.27535e-11
1.33851e-09 2.21966e+06 4.40803e-11
1.36528e-09 2.26406e+06 4.54473e-11
1.39259e-09 2.30934e+06 4.68555e-11
1.42044e-09 2.35553e+06 4.83063e-11
1.44885e-09 2.40264e+06 4.98009e-11
1.47783e-09 2.45069e+06 5.13406e-11
1.50738e-09 2.49971e+06 5.29266e-11
1.53753e-09 2.54971e+06 5.45604e-11
1.56828e-09 2.6007e+06 5.62434e-11
1.59965e-09 2.65272e+06 5.79769e-11
1.63164e-09 2.70578e+06 5.97625e-11
1.66427e-09 2.75989e+06 6.16017e-11
1.69756e-09 2.81509e+06 6.3496e-11
1.73151e-09 2.8714e+06 6.54471e-11
1.76614e-09 2.92883e+06 6.74565e-11
1.80146e-09 2.98741e+06 6.95261e-11
1.83749e-09 3.04716e+06 7.16575e-11
1.87424e-09 3.1081e+06 7.38526e-11
1.91173e-09 3.17027e+06 7.61131e-11
1.94996e-09 3.23368e+06 7.8441e-11
1.98896e-09 3.29835e+06 8.08383e-11
2.02874e-09 3.36432e+06 8.33069e-11
2.06931e-09 3.43161e+06 8.5849e-11
2.1107e-09 3.50025e+06 8.84665e-11
2.15291e-09 3.57025e+06 9.11618e-11
2.19597e-09 3.64166e+06 9.39371e-11
2.23989e-09 3.7145e+06 9.67946e-11
2.28469e-09 3.78879e+06 9.97367e-11
2.33038e-09 3.86457e+06 1.02766e-10
2.37699e-09 3.94187e+06 1.05885e-10
2.42453e-09 4.02071e+06 1.09096e-10
2.47302e-09 4.10113e+06 1.12401e-10
2.52248e-09 4.18315e+06 1.15805e-10
2.57293e-09 4.26682e+06 1.19308e-10
2.62439e-09 4.35216e+06 1.22915e-10
2.67688e-09 4.43921e+06 1.26628e-10
2.73042e-09 4.528e+06 1.3045e-10
2.78502e-09 4.61856e+06 1.34384e-10
2.84072e-09 4.71094e+06 1.38434e-10
2.89754e-09 4.80516e+06 1.42603e-10
2.95549e-09 4.90127e+06 1.46893e-10
3.0146e-09 4.9993e+06 1.5131e-10
3.07489e-09 5.09929e+06 1.55856e-10
3.13639e-09 5.20129e+06 1.60534e-10
3.19912e-09 5.30532e+06 1.6535e-10
3.2631e-09 5.41143e+06 1.70306e-10
3.32836e-09 5.51966e+06 1.75406e-10
3.39493e-09 5.63006e+06 1.80656e-10
3.46283e-09 5.74267e+06 1.86058e-10
3.53208e-09 5.85753e+06 1.91618e-10
3.60272e-09 5.97469e+06 1.97339e-10
3.67478e-09 6.09419e+06 2.03226e-10
3.74827e-09 6.21608e+06 2.09285e-10
3.82324e-09 6.34041e+06 2.15519e-10
3.89971e-09 6.46723e+06 2.21934e-10
3.9777e-09 6.59658e+06 2.28535e-10
4.05725e-09 6.72852e+06 2.35327e-10
4.1384e-09 6.8631e+06 2.42315e-10
4.22117e-09 7.00037e+06 2.49506e-10
4.30559e-09 7.14038e+06 2.56904e-10
4.3917e-09 7.2832e+06 2.64516e-10
4.47954e-09 7.42888e+06 2.72348e-10
4.56913e-09 7.57746e+06 2.80405e-10
4.66051e-09 7.72902e+06 2.88695e-10
4.75372e-09 7.88361e+06 2.97223e-10
4.84879e-09 8.0413e+06 3.05996e-10
4.94577e-09 8.20213e+06 3.15021e-10
5.04468e-09 8.36619e+06 3.24306e-10
5.14558e-09 8.53352e+06 3.33857e-10
5.24849e-09 8.7042e+06 3.43683e-10
5.35346e-09 8.8783e+06 3.53789e-10
5.46053e-09 9.05588e+06 3.64186e-10
5.56974e-09 9.23701e+06 3.74879e-10
5.68113e-09 9.42176e+06 3.85879e-10
5.79476e-09 9.61021e+06 3.97193e-10
5.91065e-09 9.80243e+06 4.0883e-10
6.02886e-09 9.9985e+06 4.208e-10
6.14944e-09 1.01985e+07 4.33111e-10
6.27243e-09 1.04025e+07 4.45772e-10
6.39788e-09 1.06105e+07 4.58795e-10
6.52584e-09 1.08228e+07 4.72188e-10
6.65635e-09 1.10392e+07 4.85962e-10
6.78948e-09 1.126e+07 5.00128e-10
6.92527e-09 1.14853e+07 5.14696e-10
7.06378e-09 1.1715e+07 5.29678e-10
7.20505e-09 1.19493e+07 5.45085e-10
7.34915e-09 1.21883e+07 5.60928e-10
7.49614e-09 1.24321e+07 5.77221e-10
7.64606e-09 1.26807e+07 5.93975e-10
7.79898e-09 1.29344e+07 6.11203e-10
7.95496e-09 1.31931e+07 6.28918e-10
8.11406e-09 1.3457e+07 6.47134e-10
8.27634e-09 1.37261e+07 6.65865e-10
8.44187e-09 1.40007e+07 6.85124e-10
8.6107e-09 1.42807e+07 7.04927e-10
8.78292e-09 1.45664e+07 7.25288e-10
8.95858e-09 1.48577e+07 7.46223e-10
9.13775e-09 1.51549e+07 7.67747e-10
9.3205e-09 1.5458e+07 7.89877e-10
9.50691e-09 1.57672e+07 8.12629e-10
9.69705e-09 1.60826e+07 8.36021e-10
9.89099e-09 1.64043e+07 8.6007e-10
1.00888e-08 1.67324e+07 8.84794e-10
1.02906e-08 1.70671e+07 9.10212e-10
1.04964e-08 1.74084e+07 9.36342e-10
1.07063e-08 1.77566e+07 9.63205e-10
1.09205e-08 1.81118e+07 9.90821e-10
1.11389e-08 1.84741e+07 1.01921e-09
1.13616e-08 1.88436e+07 1.04839e-09
1.15889e-08 1.92205e+07 1.07839e-09
1.18207e-08 1.9605e+07 1.10923e-09
1.20571e-08 1.99971e+07 1.14093e-09
1.22982e-08 2.03971e+07 1.17351e-09
1.25442e-08 2.08051e+07 1.207e-09
1.27951e-08 2.12212e+07 1.24143e-09
1.3051e-08 2.16457e+07 1.27681e-09
1.3312e-08 2.20786e+07 1.31319e-09
1.35782e-08 2.25203e+07 1.35057e-09
1.38498e-08 2.29707e+07 1.389e-09
1.41268e-08 2.34302e+07 1.42849e-09
1.44093e-08 2.38988e+07 1.46908e-09
1.46975e-08 2.43769e+07 1.5108e-09
1.49914e-08 2.48645e+07 1.55367e-09
1.52913e-08 2.53618e+07 1.59774e-09
1.55971e-08 2.58691e+07 1.64303e-09
1.5909e-08 2.63865e+07 1.68958e-09
1.62272e-08 2.69143e+07 1.73741e-09
1.65518e-08 2.74527e+07 1.78657e-09
1.68828e-08 2.80018e+07 1.83709e-09
1.72205e-08 2.85619e+07 1.88901e-09
1.75649e-08 2.91332e+07 1.94236e-09
1.79162e-08 2.97159e+07 1.99719e-09
1.82745e-08 3.03103e+07 2.05354e-09
1.864e-08 3.09166e+07 2.11144e-09
1.90128e-08 3.1535e+07 2.17094e-09
1.9393e-08 3.21658e+07 2.23208e-09
1.97809e-08 3.28092e+07 2.29491e-09
2.01765e-08 3.34655e+07 2.35946e-09
2.058e-08 3.41349e+07 2.4258e-09
2.09916e-08 3.48177e+07 2.49397e-09
2.14115e-08 3.55141e+07 2.56401e-09
2.18397e-08 3.62245e+07 2.63597e-09
2.22765e-08 3.69491e+07 2.70992e-09
2.2722e-08 3.76881e+07 2.7859e-09
2.31765e-08 3.8442e+07 2.86397e-09
2.364e-08 3.92109e+07 2.94418e-09
2.41128e-08 3.99953e+07 3.0266e-09
2.45951e-08 4.07953e+07 3.11127e-09
2.5087e-08 4.16113e+07 3.19827e-09
2.55887e-08 4.24436e+07 3.28766e-09
2.61005e-08 4.32926e+07 3.37949e-09
2.66225e-08 4.41586e+07 3.47385e-09
2.71549e-08 4.50419e+07 3.57078e-09
2.7698e-08 4.59429e+07 3.67037e-09
2.8252e-08 4.68619e+07 3.77268e-09
2.8817e-08 4.77992e+07 3.8778e-09
2.93934e-08 4.87554e+07 3.98578e-09
2.99812e-08 4.97306e+07 4.09672e-09
3.05809e-08 5.07254e+07 4.21069e-09
3.11925e-08 5.174e+07 4.32777e-09
3.18163e-08 5.2775e+07 4.44805e-09
3.24526e-08 5.38307e+07 4.57161e-09
3.31017e-08 5.49074e+07 4.69854e-09
3.37637e-08 5.60058e+07 4.82893e-09
3.4439e-08 5.7126e+07 4.96287e-09
3.51278e-08 5.82687e+07 5.10047e-09
3.58303e-08 5.94343e+07 5.24181e-09
3.6547e-08 6.06232e+07 5.387e-09
3.72779e-08 6.18358e+07 5.53614e-09
3.80235e-08 6.30728e+07 5.68934e-09
3.87839e-08 6.43344e+07 5.84671e-09
3.95596e-08 6.56213e+07 6.00835e-09
4.03508e-08 6.6934e+07 6.17439e-09
4.11578e-08 6.82729e+07 6.34494e-09
4.1981e-08 6.96385e+07 6.52012e-09
4.28206e-08 7.10315e+07 6.70006e-09
4.3677e-08 7.24524e+07 6.88488e-09
4.45505e-08 7.39017e+07 7.07472e-09
4.54415e-08 7.538e+07 7.2697e-09
4.63504e-08 7.68879e+07 7.46997e-09
4.72774e-08 7.84259e+07 7.67567e-09
4.82229e-08 7.99947e+07 7.88694e-09
4.91874e-08 8.15949e+07 8.10393e-09
5.01711e-08 8.32271e+07 8.3268e-09
5.11746e-08 8.48919e+07 8.55571e-09
5.2198e-08 8.65901e+07 8.7908e-09
5.3242e-08 8.83222e+07 9.03226e-09
5.43069e-08 9.00889e+07 9.28024e-09
5.5393e-08 9.18911e+07 9.53493e-09
5.65008e-08 9.37292e+07 9.7965e-09
5.76309e-08 9.56042e+07 1.00651e-08
5.87835e-08 9.75166e+07 1.0341e-08
5.99592e-08 9.94673e+07 1.06244e-08
6.11583e-08 1.01457e+08 1.09154e-08
6.23815e-08 1.03487e+08 1.12142e-08
6.36291e-08 1.05557e+08 1.15211e-08
6.49017e-08 1.07668e+08 1.18363e-08
6.61997e-08 1.09822e+08 1.216e-08
6.75237e-08 1.12019e+08 1.24924e-08
6.88742e-08 1.1426e+08 1.28337e-08
7.02517e-08 1.16545e+08 1.31843e-08
7.16567e-08 1.18877e+08 1.35443e-08
7.30899e-08 1.21255e+08 1.39139e-08
7.45517e-08 1.2368e+08 1.42936e-08
7.60427e-08 1.26155e+08 1.46834e-08
7.75636e-08 1.28678e+08 1.50837e-08
7.91148e-08 1.31252e+08 1.54948e-08
8.06971e-08 1.33878e+08 1.5917e-08
8.23111e-08 1.36556e+08 1.63505e-08
8.39573e-08 1.39288e+08 1.67956e-08
8.56364e-08 1.42074e+08 1.72527e-08
8.73492e-08 1.44916e+08 1.77221e-08
8.90961e-08 1.47815e+08 1.8204e-08
9.08781e-08 1.50772e+08 1.86989e-08
9.26956e-08 1.53788e+08 1.92071e-08
9.45495e-08 1.56865e+08 1.97289e-08
9.64405e-08 1.60003e+08 2.02647e-08
9.83693e-08 1.63204e+08 2.08149e-08
1.00337e-07 1.66468e+08 2.13798e-08
1.02343e-07 1.69798e+08 2.19599e-08
1.0439e-07 1.73195e+08 2.25555e-08
1.06478e-07 1.7666e+08 2.3167e-08
1.08608e-07 1.80194e+08 2.37949e-08
1.1078e-07 1.83799e+08 2.44397e-08
1.12995e-07 1.87476e+08 2.51016e-08
1.15255e-07 1.91226e+08 2.57813e-08
1.1756e-07 1.95051e+08 2.64792e-08
1.19912e-07 1.98953e+08 2.71957e-08
1.2231e-07 2.02934e+08 2.79314e-08
1.24756e-07 2.06993e+08 2.86868e-08
1.27251e-07 2.11134e+08 2.94623e-08
1.29796e-07 2.15358e+08 3.02586e-08
1.32392e-07 2.19666e+08 3.10761e-08
1.3504e-07 2.24061e+08 3.19154e-08
1.37741e-07 2.28543e+08 3.27772e-08
1.40496e-07 2.33115e+08 3.3662e-08
1.43306e-07 2.37778e+08 3.45703e-08
1.46172e-07 2.42535e+08 3.55029e-08
1.49095e-07 2.47387e+08 3.64604e-08
1.52077e-07 2.52336e+08 3.74434e-08
1.55119e-07 2.57384e+08 3.84526e-08
1.58221e-07 2.62534e+08 3.94887e-08
1.61385e-07 2.67786e+08 4.05524e-08
1.64613e-07 2.73143e+08 4.16445e-08
1.67905e-07 2.78607e+08 4.27656e-08
1.71263e-07 2.84181e+08 4.39166e-08
1.74689e-07 2.89866e+08 4.50983e-08
1.78182e-07 2.95665e+08 4.63114e-08
1.81746e-07 3.0158e+08 4.75567e-08
1.85381e-07 3.07613e+08 4.88352e-08
1.89089e-07 3.13767e+08 5.01477e-08
1.9287e-07 3.20044e+08 5.14951e-08
1.96728e-07 3.26447e+08 5.28783e-08
2.00662e-07 3.32978e+08 5.42983e-08
2.04676e-07 3.3964e+08 5.5756e-08
2.08769e-07 3.46434e+08 5.72525e-08
2.12945e-07 3.53365e+08 5.87887e-08
2.17203e-07 3.60435e+08 6.03657e-08
2.21547e-07 3.67646e+08 6.19845e-08
2.25978e-07 3.75001e+08 6.36464e-08
2.30498e-07 3.82503e+08 6.53523e-08
2.35108e-07 3.90155e+08 6.71035e-08
2.3981e-07 3.97961e+08 6.89012e-08
2.44606e-07 4.05923e+08 7.07465e-08
2.49498e-07 4.14044e+08 7.26408e-08
2.54488e-07 4.22327e+08 7.45852e-08
2.59578e-07 4.30776e+08 7.65813e-08
2.6477e-07 4.39395e+08 7.86302e-08
2.70065e-07 4.48185e+08 8.07334e-08
2.75466e-07 4.57152e+08 8.28923e-08
2.80976e-07 4.66298e+08 8.51083e-08
2.86595e-07 4.75627e+08 8.73831e-08
2.92327e-07 4.85143e+08 8.9718e-08
2.98174e-07 4.94849e+08 9.21148e-08
3.04137e-07 5.04749e+08 9.45749e-08
3.1022e-07 5.14848e+08 9.71002e-08
3.16424e-07 5.25148e+08 9.96922e-08
3.22753e-07 5.35655e+08 1.02353e-07
3.29208e-07 5.46371e+08 1.05084e-07
3.35792e-07 5.57303e+08 1.07887e-07
3.42508e-07 5.68453e+08 1.10764e-07
3.49358e-07 5.79826e+08 1.13717e-07
3.56345e-07 5.91426e+08 1.16748e-07
3.63472e-07 6.03259e+08 1.1986e-07
3.70742e-07 6.15329e+08 1.23053e-07
3.78156e-07 6.2764e+08 1.26331e-07
3.8572e-07 6.40197e+08 1.29695e-07
3.93434e-07 6.53006e+08 1.33148e-07
4.01303e-07 6.66071e+08 1.36692e-07
4.09329e-07 6.79397e+08 1.40329e-07
4.17515e-07 6.9299e+08 1.44063e-07
4.25866e-07 7.06855e+08 1.47895e-07
4.34383e-07 7.20997e+08 1.51828e-07
4.4307e-07 7.35423e+08 1.55864e-07
4.51932e-07 7.50137e+08 1.60007e-07
4.60971e-07 7.65145e+08 1.64259e-07
4.7019e-07 7.80454e+08 1.68623e-07
4.79594e-07 7.96069e+08 1.73102e-07
4.89186e-07 8.11997e+08 1.77699e-07
4.98969e-07 8.28244e+08 1.82417e-07
5.08949e-07 8.44815e+08 1.87259e-07
5.19128e-07 8.61718e+08 1.92228e-07
5.2951e-07 8.78959e+08 1.97328e-07
5.401e-07 8.96546e+08 2.02562e-07
5.50902e-07 9.14484e+08 2.07934e-07
5.61921e-07 9.32781e+08 2.13447e-07
5.73159e-07 9.51444e+08 2.19105e-07
5.84622e-07 9.70481e+08 2.24912e-07
5.96315e-07 9.89899e+08 2.30871e-07
6.08241e-07 1.00971e+09 2.36986e-07
6.20406e-07 1.02991e+09 2.43263e-07
6.32814e-07 1.05052e+09 2.49704e-07
6.4547e-07 1.07153e+09 2.56314e-07
6.58379e-07 1.09297e+09 2.63097e-07
6.71547e-07 1.11484e+09 2.70059e-07
6.84978e-07 1.13715e+09 2.77203e-07
6.98678e-07 1.1599e+09 2.84535e-07
7.12651e-07 1.18311e+09 2.92058e-07
7.26904e-07 1.20678e+09 2.99779e-07
7.41442e-07 1.23093e+09 3.07703e-07
7.56271e-07 1.25556e+09 3.15834e-07
7.71396e-07 1.28068e+09 3.24177e-07
7.86824e-07 1.30631e+09 3.3274e-07
8.02561e-07 1.33245e+09 3.41527e-07
8.18612e-07 1.35911e+09 3.50543e-07
8.34984e-07 1.3863e+09 3.59796e-07
8.51684e-07 1.41404e+09 3.69291e-07
8.68718e-07 1.44234e+09 3.79034e-07
8.86092e-07 1.4712e+09 3.89033e-07
9.03814e-07 1.50063e+09 3.99292e-07
9.2189e-07 1.53066e+09 4.0982e-07
9.40328e-07 1.56129e+09 4.20623e-07
9.59135e-07 1.59253e+09 4.31709e-07
9.78317e-07 1.6244e+09 4.43084e-07
9.97884e-07 1.6569e+09 4.54756e-07
1.01784e-06 1.69006e+09 4.66733e-07
1.0382e-06 1.72387e+09 4.79023e-07
1.05896e-06 1.75837e+09 4.91633e-07
1.08014e-06 1.79355e+09 5.04573e-07
1.10174e-06 1.82944e+09 5.1785e-07
1.12378e-06 1.86605e+09 5.31474e-07
1.14625e-06 1.90339e+09 5.45453e-07
1.16918e-06 1.94148e+09 5.59796e-07
1.19256e-06 1.98033e+09 5.74514e-07
1.21641e-06 2.01996e+09 5.89615e-07
1.24074e-06 2.06038e+09 6.05109e-07
1.26556e-06 2.1016e+09 6.21007e-07
1.29087e-06 2.14366e+09 6.3732e-07
1.31669e-06 2.18656e+09 6.54057e-07
1.34302e-06 2.23031e+09 6.71229e-07
1.36988e-06 2.27494e+09 6.88849e-07
1.39728e-06 2.32046e+09 7.06927e-07
1.42522e-06 2.3669e+09 7.25475e-07
1.45373e-06 2.41426e+09 7.44506e-07
1.4828e-06 2.46258e+09 7.64031e-07
1.51246e-06 2.51186e+09 7.84064e-07
1.54271e-06 2.56212e+09 8.04618e-07
1.57356e-06 2.61339e+09 8.25706e-07
1.60503e-06 2.66569e+09 8.47341e-07
1.63713e-06 2.71903e+09 8.69538e-07
1.66988e-06 2.77345e+09 8.92312e-07
1.70327e-06 2.82895e+09 9.15677e-07
1.73734e-06 2.88556e+09 9.39648e-07
1.77209e-06 2.94331e+09 9.64241e-07
1.80753e-06 3.00221e+09 9.89472e-07
1.84368e-06 3.06229e+09 1.01536e-06
1.88055e-06 3.12357e+09 1.04191e-06
1.91816e-06 3.18608e+09 1.06916e-06
1.95653e-06 3.24984e+09 1.09711e-06
1.99566e-06 3.31487e+09 1.12578e-06
2.03557e-06 3.38121e+09 1.1552e-06
2.07628e-06 3.44888e+09 1.18538e-06
2.11781e-06 3.5179e+09 1.21634e-06
2.16016e-06 3.5883e+09 1.2481e-06
2.20337e-06 3.66011e+09 1.28068e-06
2.24743e-06 3.73336e+09 1.3141e-06
2.29238e-06 3.80808e+09 1.34839e-06
2.33823e-06 3.88429e+09 1.38357e-06
2.38499e-06 3.96202e+09 1.41965e-06
2.43269e-06 4.04131e+09 1.45667e-06
2.48135e-06 4.12219e+09 1.49464e-06
2.53098e-06 4.20469e+09 1.5336e-06
2.5816e-06 4.28884e+09 1.57356e-06
2.63323e-06 4.37467e+09 1.61455e-06
2.68589e-06 4.46223e+09 1.65659e-06
2.73961e-06 4.55153e+09 1.69973e-06
2.7944e-06 4.64262e+09 1.74397e-06
2.85029e-06 4.73554e+09 1.78936e-06
2.9073e-06 4.83031e+09 1.83591e-06
2.96544e-06 4.92699e+09 1.88367e-06
3.02475e-06 5.02559e+09 1.93265e-06
3.08525e-06 5.12618e+09 1.98289e-06
3.14695e-06 5.22877e+09 2.03443e-06
3.20989e-06 5.33342e+09 2.0873e-06
3.27409e-06 5.44016e+09 2.14152e-06
3.33957e-06 5.54905e+09 2.19714e-06
3.40636e-06 5.66011e+09 2.25419e-06
3.47449e-06 5.77339e+09 2.31271e-06
3.54398e-06 5.88894e+09 2.37273e-06
3.61486e-06 6.00681e+09 2.43429e-06
3.68715e-06 6.12703e+09 2.49743e-06
3.7609e-06 6.24966e+09 2.56219e-06
3.83611e-06 6.37475e+09 2.62862e-06
3.91284e-06 6.50234e+09 2.69675e-06
3.99109e-06 6.63248e+09 2.76663e-06
4.07092e-06 6.76523e+09 2.83829e-06
4.15233e-06 6.90064e+09 2.9118e-06
4.23538e-06 7.03876e+09 2.98719e-06
4.32009e-06 7.17964e+09 3.06451e-06
4.40649e-06 7.32334e+09 3.14381e-06
4.49462e-06 7.46992e+09 3.22514e-06
4.58451e-06 7.61944e+09 3.30855e-06
4.6762e-06 7.77195e+09 3.3941e-06
4.76973e-06 7.92751e+09 3.48183e-06
4.86512e-06 8.08619e+09 3.57181e-06
4.96242e-06 8.24804e+09 3.66409e-06
5.06167e-06 8.41313e+09 3.75872e-06
5.1629e-06 8.58153e+09 3.85577e-06
5.26616e-06 8.7533e+09 3.9553e-06
5.37149e-06 8.92851e+09 4.05737e-06
5.47892e-06 9.10723e+09 4.16204e-06
5.58849e-06 9.28952e+09 4.26939e-06
5.70026e-06 9.47547e+09 4.37947e-06
5.81427e-06 9.66514e+09 4.49235e-06
5.93055e-06 9.8586e+09 4.60812e-06
6.04917e-06 1.00559e+10 4.72683e-06
6.17015e-06 1.02572e+10 4.84856e-06
6.29355e-06 1.04626e+10 4.9734e-06
6.41942e-06 1.0672e+10 5.1014e-06
6.54781e-06 1.08856e+10 5.23267e-06
6.67877e-06 1.11035e+10 5.36727e-06
6.81234e-06 1.13258e+10 5.5053e-06
6.94859e-06 1.15525e+10 5.64683e-06
7.08756e-06 1.17837e+10 5.79195e-06
7.22931e-06 1.20196e+10 5.94076e-06
7.3739e-06 1.22602e+10 6.09335e-06
7.52138e-06 1.25057e+10 6.2498e-06
7.67181e-06 1.2756e+10 6.41023e-06
7.82524e-06 1.30114e+10 6.57472e-06
7.98175e-06 1.32718e+10 6.74338e-06
8.14138e-06 1.35375e+10 6.91631e-06
8.30421e-06 1.38085e+10 7.09362e-06
8.47029e-06 1.40849e+10 7.27542e-06
8.6397e-06 1.43669e+10 7.46182e-06
8.81249e-06 1.46545e+10 7.65294e-06
8.98874e-06 1.49479e+10 7.84888e-06
9.16852e-06 1.52471e+10 8.04978e-06
9.35189e-06 1.55523e+10 8.25575e-06
9.53893e-06 1.58637e+10 8.46692e-06
9.7297e-06 1.61813e+10 8.68342e-06
9.9243e-06 1.65052e+10 8.90539e-06
1.01228e-05 1.68356e+10 9.13295e-06
1.03252e-05 1.71727e+10 9.36625e-06
1.05317e-05 1.75165e+10 9.60543e-06
1.07424e-05 1.78671e+10 9.85064e-06
1.09572e-05 1.82248e+10 1.0102e-05
1.11764e-05 1.85897e+10 1.03597e-05
1.13999e-05 1.89619e+10 1.06239e-05
1.16279e-05 1.93415e+10 1.08947e-05
1.18605e-05 1.97287e+10 1.11724e-05
1.20977e-05 2.01237e+10 1.1457e-05
1.23396e-05 2.05266e+10 1.17487e-05
1.25864e-05 2.09376e+10 1.20478e-05
1.28381e-05 2.13567e+10 1.23544e-05
1.30949e-05 2.17843e+10 1.26687e-05
1.33568e-05 2.22205e+10 1.29908e-05
1.36239e-05 2.26654e+10 1.33211e-05
1.38964e-05 2.31191e+10 1.36596e-05
1.41743e-05 2.3582e+10 1.40065e-05
1.44578e-05 2.40542e+10 1.43622e-05
1.4747e-05 2.45358e+10 1.47267e-05
1.50419e-05 2.5027e+10 1.51004e-05
1.53428e-05 2.55281e+10 1.54834e-05
1.56496e-05 2.60392e+10 1.5876e-05
1.59626e-05 2.65606e+10 1.62783e-05
1.62819e-05 2.70924e+10 1.66907e-05
1.66075e-05 2.76349e+10 1.71134e-05
1.69396e-05 2.81882e+10 1.75467e-05
1.72784e-05 2.87526e+10 1.79907e-05
1.7624e-05 2.93283e+10 1.84458e-05
1.79765e-05 2.99155e+10 1.89122e-05
1.8336e-05 3.05145e+10 1.93902e-05
1.87027e-05 3.11255e+10 1.98801e-05
1.90768e-05 3.17487e+10 2.03822e-05
1.94583e-05 3.23844e+10 2.08967e-05
1.98475e-05 3.30329e+10 2.1424e-05
2.02444e-05 3.36943e+10 2.19644e-05
2.06493e-05 3.4369e+10 2.25182e-05
2.10623e-05 3.50572e+10 2.30858e-05
2.14836e-05 3.57592e+10 2.36674e-05
2.19132e-05 3.64752e+10 2.42634e-05
2.23515e-05 3.72056e+10 2.48741e-05
2.27985e-05 3.79506e+10 2.55e-05
2.32545e-05 3.87106e+10 2.61413e-05
2.37196e-05 3.94857e+10 2.67985e-05
2.4194e-05 4.02764e+10 2.74719e-05
2.46779e-05 4.10829e+10 2.8162e-05
2.51714e-05 4.19056e+10 2.8869e-05
2.56749e-05 4.27448e+10 2.95935e-05
2.61884e-05 4.36007e+10 3.03359e-05
2.67121e-05 4.44739e+10 3.10965e-05
2.72464e-05 4.53645e+10 3.18759e-05
2.77913e-05 4.62729e+10 3.26744e-05
2.83471e-05 4.71996e+10 3.34926e-05
2.89141e-05 4.81448e+10 3.43308e-05
2.94923e-05 4.91089e+10 3.51897e-05
3.00822e-05 5.00924e+10 3.60696e-05
3.06838e-05 5.10955e+10 3.69712e-05
3.12975e-05 5.21188e+10 3.78948e-05
3.19235e-05 5.31625e+10 3.8841e-05
3.25619e-05 5.42272e+10 3.98105e-05
3.32132e-05 5.53132e+10 4.08036e-05
3.38774e-05 5.64209e+10 4.18211e-05
3.4555e-05 5.75509e+10 4.28634e-05
3.52461e-05 5.87034e+10 4.39311e-05
3.5951e-05 5.98791e+10 4.5025e-05
3.667e-05 6.10783e+10 4.61455e-05
3.74034e-05 6.23016e+10 4.72934e-05
3.81515e-05 6.35493e+10 4.84692e-05
3.89145e-05 6.4822e+10 4.96736e-05
3.96928e-05 6.61203e+10 5.09074e-05
4.04867e-05 6.74445e+10 5.21712e-05
4.12964e-05 6.87953e+10 5.34657e-05
4.21223e-05 7.01732e+10 5.47916e-05
4.29648e-05 7.15786e+10 5.61497e-05
4.38241e-05 7.30122e+10 5.75408e-05
4.47005e-05 7.44746e+10 5.89656e-05
4.55946e-05 7.59662e+10 6.04249e-05
4.65065e-05 7.74877e+10 6.19195e-05
4.74366e-05 7.90397e+10 6.34503e-05
4.83853e-05 8.06228e+10 6.50181e-05
4.9353e-05 8.22377e+10 6.66238e-05
5.03401e-05 8.38848e+10 6.82683e-05
5.13469e-05 8.5565e+10 6.99524e-05
5.23738e-05 8.72788e+10 7.16772e-05
5.34213e-05 8.9027e+10 7.34435e-05
5.44897e-05 9.08102e+10 7.52524e-05
5.55795e-05 9.26292e+10 7.71047e-05
5.66911e-05 9.44846e+10 7.90016e-05
5.78249e-05 9.63771e+10 8.09441e-05
5.89814e-05 9.83076e+10 8.29332e-05
6.01611e-05 1.00277e+11 8.49701e-05
6.13643e-05 1.02285e+11 8.70558e-05
6.25916e-05 1.04334e+11 8.91915e-05
6.38434e-05 1.06424e+11 9.13783e-05
6.51203e-05 1.08556e+11 9.36174e-05
6.64227e-05 1.10731e+11 9.591e-05
6.77511e-05 1.12949e+11 9.82574e-05
6.91061e-05 1.15211e+11 0.000100661
7.04883e-05 1.17519e+11 0.000103122
7.1898e-05 1.19873e+11 0.000105641
7.3336e-05 1.22274e+11 0.000108221
7.48027e-05 1.24724e+11 0.000110861
7.62988e-05 1.27222e+11 0.000113565
7.78247e-05 1.29771e+11 0.000116333
7.93812e-05 1.32371e+11 0.000119167
8.09689e-05 1.35022e+11 0.000122067
8.25882e-05 1.37727e+11 0.000125037
8.424e-05 1.40486e+11 0.000128077
8.59248e-05 1.43301e+11 0.000131189
8.76433e-05 1.46172e+11 0.000134374
8.93962e-05 1.491e+11 0.000137635
9.11841e-05 1.52087e+11 0.000140973
9.30078e-05 1.55134e+11 0.00014439
9.48679e-05 1.58242e+11 0.000147887
9.67653e-05 1.61412e+11 0.000151466
9.87006e-05 1.64646e+11 0.00015513
0.000100675 1.67944e+11 0.00015888
0.000102688 1.71309e+11 0.000162718
0.000104742 1.74741e+11 0.000166646
0.000106837 1.78242e+11 0.000170666
0.000108973 1.81813e+11 0.000174781
0.000111153 1.85456e+11 0.000178992
0.000113376 1.89171e+11 0.000183301
0.000115643 1.92961e+11 0.000187711
0.000117956 1.96827e+11 0.000192224
0.000120315 2.00771e+11 0.000196843
0.000122722 2.04793e+11 0.000201569
0.000125176 2.08897e+11 0.000206405
0.00012768 2.13082e+11 0.000211354
0.000130233 2.17351e+11 0.000216418
0.000132838 2.21706e+11 0.0002216
0.000135495 2.26149e+11 0.000226902
0.000138205 2.3068e+11 0.000232327
0.000140969 2.35302e+11 0.000237878
0.000143788 2.40017e+11 0.000243557
0.000146664 2.44826e+11 0.000249367
0.000149597 2.49731e+11 0.000255312
0.000152589 2.54735e+11 0.000261395
0.000155641 2.5984e+11 0.000267617
0.000158754 2.65046e+11 0.000273983
0.000161929 2.70357e+11 0.000280495
0.000165167 2.75774e+11 0.000287158
0.000168471 2.813e+11 0.000293973
0.00017184 2.86937e+11 0.000300945
0.000175277 2.92687e+11 0.000308077
0.000178782 2.98552e+11 0.000315372
0.000182358 3.04534e+11 0.000322834
0.000186005 3.10637e+11 0.000330467
0.000189725 3.16861e+11 0.000338275
0.00019352 3.23211e+11 0.000346261
0.00019739 3.29688e+11 0.000354428
0.000201338 3.36295e+11 0.000362782
0.000205365 3.43034e+11 0.000371326
0.000209472 3.49908e+11 0.000380065
0.000213662 3.5692e+11 0.000389001
0.000217935 3.64072e+11 0.000398141
0.000222293 3.71368e+11 0.000407488
0.000226739 3.78811e+11 0.000417046
0.000231274 3.86402e+11 0.000426821
0.0002359 3.94146e+11 0.000436817
0.000240618 4.02045e+11 0.000447038
0.00024543 4.10102e+11 0.00045749
0.000250339 4.1832e+11 0.000468177
0.000255345 4.26704e+11 0.000479105
0.000260452 4.35256e+11 0.000490278
0.000265661 4.43979e+11 0.000501703
0.000270975 4.52877e+11 0.00051088
0.000370975 6.20391e+11 0.000594483
0.000470975 7.87945e+11 0.000667021
0.000570975 9.55529e+11 0.000741107
0.000670975 1.12314e+12 0.000818354
0.000770975 1.29077e+12 0.000899147
0.000870975 1.45842e+12 0.000983531
0.000970975 1.62608e+12 0.00107144
0.00107097 1.79377e+12 0.00116275
0.00117097 1.96147e+12 0.00125733
0.00127097 2.12918e+12 0.00135507
0.00137097 2.29691e+12 0.00145582
0.00147097 2.46465e+12 0.00155947
0.00157097 2.63241e+12 0.00166591
0.00167097 2.80018e+12 0.00177504
0.00177097 2.96796e+12 0.00188675
0.00187097 3.13575e+12 0.00200096
0.00197097 3.30355e+12 0.00211757
0.00207097 3.47136e+12 0.00223651
0.00217097 3.63919e+12 0.00235771
0.00227097 3.80702e+12 0.0024811
0.00237097 3.97486e+12 0.0026066
0.00247097 4.14272e+12 0.00273417
0.00257097 4.31058e+12 0.00286373
0.00267097 4.47845e+12 0.00299525
0.00277097 4.64633e+12 0.00312867
0.00287097 4.81422e+12 0.00326394
0.00297097 4.98212e+12 0.00340101
0.00307097 5.15002e+12 0.00353985
0.00317097 5.31794e+12 0.00368041
0.00327097 5.48586e+12 0.00382266
0.00337097 5.65379e+12 0.00396655
0.00347097 5.82173e+12 0.00411206
0.00357097 5.98967e+12 0.00425916
0.00367097 6.15762e+12 0.00440781
0.00377097 6.32558e+12 0.00455798
0.00387097 6.49355e+12 0.00470964
0.00397097 6.66153e+12 0.00486278
0.00407097 6.82951e+12 0.00501736
0.00417097 6.9975e+12 0.00517335
0.00427097 7.16549e+12 0.00533075
0.00437097 7.33349e+12 0.00548951
0.00447097 7.5015e+12 0.00564964
0.00457097 7.66951e+12 0.00581109
0.00467097 7.83753e+12 0.00597386
0.00477097 8.00556e+12 0.00613792
0.00487097 8.17359e+12 0.00630327
0.00497097 8.34163e+12 0.00646987
0.00507097 8.50968e+12 0.00663772
0.00517097 8.67773e+12 0.00680679
0.00527097 8.84579e+12 0.00697709
0.00537097 9.01385e+12 0.00714858
0.00547097 9.18192e+12 0.00732126
0.00557097 9.34999e+12 0.00749511
0.00567097 9.51807e+12 0.00767012
0.00577097 9.68616e+12 0.00784629
0.00587097 9.85425e+12 0.00802359
0.00597097 1.00223e+13 0.00820201
0.00607097 1.01904e+13 0.00838155
0.00617097 1.03586e+13 0.00856219
0.00627097 1.05267e+13 0.00874393
0.00637097 1.06948e+13 0.00892675
0.00647097 1.08629e+13 0.00911064
0.00657097 1.1031e+13 0.0092956
0.00667097 1.11992e+13 0.00948162
0.00677097 1.13673e+13 0.00966869
0.00687097 1.15354e+13 0.00985679
0.00697097 1.17036e+13 0.0100459
0.00707097 1.18717e+13 0.0102361
0.00717097 1.20399e+13 0.0104273
0.00727097 1.22081e+13 0.0106195
0.00737097 1.23762e+13 0.0108127
0.00747097 1.25444e+13 0.0110069
0.00757097 1.27126e+13 0.011202
0.00767097 1.28808e+13 0.0113982
0.00777097 1.30489e+13 0.0115953
0.00787097 1.32171e+13 0.0117935
0.00797097 1.33853e+13 0.0119925
0.00807097 1.35535e+13 0.0121926
0.00817097 1.37217e+13 0.0123936
0.00827097 1.38899e+13 0.0125955
0.00837097 1.40582e+13 0.0127984
0.00847097 1.42264e+13 0.0130023
0.00857097 1.43946e+13 0.013207
0.00867097 1.45628e+13 0.0134127
0.00877097 1.4731e+13 0.0136194
0.00887097 1.48993e+13 0.0138269
0.00897097 1.50675e+13 0.0140354
0.00907097 1.52358e+13 0.0142448
0.00917097 1.5404e+13 0.0144551
0.00927097 1.55723e+13 0.0146663
0.00937097 1.57405e+13 0.0148784
0.00947097 1.59088e+13 0.0150914
0.00957097 1.6077e+13 0.0153053
0.00967097 1.62453e+13 0.0155201
0.00977097 1.64136e+13 0.0157357
0.00987097 1.65818e+13 0.0159523
0.00997097 1.67501e+13 0.0161697
0.010071 1.69184e+13 0.0163881
0.010171 1.70867e+13 0.0166072
0.010271 1.7255e+13 0.0168273
0.010371 1.74233e+13 0.0170482
0.010471 1.75916e+13 0.0172701
0.010571 1.77599e+13 0.0174927
0.010671 1.79282e+13 0.0177162
0.010771 1.80965e+13 0.0179406
0.010871 1.82648e+13 0.0181659
0.010971 1.84331e+13 0.018392
0.011071 1.86014e+13 0.0186189
0.011171 1.87698e+13 0.0188467
0.011271 1.89381e+13 0.0190753
0.011371 1.91064e+13 0.0193048
0.011471 1.92747e+13 0.0195351
0.011571 1.94431e+13 0.0197663
0.011671 1.96114e+13 0.0199983
0.011771 1.97798e+13 0.0202311
0.011871 1.99481e+13 0.0204648
0.011971 2.01165e+13 0.0206993
0.012071 2.02848e+13 0.0209346
0.012171 2.04532e+13 0.0211708
0.012271 2.06215e+13 0.0214077
0.012371 2.07899e+13 0.0216455
0.012471 2.09583e+13 0.0218841
0.012571 2.11267e+13 0.0221236
0.012671 2.1295e+13 0.0223638
0.012771 2.14634e+13 0.0226049
0.012871 2.16318e+13 0.0228468
0.012971 2.18002e+13 0.0230894
0.013071 2.19686e+13 0.0233329
0.013171 2.2137e+13 0.0235772
0.013271 2.23054e+13 0.0238223
0.013371 2.24738e+13 0.0240683
0.013471 2.26422e+13 0.024315
0.013571 2.28106e+13 0.0245625
0.013671 2.2979e+13 0.0248108
0.013771 2.31474e+13 0.0250599
0.013871 2.33158e+13 0.0253098
0.013971 2.34842e+13 0.0255605
0.014071 2.36526e+13 0.025812
0.014171 2.38211e+13 0.0260643
0.014271 2.39895e+13 0.0263174
0.014371 2.41579e+13 0.0265713
0.014471 2.43264e+13 0.0268259
0.014571 2.44948e+13 0.0270814
0.014671 2.46632e+13 0.0273376
0.014771 2.48317e+13 0.0275946
0.014871 2.50001e+13 0.0278524
0.014971 2.51686e+13 0.028111
0.015071 2.5337e+13 0.0283704
0.015171 2.55055e+13 0.0286305
0.015271 2.5674e+13 0.0288914
0.015371 2.58424e+13 0.0291531
0.015471 2.60109e+13 0.0294156
0.015571 2.61794e+13 0.0296788
0.015671 2.63478e+13 0.0299428
0.015771 2.65163e+13 0.0302076
0.015871 2.66848e+13 0.0304731
0.015971 2.68533e+13 0.0307394
0.016071 2.70218e+13 0.0310065
0.016171 2.71902e+13 0.0312744
0.016271 2.73587e+13 0.031543
0.016371 2.75272e+13 0.0318124
0.016471 2.76957e+13 0.0320825
0.016571 2.78642e+13 0.0323534
0.016671 2.80327e+13 0.0326251
0.016771 2.82012e+13 0.0328975
0.016871 2.83697e+13 0.0331707
0.016971 2.85382e+13 0.0334446
0.017071 2.87068e+13 0.0337193
0.017171 2.88753e+13 0.0339948
0.017271 2.90438e+13 0.034271
0.017371 2.92123e+13 0.0345479
0.017471 2.93808e+13 0.0348256
0.017571 2.95494e+13 0.0351041
0.017671 2.97179e+13 0.0353833
0.017771 2.98864e+13 0.0356633
0.017871 3.0055e+13 0.035944
0.017971 3.02235e+13 0.0362254
0.018071 3.0392e+13 0.0365076
0.018171 3.05606e+13 0.0367906
0.018271 3.07291e+13 0.0370743
0.018371 3.08977e+13 0.0373587
0.018471 3.10662e+13 0.0376439
0.018571 3.12348e+13 0.0379298
0.018671 3.14033e+13 0.0382164
0.018771 3.15719e+13 0.0385038
0.018871 3.17405e+13 0.038792
0.018971 3.1909e+13 0.0390808
0.019071 3.20776e+13 0.0393705
0.019171 3.22462e+13 0.0396608
0.019271 3.24148e+13 0.0399519
0.019371 3.25833e+13 0.0402437
0.019471 3.27519e+13 0.0405363
0.019571 3.29205e+13 0.0408295
0.019671 3.30891e+13 0.0411236
0.019771 3.32577e+13 0.0414183
0.019871 3.34263e+13 0.0417138
0.019971 3.35949e+13 0.04201
0.020071 3.37634e+13 0.0423069
0.020171 3.3932e+13 0.0426046
0.020271 3.41006e+13 0.042903
0.020371 3.42693e+13 0.0432021
0.020471 3.44379e+13 0.0435019
0.020571 3.46065e+13 0.0438025
0.020671 3.47751e+13 0.0441038
0.020771 3.49437e+13 0.0444058
0.020871 3.51123e+13 0.0447085
0.020971 3.52809e+13 0.045012
0.021071 3.54496e+13 0.0453162
0.021171 3.56182e+13 0.0456211
0.021271 3.57868e+13 0.0459267
0.021371 3.59554e+13 0.046233
0.021471 3.61241e+13 0.0465401
0.021571 3.62927e+13 0.0468479
0.021671 3.64613e+13 0.0471564
0.021771 3.663e+13 0.0474656
0.021871 3.67986e+13 0.0477755
0.021971 3.69673e+13 0.0480861
0.022071 3.71359e+13 0.0483975
0.022171 3.73046e+13 0.0487095
0.022271 3.74732e+13 0.0490223
0.022371 3.76419e+13 0.0493358
0.022471 3.78105e+13 0.04965
0.022571 3.79792e+13 0.0499649
0.022671 3.81478e+13 0.0502805
0.022771 3.83165e+13 0.0505968
0.022871 3.84852e+13 0.0509139
0.022971 3.86538e+13 0.0512316
0.023071 3.88225e+13 0.0515501
0.023171 3.89912e+13 0.0518692
0.023271 3.91599e+13 0.0521891
0.023371 3.93286e+13 0.0525097
0.023471 3.94972e+13 0.052831
0.023571 3.96659e+13 0.0531529
0.023671 3.98346e+13 0.0534756
0.023771 4.00033e+13 0.053799
0.023871 4.0172e+13 0.0541231
0.023971 4.03407e+13 0.0544479
0.024071 4.05094e+13 0.0547734
0.024171 4.06781e+13 0.0550996
0.024271 4.08468e+13 0.0554265
0.024371 4.10155e+13 0.0557541
0.024471 4.11842e+13 0.0560824
0.024571 4.13529e+13 0.0564114
0.024671 4.15216e+13 0.0567411
0.024771 4.16903e+13 0.0570715
0.024871 4.1859e+13 0.0574026
0.024971 4.20278e+13 0.0577344
0.025071 4.21965e+13 0.0580669
0.025171 4.23652e+13 0.0584001
0.025271 4.25339e+13 0.058734
0.025371 4.27027e+13 0.0590685
0.025471 4.28714e+13 0.0594038
0.025571 4.30401e+13 0.0597398
0.025671 4.32089e+13 0.0600764
0.025771 4.33776e+13 0.0604138
0.025871 4.35463e+13 0.0607518
0.025971 4.37151e+13 0.0610906
0.026071 4.38838e+13 0.06143
0.026171 4.40526e+13 0.0617702
0.026271 4.42213e+13 0.062111
0.026371 4.43901e+13 0.0624525
0.026471 4.45588e+13 0.0627947
0.026571 4.47276e+13 0.0631376
0.026671 4.48963e+13 0.0634812
0.026771 4.50651e+13 0.0638254
0.026871 4.52338e+13 0.0641704
0.026971 4.54026e+13 0.0645161
0.027071 4.55714e+13 0.0648624
0.027171 4.57401e+13 0.0652094
0.027271 4.59089e+13 0.0655571
0.027371 4.60777e+13 0.0659056
0.027471 4.62465e+13 0.0662547
0.027571 4.64152e+13 0.0666044
0.027671 4.6584e+13 0.0669549
0.027771 4.67528e+13 0.0673061
0.027871 4.69216e+13 0.0676579
0.027971 4.70904e+13 0.0680104
0.028071 4.72592e+13 0.0683637
0.028171 4.7428e+13 0.0687176
0.028271 4.75968e+13 0.0690721
0.028371 4.77656e+13 0.0694274
0.028471 4.79344e+13 0.0697834
0.028571 4.81032e+13 0.07014
0.028671 4.8272e+13 0.0704973
0.028771 4.84408e+13 0.0708554
0.028871 4.86096e+13 0.071214
0.028971 4.87784e+13 0.0715734
0.029071 4.89472e+13 0.0719335
0.029171 4.9116e+13 0.0722942
0.029271 4.92848e+13 0.0726557
0.029371 4.94536e+13 0.0730178
0.029471 4.96225e+13 0.0733806
0.029571 4.97913e+13 0.0737441
0.029671 4.99601e+13 0.0741082
0.029771 5.01289e+13 0.0744731
0.029871 5.02978e+13 0.0748386
0.029971 5.04666e+13 0.0752048
0.030071 5.06354e+13 0.0755717
0.030171 5.08043e+13 0.0759393
0.030271 5.09731e+13 0.0763075
0.030371 5.11419e+13 0.0766765
0.030471 5.13108e+13 0.0770461
0.030571 5.14796e+13 0.0774164
0.030671 5.16485e+13 0.0777874
0.030771 5.18173e+13 0.078159
0.030871 5.19862e+13 0.0785314
0.030971 5.2155e+13 0.0789044
0.031071 5.23239e+13 0.0792781
0.031171 5.24927e+13 0.0796525
0.031271 5.26616e+13 0.0800276
0.031371 5.28305e+13 0.0804033
0.031471 5.29993e+13 0.0807797
0.031571 5.31682e+13 0.0811568
0.031671 5.33371e+13 0.0815346
0.031771 5.35059e+13 0.0819131
0.031871 5.36748e+13 0.0822923
0.031971 5.38437e+13 0.0826721
0.032071 5.40126e+13 0.0830526
0.032171 5.41814e+13 0.0834338
0.032271 5.43503e+13 0.0838157
0.032371 5.45192e+13 0.0841982
0.032471 5.46881e+13 0.0845815
0.032571 5.4857e+13 0.0849654
0.032671 5.50259e+13 0.08535
0.032771 5.51948e+13 0.0857353
0.032871 5.53636e+13 0.0861213
0.032971 5.55325e+13 0.0865079
0.033071 5.57014e+13 0.0868952
0.033171 5.58703e+13 0.0872832
0.033271 5.60392e+13 0.0876719
0.033371 5.62081e+13 0.0880613
0.033471 5.6377e+13 0.0884513
0.033571 5.6546e+13 0.0888421
0.033671 5.67149e+13 0.0892335
0.033771 5.68838e+13 0.0896256
0.033871 5.70527e+13 0.0900183
0.033971 5.72216e+13 0.0904118
0.034071 5.73905e+13 0.0908059
0.034171 5.75594e+13 0.0912008
0.034271 5.77284e+13 0.0915963
0.034371 5.78973e+13 0.0919925
0.034471 5.80662e+13 0.0923893
0.034571 5.82352e+13 0.0927869
0.034671 5.84041e+13 0.0931851
0.034771 5.8573e+13 0.093584
0.034871 5.87419e+13 0.0939836
0.034971 5.89109e+13 0.0943839
0.035071 5.90798e+13 0.0947849
0.035171 5.92488e+13 0.0951865
0.035271 5.94177e+13 0.0955889
0.035371 5.95867e+13 0.0959919
0.035471 5.97556e+13 0.0963956
0.035571 5.99245e+13 0.0968
0.035671 6.00935e+13 0.0972051
0.035771 6.02625e+13 0.0976108
0.035871 6.04314e+13 0.0980173
0.035971 6.06004e+13 0.0984244
0.036071 6.07693e+13 0.0988322
0.036171 6.09383e+13 0.0992407
0.036271 6.11072e+13 0.0996499
0.036371 6.12762e+13 0.10006
0.036471 6.14452e+13 0.10047
0.036571 6.16141e+13 0.100882
0.036671 6.17831e+13 0.101294
0.036771 6.19521e+13 0.101706
0.036871 6.21211e+13 0.102119
0.036971 6.229e+13 0.102533
0.037071 6.2459e+13 0.102948
0.037171 6.2628e+13 0.103364
0.037271 6.2797e+13 0.10378
0.037371 6.2966e+13 0.104196
0.037471 6.3135e+13 0.104614
0.037571 6.33039e+13 0.105032
0.037671 6.34729e+13 0.105451
0.037771 6.36419e+13 0.10587
0.037871 6.38109e+13 0.10629
0.037971 6.39799e+13 0.106711
0.038071 6.41489e+13 0.107133
0.038171 6.43179e+13 0.107555
0.038271 6.44869e+13 0.107978
0.038371 6.46559e+13 0.108402
0.038471 6.48249e+13 0.108826
0.038571 6.49939e+13 0.109251
0.038671 6.5163e+13 0.109677
0.038771 6.5332e+13 0.110104
0.038871 6.5501e+13 0.110531
0.038971 6.567e+13 0.110958
0.039071 6.5839e+13 0.111387
0.039171 6.6008e+13 0.111816
0.039271 6.61771e+13 0.112246
0.039371 6.63461e+13 0.112677
0.039471 6.65151e+13 0.113108
0.039571 6.66841e+13 0.11354
0.039671 6.68532e+13 0.113973
0.039771 6.70222e+13 0.114406
0.039871 6.71912e+13 0.11484
0.039971 6.73603e+13 0.115275
0.040071 6.75293e+13 0.115711
0.040171 6.76983e+13 0.116147
0.040271 6.78674e+13 0.116584
0.040371 6.80364e+13 0.117021
0.040471 6.82055e+13 0.11746
0.040571 6.83745e+13 0.117899
0.040671 6.85436e+13 0.118338
0.040771 6.87126e+13 0.118779
0.040871 6.88817e+13 0.11922
0.040971 6.90507e+13 0.119662
0.041071 6.92198e+13 0.120104
0.041171 6.93889e+13 0.120548
0.041271 6.95579e+13 0.120992
0.041371 6.9727e+13 0.121436
0.041471 6.9896e+13 0.121882
0.041571 7.00651e+13 0.122328
0.041671 7.02342e+13 0.122774
0.041771 7.04032e+13 0.123222
0.041871 7.05723e+13 0.12367
0.041971 7.07414e+13 0.124119
0.042071 7.09105e+13 0.124569
0.042171 7.10795e+13 0.125019
0.042271 7.12486e+13 0.12547
0.042371 7.14177e+13 0.125922
0.042471 7.15868e+13 0.126374
0.042571 7.17559e+13 0.126827
0.042671 7.1925e+13 0.127281
0.042771 7.20941e+13 0.127736
0.042871 7.22631e+13 0.128191
0.042971 7.24322e+13 0.128647
0.043071 7.26013e+13 0.129104
0.043171 7.27704e+13 0.129561
0.043271 7.29395e+13 0.130019
0.043371 7.31086e+13 0.130478
0.043471 7.32777e+13 0.130938
0.043571 7.34468e+13 0.131398
0.043671 7.36159e+13 0.131859
0.043771 7.37851e+13 0.132321
0.043871 7.39542e+13 0.132784
0.043971 7.41233e+13 0.133247
0.044071 7.42924e+13 0.133711
0.044171 7.44615e+13 0.134175
0.044271 7.46306e+13 0.134641
0.044371 7.47997e+13 0.135107
0.044471 7.49689e+13 0.135574
0.044571 7.5138e+13 0.136041
0.044671 7.53071e+13 0.13651
0.044771 7.54762e+13 0.136979
0.044871 7.56454e+13 0.137448
0.044971 7.58145e+13 0.137919
0.045071 7.59836e+13 0.13839
0.045171 7.61528e+13 0.138862
0.045271 7.63219e+13 0.139335
0.045371 7.6491e+13 0.139808
0.045471 7.66602e+13 0.140282
0.045571 7.68293e+13 0.140757
0.045671 7.69985e+13 0.141232
0.045771 7.71676e+13 0.141709
0.045871 7.73368e+13 0.142186
0.045971 7.75059e+13 0.142664
0.046071 7.76751e+13 0.143142
0.046171 7.78442e+13 0.143621
0.046271 7.80134e+13 0.144101
0.046371 7.81825e+13 0.144582
0.046471 7.83517e+13 0.145064
0.046571 7.85208e+13 0.145546
0.046671 7.869e+13 0.146029
0.046771 7.88592e+13 0.146512
0.046871 7.90283e+13 0.146997
0.046971 7.91975e+13 0.147482
0.047071 7.93667e+13 0.147968
0.047171 7.95358e+13 0.148455
0.047271 7.9705e+13 0.148942
0.047371 7.98742e+13 0.14943
0.047471 8.00434e+13 0.149919
0.047571 8.02125e+13 0.150409
0.047671 8.03817e+13 0.150899
0.047771 8.05509e+13 0.15139
0.047871 8.07201e+13 0.151882
0.047971 8.08893e+13 0.152375
0.048071 8.10585e+13 0.152868
0.048171 8.12277e+13 0.153362
0.048271 8.13968e+13 0.153857
0.048371 8.1566e+13 0.154353
0.048471 8.17352e+13 0.154849
0.048571 8.19044e+13 0.155346
0.048671 8.20736e+13 0.155844
0.048771 8.22428e+13 0.156343
0.048871 8.2412e+13 0.156842
0.048971 8.25812e+13 0.157343
0.049071 8.27504e+13 0.157843
0.049171 8.29196e+13 0.158345
0.049271 8.30889e+13 0.158848
0.049371 8.32581e+13 0.159351
0.049471 8.34273e+13 0.159855
0.049571 8.35965e+13 0.16036
0.049671 8.37657e+13 0.160865
0.049771 8.39349e+13 0.161371
0.049871 8.41042e+13 0.161878
0.049971 8.42734e+13 0.162386
0.050071 8.44426e+13 0.162895
0.050171 8.46118e+13 0.163404
0.050271 8.47811e+13 0.163914
0.050371 8.49503e+13 0.164425
0.050471 8.51195e+13 0.164937
0.050571 8.52887e+13 0.165449
0.050671 8.5458e+13 0.165962
0.050771 8.56272e+13 0.166476
0.050871 8.57965e+13 0.166991
0.050971 8.59657e+13 0.167507
0.051071 8.61349e+13 0.168023
0.051171 8.63042e+13 0.16854
0.051271 8.64734e+13 0.169058
0.051371 8.66427e+13 0.169577
0.051471 8.68119e+13 0.170096
0.051571 8.69812e+13 0.170616
0.051671 8.71504e+13 0.171137
0.051771 8.73197e+13 0.171659
0.051871 8.74889e+13 0.172181
0.051971 8.76582e+13 0.172705
0.052071 8.78275e+13 0.173229
0.052171 8.79967e+13 0.173754
0.052271 8.8166e+13 0.174279
0.052371 8.83352e+13 0.174806
0.052471 8.85045e+13 0.175333
0.052571 8.86738e+13 0.175861
0.052671 8.88431e+13 0.17639
0.052771 8.90123e+13 0.17692
0.052871 8.91816e+13 0.17745
0.052971 8.93509e+13 0.177981
0.053071 8.95202e+13 0.178513
0.053171 8.96894e+13 0.179046
0.053271 8.98587e+13 0.17958
0.053371 9.0028e+13 0.180114
0.053471 9.01973e+13 0.180649
0.053571 9.03666e+13 0.181185
0.053671 9.05359e+13 0.181722
0.053771 9.07051e+13 0.18226
0.053871 9.08744e+13 0.182798
0.053971 9.10437e+13 0.183337
0.054071 9.1213e+13 0.183877
0.054171 9.13823e+13 0.184418
0.054271 9.15516e+13 0.18496
0.054371 9.17209e+13 0.185502
0.054471 9.18902e+13 0.186045
0.054571 9.20595e+13 0.186589
0.054671 9.22288e+13 0.187134
0.054771 9.23981e+13 0.18768
0.054871 9.25675e+13 0.188226
0.054971 9.27368e+13 0.188773
0.055071 9.29061e+13 0.189321
0.055171 9.30754e+13 0.18987
0.055271 9.32447e+13 0.19042
0.055371 9.3414e+13 0.190971
0.055471 9.35833e+13 0.191522
0.055571 9.37527e+13 0.192074
0.055671 9.3922e+13 0.192627
0.055771 9.40913e+13 0.193181
0.055871 9.42606e+13 0.193735
0.055971 9.443e+13 0.194291
0.056071 9.45993e+13 0.194847
0.056171 9.47686e+13 0.195404
0.056271 9.4938e+13 0.195962
0.056371 9.51073e+13 0.196521
0.056471 9.52766e+13 0.19708
0.056571 9.5446e+13 0.197641
0.056671 9.56153e+13 0.198202
0.056771 9.57847e+13 0.198764
0.056871 9.5954e+13 0.199327
0.056971 9.61234e+13 0.199891
0.057071 9.62927e+13 0.200455
0.057171 9.64621e+13 0.201021
0.057271 9.66314e+13 0.201587
0.057371 9.68008e+13 0.202154
0.057471 9.69701e+13 0.202722
0.057571 9.71395e+13 0.20329
0.057671 9.73088e+13 0.20386
0.057771 9.74782e+13 0.20443
0.057871 9.76476e+13 0.205002
0.057971 9.78169e+13 0.205574
0.058071 9.79863e+13 0.206147
0.058171 9.81557e+13 0.20672
0.058271 9.8325e+13 0.207295
0.058371 9.84944e+13 0.20787
0.058471 9.86638e+13 0.208447
0.058571 9.88331e+13 0.209024
0.058671 9.90025e+13 0.209602
0.058771 9.91719e+13 0.210181
0.058871 9.93413e+13 0.21076
0.058971 9.95107e+13 0.211341
0.059071 9.968e+13 0.211922
0.059171 9.98494e+13 0.212504
0.059271 1.00019e+14 0.213088
0.059371 1.00188e+14 0.213671
0.059471 1.00358e+14 0.214256
0.059571 1.00527e+14 0.214842
0.059671 1.00696e+14 0.215428
0.059771 1.00866e+14 0.216016
0.059871 1.01035e+14 0.216604
0.059971 1.01205e+14 0.217193
0.060071 1.01374e+14 0.217783
0.060171 1.01543e+14 0.218374
0.060271 1.01713e+14 0.218966
0.060371 1.01882e+14 0.219558
0.060471 1.02052e+14 0.220152
0.060571 1.02221e+14 0.220746
0.060671 1.0239e+14 0.221341
0.060771 1.0256e+14 0.221937
0.060871 1.02729e+14 0.222534
0.060971 1.02899e+14 0.223132
0.061071 1.03068e+14 0.223731
0.061171 1.03238e+14 0.22433
0.061271 1.03407e+14 0.22493
0.061371 1.03576e+14 0.225532
0.061471 1.03746e+14 0.226134
0.061571 1.03915e+14 0.226737
0.061671 1.04085e+14 0.227341
0.061771 1.04254e+14 0.227946
0.061871 1.04423e+14 0.228551
0.061971 1.04593e+14 0.229158
0.062071 1.04762e+14 0.229765
0.062171 1.04932e+14 0.230374
0.062271 1.05101e+14 0.230983
0.062371 1.05271e+14 0.231593
0.062471 1.0544e+14 0.232204
0.062571 1.0561e+14 0.232816
0.062671 1.05779e+14 0.233428
0.062771 1.05948e+14 0.234042
0.062871 1.06118e+14 0.234657
0.062971 1.06287e+14 0.235272
0.063071 1.06457e+14 0.235888
0.063171 1.06626e+14 0.236506
0.063271 1.06796e+14 0.237124
0.063371 1.06965e+14 0.237743
0.063471 1.07135e+14 0.238363
0.063571 1.07304e+14 0.238983
0.063671 1.07474e+14 0.239605
0.063771 1.07643e+14 0.240228
0.063871 1.07813e+14 0.240851
0.063971 1.07982e+14 0.241475
0.064071 1.08151e+14 0.242101
0.064171 1.08321e+14 0.242727
0.064271 1.0849e+14 0.243354
0.064371 1.0866e+14 0.243982
0.064471 1.08829e+14 0.244611
0.064571 1.08999e+14 0.245241
0.064671 1.09168e+14 0.245872
0.064771 1.09338e+14 0.246503
0.064871 1.09507e+14 0.247136
0.064971 1.09677e+14 0.247769
0.065071 1.09846e+14 0.248404
0.065171 1.10016e+14 0.249039
0.065271 1.10185e+14 0.249675
0.065371 1.10355e+14 0.250312
0.065471 1.10524e+14 0.25095
0.065571 1.10694e+14 0.251589
0.065671 1.10863e+14 0.252229
0.065771 1.11033e+14 0.25287
0.065871 1.11202e+14 0.253512
0.065971 1.11372e+14 0.254154
0.066071 1.11541e+14 0.254798
0.066171 1.11711e+14 0.255442
0.066271 1.1188e+14 0.256088
0.066371 1.1205e+14 0.256734
0.066471 1.12219e+14 0.257381
0.066571 1.12389e+14 0.258029
0.066671 1.12558e+14 0.258678
0.066771 1.12728e+14 0.259328
0.066871 1.12897e+14 0.259979
0.066971 1.13067e+14 0.260631
0.067071 1.13236e+14 0.261284
0.067171 1.13406e+14 0.261938
0.067271 1.13575e+14 0.262593
0.067371 1.13745e+14 0.263248
0.067471 1.13914e+14 0.263905
0.067571 1.14084e+14 0.264562
0.067671 1.14254e+14 0.265221
0.067771 1.14423e+14 0.26588
0.067871 1.14593e+14 0.26654
0.067971 1.14762e+14 0.267202
0.068071 1.14932e+14 0.267864
0.068171 1.15101e+14 0.268527
0.068271 1.15271e+14 0.269191
0.068371 1.1544e+14 0.269856
0.068471 1.1561e+14 0.270522
0.068571 1.15779e+14 0.271189
0.068671 1.15949e+14 0.271857
0.068771 1.16119e+14 0.272525
0.068871 1.16288e+14 0.273195
0.068971 1.16458e+14 0.273866
0.069071 1.16627e+14 0.274537
0.069171 1.16797e+14 0.27521
0.069271 1.16966e+14 0.275884
0.069371 1.17136e+14 0.276558
0.069471 1.17305e+14 0.277233
0.069571 1.17475e+14 0.27791
0.069671 1.17645e+14 0.278587
0.069771 1.17814e+14 0.279265
0.069871 1.17984e+14 0.279945
0.069971 1.18153e+14 0.280625
0.070071 1.18323e+14 0.281306
0.070171 1.18492e+14 0.281988
0.070271 1.18662e+14 0.282671
0.070371 1.18832e+14 0.283355
0.070471 1.19001e+14 0.28404
0.070571 1.19171e+14 0.284726
0.070671 1.1934e+14 0.285413
0.070771 1.1951e+14 0.286101
0.070871 1.19679e+14 0.28679
0.070971 1.19849e+14 0.28748
0.071071 1.20019e+14 0.28817
0.071171 1.20188e+14 0.288862
0.071271 1.20358e+14 0.289555
0.071371 1.20527e+14 0.290249
0.071471 1.20697e+14 0.290943
0.071571 1.20867e+14 0.291639
0.071671 1.21036e+14 0.292335
0.071771 1.21206e+14 0.293033
0.071871 1.21375e+14 0.293731
0.071971 1.21545e+14 0.294431
0.072071 1.21715e+14 0.295131
0.072171 1.21884e+14 0.295833
0.072271 1.22054e+14 0.296535
0.072371 1.22224e+14 0.297239
0.072471 1.22393e+14 0.297943
0.072571 1.22563e+14 0.298648
0.072671 1.22732e+14 0.299355
0.072771 1.22902e+14 0.300062
0.072871 1.23072e+14 0.30077
0.072971 1.23241e+14 0.301479
0.073071 1.23411e+14 0.302189
0.073171 1.2358e+14 0.302901
0.073271 1.2375e+14 0.303613
0.073371 1.2392e+14 0.304326
0.073471 1.24089e+14 0.30504
0.073571 1.24259e+14 0.305755
0.073671 1.24429e+14 0.306471
0.073771 1.24598e+14 0.307188
0.073871 1.24768e+14 0.307906
0.073971 1.24938e+14 0.308625
0.074071 1.25107e+14 0.309345
0.074171 1.25277e+14 0.310066
0.074271 1.25447e+14 0.310788
0.074371 1.25616e+14 0.311511
0.074471 1.25786e+14 0.312235
0.074571 1.25955e+14 0.31296
0.074671 1.26125e+14 0.313686
0.074771 1.26295e+14 0.314413
0.074871 1.26464e+14 0.31514
0.074971 1.26634e+14 0.315869
0.075071 1.26804e+14 0.316599
0.075171 1.26973e+14 0.31733
0.075271 1.27143e+14 0.318062
0.075371 1.27313e+14 0.318795
0.075471 1.27482e+14 0.319528
0.075571 1.27652e+14 0.320263
0.075671 1.27822e+14 0.320999
0.075771 1.27991e+14 0.321736
0.075871 1.28161e+14 0.322473
0.075971 1.28331e+14 0.323212
0.076071 1.285e+14 0.323952
0.076171 1.2867e+14 0.324692
0.076271 1.2884e+14 0.325434
0.076371 1.29009e+14 0.326177
0.076471 1.29179e+14 0.32692
0.076571 1.29349e+14 0.327665
0.076671 1.29519e+14 0.32841
0.076771 1.29688e+14 0.329157
0.076871 1.29858e+14 0.329905
0.076971 1.30028e+14 0.330653
0.077071 1.30197e+14 0.331403
0.077171 1.30367e+14 0.332153
0.077271 1.30537e+14 0.332905
0.077371 1.30706e+14 0.333657
0.077471 1.30876e+14 0.334411
0.077571 1.31046e+14 0.335166
0.077671 1.31216e+14 0.335921
0.077771 1.31385e+14 0.336678
0.077871 1.31555e+14 0.337435
0.077971 1.31725e+14 0.338193
0.078071 1.31894e+14 0.338953
0.078171 1.32064e+14 0.339713
0.078271 1.32234e+14 0.340475
0.078371 1.32404e+14 0.341237
0.078471 1.32573e+14 0.342001
0.078571 1.32743e+14 0.342765
0.078671 1.32913e+14 0.34353
0.078771 1.33082e+14 0.344297
0.078871 1.33252e+14 0.345064
0.078971 1.33422e+14 0.345832
0.079071 1.33592e+14 0.346602
0.079171 1.33761e+14 0.347372
0.079271 1.33931e+14 0.348143
0.079371 1.34101e+14 0.348916
0.079471 1.34271e+14 0.349689
0.079571 1.3444e+14 0.350463
0.079671 1.3461e+14 0.351238
0.079771 1.3478e+14 0.352015
0.079871 1.34949e+14 0.352792
0.079971 1.35119e+14 0.35357
0.080071 1.35289e+14 0.354349
0.080171 1.35459e+14 0.355129
0.080271 1.35628e+14 0.355911
0.080371 1.35798e+14 0.356693
0.080471 1.35968e+14 0.357476
0.080571 1.36138e+14 0.35826
0.080671 1.36307e+14 0.359045
0.080771 1.36477e+14 0.359831
0.080871 1.36647e+14 0.360618
0.080971 1.36817e+14 0.361406
0.081071 1.36987e+14 0.362195
0.081171 1.37156e+14 0.362985
0.081271 1.37326e+14 0.363776
0.081371 1.37496e+14 0.364568
0.081471 1.37666e+14 0.365361
0.081571 1.37835e+14 0.366155
0.081671 1.38005e+14 0.36695
0.081771 1.38175e+14 0.367745
0.081871 1.38345e+14 0.368542
0.081971 1.38514e+14 0.36934
0.082071 1.38684e+14 0.370139
0.082171 1.38854e+14 0.370939
0.082271 1.39024e+14 0.371739
0.082371 1.39194e+14 0.372541
0.082471 1.39363e+14 0.373344
0.082571 1.39533e+14 0.374148
0.082671 1.39703e+14 0.374952
0.082771 1.39873e+14 0.375758
0.082871 1.40043e+14 0.376565
0.082971 1.40212e+14 0.377372
0.083071 1.40382e+14 0.378181
0.083171 1.40552e+14 0.378991
0.083271 1.40722e+14 0.379801
0.083371 1.40892e+14 0.380613
0.083471 1.41061e+14 0.381425
0.083571 1.41231e+14 0.382239
0.083671 1.41401e+14 0.383054
0.083771 1.41571e+14 0.383869
0.083871 1.41741e+14 0.384686
0.083971 1.4191e+14 0.385504
0.084071 1.4208e+14 0.386322
0.084171 1.4225e+14 0.387142
0.084271 1.4242e+14 0.387963
0.084371 1.4259e+14 0.388785
0.084471 1.4276e+14 0.389608
0.084571 1.42929e+14 0.390431
0.084671 1.43099e+14 0.391256
0.084771 1.43269e+14 0.392082
0.084871 1.43439e+14 0.39291
0.084971 1.43609e+14 0.393738
0.085071 1.43779e+14 0.394567
0.085171 1.43948e+14 0.395398
0.085271 1.44118e+14 0.396229
0.085371 1.44288e+14 0.397062
0.085471 1.44458e+14 0.397896
0.085571 1.44628e+14 0.398731
0.085671 1.44798e+14 0.399567
0.085771 1.44967e+14 0.400404
0.085871 1.45137e+14 0.401243
0.085971 1.45307e+14 0.402083
0.086071 1.45477e+14 0.402924
0.086171 1.45647e+14 0.403767
0.086271 1.45817e+14 0.404611
0.086371 1.45986e+14 0.394844
0.087371 1.47685e+14 0.404668
0.088371 1.49384e+14 0.414694
0.089371 1.51083e+14 0.424925
0.090371 1.52782e+14 0.435363
0.091371 1.54481e+14 0.446011
0.092371 1.5618e+14 0.456874
0.093371 1.5788e+14 0.467953
0.094371 1.5958e+14 0.479251
0.095371 1.6128e+14 0.490773
0.096371 1.62981e+14 0.502519
0.097371 1.64681e+14 0.514494
0.098371 1.66382e+14 0.5267
0.099371 1.68083e+14 0.53914
0.100371 1.69784e+14 0.551817
0.101371 1.71486e+14 0.564734
0.102371 1.73187e+14 0.577893
0.103371 1.74889e+14 0.591298
0.104371 1.76592e+14 0.60495
0.105371 1.78294e+14 0.618854
0.106371 1.79997e+14 0.63301
0.107371 1.817e+14 0.647423
0.108371 1.83403e+14 0.662095
0.109371 1.85106e+14 0.677029
0.110371 1.8681e+14 0.692226
0.111371 1.88514e+14 0.70769
0.112371 1.90218e+14 0.723424
0.113371 1.91922e+14 0.73943
0.114371 1.93627e+14 0.75571
0.115371 1.95332e+14 0.772268
0.116371 1.97037e+14 0.789105
0.117371 1.98742e+14 0.806224
0.118371 2.00448e+14 0.823628
0.119371 2.02154e+14 0.841319
0.120371 2.0386e+14 0.859299
0.121371 2.05566e+14 0.877572
0.122371 2.07273e+14 0.896139
0.123371 2.0898e+14 0.915003
0.124371 2.10687e+14 0.934166
0.125371 2.12395e+14 0.953552
0.130371 2.20937e+14 1.05371
0.135371 2.29486e+14 1.16095
0.140371 2.38042e+14 1.27601
0.145371 2.46606e+14 1.39935
0.150371 2.55177e+14 1.53135
0.155371 2.63757e+14 1.67236
0.160371 2.72345e+14 1.82271
0.165371 2.80941e+14 1.9827
0.170371 2.89547e+14 2.15264
0.175371 2.98161e+14 2.3328
0.180371 3.06785e+14 2.52349
0.185371 3.15418e+14 2.72498
0.190371 3.24061e+14 2.93755
0.195371 3.32715e+14 3.1615
0.200371 3.41379e+14 3.3971
0.205371 3.50053e+14 3.64465
0.210371 3.58739e+14 3.90445
0.215371 3.67436e+14 4.17679
0.220371 3.76144e+14 4.46198
0.225371 3.84864e+14 4.76034
0.230371 3.93596e+14 5.0722
0.235371 4.0234e+14 5.39789
0.240371 4.11097e+14 5.73775
0.245371 4.19867e+14 6.09215
0.250371 4.2865e+14 6.46145
0.255371 4.37446e+14 6.84603
0.260371 4.46256e+14 7.24629
0.265371 4.5508e+14 7.66264
0.270371 4.63918e+14 8.09549
0.275371 4.7277e+14 8.54528
0.280371 4.81638e+14 9.01246
0.285371 4.9052e+14 9.49749
0.290371 4.99418e+14 10.0009
0.295371 5.08332e+14 10.523
0.300371 5.17261e+14 11.0645
0.305371 5.26207e+14 11.6259
0.310371 5.3517e+14 12.2076
0.315371 5.4415e+14 12.8102
0.320371 5.53147e+14 13.4343
0.325371 5.62162e+14 14.0804
0.330371 5.71194e+14 14.7491
0.335371 5.80245e+14 15.441
0.340371 5.89315e+14 16.1567
0.345371 5.98404e+14 16.8968
0.350371 6.07512e+14 17.6619
0.355371 6.1664e+14 18.4525
0.360371 6.25789e+14 19.2694
0.365371 6.34957e+14 20.1132
0.370371 6.44147e+14 20.9844
0.375371 6.53358e+14 21.8837
0.380371 6.62591e+14 22.8118
0.385371 6.71846e+14 23.7693
0.390371 6.81123e+14 24.7567
0.395371 6.90423e+14 25.7748
0.400371 6.99747e+14 26.8242
0.405371 7.09094e+14 27.9055
0.410371 7.18465e+14 29.0194
0.415371 7.27862e+14 30.1666
0.420371 7.37283e+14 31.3477
0.425371 7.46729e+14 32.5633
0.430371 7.56201e+14 33.8143
0.435371 7.657e+14 35.1012
0.440371 7.75225e+14 36.425
0.445371 7.84778e+14 37.7864
0.450371 7.94358e+14 39.1862
0.455371 8.03967e+14 40.6255
0.460371 8.13604e+14 42.1052
0.465371 8.2327e+14 43.6266
0.470371 8.32965e+14 45.1908
0.475371 8.42691e+14 46.7994
0.480371 8.52447e+14 48.4542
0.485371 8.62235e+14 50.1572
0.490371 8.72054e+14 51.9111
0.495371 8.81906e+14 53.7194
0.500371 8.91791e+14 55.5892
0.505371 9.01709e+14 57.5228
0.510371 9.11663e+14 59.5139
0.515371 9.21651e+14 61.5413
0.520371 9.31676e+14 63.6938
0.525371 9.41738e+14 65.8757
0.530371 9.51837e+14 68.0823
0.535371 9.61974e+14 70.3757
0.540371 9.72151e+14 72.841
0.545371 9.82368e+14 75.2806
0.550371 9.92627e+14 77.8773
