1e-10 165824 6.76811e-13
1.02e-10 169140 6.99537e-13
1.0404e-10 172523 7.23014e-13
1.06121e-10 175973 7.47269e-13
1.08243e-10 179493 7.72325e-13
1.10408e-10 183083 7.98209e-13
1.12616e-10 186744 8.24949e-13
1.14869e-10 190479 8.52571e-13
1.17166e-10 194289 8.81105e-13
1.19509e-10 198175 9.10579e-13
1.21899e-10 202138 9.41025e-13
1.24337e-10 206181 9.72474e-13
1.26824e-10 210305 1.00496e-12
1.29361e-10 214511 1.03851e-12
1.31948e-10 218801 1.07317e-12
1.34587e-10 223177 1.10897e-12
1.37279e-10 227641 1.14594e-12
1.40024e-10 232194 1.18413e-12
1.42825e-10 236838 1.22357e-12
1.45681e-10 241574 1.2643e-12
1.48595e-10 246406 1.30637e-12
1.51567e-10 251334 1.34982e-12
1.54598e-10 256361 1.39469e-12
1.5769e-10 261488 1.44102e-12
1.60844e-10 266718 1.48888e-12
1.64061e-10 272052 1.5383e-12
1.67342e-10 277493 1.58933e-12
1.70689e-10 283043 1.64203e-12
1.74102e-10 288704 1.69645e-12
1.77584e-10 294478 1.75264e-12
1.81136e-10 300368 1.81067e-12
1.84759e-10 306376 1.87058e-12
1.88454e-10 312503 1.93245e-12
1.92223e-10 318753 1.99633e-12
1.96068e-10 325128 2.06228e-12
1.99989e-10 331631 2.13038e-12
2.03989e-10 338264 2.2007e-12
2.08069e-10 345029 2.27329e-12
2.1223e-10 351930 2.34824e-12
2.16474e-10 358968 2.42562e-12
2.20804e-10 366148 2.5055e-12
2.2522e-10 373471 2.58798e-12
2.29724e-10 380940 2.67312e-12
2.34319e-10 388559 2.76101e-12
2.39005e-10 396331 2.85174e-12
2.43785e-10 404257 2.94541e-12
2.48661e-10 412343 3.0421e-12
2.53634e-10 420590 3.1419e-12
2.58707e-10 429001 3.24493e-12
2.63881e-10 437582 3.35127e-12
2.69159e-10 446333 3.46104e-12
2.74542e-10 455260 3.57434e-12
2.80033e-10 464365 3.69128e-12
2.85633e-10 473653 3.81198e-12
2.91346e-10 483126 3.93655e-12
2.97173e-10 492789 4.06512e-12
3.03117e-10 502645 4.19782e-12
3.09179e-10 512698 4.33476e-12
3.15362e-10 522952 4.4761e-12
3.2167e-10 533411 4.62195e-12
3.28103e-10 544079 4.77247e-12
3.34665e-10 554961 4.9278e-12
3.41358e-10 566061 5.08809e-12
3.48186e-10 577382 5.2535e-12
3.55149e-10 588930 5.42418e-12
3.62252e-10 600709 5.6003e-12
3.69497e-10 612723 5.78203e-12
3.76887e-10 624978 5.96955e-12
3.84425e-10 637477 6.16302e-12
3.92114e-10 650227 6.36265e-12
3.99956e-10 663232 6.56862e-12
4.07955e-10 676497 6.78112e-12
4.16114e-10 690027 7.00036e-12
4.24436e-10 703828 7.22655e-12
4.32925e-10 717905 7.4599e-12
4.41584e-10 732263 7.70064e-12
4.50415e-10 746909 7.94899e-12
4.59424e-10 761847 8.20518e-12
4.68612e-10 777084 8.46947e-12
4.77984e-10 792626 8.7421e-12
4.87544e-10 808479 9.02332e-12
4.97295e-10 824649 9.3134e-12
5.07241e-10 841142 9.61261e-12
5.17386e-10 857966 9.92123e-12
5.27733e-10 875125 1.02396e-11
5.38288e-10 892628 1.05679e-11
5.49054e-10 910481 1.09065e-11
5.60035e-10 928691 1.12558e-11
5.71235e-10 947265 1.1616e-11
5.8266e-10 966211 1.19874e-11
5.94313e-10 985536 1.23705e-11
6.062e-10 1.00525e+06 1.27656e-11
6.18324e-10 1.02535e+06 1.3173e-11
6.3069e-10 1.04586e+06 1.35932e-11
6.43304e-10 1.06678e+06 1.40264e-11
6.5617e-10 1.08811e+06 1.44732e-11
6.69293e-10 1.10988e+06 1.49339e-11
6.82679e-10 1.13207e+06 1.54089e-11
6.96333e-10 1.15472e+06 1.58987e-11
7.10259e-10 1.17781e+06 1.64037e-11
7.24465e-10 1.20137e+06 1.69243e-11
7.38954e-10 1.2254e+06 1.74612e-11
7.53733e-10 1.2499e+06 1.80147e-11
7.68808e-10 1.2749e+06 1.85853e-11
7.84184e-10 1.3004e+06 1.91736e-11
7.99867e-10 1.32641e+06 1.978e-11
8.15865e-10 1.35294e+06 2.04053e-11
8.32182e-10 1.38e+06 2.10498e-11
8.48826e-10 1.4076e+06 2.17142e-11
8.65802e-10 1.43575e+06 2.23991e-11
8.83118e-10 1.46447e+06 2.31051e-11
9.00781e-10 1.49376e+06 2.38328e-11
9.18796e-10 1.52364e+06 2.45829e-11
9.37172e-10 1.55411e+06 2.53561e-11
9.55916e-10 1.58519e+06 2.6153e-11
9.75034e-10 1.6169e+06 2.69743e-11
9.94535e-10 1.64924e+06 2.78208e-11
1.01443e-09 1.68222e+06 2.86933e-11
1.03471e-09 1.71587e+06 2.95924e-11
1.05541e-09 1.75018e+06 3.05191e-11
1.07652e-09 1.78519e+06 3.1474e-11
1.09805e-09 1.82089e+06 3.24582e-11
1.12001e-09 1.85731e+06 3.34723e-11
1.14241e-09 1.89446e+06 3.45173e-11
1.16526e-09 1.93235e+06 3.55942e-11
1.18856e-09 1.971e+06 3.67039e-11
1.21233e-09 2.01042e+06 3.78472e-11
1.23658e-09 2.05063e+06 3.90254e-11
1.26131e-09 2.09165e+06 4.02392e-11
1.28654e-09 2.13348e+06 4.14899e-11
1.31227e-09 2.17615e+06 4.27785e-11
1.33851e-09 2.21968e+06 4.41062e-11
1.36528e-09 2.26407e+06 4.5474e-11
1.39259e-09 2.30935e+06 4.68831e-11
1.42044e-09 2.35554e+06 4.83348e-11
1.44885e-09 2.40265e+06 4.98303e-11
1.47783e-09 2.45071e+06 5.13709e-11
1.50738e-09 2.49973e+06 5.2958e-11
1.53753e-09 2.54972e+06 5.45928e-11
1.56828e-09 2.60072e+06 5.62768e-11
1.59965e-09 2.65273e+06 5.80114e-11
1.63164e-09 2.70579e+06 5.97981e-11
1.66427e-09 2.75991e+06 6.16384e-11
1.69756e-09 2.81511e+06 6.35339e-11
1.73151e-09 2.87141e+06 6.54862e-11
1.76614e-09 2.92885e+06 6.74969e-11
1.80146e-09 2.98742e+06 6.95678e-11
1.83749e-09 3.04718e+06 7.17005e-11
1.87424e-09 3.10812e+06 7.3897e-11
1.91173e-09 3.17029e+06 7.61589e-11
1.94996e-09 3.2337e+06 7.84883e-11
1.98896e-09 3.29837e+06 8.08871e-11
2.02874e-09 3.36434e+06 8.33573e-11
2.06931e-09 3.43163e+06 8.59009e-11
2.1107e-09 3.50027e+06 8.85202e-11
2.15291e-09 3.57028e+06 9.12171e-11
2.19597e-09 3.64169e+06 9.39941e-11
2.23989e-09 3.71452e+06 9.68534e-11
2.28469e-09 3.78882e+06 9.97974e-11
2.33038e-09 3.8646e+06 1.02829e-10
2.37699e-09 3.94189e+06 1.05949e-10
2.42453e-09 4.02073e+06 1.09162e-10
2.47302e-09 4.10115e+06 1.1247e-10
2.52248e-09 4.18318e+06 1.15875e-10
2.57293e-09 4.26685e+06 1.19381e-10
2.62439e-09 4.35219e+06 1.2299e-10
2.67688e-09 4.43924e+06 1.26705e-10
2.73042e-09 4.52803e+06 1.3053e-10
2.78502e-09 4.61859e+06 1.34467e-10
2.84072e-09 4.71097e+06 1.38519e-10
2.89754e-09 4.80519e+06 1.4269e-10
2.95549e-09 4.9013e+06 1.46984e-10
3.0146e-09 4.99933e+06 1.51403e-10
3.07489e-09 5.09933e+06 1.55952e-10
3.13639e-09 5.20132e+06 1.60634e-10
3.19912e-09 5.30535e+06 1.65452e-10
3.2631e-09 5.41146e+06 1.70411e-10
3.32836e-09 5.5197e+06 1.75515e-10
3.39493e-09 5.6301e+06 1.80768e-10
3.46283e-09 5.74271e+06 1.86174e-10
3.53208e-09 5.85757e+06 1.91737e-10
3.60272e-09 5.97473e+06 1.97461e-10
3.67478e-09 6.09423e+06 2.03353e-10
3.74827e-09 6.21612e+06 2.09415e-10
3.82324e-09 6.34045e+06 2.15653e-10
3.89971e-09 6.46727e+06 2.22072e-10
3.9777e-09 6.59662e+06 2.28678e-10
4.05725e-09 6.72856e+06 2.35474e-10
4.1384e-09 6.86314e+06 2.42467e-10
4.22117e-09 7.00041e+06 2.49662e-10
4.30559e-09 7.14043e+06 2.57065e-10
4.3917e-09 7.28325e+06 2.64682e-10
4.47954e-09 7.42892e+06 2.72519e-10
4.56913e-09 7.57751e+06 2.80581e-10
4.66051e-09 7.72907e+06 2.88876e-10
4.75372e-09 7.88366e+06 2.97409e-10
4.84879e-09 8.04135e+06 3.06188e-10
4.94577e-09 8.20218e+06 3.1522e-10
5.04468e-09 8.36624e+06 3.2451e-10
5.14558e-09 8.53358e+06 3.34068e-10
5.24849e-09 8.70426e+06 3.43899e-10
5.35346e-09 8.87836e+06 3.54012e-10
5.46053e-09 9.05594e+06 3.64415e-10
5.56974e-09 9.23707e+06 3.75116e-10
5.68113e-09 9.42182e+06 3.86123e-10
5.79476e-09 9.61027e+06 3.97444e-10
5.91065e-09 9.80249e+06 4.09089e-10
6.02886e-09 9.99856e+06 4.21066e-10
6.14944e-09 1.01985e+07 4.33385e-10
6.27243e-09 1.04025e+07 4.46055e-10
6.39788e-09 1.06106e+07 4.59086e-10
6.52584e-09 1.08228e+07 4.72488e-10
6.65635e-09 1.10393e+07 4.86271e-10
6.78948e-09 1.12601e+07 5.00445e-10
6.92527e-09 1.14853e+07 5.15023e-10
7.06378e-09 1.1715e+07 5.30014e-10
7.20505e-09 1.19494e+07 5.45431e-10
7.34915e-09 1.21884e+07 5.61285e-10
7.49614e-09 1.24322e+07 5.77588e-10
7.64606e-09 1.26808e+07 5.94353e-10
7.79898e-09 1.29345e+07 6.11593e-10
7.95496e-09 1.31932e+07 6.29319e-10
8.11406e-09 1.34571e+07 6.47547e-10
8.27634e-09 1.37262e+07 6.6629e-10
8.44187e-09 1.40008e+07 6.85562e-10
8.6107e-09 1.42808e+07 7.05377e-10
8.78292e-09 1.45665e+07 7.25752e-10
8.95858e-09 1.48578e+07 7.467e-10
9.13775e-09 1.5155e+07 7.68238e-10
9.3205e-09 1.54581e+07 7.90382e-10
9.50691e-09 1.57673e+07 8.13149e-10
9.69705e-09 1.60827e+07 8.36556e-10
9.89099e-09 1.64044e+07 8.60621e-10
1.00888e-08 1.67325e+07 8.85361e-10
1.02906e-08 1.70672e+07 9.10796e-10
1.04964e-08 1.74086e+07 9.36943e-10
1.07063e-08 1.77568e+07 9.63824e-10
1.09205e-08 1.81119e+07 9.91457e-10
1.11389e-08 1.84742e+07 1.01986e-09
1.13616e-08 1.88437e+07 1.04907e-09
1.15889e-08 1.92206e+07 1.07908e-09
1.18207e-08 1.96051e+07 1.10994e-09
1.20571e-08 1.99972e+07 1.14166e-09
1.22982e-08 2.03972e+07 1.17427e-09
1.25442e-08 2.08052e+07 1.20778e-09
1.27951e-08 2.12214e+07 1.24223e-09
1.3051e-08 2.16458e+07 1.27764e-09
1.3312e-08 2.20788e+07 1.31403e-09
1.35782e-08 2.25204e+07 1.35144e-09
1.38498e-08 2.29709e+07 1.38989e-09
1.41268e-08 2.34303e+07 1.42941e-09
1.44093e-08 2.3899e+07 1.47003e-09
1.46975e-08 2.4377e+07 1.51177e-09
1.49914e-08 2.48646e+07 1.55468e-09
1.52913e-08 2.5362e+07 1.59878e-09
1.55971e-08 2.58693e+07 1.64409e-09
1.5909e-08 2.63867e+07 1.69067e-09
1.62272e-08 2.69145e+07 1.73854e-09
1.65518e-08 2.74529e+07 1.78773e-09
1.68828e-08 2.8002e+07 1.83828e-09
1.72205e-08 2.85621e+07 1.89024e-09
1.75649e-08 2.91334e+07 1.94363e-09
1.79162e-08 2.97161e+07 1.99849e-09
1.82745e-08 3.03105e+07 2.05487e-09
1.864e-08 3.09168e+07 2.11281e-09
1.90128e-08 3.15352e+07 2.17235e-09
1.9393e-08 3.2166e+07 2.23353e-09
1.97809e-08 3.28094e+07 2.2964e-09
2.01765e-08 3.34657e+07 2.361e-09
2.058e-08 3.41351e+07 2.42738e-09
2.09916e-08 3.48179e+07 2.49559e-09
2.14115e-08 3.55143e+07 2.56568e-09
2.18397e-08 3.62247e+07 2.63769e-09
2.22765e-08 3.69493e+07 2.71169e-09
2.2722e-08 3.76884e+07 2.78772e-09
2.31765e-08 3.84422e+07 2.86584e-09
2.364e-08 3.92112e+07 2.94611e-09
2.41128e-08 3.99955e+07 3.02858e-09
2.45951e-08 4.07955e+07 3.11331e-09
2.5087e-08 4.16116e+07 3.20037e-09
2.55887e-08 4.24439e+07 3.28981e-09
2.61005e-08 4.32929e+07 3.38171e-09
2.66225e-08 4.41589e+07 3.47612e-09
2.71549e-08 4.50422e+07 3.57312e-09
2.7698e-08 4.59432e+07 3.67277e-09
2.8252e-08 4.68622e+07 3.77516e-09
2.8817e-08 4.77995e+07 3.88034e-09
2.93934e-08 4.87557e+07 3.9884e-09
2.99812e-08 4.97309e+07 4.09941e-09
3.05809e-08 5.07257e+07 4.21345e-09
3.11925e-08 5.17404e+07 4.33061e-09
3.18163e-08 5.27753e+07 4.45097e-09
3.24526e-08 5.3831e+07 4.57461e-09
3.31017e-08 5.49078e+07 4.70163e-09
3.37637e-08 5.60061e+07 4.8321e-09
3.4439e-08 5.71264e+07 4.96614e-09
3.51278e-08 5.82691e+07 5.10382e-09
3.58303e-08 5.94347e+07 5.24526e-09
3.6547e-08 6.06236e+07 5.39055e-09
3.72779e-08 6.18362e+07 5.53979e-09
3.80235e-08 6.30731e+07 5.69309e-09
3.87839e-08 6.43348e+07 5.85057e-09
3.95596e-08 6.56217e+07 6.01232e-09
4.03508e-08 6.69344e+07 6.17847e-09
4.11578e-08 6.82733e+07 6.34913e-09
4.1981e-08 6.9639e+07 6.52443e-09
4.28206e-08 7.1032e+07 6.70449e-09
4.3677e-08 7.24529e+07 6.88944e-09
4.45505e-08 7.39022e+07 7.0794e-09
4.54415e-08 7.53805e+07 7.27451e-09
4.63504e-08 7.68884e+07 7.47492e-09
4.72774e-08 7.84264e+07 7.68076e-09
4.82229e-08 7.99952e+07 7.89217e-09
4.91874e-08 8.15954e+07 8.10931e-09
5.01711e-08 8.32276e+07 8.33233e-09
5.11746e-08 8.48924e+07 8.56139e-09
5.2198e-08 8.65906e+07 8.79664e-09
5.3242e-08 8.83227e+07 9.03826e-09
5.43069e-08 9.00895e+07 9.28641e-09
5.5393e-08 9.18916e+07 9.54127e-09
5.65008e-08 9.37298e+07 9.80302e-09
5.76309e-08 9.56048e+07 1.00718e-08
5.87835e-08 9.75172e+07 1.03479e-08
5.99592e-08 9.9468e+07 1.06315e-08
6.11583e-08 1.01458e+08 1.09226e-08
6.23815e-08 1.03487e+08 1.12217e-08
6.36291e-08 1.05557e+08 1.15288e-08
6.49017e-08 1.07669e+08 1.18442e-08
6.61997e-08 1.09823e+08 1.21681e-08
6.75237e-08 1.1202e+08 1.25007e-08
6.88742e-08 1.14261e+08 1.28423e-08
7.02517e-08 1.16546e+08 1.31931e-08
7.16567e-08 1.18878e+08 1.35533e-08
7.30899e-08 1.21256e+08 1.39233e-08
7.45517e-08 1.23681e+08 1.43031e-08
7.60427e-08 1.26155e+08 1.46933e-08
7.75636e-08 1.28679e+08 1.50939e-08
7.91148e-08 1.31253e+08 1.55052e-08
8.06971e-08 1.33879e+08 1.59277e-08
8.23111e-08 1.36557e+08 1.63615e-08
8.39573e-08 1.39289e+08 1.68069e-08
8.56364e-08 1.42075e+08 1.72643e-08
8.73492e-08 1.44917e+08 1.7734e-08
8.90961e-08 1.47816e+08 1.82163e-08
9.08781e-08 1.50773e+08 1.87115e-08
9.26956e-08 1.53789e+08 1.922e-08
9.45495e-08 1.56866e+08 1.97422e-08
9.64405e-08 1.60004e+08 2.02784e-08
9.83693e-08 1.63205e+08 2.08289e-08
1.00337e-07 1.66469e+08 2.13942e-08
1.02343e-07 1.698e+08 2.19747e-08
1.0439e-07 1.73196e+08 2.25707e-08
1.06478e-07 1.76661e+08 2.31826e-08
1.08608e-07 1.80195e+08 2.3811e-08
1.1078e-07 1.838e+08 2.44562e-08
1.12995e-07 1.87477e+08 2.51186e-08
1.15255e-07 1.91227e+08 2.57988e-08
1.1756e-07 1.95053e+08 2.64971e-08
1.19912e-07 1.98955e+08 2.72141e-08
1.2231e-07 2.02935e+08 2.79503e-08
1.24756e-07 2.06995e+08 2.87062e-08
1.27251e-07 2.11135e+08 2.94823e-08
1.29796e-07 2.15359e+08 3.02791e-08
1.32392e-07 2.19668e+08 3.10972e-08
1.3504e-07 2.24062e+08 3.19371e-08
1.37741e-07 2.28544e+08 3.27994e-08
1.40496e-07 2.33116e+08 3.36848e-08
1.43306e-07 2.3778e+08 3.45938e-08
1.46172e-07 2.42537e+08 3.55271e-08
1.49095e-07 2.47389e+08 3.64852e-08
1.52077e-07 2.52338e+08 3.74689e-08
1.55119e-07 2.57386e+08 3.84788e-08
1.58221e-07 2.62535e+08 3.95156e-08
1.61385e-07 2.67787e+08 4.05801e-08
1.64613e-07 2.73145e+08 4.16729e-08
1.67905e-07 2.78609e+08 4.27948e-08
1.71263e-07 2.84183e+08 4.39466e-08
1.74689e-07 2.89868e+08 4.5129e-08
1.78182e-07 2.95667e+08 4.63429e-08
1.81746e-07 3.01582e+08 4.75892e-08
1.85381e-07 3.07615e+08 4.88685e-08
1.89089e-07 3.13769e+08 5.01819e-08
1.9287e-07 3.20047e+08 5.15303e-08
1.96728e-07 3.26449e+08 5.29145e-08
2.00662e-07 3.3298e+08 5.43354e-08
2.04676e-07 3.39642e+08 5.57942e-08
2.08769e-07 3.46437e+08 5.72916e-08
2.12945e-07 3.53368e+08 5.88289e-08
2.17203e-07 3.60437e+08 6.0407e-08
2.21547e-07 3.67648e+08 6.2027e-08
2.25978e-07 3.75003e+08 6.369e-08
2.30498e-07 3.82505e+08 6.53971e-08
2.35108e-07 3.90158e+08 6.71495e-08
2.3981e-07 3.97964e+08 6.89484e-08
2.44606e-07 4.05925e+08 7.0795e-08
2.49498e-07 4.14046e+08 7.26906e-08
2.54488e-07 4.2233e+08 7.46364e-08
2.59578e-07 4.30779e+08 7.66338e-08
2.6477e-07 4.39398e+08 7.86841e-08
2.70065e-07 4.48188e+08 8.07888e-08
2.75466e-07 4.57155e+08 8.29492e-08
2.80976e-07 4.66301e+08 8.51668e-08
2.86595e-07 4.7563e+08 8.74431e-08
2.92327e-07 4.85146e+08 8.97796e-08
2.98174e-07 4.94852e+08 9.2178e-08
3.04137e-07 5.04753e+08 9.46399e-08
3.1022e-07 5.14851e+08 9.71669e-08
3.16424e-07 5.25152e+08 9.97607e-08
3.22753e-07 5.35658e+08 1.02423e-07
3.29208e-07 5.46375e+08 1.05156e-07
3.35792e-07 5.57306e+08 1.07961e-07
3.42508e-07 5.68456e+08 1.1084e-07
3.49358e-07 5.7983e+08 1.13795e-07
3.56345e-07 5.9143e+08 1.16829e-07
3.63472e-07 6.03263e+08 1.19942e-07
3.70742e-07 6.15333e+08 1.23138e-07
3.78156e-07 6.27644e+08 1.26417e-07
3.8572e-07 6.40201e+08 1.29784e-07
3.93434e-07 6.5301e+08 1.33239e-07
4.01303e-07 6.66075e+08 1.36786e-07
4.09329e-07 6.79401e+08 1.40426e-07
4.17515e-07 6.92995e+08 1.44162e-07
4.25866e-07 7.0686e+08 1.47996e-07
4.34383e-07 7.21002e+08 1.51932e-07
4.4307e-07 7.35428e+08 1.55971e-07
4.51932e-07 7.50142e+08 1.60117e-07
4.60971e-07 7.65151e+08 1.64372e-07
4.7019e-07 7.8046e+08 1.68739e-07
4.79594e-07 7.96075e+08 1.73221e-07
4.89186e-07 8.12003e+08 1.77821e-07
4.98969e-07 8.28249e+08 1.82542e-07
5.08949e-07 8.44821e+08 1.87387e-07
5.19128e-07 8.61724e+08 1.9236e-07
5.2951e-07 8.78965e+08 1.97463e-07
5.401e-07 8.96552e+08 2.02701e-07
5.50902e-07 9.1449e+08 2.08077e-07
5.61921e-07 9.32787e+08 2.13593e-07
5.73159e-07 9.51451e+08 2.19255e-07
5.84622e-07 9.70488e+08 2.25066e-07
5.96315e-07 9.89906e+08 2.31029e-07
6.08241e-07 1.00971e+09 2.37149e-07
6.20406e-07 1.02992e+09 2.43429e-07
6.32814e-07 1.05052e+09 2.49874e-07
6.4547e-07 1.07154e+09 2.56489e-07
6.58379e-07 1.09298e+09 2.63277e-07
6.71547e-07 1.11485e+09 2.70243e-07
6.84978e-07 1.13716e+09 2.77392e-07
6.98678e-07 1.15991e+09 2.84729e-07
7.12651e-07 1.18312e+09 2.92257e-07
7.26904e-07 1.20679e+09 2.99983e-07
7.41442e-07 1.23094e+09 3.07912e-07
7.56271e-07 1.25557e+09 3.16048e-07
7.71396e-07 1.28069e+09 3.24398e-07
7.86824e-07 1.30632e+09 3.32966e-07
8.02561e-07 1.33246e+09 3.41759e-07
8.18612e-07 1.35912e+09 3.50781e-07
8.34984e-07 1.38631e+09 3.6004e-07
8.51684e-07 1.41405e+09 3.69541e-07
8.68718e-07 1.44235e+09 3.79291e-07
8.86092e-07 1.47121e+09 3.89296e-07
9.03814e-07 1.50064e+09 3.99562e-07
9.2189e-07 1.53067e+09 4.10097e-07
9.40328e-07 1.5613e+09 4.20907e-07
9.59135e-07 1.59254e+09 4.31999e-07
9.78317e-07 1.62441e+09 4.43382e-07
9.97884e-07 1.65691e+09 4.55061e-07
1.01784e-06 1.69007e+09 4.67046e-07
1.0382e-06 1.72389e+09 4.79344e-07
1.05896e-06 1.75838e+09 4.91962e-07
1.08014e-06 1.79357e+09 5.0491e-07
1.10174e-06 1.82946e+09 5.18196e-07
1.12378e-06 1.86606e+09 5.31828e-07
1.14625e-06 1.9034e+09 5.45816e-07
1.16918e-06 1.94149e+09 5.60168e-07
1.19256e-06 1.98034e+09 5.74895e-07
1.21641e-06 2.01997e+09 5.90005e-07
1.24074e-06 2.06039e+09 6.05509e-07
1.26556e-06 2.10162e+09 6.21417e-07
1.29087e-06 2.14367e+09 6.3774e-07
1.31669e-06 2.18657e+09 6.54487e-07
1.34302e-06 2.23033e+09 6.7167e-07
1.36988e-06 2.27496e+09 6.893e-07
1.39728e-06 2.32048e+09 7.07389e-07
1.42522e-06 2.36692e+09 7.25949e-07
1.45373e-06 2.41428e+09 7.44991e-07
1.4828e-06 2.46259e+09 7.64528e-07
1.51246e-06 2.51187e+09 7.84573e-07
1.54271e-06 2.56214e+09 8.05139e-07
1.57356e-06 2.61341e+09 8.26239e-07
1.60503e-06 2.66571e+09 8.47887e-07
1.63713e-06 2.71905e+09 8.70097e-07
1.66988e-06 2.77347e+09 8.92884e-07
1.70327e-06 2.82897e+09 9.16262e-07
1.73734e-06 2.88558e+09 9.40247e-07
1.77209e-06 2.94333e+09 9.64854e-07
1.80753e-06 3.00223e+09 9.90099e-07
1.84368e-06 3.06231e+09 1.016e-06
1.88055e-06 3.12359e+09 1.04257e-06
1.91816e-06 3.1861e+09 1.06983e-06
1.95653e-06 3.24986e+09 1.09779e-06
1.99566e-06 3.3149e+09 1.12648e-06
2.03557e-06 3.38124e+09 1.15592e-06
2.07628e-06 3.4489e+09 1.18611e-06
2.11781e-06 3.51792e+09 1.21709e-06
2.16016e-06 3.58833e+09 1.24887e-06
2.20337e-06 3.66014e+09 1.28147e-06
2.24743e-06 3.73339e+09 1.31491e-06
2.29238e-06 3.8081e+09 1.34922e-06
2.33823e-06 3.88431e+09 1.38441e-06
2.38499e-06 3.96205e+09 1.42051e-06
2.43269e-06 4.04134e+09 1.45755e-06
2.48135e-06 4.12222e+09 1.49554e-06
2.53098e-06 4.20472e+09 1.53451e-06
2.5816e-06 4.28887e+09 1.57449e-06
2.63323e-06 4.37471e+09 1.6155e-06
2.68589e-06 4.46226e+09 1.65757e-06
2.73961e-06 4.55156e+09 1.70072e-06
2.7944e-06 4.64266e+09 1.74499e-06
2.85029e-06 4.73557e+09 1.79039e-06
2.9073e-06 4.83035e+09 1.83697e-06
2.96544e-06 4.92702e+09 1.88475e-06
3.02475e-06 5.02563e+09 1.93375e-06
3.08525e-06 5.12621e+09 1.98402e-06
3.14695e-06 5.22881e+09 2.03558e-06
3.20989e-06 5.33346e+09 2.08847e-06
3.27409e-06 5.4402e+09 2.14272e-06
3.33957e-06 5.54909e+09 2.19836e-06
3.40636e-06 5.66015e+09 2.25543e-06
3.47449e-06 5.77343e+09 2.31397e-06
3.54398e-06 5.88899e+09 2.37401e-06
3.61486e-06 6.00685e+09 2.4356e-06
3.68715e-06 6.12708e+09 2.49877e-06
3.7609e-06 6.24971e+09 2.56355e-06
3.83611e-06 6.37479e+09 2.63e-06
3.91284e-06 6.50239e+09 2.69816e-06
3.99109e-06 6.63253e+09 2.76806e-06
4.07092e-06 6.76528e+09 2.83975e-06
4.15233e-06 6.90069e+09 2.91328e-06
4.23538e-06 7.03881e+09 2.9887e-06
4.32009e-06 7.17969e+09 3.06604e-06
4.40649e-06 7.3234e+09 3.14537e-06
4.49462e-06 7.46998e+09 3.22673e-06
4.58451e-06 7.6195e+09 3.31016e-06
4.6762e-06 7.77201e+09 3.39573e-06
4.76973e-06 7.92757e+09 3.48349e-06
4.86512e-06 8.08625e+09 3.57349e-06
4.96242e-06 8.2481e+09 3.66579e-06
5.06167e-06 8.4132e+09 3.76045e-06
5.1629e-06 8.5816e+09 3.85753e-06
5.26616e-06 8.75337e+09 3.95708e-06
5.37149e-06 8.92858e+09 4.05917e-06
5.47892e-06 9.1073e+09 4.16387e-06
5.58849e-06 9.2896e+09 4.27124e-06
5.70026e-06 9.47554e+09 4.38134e-06
5.81427e-06 9.66521e+09 4.49425e-06
5.93055e-06 9.85868e+09 4.61003e-06
6.04917e-06 1.0056e+10 4.72876e-06
6.17015e-06 1.02573e+10 4.85052e-06
6.29355e-06 1.04626e+10 4.97537e-06
6.41942e-06 1.06721e+10 5.10339e-06
6.54781e-06 1.08857e+10 5.23467e-06
6.67877e-06 1.11036e+10 5.36929e-06
6.81234e-06 1.13259e+10 5.50733e-06
6.94859e-06 1.15526e+10 5.64887e-06
7.08756e-06 1.17838e+10 5.79401e-06
7.22931e-06 1.20197e+10 5.94283e-06
7.3739e-06 1.22603e+10 6.09542e-06
7.52138e-06 1.25058e+10 6.25189e-06
7.67181e-06 1.27561e+10 6.41231e-06
7.82524e-06 1.30115e+10 6.57681e-06
7.98175e-06 1.32719e+10 6.74547e-06
8.14138e-06 1.35376e+10 6.9184e-06
8.30421e-06 1.38086e+10 7.09571e-06
8.47029e-06 1.4085e+10 7.2775e-06
8.6397e-06 1.4367e+10 7.46389e-06
8.81249e-06 1.46546e+10 7.65499e-06
8.98874e-06 1.4948e+10 7.85091e-06
9.16852e-06 1.52472e+10 8.05179e-06
9.35189e-06 1.55525e+10 8.25774e-06
9.53893e-06 1.58638e+10 8.46888e-06
9.7297e-06 1.61814e+10 8.68536e-06
9.9243e-06 1.65053e+10 8.90729e-06
1.01228e-05 1.68358e+10 9.13481e-06
1.03252e-05 1.71728e+10 9.36806e-06
1.05317e-05 1.75166e+10 9.60719e-06
1.07424e-05 1.78673e+10 9.85234e-06
1.09572e-05 1.8225e+10 1.01037e-05
1.11764e-05 1.85899e+10 1.03613e-05
1.13999e-05 1.8962e+10 1.06254e-05
1.16279e-05 1.93417e+10 1.08962e-05
1.18605e-05 1.97289e+10 1.11737e-05
1.20977e-05 2.01239e+10 1.14582e-05
1.23396e-05 2.05268e+10 1.17499e-05
1.25864e-05 2.09377e+10 1.20489e-05
1.28381e-05 2.13569e+10 1.23553e-05
1.30949e-05 2.17845e+10 1.26695e-05
1.33568e-05 2.22206e+10 1.29915e-05
1.36239e-05 2.26655e+10 1.33216e-05
1.38964e-05 2.31193e+10 1.36599e-05
1.41743e-05 2.35822e+10 1.40067e-05
1.44578e-05 2.40544e+10 1.43622e-05
1.4747e-05 2.4536e+10 1.47265e-05
1.50419e-05 2.50272e+10 1.51e-05
1.53428e-05 2.55283e+10 1.54828e-05
1.56496e-05 2.60394e+10 1.58751e-05
1.59626e-05 2.65608e+10 1.62772e-05
1.62819e-05 2.70926e+10 1.66894e-05
1.66075e-05 2.76351e+10 1.71118e-05
1.69396e-05 2.81884e+10 1.75447e-05
1.72784e-05 2.87528e+10 1.79884e-05
1.7624e-05 2.93285e+10 1.84431e-05
1.79765e-05 2.99157e+10 1.89092e-05
1.8336e-05 3.05147e+10 1.93868e-05
1.87027e-05 3.11257e+10 1.98763e-05
1.90768e-05 3.1749e+10 2.0378e-05
1.94583e-05 3.23847e+10 2.08921e-05
1.98475e-05 3.30331e+10 2.14189e-05
2.02444e-05 3.36946e+10 2.19588e-05
2.06493e-05 3.43693e+10 2.25121e-05
2.10623e-05 3.50575e+10 2.30791e-05
2.14836e-05 3.57595e+10 2.36601e-05
2.19132e-05 3.64755e+10 2.42555e-05
2.23515e-05 3.72059e+10 2.48656e-05
2.27985e-05 3.79509e+10 2.54908e-05
2.32545e-05 3.87109e+10 2.61314e-05
2.37196e-05 3.9486e+10 2.67878e-05
2.4194e-05 4.02767e+10 2.74605e-05
2.46779e-05 4.10833e+10 2.81497e-05
2.51714e-05 4.19059e+10 2.88558e-05
2.56749e-05 4.27451e+10 2.95794e-05
2.61884e-05 4.36011e+10 3.03208e-05
2.67121e-05 4.44742e+10 3.10804e-05
2.72464e-05 4.53648e+10 3.18587e-05
2.77913e-05 4.62733e+10 3.26561e-05
2.83471e-05 4.71999e+10 3.34731e-05
2.89141e-05 4.81451e+10 3.43102e-05
2.94923e-05 4.91093e+10 3.51677e-05
3.00822e-05 5.00927e+10 3.60463e-05
3.06838e-05 5.10959e+10 3.69464e-05
3.12975e-05 5.21192e+10 3.78686e-05
3.19235e-05 5.31629e+10 3.88133e-05
3.25619e-05 5.42276e+10 3.97811e-05
3.32132e-05 5.53136e+10 4.07725e-05
3.38774e-05 5.64213e+10 4.17882e-05
3.4555e-05 5.75513e+10 4.28286e-05
3.52461e-05 5.87039e+10 4.38944e-05
3.5951e-05 5.98795e+10 4.49862e-05
3.667e-05 6.10788e+10 4.61046e-05
3.74034e-05 6.2302e+10 4.72502e-05
3.81515e-05 6.35498e+10 4.84237e-05
3.89145e-05 6.48225e+10 4.96257e-05
3.96928e-05 6.61208e+10 5.08569e-05
4.04867e-05 6.7445e+10 5.21181e-05
4.12964e-05 6.87958e+10 5.34098e-05
4.21223e-05 7.01737e+10 5.47328e-05
4.29648e-05 7.15792e+10 5.60879e-05
4.38241e-05 7.30128e+10 5.74758e-05
4.47005e-05 7.44751e+10 5.88972e-05
4.55946e-05 7.59668e+10 6.03531e-05
4.65065e-05 7.74883e+10 6.18441e-05
4.74366e-05 7.90403e+10 6.33711e-05
4.83853e-05 8.06234e+10 6.4935e-05
4.9353e-05 8.22382e+10 6.65366e-05
5.03401e-05 8.38854e+10 6.81768e-05
5.13469e-05 8.55656e+10 6.98565e-05
5.23738e-05 8.72795e+10 7.15766e-05
5.34213e-05 8.90277e+10 7.33381e-05
5.44897e-05 9.08109e+10 7.51418e-05
5.55795e-05 9.26298e+10 7.6989e-05
5.66911e-05 9.44852e+10 7.88804e-05
5.78249e-05 9.63778e+10 8.08171e-05
5.89814e-05 9.83083e+10 8.28003e-05
6.01611e-05 1.00277e+11 8.4831e-05
6.13643e-05 1.02286e+11 8.69102e-05
6.25916e-05 1.04335e+11 8.90392e-05
6.38434e-05 1.06425e+11 9.1219e-05
6.51203e-05 1.08557e+11 9.34508e-05
6.64227e-05 1.10731e+11 9.57359e-05
6.77511e-05 1.12949e+11 9.80754e-05
6.91061e-05 1.15212e+11 0.000100471
7.04883e-05 1.1752e+11 0.000102923
7.1898e-05 1.19874e+11 0.000105433
7.3336e-05 1.22275e+11 0.000108004
7.48027e-05 1.24725e+11 0.000110635
7.62988e-05 1.27223e+11 0.000113328
7.78247e-05 1.29772e+11 0.000116086
7.93812e-05 1.32371e+11 0.000118909
8.09689e-05 1.35023e+11 0.000121798
8.25882e-05 1.37728e+11 0.000124756
8.424e-05 1.40487e+11 0.000127784
8.59248e-05 1.43302e+11 0.000130883
8.76433e-05 1.46172e+11 0.000134056
8.93962e-05 1.49101e+11 0.000137303
9.11841e-05 1.52088e+11 0.000140627
9.30078e-05 1.55135e+11 0.000144029
9.48679e-05 1.58243e+11 0.00014751
9.67653e-05 1.61413e+11 0.000151074
9.87006e-05 1.64647e+11 0.000154721
0.000100675 1.67945e+11 0.000158454
0.000102688 1.7131e+11 0.000162275
0.000104742 1.74742e+11 0.000166184
0.000106837 1.78243e+11 0.000170186
0.000108973 1.81814e+11 0.00017428
0.000111153 1.85456e+11 0.000178471
0.000113376 1.89172e+11 0.000182759
0.000115643 1.92962e+11 0.000187147
0.000117956 1.96828e+11 0.000191637
0.000120315 2.00772e+11 0.000196232
0.000122722 2.04794e+11 0.000200933
0.000125176 2.08898e+11 0.000205744
0.00012768 2.13083e+11 0.000210667
0.000130233 2.17352e+11 0.000215703
0.000132838 2.21707e+11 0.000220856
0.000135495 2.26149e+11 0.000226129
0.000138205 2.30681e+11 0.000231523
0.000140969 2.35303e+11 0.000237042
0.000143788 2.40017e+11 0.000242689
0.000146664 2.44827e+11 0.000248466
0.000149597 2.49732e+11 0.000254375
0.000152589 2.54736e+11 0.000260421
0.000155641 2.5984e+11 0.000266606
0.000158754 2.65047e+11 0.000272933
0.000161929 2.70358e+11 0.000279405
0.000165167 2.75775e+11 0.000286025
0.000168471 2.81301e+11 0.000292797
0.00017184 2.86938e+11 0.000299725
0.000175277 2.92687e+11 0.00030681
0.000178782 2.98552e+11 0.000314057
0.000182358 3.04535e+11 0.00032147
0.000186005 3.10637e+11 0.000329052
0.000189725 3.16862e+11 0.000336806
0.00019352 3.23211e+11 0.000344737
0.00019739 3.29688e+11 0.000352848
0.000201338 3.36295e+11 0.000361143
0.000205365 3.43034e+11 0.000369627
0.000209472 3.49908e+11 0.000378302
0.000213662 3.5692e+11 0.000387174
0.000217935 3.64072e+11 0.000396247
0.000222293 3.71368e+11 0.000405525
0.000226739 3.78811e+11 0.000415012
0.000231274 3.86402e+11 0.000424712
0.0002359 3.94145e+11 0.000434632
0.000240618 4.02044e+11 0.000444774
0.00024543 4.10101e+11 0.000455145
0.000250339 4.1832e+11 0.000465748
0.000255345 4.26703e+11 0.000476589
0.000260452 4.35255e+11 0.000487673
0.000265661 4.43978e+11 0.000499005
0.000270975 4.52876e+11 0.000509425
0.000370975 6.20389e+11 0.000597737
0.000470975 7.87946e+11 0.000676279
0.000570975 9.55534e+11 0.000758086
0.000670975 1.12315e+12 0.000844702
0.000770975 1.29079e+12 0.00093646
0.000870975 1.45845e+12 0.00103336
0.000970975 1.62613e+12 0.00113528
0.00107097 1.79383e+12 0.00124207
0.00117097 1.96155e+12 0.00135356
0.00127097 2.12929e+12 0.00146957
0.00137097 2.29705e+12 0.00158995
0.00147097 2.46482e+12 0.00171453
0.00157097 2.6326e+12 0.00184316
0.00167097 2.80041e+12 0.00197571
0.00177097 2.96822e+12 0.00211203
0.00187097 3.13605e+12 0.00225199
0.00197097 3.30389e+12 0.00239549
0.00207097 3.47175e+12 0.0025424
0.00217097 3.63962e+12 0.00269261
0.00227097 3.8075e+12 0.00284603
0.00237097 3.9754e+12 0.00300254
0.00247097 4.1433e+12 0.00316207
0.00257097 4.31122e+12 0.00332453
0.00267097 4.47915e+12 0.00348981
0.00277097 4.64709e+12 0.00365785
0.00287097 4.81504e+12 0.00382857
0.00297097 4.983e+12 0.00400189
0.00307097 5.15097e+12 0.00417774
0.00317097 5.31896e+12 0.00435605
0.00327097 5.48695e+12 0.00453675
0.00337097 5.65495e+12 0.00471979
0.00347097 5.82297e+12 0.00490509
0.00357097 5.99099e+12 0.00509261
0.00367097 6.15902e+12 0.00528227
0.00377097 6.32706e+12 0.00547403
0.00387097 6.49511e+12 0.00566784
0.00397097 6.66317e+12 0.00586363
0.00407097 6.83124e+12 0.00606137
0.00417097 6.99931e+12 0.006261
0.00427097 7.1674e+12 0.00646247
0.00437097 7.33549e+12 0.00666575
0.00447097 7.5036e+12 0.00687078
0.00457097 7.67171e+12 0.00707753
0.00467097 7.83983e+12 0.00728594
0.00477097 8.00795e+12 0.00749599
0.00487097 8.17609e+12 0.00770763
0.00497097 8.34423e+12 0.00792082
0.00507097 8.51238e+12 0.00813553
0.00517097 8.68054e+12 0.00835172
0.00527097 8.8487e+12 0.00856936
0.00537097 9.01687e+12 0.00878841
0.00547097 9.18505e+12 0.00900883
0.00557097 9.35324e+12 0.0092306
0.00567097 9.52143e+12 0.00945368
0.00577097 9.68963e+12 0.00967805
0.00587097 9.85784e+12 0.00990367
0.00597097 1.00261e+13 0.0101305
0.00607097 1.01943e+13 0.0103585
0.00617097 1.03625e+13 0.0105878
0.00627097 1.05307e+13 0.0108181
0.00637097 1.0699e+13 0.0110496
0.00647097 1.08672e+13 0.0112821
0.00657097 1.10355e+13 0.0115157
0.00667097 1.12037e+13 0.0117503
0.00677097 1.1372e+13 0.011986
0.00687097 1.15403e+13 0.0122226
0.00697097 1.17086e+13 0.0124603
0.00707097 1.18769e+13 0.0126988
0.00717097 1.20451e+13 0.0129383
0.00727097 1.22134e+13 0.0131787
0.00737097 1.23817e+13 0.0134199
0.00747097 1.25501e+13 0.013662
0.00757097 1.27184e+13 0.013905
0.00767097 1.28867e+13 0.0141488
0.00777097 1.3055e+13 0.0143933
0.00787097 1.32234e+13 0.0146387
0.00797097 1.33917e+13 0.0148848
0.00807097 1.356e+13 0.0151316
0.00817097 1.37284e+13 0.0153792
0.00827097 1.38967e+13 0.0156275
0.00837097 1.40651e+13 0.0158765
0.00847097 1.42335e+13 0.0161261
0.00857097 1.44018e+13 0.0163764
0.00867097 1.45702e+13 0.0166274
0.00877097 1.47386e+13 0.016879
0.00887097 1.4907e+13 0.0171311
0.00897097 1.50754e+13 0.0173839
0.00907097 1.52438e+13 0.0176373
0.00917097 1.54122e+13 0.0178912
0.00927097 1.55806e+13 0.0181457
0.00937097 1.5749e+13 0.0184007
0.00947097 1.59174e+13 0.0186563
0.00957097 1.60858e+13 0.0189123
0.00967097 1.62542e+13 0.0191689
0.00977097 1.64227e+13 0.0194259
0.00987097 1.65911e+13 0.0196835
0.00997097 1.67596e+13 0.0199414
0.010071 1.6928e+13 0.0201999
0.010171 1.70964e+13 0.0204587
0.010271 1.72649e+13 0.020718
0.010371 1.74334e+13 0.0209777
0.010471 1.76018e+13 0.0212378
0.010571 1.77703e+13 0.0214983
0.010671 1.79388e+13 0.0217592
0.010771 1.81072e+13 0.0220204
0.010871 1.82757e+13 0.022282
0.010971 1.84442e+13 0.022544
0.011071 1.86127e+13 0.0228063
0.011171 1.87812e+13 0.0230689
0.011271 1.89497e+13 0.0233319
0.011371 1.91182e+13 0.0235951
0.011471 1.92867e+13 0.0238587
0.011571 1.94552e+13 0.0241225
0.011671 1.96237e+13 0.0243867
0.011771 1.97922e+13 0.0246511
0.011871 1.99607e+13 0.0249157
0.011971 2.01293e+13 0.0251807
0.012071 2.02978e+13 0.0254459
0.012171 2.04663e+13 0.0257113
0.012271 2.06349e+13 0.0259769
0.012371 2.08034e+13 0.0262428
0.012471 2.0972e+13 0.0265089
0.012571 2.11405e+13 0.0267752
0.012671 2.13091e+13 0.0270418
0.012771 2.14776e+13 0.0273085
0.012871 2.16462e+13 0.0275754
0.012971 2.18147e+13 0.0278424
0.013071 2.19833e+13 0.0281097
0.013171 2.21519e+13 0.0283771
0.013271 2.23204e+13 0.0286447
0.013371 2.2489e+13 0.0289125
0.013471 2.26576e+13 0.0291804
0.013571 2.28262e+13 0.0294484
0.013671 2.29948e+13 0.0297166
0.013771 2.31634e+13 0.0299849
0.013871 2.3332e+13 0.0302533
0.013971 2.35006e+13 0.0305218
0.014071 2.36692e+13 0.0307905
0.014171 2.38378e+13 0.0310593
0.014271 2.40064e+13 0.0313281
0.014371 2.4175e+13 0.0315971
0.014471 2.43436e+13 0.0318662
0.014571 2.45122e+13 0.0321353
0.014671 2.46809e+13 0.0324046
0.014771 2.48495e+13 0.0326739
0.014871 2.50181e+13 0.0329432
0.014971 2.51868e+13 0.0332127
0.015071 2.53554e+13 0.0334822
0.015171 2.5524e+13 0.0337518
0.015271 2.56927e+13 0.0340214
0.015371 2.58613e+13 0.0342911
0.015471 2.603e+13 0.0345608
0.015571 2.61986e+13 0.0348305
0.015671 2.63673e+13 0.0351003
0.015771 2.65359e+13 0.0353702
0.015871 2.67046e+13 0.03564
0.015971 2.68733e+13 0.0359099
0.016071 2.70419e+13 0.0361798
0.016171 2.72106e+13 0.0364498
0.016271 2.73793e+13 0.0367197
0.016371 2.75479e+13 0.0369896
0.016471 2.77166e+13 0.0372596
0.016571 2.78853e+13 0.0375296
0.016671 2.8054e+13 0.0377995
0.016771 2.82227e+13 0.0380695
0.016871 2.83914e+13 0.0383394
0.016971 2.85601e+13 0.0386094
0.017071 2.87288e+13 0.0388793
0.017171 2.88975e+13 0.0391493
0.017271 2.90662e+13 0.0394192
0.017371 2.92349e+13 0.039689
0.017471 2.94036e+13 0.0399589
0.017571 2.95723e+13 0.0402287
0.017671 2.9741e+13 0.0404985
0.017771 2.99097e+13 0.0407683
0.017871 3.00784e+13 0.0410381
0.017971 3.02472e+13 0.0413078
0.018071 3.04159e+13 0.0415774
0.018171 3.05846e+13 0.0418471
0.018271 3.07533e+13 0.0421167
0.018371 3.09221e+13 0.0423862
0.018471 3.10908e+13 0.0426557
0.018571 3.12595e+13 0.0429252
0.018671 3.14283e+13 0.0431946
0.018771 3.1597e+13 0.0434639
0.018871 3.17658e+13 0.0437332
0.018971 3.19345e+13 0.0440024
0.019071 3.21033e+13 0.0442716
0.019171 3.2272e+13 0.0445407
0.019271 3.24408e+13 0.0448098
0.019371 3.26095e+13 0.0450788
0.019471 3.27783e+13 0.0453477
0.019571 3.29471e+13 0.0456166
0.019671 3.31158e+13 0.0458853
0.019771 3.32846e+13 0.0461541
0.019871 3.34534e+13 0.0464227
0.019971 3.36221e+13 0.0466913
0.020071 3.37909e+13 0.0469598
0.020171 3.39597e+13 0.0472283
0.020271 3.41285e+13 0.0474966
0.020371 3.42972e+13 0.0477649
0.020471 3.4466e+13 0.0480331
0.020571 3.46348e+13 0.0483012
0.020671 3.48036e+13 0.0485693
0.020771 3.49724e+13 0.0488372
0.020871 3.51412e+13 0.0491051
0.020971 3.531e+13 0.0493729
0.021071 3.54788e+13 0.0496407
0.021171 3.56476e+13 0.0499083
0.021271 3.58164e+13 0.0501758
0.021371 3.59852e+13 0.0504433
0.021471 3.6154e+13 0.0507107
0.021571 3.63228e+13 0.050978
0.021671 3.64916e+13 0.0512452
0.021771 3.66604e+13 0.0515123
0.021871 3.68293e+13 0.0517794
0.021971 3.69981e+13 0.0520463
0.022071 3.71669e+13 0.0523132
0.022171 3.73357e+13 0.0525799
0.022271 3.75045e+13 0.0528466
0.022371 3.76734e+13 0.0531132
0.022471 3.78422e+13 0.0533797
0.022571 3.8011e+13 0.0536461
0.022671 3.81799e+13 0.0539124
0.022771 3.83487e+13 0.0541787
0.022871 3.85175e+13 0.0544448
0.022971 3.86864e+13 0.0547108
0.023071 3.88552e+13 0.0549768
0.023171 3.90241e+13 0.0552427
0.023271 3.91929e+13 0.0555084
0.023371 3.93618e+13 0.0557741
0.023471 3.95306e+13 0.0560397
0.023571 3.96995e+13 0.0563052
0.023671 3.98683e+13 0.0565707
0.023771 4.00372e+13 0.056836
0.023871 4.0206e+13 0.0571012
0.023971 4.03749e+13 0.0573664
0.024071 4.05438e+13 0.0576314
0.024171 4.07126e+13 0.0578964
0.024271 4.08815e+13 0.0581613
0.024371 4.10504e+13 0.0584261
0.024471 4.12192e+13 0.0586908
0.024571 4.13881e+13 0.0589554
0.024671 4.1557e+13 0.05922
0.024771 4.17258e+13 0.0594844
0.024871 4.18947e+13 0.0597488
0.024971 4.20636e+13 0.0600131
0.025071 4.22325e+13 0.0602773
0.025171 4.24014e+13 0.0605414
0.025271 4.25703e+13 0.0608054
0.025371 4.27391e+13 0.0610694
0.025471 4.2908e+13 0.0613333
0.025571 4.30769e+13 0.0615971
0.025671 4.32458e+13 0.0618608
0.025771 4.34147e+13 0.0621244
0.025871 4.35836e+13 0.062388
0.025971 4.37525e+13 0.0626515
0.026071 4.39214e+13 0.0629149
0.026171 4.40903e+13 0.0631782
0.026271 4.42592e+13 0.0634415
0.026371 4.44281e+13 0.0637046
0.026471 4.4597e+13 0.0639678
0.026571 4.47659e+13 0.0642308
0.026671 4.49348e+13 0.0644938
0.026771 4.51038e+13 0.0647567
0.026871 4.52727e+13 0.0650195
0.026971 4.54416e+13 0.0652823
0.027071 4.56105e+13 0.065545
0.027171 4.57794e+13 0.0658077
0.027271 4.59483e+13 0.0660703
0.027371 4.61173e+13 0.0663328
0.027471 4.62862e+13 0.0665953
0.027571 4.64551e+13 0.0668577
0.027671 4.6624e+13 0.06712
0.027771 4.6793e+13 0.0673823
0.027871 4.69619e+13 0.0676446
0.027971 4.71308e+13 0.0679068
0.028071 4.72998e+13 0.0681689
0.028171 4.74687e+13 0.068431
0.028271 4.76376e+13 0.0686931
0.028371 4.78066e+13 0.0689551
0.028471 4.79755e+13 0.069217
0.028571 4.81445e+13 0.0694789
0.028671 4.83134e+13 0.0697408
0.028771 4.84824e+13 0.0700026
0.028871 4.86513e+13 0.0702644
0.028971 4.88203e+13 0.0705262
0.029071 4.89892e+13 0.0707879
0.029171 4.91582e+13 0.0710496
0.029271 4.93271e+13 0.0713112
0.029371 4.94961e+13 0.0715728
0.029471 4.9665e+13 0.0718344
0.029571 4.9834e+13 0.072096
0.029671 5.0003e+13 0.0723576
0.029771 5.01719e+13 0.0726191
0.029871 5.03409e+13 0.0728806
0.029971 5.05098e+13 0.0731421
0.030071 5.06788e+13 0.0734035
0.030171 5.08478e+13 0.073665
0.030271 5.10168e+13 0.0739264
0.030371 5.11857e+13 0.0741879
0.030471 5.13547e+13 0.0744493
0.030571 5.15237e+13 0.0747107
0.030671 5.16927e+13 0.0749721
0.030771 5.18616e+13 0.0752335
0.030871 5.20306e+13 0.0754949
0.030971 5.21996e+13 0.0757563
0.031071 5.23686e+13 0.0760177
0.031171 5.25376e+13 0.0762791
0.031271 5.27065e+13 0.0765406
0.031371 5.28755e+13 0.076802
0.031471 5.30445e+13 0.0770634
0.031571 5.32135e+13 0.0773249
0.031671 5.33825e+13 0.0775864
0.031771 5.35515e+13 0.0778479
0.031871 5.37205e+13 0.0781094
0.031971 5.38895e+13 0.0783709
0.032071 5.40585e+13 0.0786325
0.032171 5.42275e+13 0.0788941
0.032271 5.43965e+13 0.0791557
0.032371 5.45655e+13 0.0794174
0.032471 5.47345e+13 0.0796791
0.032571 5.49035e+13 0.0799408
0.032671 5.50725e+13 0.0802026
0.032771 5.52415e+13 0.0804644
0.032871 5.54105e+13 0.0807262
0.032971 5.55795e+13 0.0809882
0.033071 5.57485e+13 0.0812501
0.033171 5.59175e+13 0.0815121
0.033271 5.60866e+13 0.0817742
0.033371 5.62556e+13 0.0820363
0.033471 5.64246e+13 0.0822985
0.033571 5.65936e+13 0.0825607
0.033671 5.67626e+13 0.082823
0.033771 5.69317e+13 0.0830854
0.033871 5.71007e+13 0.0833478
0.033971 5.72697e+13 0.0836104
0.034071 5.74387e+13 0.0838729
0.034171 5.76078e+13 0.0841356
0.034271 5.77768e+13 0.0843984
0.034371 5.79458e+13 0.0846612
0.034471 5.81148e+13 0.0849241
0.034571 5.82839e+13 0.0851871
0.034671 5.84529e+13 0.0854502
0.034771 5.8622e+13 0.0857134
0.034871 5.8791e+13 0.0859767
0.034971 5.896e+13 0.0862401
0.035071 5.91291e+13 0.0865036
0.035171 5.92981e+13 0.0867672
0.035271 5.94671e+13 0.0870309
0.035371 5.96362e+13 0.0872948
0.035471 5.98052e+13 0.0875587
0.035571 5.99743e+13 0.0878227
0.035671 6.01433e+13 0.0880869
0.035771 6.03124e+13 0.0883512
0.035871 6.04814e+13 0.0886156
0.035971 6.06505e+13 0.0888802
0.036071 6.08195e+13 0.0891449
0.036171 6.09886e+13 0.0894097
0.036271 6.11576e+13 0.0896746
0.036371 6.13267e+13 0.0899397
0.036471 6.14958e+13 0.0902049
0.036571 6.16648e+13 0.0904703
0.036671 6.18339e+13 0.0907359
0.036771 6.20029e+13 0.0910015
0.036871 6.2172e+13 0.0912674
0.036971 6.23411e+13 0.0915334
0.037071 6.25101e+13 0.0917995
0.037171 6.26792e+13 0.0920658
0.037271 6.28483e+13 0.0923323
0.037371 6.30173e+13 0.092599
0.037471 6.31864e+13 0.0928658
0.037571 6.33555e+13 0.0931328
0.037671 6.35246e+13 0.0934
0.037771 6.36936e+13 0.0936674
0.037871 6.38627e+13 0.093935
0.037971 6.40318e+13 0.0942027
0.038071 6.42009e+13 0.0944707
0.038171 6.43699e+13 0.0947388
0.038271 6.4539e+13 0.0950071
0.038371 6.47081e+13 0.0952757
0.038471 6.48772e+13 0.0955444
0.038571 6.50463e+13 0.0958134
0.038671 6.52154e+13 0.0960825
0.038771 6.53844e+13 0.0963519
0.038871 6.55535e+13 0.0966215
0.038971 6.57226e+13 0.0968913
0.039071 6.58917e+13 0.0971613
0.039171 6.60608e+13 0.0974316
0.039271 6.62299e+13 0.0977021
0.039371 6.6399e+13 0.0979729
0.039471 6.65681e+13 0.0982438
0.039571 6.67372e+13 0.098515
0.039671 6.69063e+13 0.0987865
0.039771 6.70754e+13 0.0990582
0.039871 6.72445e+13 0.0993302
0.039971 6.74136e+13 0.0996024
0.040071 6.75827e+13 0.0998748
0.040171 6.77518e+13 0.100148
0.040271 6.79209e+13 0.100421
0.040371 6.809e+13 0.100694
0.040471 6.82591e+13 0.100967
0.040571 6.84282e+13 0.101241
0.040671 6.85973e+13 0.101515
0.040771 6.87664e+13 0.10179
0.040871 6.89356e+13 0.102064
0.040971 6.91047e+13 0.102339
0.041071 6.92738e+13 0.102614
0.041171 6.94429e+13 0.10289
0.041271 6.9612e+13 0.103166
0.041371 6.97811e+13 0.103442
0.041471 6.99503e+13 0.103718
0.041571 7.01194e+13 0.103995
0.041671 7.02885e+13 0.104272
0.041771 7.04576e+13 0.10455
0.041871 7.06268e+13 0.104827
0.041971 7.07959e+13 0.105105
0.042071 7.0965e+13 0.105384
0.042171 7.11341e+13 0.105662
0.042271 7.13033e+13 0.105941
0.042371 7.14724e+13 0.106221
0.042471 7.16415e+13 0.1065
0.042571 7.18107e+13 0.10678
0.042671 7.19798e+13 0.107061
0.042771 7.21489e+13 0.107341
0.042871 7.23181e+13 0.107622
0.042971 7.24872e+13 0.107904
0.043071 7.26563e+13 0.108186
0.043171 7.28255e+13 0.108468
0.043271 7.29946e+13 0.10875
0.043371 7.31638e+13 0.109033
0.043471 7.33329e+13 0.109317
0.043571 7.35021e+13 0.1096
0.043671 7.36712e+13 0.109884
0.043771 7.38404e+13 0.110169
0.043871 7.40095e+13 0.110454
0.043971 7.41786e+13 0.110739
0.044071 7.43478e+13 0.111024
0.044171 7.4517e+13 0.11131
0.044271 7.46861e+13 0.111597
0.044371 7.48553e+13 0.111884
0.044471 7.50244e+13 0.112171
0.044571 7.51936e+13 0.112459
0.044671 7.53627e+13 0.112747
0.044771 7.55319e+13 0.113035
0.044871 7.5701e+13 0.113324
0.044971 7.58702e+13 0.113613
0.045071 7.60394e+13 0.113903
0.045171 7.62085e+13 0.114193
0.045271 7.63777e+13 0.114484
0.045371 7.65469e+13 0.114775
0.045471 7.6716e+13 0.115067
0.045571 7.68852e+13 0.115359
0.045671 7.70544e+13 0.115651
0.045771 7.72235e+13 0.115944
0.045871 7.73927e+13 0.116238
0.045971 7.75619e+13 0.116531
0.046071 7.7731e+13 0.116826
0.046171 7.79002e+13 0.117121
0.046271 7.80694e+13 0.117416
0.046371 7.82386e+13 0.117712
0.046471 7.84078e+13 0.118008
0.046571 7.85769e+13 0.118305
0.046671 7.87461e+13 0.118602
0.046771 7.89153e+13 0.1189
0.046871 7.90845e+13 0.119198
0.046971 7.92537e+13 0.119497
0.047071 7.94228e+13 0.119796
0.047171 7.9592e+13 0.120095
0.047271 7.97612e+13 0.120396
0.047371 7.99304e+13 0.120697
0.047471 8.00996e+13 0.120998
0.047571 8.02688e+13 0.1213
0.047671 8.0438e+13 0.121602
0.047771 8.06072e+13 0.121905
0.047871 8.07764e+13 0.122208
0.047971 8.09456e+13 0.122512
0.048071 8.11148e+13 0.122817
0.048171 8.1284e+13 0.123122
0.048271 8.14532e+13 0.123428
0.048371 8.16224e+13 0.123734
0.048471 8.17916e+13 0.12404
0.048571 8.19608e+13 0.124348
0.048671 8.213e+13 0.124656
0.048771 8.22992e+13 0.124964
0.048871 8.24684e+13 0.125273
0.048971 8.26376e+13 0.125583
0.049071 8.28068e+13 0.125893
0.049171 8.2976e+13 0.126204
0.049271 8.31452e+13 0.126515
0.049371 8.33144e+13 0.126827
0.049471 8.34836e+13 0.127139
0.049571 8.36528e+13 0.127453
0.049671 8.3822e+13 0.127766
0.049771 8.39913e+13 0.128081
0.049871 8.41605e+13 0.128396
0.049971 8.43297e+13 0.128711
0.050071 8.44989e+13 0.129027
0.050171 8.46681e+13 0.129344
0.050271 8.48374e+13 0.129662
0.050371 8.50066e+13 0.12998
0.050471 8.51758e+13 0.130298
0.050571 8.5345e+13 0.130618
0.050671 8.55142e+13 0.130938
0.050771 8.56835e+13 0.131258
0.050871 8.58527e+13 0.13158
0.050971 8.60219e+13 0.131902
0.051071 8.61912e+13 0.132224
0.051171 8.63604e+13 0.132547
0.051271 8.65296e+13 0.132871
0.051371 8.66989e+13 0.133196
0.051471 8.68681e+13 0.133521
0.051571 8.70373e+13 0.133847
0.051671 8.72066e+13 0.134174
0.051771 8.73758e+13 0.134501
0.051871 8.7545e+13 0.134829
0.051971 8.77143e+13 0.135158
0.052071 8.78835e+13 0.135487
0.052171 8.80528e+13 0.135817
0.052271 8.8222e+13 0.136148
0.052371 8.83912e+13 0.136479
0.052471 8.85605e+13 0.136811
0.052571 8.87297e+13 0.137144
0.052671 8.8899e+13 0.137478
0.052771 8.90682e+13 0.137812
0.052871 8.92375e+13 0.138147
0.052971 8.94067e+13 0.138483
0.053071 8.9576e+13 0.13882
0.053171 8.97452e+13 0.139157
0.053271 8.99145e+13 0.139495
0.053371 9.00838e+13 0.139834
0.053471 9.0253e+13 0.140173
0.053571 9.04223e+13 0.140513
0.053671 9.05915e+13 0.140854
0.053771 9.07608e+13 0.141196
0.053871 9.093e+13 0.141538
0.053971 9.10993e+13 0.141882
0.054071 9.12686e+13 0.142226
0.054171 9.14378e+13 0.14257
0.054271 9.16071e+13 0.142916
0.054371 9.17764e+13 0.143262
0.054471 9.19456e+13 0.14361
0.054571 9.21149e+13 0.143957
0.054671 9.22842e+13 0.144306
0.054771 9.24534e+13 0.144656
0.054871 9.26227e+13 0.145006
0.054971 9.2792e+13 0.145357
0.055071 9.29613e+13 0.145709
0.055171 9.31305e+13 0.146062
0.055271 9.32998e+13 0.146415
0.055371 9.34691e+13 0.14677
0.055471 9.36384e+13 0.147125
0.055571 9.38077e+13 0.147481
0.055671 9.39769e+13 0.147838
0.055771 9.41462e+13 0.148195
0.055871 9.43155e+13 0.148554
0.055971 9.44848e+13 0.148913
0.056071 9.46541e+13 0.149273
0.056171 9.48234e+13 0.149634
0.056271 9.49927e+13 0.149996
0.056371 9.51619e+13 0.150359
0.056471 9.53312e+13 0.150722
0.056571 9.55005e+13 0.151087
0.056671 9.56698e+13 0.151452
0.056771 9.58391e+13 0.151818
0.056871 9.60084e+13 0.152185
0.056971 9.61777e+13 0.152553
0.057071 9.6347e+13 0.152922
0.057171 9.65163e+13 0.153291
0.057271 9.66856e+13 0.153662
0.057371 9.68549e+13 0.154033
0.057471 9.70242e+13 0.154406
0.057571 9.71935e+13 0.154779
0.057671 9.73628e+13 0.155153
0.057771 9.75321e+13 0.155528
0.057871 9.77014e+13 0.155904
0.057971 9.78707e+13 0.156281
0.058071 9.804e+13 0.156659
0.058171 9.82093e+13 0.157037
0.058271 9.83787e+13 0.157417
0.058371 9.8548e+13 0.157798
0.058471 9.87173e+13 0.158179
0.058571 9.88866e+13 0.158561
0.058671 9.90559e+13 0.158945
0.058771 9.92252e+13 0.159329
0.058871 9.93946e+13 0.159714
0.058971 9.95639e+13 0.1601
0.059071 9.97332e+13 0.160487
0.059171 9.99025e+13 0.160875
0.059271 1.00072e+14 0.161264
0.059371 1.00241e+14 0.161654
0.059471 1.0041e+14 0.162045
0.059571 1.0058e+14 0.162437
0.059671 1.00749e+14 0.16283
0.059771 1.00918e+14 0.163224
0.059871 1.01088e+14 0.163619
0.059971 1.01257e+14 0.164015
0.060071 1.01426e+14 0.164411
0.060171 1.01596e+14 0.164809
0.060271 1.01765e+14 0.165208
0.060371 1.01934e+14 0.165608
0.060471 1.02104e+14 0.166009
0.060571 1.02273e+14 0.16641
0.060671 1.02442e+14 0.166813
0.060771 1.02612e+14 0.167217
0.060871 1.02781e+14 0.167622
0.060971 1.02951e+14 0.168028
0.061071 1.0312e+14 0.168434
0.061171 1.03289e+14 0.168842
0.061271 1.03459e+14 0.169251
0.061371 1.03628e+14 0.169661
0.061471 1.03797e+14 0.170072
0.061571 1.03967e+14 0.170484
0.061671 1.04136e+14 0.170897
0.061771 1.04305e+14 0.171311
0.061871 1.04475e+14 0.171726
0.061971 1.04644e+14 0.172143
0.062071 1.04813e+14 0.17256
0.062171 1.04983e+14 0.172978
0.062271 1.05152e+14 0.173397
0.062371 1.05321e+14 0.173818
0.062471 1.05491e+14 0.174239
0.062571 1.0566e+14 0.174662
0.062671 1.0583e+14 0.175086
0.062771 1.05999e+14 0.17551
0.062871 1.06168e+14 0.175936
0.062971 1.06338e+14 0.176363
0.063071 1.06507e+14 0.176791
0.063171 1.06676e+14 0.17722
0.063271 1.06846e+14 0.17765
0.063371 1.07015e+14 0.178082
0.063471 1.07184e+14 0.178514
0.063571 1.07354e+14 0.178947
0.063671 1.07523e+14 0.179382
0.063771 1.07693e+14 0.179818
0.063871 1.07862e+14 0.180254
0.063971 1.08031e+14 0.180692
0.064071 1.08201e+14 0.181131
0.064171 1.0837e+14 0.181572
0.064271 1.08539e+14 0.182013
0.064371 1.08709e+14 0.182455
0.064471 1.08878e+14 0.182899
0.064571 1.09048e+14 0.183344
0.064671 1.09217e+14 0.18379
0.064771 1.09386e+14 0.184237
0.064871 1.09556e+14 0.184685
0.064971 1.09725e+14 0.185134
0.065071 1.09895e+14 0.185585
0.065171 1.10064e+14 0.186036
0.065271 1.10233e+14 0.186489
0.065371 1.10403e+14 0.186943
0.065471 1.10572e+14 0.187398
0.065571 1.10742e+14 0.187854
0.065671 1.10911e+14 0.188312
0.065771 1.1108e+14 0.18877
0.065871 1.1125e+14 0.18923
0.065971 1.11419e+14 0.189691
0.066071 1.11589e+14 0.190154
0.066171 1.11758e+14 0.190617
0.066271 1.11927e+14 0.191081
0.066371 1.12097e+14 0.191547
0.066471 1.12266e+14 0.192014
0.066571 1.12436e+14 0.192482
0.066671 1.12605e+14 0.192952
0.066771 1.12774e+14 0.193422
0.066871 1.12944e+14 0.193894
0.066971 1.13113e+14 0.194367
0.067071 1.13283e+14 0.194842
0.067171 1.13452e+14 0.195317
0.067271 1.13622e+14 0.195794
0.067371 1.13791e+14 0.196272
0.067471 1.1396e+14 0.196751
0.067571 1.1413e+14 0.197231
0.067671 1.14299e+14 0.197713
0.067771 1.14469e+14 0.198196
0.067871 1.14638e+14 0.19868
0.067971 1.14807e+14 0.199165
0.068071 1.14977e+14 0.199652
0.068171 1.15146e+14 0.20014
0.068271 1.15316e+14 0.200629
0.068371 1.15485e+14 0.201119
0.068471 1.15655e+14 0.201611
0.068571 1.15824e+14 0.202104
0.068671 1.15994e+14 0.202598
0.068771 1.16163e+14 0.203093
0.068871 1.16332e+14 0.20359
0.068971 1.16502e+14 0.204088
0.069071 1.16671e+14 0.204587
0.069171 1.16841e+14 0.205088
0.069271 1.1701e+14 0.205589
0.069371 1.1718e+14 0.206092
0.069471 1.17349e+14 0.206597
0.069571 1.17519e+14 0.207102
0.069671 1.17688e+14 0.207609
0.069771 1.17857e+14 0.208118
0.069871 1.18027e+14 0.208627
0.069971 1.18196e+14 0.209138
0.070071 1.18366e+14 0.20965
0.070171 1.18535e+14 0.210164
0.070271 1.18705e+14 0.210679
0.070371 1.18874e+14 0.211195
0.070471 1.19044e+14 0.211712
0.070571 1.19213e+14 0.212231
0.070671 1.19383e+14 0.212751
0.070771 1.19552e+14 0.213272
0.070871 1.19721e+14 0.213795
0.070971 1.19891e+14 0.214319
0.071071 1.2006e+14 0.214844
0.071171 1.2023e+14 0.215371
0.071271 1.20399e+14 0.215899
0.071371 1.20569e+14 0.216429
0.071471 1.20738e+14 0.216959
0.071571 1.20908e+14 0.217491
0.071671 1.21077e+14 0.218025
0.071771 1.21247e+14 0.21856
0.071871 1.21416e+14 0.219096
0.071971 1.21586e+14 0.219633
0.072071 1.21755e+14 0.220172
0.072171 1.21925e+14 0.220712
0.072271 1.22094e+14 0.221254
0.072371 1.22264e+14 0.221797
0.072471 1.22433e+14 0.222341
0.072571 1.22603e+14 0.222887
0.072671 1.22772e+14 0.223434
0.072771 1.22942e+14 0.223982
0.072871 1.23111e+14 0.224532
0.072971 1.23281e+14 0.225083
0.073071 1.2345e+14 0.225635
0.073171 1.2362e+14 0.226189
0.073271 1.23789e+14 0.226745
0.073371 1.23959e+14 0.227301
0.073471 1.24128e+14 0.227859
0.073571 1.24298e+14 0.228419
0.073671 1.24467e+14 0.22898
0.073771 1.24637e+14 0.229542
0.073871 1.24806e+14 0.230106
0.073971 1.24976e+14 0.230671
0.074071 1.25145e+14 0.231237
0.074171 1.25315e+14 0.231805
0.074271 1.25484e+14 0.232375
0.074371 1.25654e+14 0.232945
0.074471 1.25823e+14 0.233517
0.074571 1.25993e+14 0.234091
0.074671 1.26162e+14 0.234666
0.074771 1.26332e+14 0.235242
0.074871 1.26501e+14 0.23582
0.074971 1.26671e+14 0.2364
0.075071 1.2684e+14 0.23698
0.075171 1.2701e+14 0.237563
0.075271 1.27179e+14 0.238146
0.075371 1.27349e+14 0.238731
0.075471 1.27518e+14 0.239318
0.075571 1.27688e+14 0.239906
0.075671 1.27857e+14 0.240495
0.075771 1.28027e+14 0.241086
0.075871 1.28196e+14 0.241679
0.075971 1.28366e+14 0.242273
0.076071 1.28535e+14 0.242868
0.076171 1.28705e+14 0.243465
0.076271 1.28875e+14 0.244063
0.076371 1.29044e+14 0.244663
0.076471 1.29214e+14 0.245265
0.076571 1.29383e+14 0.245868
0.076671 1.29553e+14 0.246472
0.076771 1.29722e+14 0.247078
0.076871 1.29892e+14 0.247686
0.076971 1.30061e+14 0.248295
0.077071 1.30231e+14 0.248906
0.077171 1.304e+14 0.249519
0.077271 1.3057e+14 0.250133
0.077371 1.3074e+14 0.250748
0.077471 1.30909e+14 0.251366
0.077571 1.31079e+14 0.251985
0.077671 1.31248e+14 0.252605
0.077771 1.31418e+14 0.253228
0.077871 1.31587e+14 0.253852
0.077971 1.31757e+14 0.254478
0.078071 1.31926e+14 0.255105
0.078171 1.32096e+14 0.255735
0.078271 1.32266e+14 0.256366
0.078371 1.32435e+14 0.256999
0.078471 1.32605e+14 0.257634
0.078571 1.32774e+14 0.258271
0.078671 1.32944e+14 0.258911
0.078771 1.33113e+14 0.259552
0.078871 1.33283e+14 0.260195
0.078971 1.33453e+14 0.26084
0.079071 1.33622e+14 0.261488
0.079171 1.33792e+14 0.262138
0.079271 1.33961e+14 0.26279
0.079371 1.34131e+14 0.253347
0.080371 1.35827e+14 0.261823
0.081371 1.37523e+14 0.270589
0.082371 1.39219e+14 0.279653
0.083371 1.40915e+14 0.289021
0.084371 1.42611e+14 0.298699
0.085371 1.44308e+14 0.308695
0.086371 1.46005e+14 0.319015
0.087371 1.47702e+14 0.329666
0.088371 1.494e+14 0.340655
0.089371 1.51097e+14 0.351989
0.090371 1.52795e+14 0.363675
0.091371 1.54493e+14 0.37572
0.092371 1.56191e+14 0.388131
0.093371 1.5789e+14 0.400914
0.094371 1.59589e+14 0.414077
0.095371 1.61288e+14 0.427627
0.096371 1.62987e+14 0.441571
0.097371 1.64686e+14 0.455915
0.098371 1.66386e+14 0.470668
0.099371 1.68086e+14 0.485835
0.100371 1.69787e+14 0.501424
0.101371 1.71487e+14 0.517443
0.102371 1.73188e+14 0.533898
0.103371 1.74889e+14 0.550796
0.104371 1.76591e+14 0.568145
0.105371 1.78293e+14 0.585951
0.106371 1.79995e+14 0.604223
0.107371 1.81697e+14 0.622966
0.108371 1.834e+14 0.642188
0.109371 1.85103e+14 0.661897
0.110371 1.86806e+14 0.682099
0.111371 1.8851e+14 0.702802
0.112371 1.90214e+14 0.724013
0.113371 1.91919e+14 0.74574
0.114371 1.93623e+14 0.767988
0.115371 1.95328e+14 0.790766
0.116371 1.97034e+14 0.814081
0.117371 1.9874e+14 0.83794
0.118371 2.00446e+14 0.86235
0.119371 2.02152e+14 0.887319
0.120371 2.03859e+14 0.912854
0.121371 2.05567e+14 0.938961
0.122371 2.07274e+14 0.965649
0.123371 2.08982e+14 0.992924
0.124371 2.10691e+14 1.02079
0.125371 2.124e+14 1.04927
0.126371 2.14109e+14 1.07831
0.131371 2.22662e+14 1.23127
0.136371 2.31225e+14 1.39941
0.141371 2.39801e+14 1.58406
0.146371 2.48388e+14 1.78624
0.151371 2.56988e+14 2.00692
0.156371 2.65601e+14 2.247
0.161371 2.74229e+14 2.50739
0.166371 2.82872e+14 2.78894
0.171371 2.9153e+14 3.09254
0.176371 3.00204e+14 3.41901
0.181371 3.08896e+14 3.7692
0.186371 3.17605e+14 4.14393
0.191371 3.26333e+14 4.54402
0.196371 3.3508e+14 4.97025
0.201371 3.43846e+14 5.42343
0.206371 3.52634e+14 5.90434
0.211371 3.61442e+14 6.41374
0.216371 3.70273e+14 6.95241
0.221371 3.79126e+14 7.5211
0.226371 3.88002e+14 8.12056
0.231371 3.96903e+14 8.75154
0.236371 4.05829e+14 9.41478
0.241371 4.1478e+14 10.111
0.246371 4.23757e+14 10.841
0.251371 4.32762e+14 11.6055
0.256371 4.41794e+14 12.4052
0.261371 4.50854e+14 13.2409
0.266371 4.59943e+14 14.1133
0.271371 4.69062e+14 15.0233
0.276371 4.78211e+14 15.9715
0.281371 4.87392e+14 16.9589
0.286371 4.96604e+14 17.9861
0.291371 5.05849e+14 19.0541
0.296371 5.15127e+14 20.1637
0.301371 5.24439e+14 21.3158
0.306371 5.33785e+14 22.5114
0.311371 5.43167e+14 23.7512
0.316371 5.52585e+14 25.0364
0.321371 5.6204e+14 26.3679
0.326371 5.71532e+14 27.7469
0.331371 5.81062e+14 29.1742
0.336371 5.90631e+14 30.6512
0.341371 6.0024e+14 32.179
0.346371 6.0989e+14 33.7587
0.351371 6.1958e+14 35.3916
0.356371 6.29313e+14 37.079
0.361371 6.39089e+14 38.8223
0.366371 6.48908e+14 40.6228
0.371371 6.58771e+14 42.4819
0.376371 6.6868e+14 44.4011
0.381371 6.78635e+14 46.3818
0.386371 6.88637e+14 48.4255
0.391371 6.98686e+14 50.5338
0.396371 7.08784e+14 52.7082
0.401371 7.18932e+14 54.9502
0.406371 7.29131e+14 57.2615
0.411371 7.3938e+14 59.6435
0.416371 7.49682e+14 62.0977
0.421371 7.60038e+14 64.6258
0.426371 7.70447e+14 67.2291
0.431371 7.80912e+14 69.9089
0.436371 7.91433e+14 72.6667
0.441371 8.0201e+14 75.5037
0.446371 8.12646e+14 78.4209
0.451371 8.23341e+14 81.4193
0.456371 8.34096e+14 84.4997
0.461371 8.44912e+14 87.6626
0.466371 8.55789e+14 90.9085
0.471371 8.6673e+14 94.2374
0.476371 8.77734e+14 97.6491
0.481371 8.88802e+14 101.143
0.486371 8.99937e+14 104.718
0.491371 9.11137e+14 108.373
0.496371 9.22404e+14 112.105
0.501371 9.33739e+14 115.913
0.506371 9.45143e+14 119.792
0.511371 9.56615e+14 123.74
0.516371 9.68156e+14 127.75
0.521371 9.79768e+14 131.818
0.526371 9.91449e+14 135.937
0.531371 1.0032e+15 140.098
0.536371 1.01502e+15 144.293
0.541371 1.02691e+15 148.511
0.546371 1.03887e+15 152.74
0.551371 1.0509e+15 156.967
0.556371 1.063e+15 161.176
0.561371 1.07517e+15 165.351
0.566371 1.0874e+15 169.471
0.571371 1.0997e+15 173.517
0.576371 1.11206e+15 177.466
0.581371 1.12447e+15 181.292
0.586371 1.13695e+15 184.968
0.591371 1.14948e+15 188.467
0.596371 1.16206e+15 191.758
0.601371 1.17469e+15 194.809
0.606371 1.18737e+15 197.591
0.611371 1.20008e+15 200.073
0.616371 1.21283e+15 202.225
0.621371 1.2256e+15 204.021
0.626371 1.2384e+15 205.442
0.631371 1.25121e+15 206.473
0.636371 1.26404e+15 207.111
0.641371 1.27688e+15 207.364
0.646371 1.28971e+15 207.257
0.651371 1.30254e+15 206.835
0.656371 1.31537e+15 206.167
0.661371 1.32818e+15 205.362
0.666371 1.34098e+15 204.616
0.671371 1.35378e+15 204.214
0.676371 1.36658e+15 202.585
