1e-10 165821 6.72126e-13
1.02e-10 169138 6.94684e-13
1.0404e-10 172520 7.17989e-13
1.06121e-10 175971 7.42064e-13
1.08243e-10 179490 7.66935e-13
1.10408e-10 183080 7.92628e-13
1.12616e-10 186742 8.19169e-13
1.14869e-10 190477 8.46586e-13
1.17166e-10 194286 8.74908e-13
1.19509e-10 198172 9.04164e-13
1.21899e-10 202135 9.34383e-13
1.24337e-10 206178 9.65598e-13
1.26824e-10 210302 9.9784e-13
1.29361e-10 214508 1.03114e-12
1.31948e-10 218798 1.06554e-12
1.34587e-10 223174 1.10107e-12
1.37279e-10 227638 1.13777e-12
1.40024e-10 232190 1.17567e-12
1.42825e-10 236834 1.21481e-12
1.45681e-10 241571 1.25524e-12
1.48595e-10 246402 1.29699e-12
1.51567e-10 251331 1.34011e-12
1.54598e-10 256357 1.38464e-12
1.5769e-10 261484 1.43063e-12
1.60844e-10 266714 1.47812e-12
1.64061e-10 272048 1.52717e-12
1.67342e-10 277490 1.57782e-12
1.70689e-10 283039 1.63012e-12
1.74102e-10 288700 1.68412e-12
1.77584e-10 294474 1.73989e-12
1.81136e-10 300364 1.79748e-12
1.84759e-10 306371 1.85694e-12
1.88454e-10 312499 1.91834e-12
1.92223e-10 318749 1.98173e-12
1.96068e-10 325124 2.04719e-12
1.99989e-10 331626 2.11477e-12
2.03989e-10 338259 2.18454e-12
2.08069e-10 345024 2.25659e-12
2.1223e-10 351925 2.33096e-12
2.16474e-10 358963 2.40775e-12
2.20804e-10 366143 2.48703e-12
2.2522e-10 373466 2.56887e-12
2.29724e-10 380935 2.65336e-12
2.34319e-10 388554 2.74058e-12
2.39005e-10 396325 2.83062e-12
2.43785e-10 404252 2.92357e-12
2.48661e-10 412337 3.01952e-12
2.53634e-10 420584 3.11856e-12
2.58707e-10 428995 3.2208e-12
2.63881e-10 437575 3.32633e-12
2.69159e-10 446327 3.43525e-12
2.74542e-10 455254 3.54768e-12
2.80033e-10 464359 3.66372e-12
2.85633e-10 473646 3.78349e-12
2.91346e-10 483119 3.90711e-12
2.97173e-10 492782 4.0347e-12
3.03117e-10 502638 4.16637e-12
3.09179e-10 512690 4.30226e-12
3.15362e-10 522944 4.44251e-12
3.2167e-10 533403 4.58724e-12
3.28103e-10 544072 4.7366e-12
3.34665e-10 554953 4.89074e-12
3.41358e-10 566053 5.04979e-12
3.48186e-10 577374 5.21392e-12
3.55149e-10 588921 5.38329e-12
3.62252e-10 600700 5.55805e-12
3.69497e-10 612714 5.73838e-12
3.76887e-10 624969 5.92445e-12
3.84425e-10 637468 6.11644e-12
3.92114e-10 650218 6.31452e-12
3.99956e-10 663223 6.5189e-12
4.07955e-10 676487 6.72976e-12
4.16114e-10 690017 6.94731e-12
4.24436e-10 703818 7.17176e-12
4.32925e-10 717894 7.40331e-12
4.41584e-10 732253 7.64218e-12
4.50415e-10 746898 7.88861e-12
4.59424e-10 761836 8.14283e-12
4.68612e-10 777073 8.40508e-12
4.77984e-10 792615 8.6756e-12
4.87544e-10 808468 8.95464e-12
4.97295e-10 824637 9.24248e-12
5.07241e-10 841130 9.53938e-12
5.17386e-10 857953 9.84562e-12
5.27733e-10 875113 1.01615e-11
5.38288e-10 892615 1.04873e-11
5.49054e-10 910468 1.08233e-11
5.60035e-10 928678 1.11698e-11
5.71235e-10 947252 1.15273e-11
5.8266e-10 966197 1.18959e-11
5.94313e-10 985521 1.2276e-11
6.062e-10 1.00523e+06 1.2668e-11
6.18324e-10 1.02534e+06 1.30723e-11
6.3069e-10 1.04584e+06 1.34892e-11
6.43304e-10 1.06676e+06 1.39191e-11
6.5617e-10 1.0881e+06 1.43624e-11
6.69293e-10 1.10986e+06 1.48195e-11
6.82679e-10 1.13206e+06 1.52909e-11
6.96333e-10 1.1547e+06 1.57769e-11
7.10259e-10 1.17779e+06 1.6278e-11
7.24465e-10 1.20135e+06 1.67946e-11
7.38954e-10 1.22538e+06 1.73273e-11
7.53733e-10 1.24989e+06 1.78765e-11
7.68808e-10 1.27488e+06 1.84427e-11
7.84184e-10 1.30038e+06 1.90265e-11
7.99867e-10 1.32639e+06 1.96283e-11
8.15865e-10 1.35292e+06 2.02487e-11
8.32182e-10 1.37998e+06 2.08882e-11
8.48826e-10 1.40758e+06 2.15475e-11
8.65802e-10 1.43573e+06 2.22271e-11
8.83118e-10 1.46445e+06 2.29277e-11
9.00781e-10 1.49374e+06 2.36498e-11
9.18796e-10 1.52361e+06 2.43941e-11
9.37172e-10 1.55409e+06 2.51613e-11
9.55916e-10 1.58517e+06 2.59521e-11
9.75034e-10 1.61687e+06 2.67671e-11
9.94535e-10 1.64921e+06 2.76071e-11
1.01443e-09 1.6822e+06 2.84728e-11
1.03471e-09 1.71584e+06 2.9365e-11
1.05541e-09 1.75016e+06 3.02846e-11
1.07652e-09 1.78516e+06 3.12322e-11
1.09805e-09 1.82087e+06 3.22087e-11
1.12001e-09 1.85729e+06 3.32151e-11
1.14241e-09 1.89443e+06 3.42521e-11
1.16526e-09 1.93232e+06 3.53207e-11
1.18856e-09 1.97097e+06 3.64218e-11
1.21233e-09 2.01039e+06 3.75564e-11
1.23658e-09 2.0506e+06 3.87255e-11
1.26131e-09 2.09161e+06 3.993e-11
1.28654e-09 2.13345e+06 4.11711e-11
1.31227e-09 2.17612e+06 4.24498e-11
1.33851e-09 2.21964e+06 4.37673e-11
1.36528e-09 2.26404e+06 4.51246e-11
1.39259e-09 2.30932e+06 4.65229e-11
1.42044e-09 2.35551e+06 4.79635e-11
1.44885e-09 2.40262e+06 4.94475e-11
1.47783e-09 2.45067e+06 5.09764e-11
1.50738e-09 2.49969e+06 5.25512e-11
1.53753e-09 2.54968e+06 5.41736e-11
1.56828e-09 2.60068e+06 5.58447e-11
1.59965e-09 2.6527e+06 5.7566e-11
1.63164e-09 2.70575e+06 5.93391e-11
1.66427e-09 2.75987e+06 6.11653e-11
1.69756e-09 2.81507e+06 6.30463e-11
1.73151e-09 2.87137e+06 6.49837e-11
1.76614e-09 2.9288e+06 6.69791e-11
1.80146e-09 2.98738e+06 6.90341e-11
1.83749e-09 3.04713e+06 7.11506e-11
1.87424e-09 3.10808e+06 7.33303e-11
1.91173e-09 3.17024e+06 7.5575e-11
1.94996e-09 3.23365e+06 7.78867e-11
1.98896e-09 3.29832e+06 8.02672e-11
2.02874e-09 3.36429e+06 8.27185e-11
2.06931e-09 3.43158e+06 8.52428e-11
2.1107e-09 3.50022e+06 8.78421e-11
2.15291e-09 3.57022e+06 9.05186e-11
2.19597e-09 3.64163e+06 9.32745e-11
2.23989e-09 3.71447e+06 9.6112e-11
2.28469e-09 3.78876e+06 9.90337e-11
2.33038e-09 3.86454e+06 1.02042e-10
2.37699e-09 3.94183e+06 1.05139e-10
2.42453e-09 4.02067e+06 1.08327e-10
2.47302e-09 4.10109e+06 1.1161e-10
2.52248e-09 4.18312e+06 1.1499e-10
2.57293e-09 4.26678e+06 1.18469e-10
2.62439e-09 4.35212e+06 1.22051e-10
2.67688e-09 4.43917e+06 1.25738e-10
2.73042e-09 4.52796e+06 1.29533e-10
2.78502e-09 4.61852e+06 1.3344e-10
2.84072e-09 4.7109e+06 1.37462e-10
2.89754e-09 4.80512e+06 1.41602e-10
2.95549e-09 4.90123e+06 1.45863e-10
3.0146e-09 4.99926e+06 1.50249e-10
3.07489e-09 5.09925e+06 1.54763e-10
3.13639e-09 5.20124e+06 1.5941e-10
3.19912e-09 5.30527e+06 1.64192e-10
3.2631e-09 5.41138e+06 1.69113e-10
3.32836e-09 5.51962e+06 1.74179e-10
3.39493e-09 5.63001e+06 1.79392e-10
3.46283e-09 5.74262e+06 1.84757e-10
3.53208e-09 5.85748e+06 1.90278e-10
3.60272e-09 5.97464e+06 1.9596e-10
3.67478e-09 6.09414e+06 2.01807e-10
3.74827e-09 6.21603e+06 2.07824e-10
3.82324e-09 6.34035e+06 2.14015e-10
3.89971e-09 6.46717e+06 2.20386e-10
3.9777e-09 6.59652e+06 2.26941e-10
4.05725e-09 6.72846e+06 2.33687e-10
4.1384e-09 6.86304e+06 2.40627e-10
4.22117e-09 7.00031e+06 2.47769e-10
4.30559e-09 7.14032e+06 2.55116e-10
4.3917e-09 7.28314e+06 2.62676e-10
4.47954e-09 7.42881e+06 2.70454e-10
4.56913e-09 7.5774e+06 2.78456e-10
4.66051e-09 7.72895e+06 2.86689e-10
4.75372e-09 7.88354e+06 2.95158e-10
4.84879e-09 8.04122e+06 3.03872e-10
4.94577e-09 8.20206e+06 3.12835e-10
5.04468e-09 8.36611e+06 3.22057e-10
5.14558e-09 8.53345e+06 3.31543e-10
5.24849e-09 8.70413e+06 3.41301e-10
5.35346e-09 8.87822e+06 3.51338e-10
5.46053e-09 9.0558e+06 3.61664e-10
5.56974e-09 9.23693e+06 3.72285e-10
5.68113e-09 9.42168e+06 3.8321e-10
5.79476e-09 9.61013e+06 3.94447e-10
5.91065e-09 9.80234e+06 4.06005e-10
6.02886e-09 9.99841e+06 4.17893e-10
6.14944e-09 1.01984e+07 4.3012e-10
6.27243e-09 1.04024e+07 4.42695e-10
6.39788e-09 1.06104e+07 4.55629e-10
6.52584e-09 1.08227e+07 4.68932e-10
6.65635e-09 1.10391e+07 4.82612e-10
6.78948e-09 1.12599e+07 4.96682e-10
6.92527e-09 1.14851e+07 5.11151e-10
7.06378e-09 1.17149e+07 5.26031e-10
7.20505e-09 1.19492e+07 5.41334e-10
7.34915e-09 1.21882e+07 5.5707e-10
7.49614e-09 1.2432e+07 5.73253e-10
7.64606e-09 1.26806e+07 5.89893e-10
7.79898e-09 1.29343e+07 6.07005e-10
7.95496e-09 1.3193e+07 6.24601e-10
8.11406e-09 1.34569e+07 6.42694e-10
8.27634e-09 1.3726e+07 6.61298e-10
8.44187e-09 1.40006e+07 6.80427e-10
8.6107e-09 1.42806e+07 7.00096e-10
8.78292e-09 1.45662e+07 7.2032e-10
8.95858e-09 1.48576e+07 7.41113e-10
9.13775e-09 1.51548e+07 7.62493e-10
9.3205e-09 1.54579e+07 7.84473e-10
9.50691e-09 1.57671e+07 8.07073e-10
9.69705e-09 1.60824e+07 8.30307e-10
9.89099e-09 1.64041e+07 8.54194e-10
1.00888e-08 1.67322e+07 8.78752e-10
1.02906e-08 1.70669e+07 9.03999e-10
1.04964e-08 1.74083e+07 9.29954e-10
1.07063e-08 1.77565e+07 9.56637e-10
1.09205e-08 1.81116e+07 9.84067e-10
1.11389e-08 1.84739e+07 1.01227e-09
1.13616e-08 1.88434e+07 1.04125e-09
1.15889e-08 1.92203e+07 1.07105e-09
1.18207e-08 1.96048e+07 1.10168e-09
1.20571e-08 1.99969e+07 1.13317e-09
1.22982e-08 2.03969e+07 1.16553e-09
1.25442e-08 2.08049e+07 1.1988e-09
1.27951e-08 2.1221e+07 1.233e-09
1.3051e-08 2.16455e+07 1.26815e-09
1.3312e-08 2.20784e+07 1.30428e-09
1.35782e-08 2.25201e+07 1.34141e-09
1.38498e-08 2.29705e+07 1.37958e-09
1.41268e-08 2.343e+07 1.41881e-09
1.44093e-08 2.38986e+07 1.45913e-09
1.46975e-08 2.43766e+07 1.50057e-09
1.49914e-08 2.48642e+07 1.54316e-09
1.52913e-08 2.53616e+07 1.58693e-09
1.55971e-08 2.58689e+07 1.63192e-09
1.5909e-08 2.63863e+07 1.67816e-09
1.62272e-08 2.69141e+07 1.72567e-09
1.65518e-08 2.74524e+07 1.7745e-09
1.68828e-08 2.80015e+07 1.82469e-09
1.72205e-08 2.85616e+07 1.87626e-09
1.75649e-08 2.91329e+07 1.92926e-09
1.79162e-08 2.97157e+07 1.98373e-09
1.82745e-08 3.031e+07 2.0397e-09
1.864e-08 3.09163e+07 2.09722e-09
1.90128e-08 3.15347e+07 2.15632e-09
1.9393e-08 3.21655e+07 2.21706e-09
1.97809e-08 3.28089e+07 2.27947e-09
2.01765e-08 3.34651e+07 2.3436e-09
2.058e-08 3.41345e+07 2.4095e-09
2.09916e-08 3.48173e+07 2.47721e-09
2.14115e-08 3.55137e+07 2.54679e-09
2.18397e-08 3.62241e+07 2.61828e-09
2.22765e-08 3.69487e+07 2.69174e-09
2.2722e-08 3.76878e+07 2.76722e-09
2.31765e-08 3.84416e+07 2.84477e-09
2.364e-08 3.92106e+07 2.92445e-09
2.41128e-08 3.99949e+07 3.00632e-09
2.45951e-08 4.07949e+07 3.09044e-09
2.5087e-08 4.16109e+07 3.17687e-09
2.55887e-08 4.24432e+07 3.26566e-09
2.61005e-08 4.32922e+07 3.35689e-09
2.66225e-08 4.41582e+07 3.45062e-09
2.71549e-08 4.50415e+07 3.54692e-09
2.7698e-08 4.59424e+07 3.64586e-09
2.8252e-08 4.68614e+07 3.7475e-09
2.8817e-08 4.77988e+07 3.85192e-09
2.93934e-08 4.87549e+07 3.95919e-09
2.99812e-08 4.97301e+07 4.0694e-09
3.05809e-08 5.07249e+07 4.18262e-09
3.11925e-08 5.17395e+07 4.29894e-09
3.18163e-08 5.27745e+07 4.41843e-09
3.24526e-08 5.38301e+07 4.54118e-09
3.31017e-08 5.49069e+07 4.66727e-09
3.37637e-08 5.60052e+07 4.79681e-09
3.4439e-08 5.71255e+07 4.92988e-09
3.51278e-08 5.82681e+07 5.06657e-09
3.58303e-08 5.94337e+07 5.20699e-09
3.6547e-08 6.06225e+07 5.35123e-09
3.72779e-08 6.18352e+07 5.4994e-09
3.80235e-08 6.30721e+07 5.6516e-09
3.87839e-08 6.43337e+07 5.80794e-09
3.95596e-08 6.56206e+07 5.96853e-09
4.03508e-08 6.69333e+07 6.13349e-09
4.11578e-08 6.82721e+07 6.30292e-09
4.1981e-08 6.96378e+07 6.47696e-09
4.28206e-08 7.10308e+07 6.65573e-09
4.3677e-08 7.24517e+07 6.83935e-09
4.45505e-08 7.39009e+07 7.02795e-09
4.54415e-08 7.53792e+07 7.22166e-09
4.63504e-08 7.68871e+07 7.42063e-09
4.72774e-08 7.84251e+07 7.62499e-09
4.82229e-08 7.99938e+07 7.83489e-09
4.91874e-08 8.1594e+07 8.05048e-09
5.01711e-08 8.32262e+07 8.2719e-09
5.11746e-08 8.4891e+07 8.49932e-09
5.2198e-08 8.65891e+07 8.7329e-09
5.3242e-08 8.83212e+07 8.97279e-09
5.43069e-08 9.0088e+07 9.21917e-09
5.5393e-08 9.18901e+07 9.47221e-09
5.65008e-08 9.37282e+07 9.73209e-09
5.76309e-08 9.56031e+07 9.99899e-09
5.87835e-08 9.75155e+07 1.02731e-08
5.99592e-08 9.94662e+07 1.05546e-08
6.11583e-08 1.01456e+08 1.08437e-08
6.23815e-08 1.03485e+08 1.11406e-08
6.36291e-08 1.05556e+08 1.14456e-08
6.49017e-08 1.07667e+08 1.17587e-08
6.61997e-08 1.09821e+08 1.20803e-08
6.75237e-08 1.12018e+08 1.24106e-08
6.88742e-08 1.14259e+08 1.27497e-08
7.02517e-08 1.16544e+08 1.3098e-08
7.16567e-08 1.18875e+08 1.34557e-08
7.30899e-08 1.21253e+08 1.3823e-08
7.45517e-08 1.23679e+08 1.42002e-08
7.60427e-08 1.26153e+08 1.45876e-08
7.75636e-08 1.28677e+08 1.49853e-08
7.91148e-08 1.31251e+08 1.53938e-08
8.06971e-08 1.33876e+08 1.58132e-08
8.23111e-08 1.36554e+08 1.6244e-08
8.39573e-08 1.39286e+08 1.66862e-08
8.56364e-08 1.42073e+08 1.71404e-08
8.73492e-08 1.44915e+08 1.76068e-08
8.90961e-08 1.47814e+08 1.80857e-08
9.08781e-08 1.5077e+08 1.85774e-08
9.26956e-08 1.53787e+08 1.90824e-08
9.45495e-08 1.56863e+08 1.96009e-08
9.64405e-08 1.60001e+08 2.01333e-08
9.83693e-08 1.63202e+08 2.068e-08
1.00337e-07 1.66466e+08 2.12413e-08
1.02343e-07 1.69797e+08 2.18177e-08
1.0439e-07 1.73193e+08 2.24095e-08
1.06478e-07 1.76658e+08 2.30172e-08
1.08608e-07 1.80192e+08 2.36411e-08
1.1078e-07 1.83797e+08 2.42818e-08
1.12995e-07 1.87473e+08 2.49396e-08
1.15255e-07 1.91224e+08 2.5615e-08
1.1756e-07 1.95049e+08 2.63084e-08
1.19912e-07 1.98951e+08 2.70204e-08
1.2231e-07 2.02931e+08 2.77515e-08
1.24756e-07 2.06991e+08 2.85021e-08
1.27251e-07 2.11132e+08 2.92728e-08
1.29796e-07 2.15355e+08 3.0064e-08
1.32392e-07 2.19663e+08 3.08764e-08
1.3504e-07 2.24058e+08 3.17105e-08
1.37741e-07 2.2854e+08 3.25669e-08
1.40496e-07 2.33112e+08 3.34461e-08
1.43306e-07 2.37776e+08 3.43488e-08
1.46172e-07 2.42532e+08 3.52756e-08
1.49095e-07 2.47384e+08 3.62271e-08
1.52077e-07 2.52333e+08 3.7204e-08
1.55119e-07 2.57381e+08 3.82069e-08
1.58221e-07 2.6253e+08 3.92366e-08
1.61385e-07 2.67782e+08 4.02937e-08
1.64613e-07 2.73139e+08 4.1379e-08
1.67905e-07 2.78604e+08 4.24932e-08
1.71263e-07 2.84177e+08 4.36371e-08
1.74689e-07 2.89862e+08 4.48114e-08
1.78182e-07 2.95661e+08 4.6017e-08
1.81746e-07 3.01576e+08 4.72547e-08
1.85381e-07 3.07609e+08 4.85254e-08
1.89089e-07 3.13763e+08 4.98298e-08
1.9287e-07 3.2004e+08 5.11689e-08
1.96728e-07 3.26443e+08 5.25437e-08
2.00662e-07 3.32974e+08 5.3955e-08
2.04676e-07 3.39635e+08 5.54038e-08
2.08769e-07 3.4643e+08 5.68911e-08
2.12945e-07 3.53361e+08 5.84179e-08
2.17203e-07 3.6043e+08 5.99853e-08
2.21547e-07 3.67641e+08 6.15943e-08
2.25978e-07 3.74996e+08 6.32461e-08
2.30498e-07 3.82498e+08 6.49417e-08
2.35108e-07 3.9015e+08 6.66823e-08
2.3981e-07 3.97956e+08 6.84691e-08
2.44606e-07 4.05917e+08 7.03033e-08
2.49498e-07 4.14038e+08 7.21861e-08
2.54488e-07 4.22322e+08 7.41189e-08
2.59578e-07 4.30771e+08 7.61029e-08
2.6477e-07 4.39389e+08 7.81395e-08
2.70065e-07 4.48179e+08 8.02301e-08
2.75466e-07 4.57146e+08 8.23761e-08
2.80976e-07 4.66292e+08 8.4579e-08
2.86595e-07 4.75621e+08 8.68402e-08
2.92327e-07 4.85136e+08 8.91613e-08
2.98174e-07 4.94842e+08 9.15438e-08
3.04137e-07 5.04742e+08 9.39894e-08
3.1022e-07 5.14841e+08 9.64997e-08
3.16424e-07 5.25141e+08 9.90765e-08
3.22753e-07 5.35647e+08 1.01721e-07
3.29208e-07 5.46364e+08 1.04436e-07
3.35792e-07 5.57295e+08 1.07223e-07
3.42508e-07 5.68445e+08 1.10083e-07
3.49358e-07 5.79818e+08 1.13019e-07
3.56345e-07 5.91418e+08 1.16033e-07
3.63472e-07 6.03251e+08 1.19126e-07
3.70742e-07 6.1532e+08 1.22301e-07
3.78156e-07 6.27631e+08 1.25559e-07
3.8572e-07 6.40188e+08 1.28904e-07
3.93434e-07 6.52996e+08 1.32337e-07
4.01303e-07 6.66061e+08 1.35861e-07
4.09329e-07 6.79387e+08 1.39478e-07
4.17515e-07 6.9298e+08 1.4319e-07
4.25866e-07 7.06845e+08 1.47e-07
4.34383e-07 7.20987e+08 1.5091e-07
4.4307e-07 7.35412e+08 1.54924e-07
4.51932e-07 7.50126e+08 1.59043e-07
4.60971e-07 7.65134e+08 1.63271e-07
4.7019e-07 7.80443e+08 1.67611e-07
4.79594e-07 7.96058e+08 1.72064e-07
4.89186e-07 8.11985e+08 1.76636e-07
4.98969e-07 8.28231e+08 1.81327e-07
5.08949e-07 8.44803e+08 1.86142e-07
5.19128e-07 8.61705e+08 1.91084e-07
5.2951e-07 8.78946e+08 1.96156e-07
5.401e-07 8.96532e+08 2.01361e-07
5.50902e-07 9.1447e+08 2.06703e-07
5.61921e-07 9.32767e+08 2.12186e-07
5.73159e-07 9.5143e+08 2.17813e-07
5.84622e-07 9.70467e+08 2.23588e-07
5.96315e-07 9.89884e+08 2.29515e-07
6.08241e-07 1.00969e+09 2.35597e-07
6.20406e-07 1.02989e+09 2.4184e-07
6.32814e-07 1.0505e+09 2.48246e-07
6.4547e-07 1.07152e+09 2.54821e-07
6.58379e-07 1.09296e+09 2.61568e-07
6.71547e-07 1.11483e+09 2.68493e-07
6.84978e-07 1.13713e+09 2.75599e-07
6.98678e-07 1.15988e+09 2.82892e-07
7.12651e-07 1.18309e+09 2.90376e-07
7.26904e-07 1.20677e+09 2.98057e-07
7.41442e-07 1.23091e+09 3.05939e-07
7.56271e-07 1.25554e+09 3.14028e-07
7.71396e-07 1.28066e+09 3.22328e-07
7.86824e-07 1.30629e+09 3.30847e-07
8.02561e-07 1.33243e+09 3.39589e-07
8.18612e-07 1.35909e+09 3.48559e-07
8.34984e-07 1.38628e+09 3.57765e-07
8.51684e-07 1.41402e+09 3.67212e-07
8.68718e-07 1.44231e+09 3.76907e-07
8.86092e-07 1.47117e+09 3.86855e-07
9.03814e-07 1.50061e+09 3.97063e-07
9.2189e-07 1.53064e+09 4.07539e-07
9.40328e-07 1.56126e+09 4.18289e-07
9.59135e-07 1.5925e+09 4.2932e-07
9.78317e-07 1.62437e+09 4.4064e-07
9.97884e-07 1.65687e+09 4.52255e-07
1.01784e-06 1.69003e+09 4.64175e-07
1.0382e-06 1.72384e+09 4.76406e-07
1.05896e-06 1.75834e+09 4.88956e-07
1.08014e-06 1.79352e+09 5.01834e-07
1.10174e-06 1.82941e+09 5.15049e-07
1.12378e-06 1.86602e+09 5.28609e-07
1.14625e-06 1.90336e+09 5.42523e-07
1.16918e-06 1.94145e+09 5.56801e-07
1.19256e-06 1.98029e+09 5.71451e-07
1.21641e-06 2.01992e+09 5.86483e-07
1.24074e-06 2.06034e+09 6.01907e-07
1.26556e-06 2.10157e+09 6.17734e-07
1.29087e-06 2.14362e+09 6.33973e-07
1.31669e-06 2.18652e+09 6.50636e-07
1.34302e-06 2.23027e+09 6.67733e-07
1.36988e-06 2.2749e+09 6.85276e-07
1.39728e-06 2.32042e+09 7.03276e-07
1.42522e-06 2.36686e+09 7.21744e-07
1.45373e-06 2.41422e+09 7.40694e-07
1.4828e-06 2.46253e+09 7.60137e-07
1.51246e-06 2.51181e+09 7.80086e-07
1.54271e-06 2.56208e+09 8.00555e-07
1.57356e-06 2.61335e+09 8.21556e-07
1.60503e-06 2.66564e+09 8.43103e-07
1.63713e-06 2.71899e+09 8.65211e-07
1.66988e-06 2.7734e+09 8.87893e-07
1.70327e-06 2.8289e+09 9.11166e-07
1.73734e-06 2.88551e+09 9.35043e-07
1.77209e-06 2.94325e+09 9.5954e-07
1.80753e-06 3.00215e+09 9.84674e-07
1.84368e-06 3.06223e+09 1.01046e-06
1.88055e-06 3.12351e+09 1.03692e-06
1.91816e-06 3.18602e+09 1.06406e-06
1.95653e-06 3.24978e+09 1.09191e-06
1.99566e-06 3.31481e+09 1.12048e-06
2.03557e-06 3.38115e+09 1.14979e-06
2.07628e-06 3.44881e+09 1.17986e-06
2.11781e-06 3.51783e+09 1.21071e-06
2.16016e-06 3.58823e+09 1.24237e-06
2.20337e-06 3.66004e+09 1.27484e-06
2.24743e-06 3.73329e+09 1.30815e-06
2.29238e-06 3.808e+09 1.34233e-06
2.33823e-06 3.88421e+09 1.37739e-06
2.38499e-06 3.96195e+09 1.41336e-06
2.43269e-06 4.04124e+09 1.45026e-06
2.48135e-06 4.12211e+09 1.48811e-06
2.53098e-06 4.20461e+09 1.52695e-06
2.5816e-06 4.28876e+09 1.56679e-06
2.63323e-06 4.37459e+09 1.60766e-06
2.68589e-06 4.46214e+09 1.64958e-06
2.73961e-06 4.55144e+09 1.69259e-06
2.7944e-06 4.64253e+09 1.73672e-06
2.85029e-06 4.73545e+09 1.78198e-06
2.9073e-06 4.83022e+09 1.82841e-06
2.96544e-06 4.92689e+09 1.87604e-06
3.02475e-06 5.0255e+09 1.9249e-06
3.08525e-06 5.12608e+09 1.97502e-06
3.14695e-06 5.22867e+09 2.02643e-06
3.20989e-06 5.33331e+09 2.07917e-06
3.27409e-06 5.44006e+09 2.13327e-06
3.33957e-06 5.54893e+09 2.18877e-06
3.40636e-06 5.65999e+09 2.24569e-06
3.47449e-06 5.77327e+09 2.30408e-06
3.54398e-06 5.88882e+09 2.36398e-06
3.61486e-06 6.00668e+09 2.42542e-06
3.68715e-06 6.12691e+09 2.48844e-06
3.7609e-06 6.24953e+09 2.55309e-06
3.83611e-06 6.37462e+09 2.61939e-06
3.91284e-06 6.5022e+09 2.68741e-06
3.99109e-06 6.63235e+09 2.75717e-06
4.07092e-06 6.76509e+09 2.82873e-06
4.15233e-06 6.9005e+09 2.90212e-06
4.23538e-06 7.03861e+09 2.9774e-06
4.32009e-06 7.17949e+09 3.05462e-06
4.40649e-06 7.32319e+09 3.13382e-06
4.49462e-06 7.46977e+09 3.21505e-06
4.58451e-06 7.61928e+09 3.29837e-06
4.6762e-06 7.77179e+09 3.38383e-06
4.76973e-06 7.92734e+09 3.47148e-06
4.86512e-06 8.08602e+09 3.56138e-06
4.96242e-06 8.24787e+09 3.65358e-06
5.06167e-06 8.41296e+09 3.74815e-06
5.1629e-06 8.58135e+09 3.84514e-06
5.26616e-06 8.75312e+09 3.94461e-06
5.37149e-06 8.92832e+09 4.04664e-06
5.47892e-06 9.10704e+09 4.15127e-06
5.58849e-06 9.28933e+09 4.25859e-06
5.70026e-06 9.47527e+09 4.36865e-06
5.81427e-06 9.66493e+09 4.48152e-06
5.93055e-06 9.85839e+09 4.59728e-06
6.04917e-06 1.00557e+10 4.71601e-06
6.17015e-06 1.0257e+10 4.83776e-06
6.29355e-06 1.04623e+10 4.96263e-06
6.41942e-06 1.06718e+10 5.09069e-06
6.54781e-06 1.08854e+10 5.22201e-06
6.67877e-06 1.11033e+10 5.35669e-06
6.81234e-06 1.13255e+10 5.49481e-06
6.94859e-06 1.15522e+10 5.63645e-06
7.08756e-06 1.17835e+10 5.7817e-06
7.22931e-06 1.20194e+10 5.93066e-06
7.3739e-06 1.226e+10 6.08341e-06
7.52138e-06 1.25054e+10 6.24006e-06
7.67181e-06 1.27557e+10 6.40069e-06
7.82524e-06 1.30111e+10 6.56541e-06
7.98175e-06 1.32715e+10 6.73433e-06
8.14138e-06 1.35372e+10 6.90755e-06
8.30421e-06 1.38082e+10 7.08517e-06
8.47029e-06 1.40846e+10 7.26731e-06
8.6397e-06 1.43666e+10 7.45408e-06
8.81249e-06 1.46542e+10 7.6456e-06
8.98874e-06 1.49475e+10 7.84198e-06
9.16852e-06 1.52468e+10 8.04335e-06
9.35189e-06 1.5552e+10 8.24983e-06
9.53893e-06 1.58633e+10 8.46155e-06
9.7297e-06 1.61809e+10 8.67864e-06
9.9243e-06 1.65048e+10 8.90124e-06
1.01228e-05 1.68353e+10 9.12948e-06
1.03252e-05 1.71723e+10 9.36351e-06
1.05317e-05 1.75161e+10 9.60346e-06
1.07424e-05 1.78668e+10 9.84949e-06
1.09572e-05 1.82244e+10 1.01018e-05
1.11764e-05 1.85893e+10 1.03604e-05
1.13999e-05 1.89615e+10 1.06256e-05
1.16279e-05 1.93411e+10 1.08975e-05
1.18605e-05 1.97283e+10 1.11763e-05
1.20977e-05 2.01233e+10 1.14621e-05
1.23396e-05 2.05261e+10 1.17551e-05
1.25864e-05 2.09371e+10 1.20555e-05
1.28381e-05 2.13563e+10 1.23636e-05
1.30949e-05 2.17838e+10 1.26794e-05
1.33568e-05 2.222e+10 1.30031e-05
1.36239e-05 2.26648e+10 1.3335e-05
1.38964e-05 2.31186e+10 1.36753e-05
1.41743e-05 2.35815e+10 1.40242e-05
1.44578e-05 2.40536e+10 1.43818e-05
1.4747e-05 2.45352e+10 1.47485e-05
1.50419e-05 2.50265e+10 1.51244e-05
1.53428e-05 2.55275e+10 1.55097e-05
1.56496e-05 2.60387e+10 1.59047e-05
1.59626e-05 2.656e+10 1.63097e-05
1.62819e-05 2.70918e+10 1.67248e-05
1.66075e-05 2.76342e+10 1.71504e-05
1.69396e-05 2.81875e+10 1.75866e-05
1.72784e-05 2.87519e+10 1.80338e-05
1.7624e-05 2.93276e+10 1.84923e-05
1.79765e-05 2.99149e+10 1.89622e-05
1.8336e-05 3.05138e+10 1.94439e-05
1.87027e-05 3.11248e+10 1.99376e-05
1.90768e-05 3.1748e+10 2.04438e-05
1.94583e-05 3.23837e+10 2.09626e-05
1.98475e-05 3.30322e+10 2.14944e-05
2.02444e-05 3.36936e+10 2.20394e-05
2.06493e-05 3.43683e+10 2.25982e-05
2.10623e-05 3.50565e+10 2.31709e-05
2.14836e-05 3.57584e+10 2.37579e-05
2.19132e-05 3.64745e+10 2.43595e-05
2.23515e-05 3.72048e+10 2.49762e-05
2.27985e-05 3.79498e+10 2.56082e-05
2.32545e-05 3.87098e+10 2.62561e-05
2.37196e-05 3.94849e+10 2.692e-05
2.4194e-05 4.02756e+10 2.76006e-05
2.46779e-05 4.10821e+10 2.8298e-05
2.51714e-05 4.19048e+10 2.90129e-05
2.56749e-05 4.27439e+10 2.97455e-05
2.61884e-05 4.35999e+10 3.04964e-05
2.67121e-05 4.4473e+10 3.12659e-05
2.72464e-05 4.53636e+10 3.20545e-05
2.77913e-05 4.6272e+10 3.28628e-05
2.83471e-05 4.71986e+10 3.36911e-05
2.89141e-05 4.81438e+10 3.45399e-05
2.94923e-05 4.91079e+10 3.54098e-05
3.00822e-05 5.00914e+10 3.63013e-05
3.06838e-05 5.10945e+10 3.72149e-05
3.12975e-05 5.21178e+10 3.81511e-05
3.19235e-05 5.31615e+10 3.91105e-05
3.25619e-05 5.42262e+10 4.00936e-05
3.32132e-05 5.53121e+10 4.11011e-05
3.38774e-05 5.64199e+10 4.21335e-05
3.4555e-05 5.75498e+10 4.31913e-05
3.52461e-05 5.87024e+10 4.42753e-05
3.5951e-05 5.9878e+10 4.53861e-05
3.667e-05 6.10772e+10 4.65242e-05
3.74034e-05 6.23005e+10 4.76905e-05
3.81515e-05 6.35482e+10 4.88855e-05
3.89145e-05 6.48209e+10 5.01099e-05
3.96928e-05 6.61192e+10 5.13645e-05
4.04867e-05 6.74434e+10 5.26499e-05
4.12964e-05 6.87942e+10 5.3967e-05
4.21223e-05 7.0172e+10 5.53165e-05
4.29648e-05 7.15775e+10 5.66991e-05
4.38241e-05 7.30111e+10 5.81157e-05
4.47005e-05 7.44734e+10 5.9567e-05
4.55946e-05 7.59651e+10 6.1054e-05
4.65065e-05 7.74866e+10 6.25774e-05
4.74366e-05 7.90386e+10 6.41382e-05
4.83853e-05 8.06217e+10 6.57372e-05
4.9353e-05 8.22365e+10 6.73753e-05
5.03401e-05 8.38837e+10 6.90536e-05
5.13469e-05 8.55639e+10 7.07728e-05
5.23738e-05 8.72777e+10 7.25341e-05
5.34213e-05 8.90259e+10 7.43385e-05
5.44897e-05 9.08091e+10 7.61868e-05
5.55795e-05 9.26281e+10 7.80803e-05
5.66911e-05 9.44834e+10 8.002e-05
5.78249e-05 9.6376e+10 8.20069e-05
5.89814e-05 9.83065e+10 8.40422e-05
6.01611e-05 1.00276e+11 8.61271e-05
6.13643e-05 1.02284e+11 8.82627e-05
6.25916e-05 1.04333e+11 9.04502e-05
6.38434e-05 1.06423e+11 9.26909e-05
6.51203e-05 1.08555e+11 9.4986e-05
6.64227e-05 1.1073e+11 9.73368e-05
6.77511e-05 1.12948e+11 9.97447e-05
6.91061e-05 1.1521e+11 0.000102211
7.04883e-05 1.17518e+11 0.000104737
7.1898e-05 1.19872e+11 0.000107324
7.3336e-05 1.22274e+11 0.000109974
7.48027e-05 1.24723e+11 0.000112688
7.62988e-05 1.27222e+11 0.000115467
7.78247e-05 1.2977e+11 0.000118314
7.93812e-05 1.3237e+11 0.000121229
8.09689e-05 1.35022e+11 0.000124214
8.25882e-05 1.37727e+11 0.000127272
8.424e-05 1.40486e+11 0.000130403
8.59248e-05 1.433e+11 0.00013361
8.76433e-05 1.46171e+11 0.000136894
8.93962e-05 1.491e+11 0.000140256
9.11841e-05 1.52087e+11 0.0001437
9.30078e-05 1.55134e+11 0.000147226
9.48679e-05 1.58242e+11 0.000150837
9.67653e-05 1.61412e+11 0.000154534
9.87006e-05 1.64646e+11 0.00015832
0.000100675 1.67945e+11 0.000162197
0.000102688 1.71309e+11 0.000166167
0.000104742 1.74742e+11 0.000170231
0.000106837 1.78243e+11 0.000174393
0.000108973 1.81814e+11 0.000178653
0.000111153 1.85457e+11 0.000183016
0.000113376 1.89172e+11 0.000187483
0.000115643 1.92963e+11 0.000192056
0.000117956 1.96829e+11 0.000196738
0.000120315 2.00773e+11 0.000201531
0.000122722 2.04795e+11 0.000206439
0.000125176 2.08899e+11 0.000211463
0.00012768 2.13084e+11 0.000216606
0.000130233 2.17354e+11 0.000221871
0.000132838 2.21709e+11 0.000227261
0.000135495 2.26152e+11 0.000232779
0.000138205 2.30683e+11 0.000238427
0.000140969 2.35305e+11 0.000244209
0.000143788 2.4002e+11 0.000250128
0.000146664 2.4483e+11 0.000256186
0.000149597 2.49736e+11 0.000262388
0.000152589 2.5474e+11 0.000268735
0.000155641 2.59845e+11 0.000275232
0.000158754 2.65052e+11 0.000281882
0.000161929 2.70363e+11 0.000288689
0.000165167 2.75781e+11 0.000295655
0.000168471 2.81307e+11 0.000302785
0.00017184 2.86944e+11 0.000310082
0.000175277 2.92694e+11 0.00031755
0.000178782 2.9856e+11 0.000325194
0.000182358 3.04543e+11 0.000333016
0.000186005 3.10646e+11 0.000341021
0.000189725 3.16871e+11 0.000349212
0.00019352 3.23221e+11 0.000357596
0.00019739 3.29699e+11 0.000366174
0.000201338 3.36306e+11 0.000374953
0.000205365 3.43046e+11 0.000383936
0.000209472 3.49921e+11 0.000393127
0.000213662 3.56933e+11 0.000402533
0.000217935 3.64087e+11 0.000412156
0.000222293 3.71383e+11 0.000422003
0.000226739 3.78827e+11 0.000432078
0.000231274 3.86419e+11 0.000442386
0.0002359 3.94163e+11 0.000452933
0.000240618 4.02063e+11 0.000463723
0.00024543 4.10121e+11 0.000474762
0.000250339 4.18341e+11 0.000486056
0.000255345 4.26725e+11 0.000497132
0.000355345 5.9424e+11 0.00058365
0.000455345 7.61798e+11 0.000659138
0.000555345 9.29388e+11 0.000737669
0.000655345 1.097e+12 0.000820778
0.000755345 1.26464e+12 0.000908788
0.000855345 1.4323e+12 0.0010017
0.000955345 1.59999e+12 0.00109939
0.00105535 1.76769e+12 0.00120173
0.00115535 1.93541e+12 0.00130854
0.00125535 2.10314e+12 0.00141966
0.00135535 2.27089e+12 0.00153494
0.00145535 2.43866e+12 0.00165424
0.00155535 2.60644e+12 0.00177741
0.00165535 2.77424e+12 0.00190433
0.00175535 2.94205e+12 0.00203487
0.00185535 3.10988e+12 0.00216891
0.00195535 3.27771e+12 0.00230635
0.00205535 3.44556e+12 0.00244708
0.00215535 3.61343e+12 0.002591
0.00225535 3.7813e+12 0.00273803
0.00235535 3.94919e+12 0.00288807
0.00245535 4.11709e+12 0.00304105
0.00255535 4.285e+12 0.00319687
0.00265535 4.45292e+12 0.00335548
0.00275535 4.62085e+12 0.00351679
0.00285535 4.78879e+12 0.00368074
0.00295535 4.95674e+12 0.00384727
0.00305535 5.1247e+12 0.0040163
0.00315535 5.29268e+12 0.00418778
0.00325535 5.46066e+12 0.00436166
0.00335535 5.62865e+12 0.00453787
0.00345535 5.79665e+12 0.00471636
0.00355535 5.96466e+12 0.00489709
0.00365535 6.13268e+12 0.00507999
0.00375535 6.30071e+12 0.00526503
0.00385535 6.46875e+12 0.00545216
0.00395535 6.63679e+12 0.00564134
0.00405535 6.80485e+12 0.00583251
0.00415535 6.97291e+12 0.00602565
0.00425535 7.14098e+12 0.0062207
0.00435535 7.30906e+12 0.00641763
0.00445535 7.47715e+12 0.00661641
0.00455535 7.64525e+12 0.006817
0.00465535 7.81335e+12 0.00701935
0.00475535 7.98146e+12 0.00722344
0.00485535 8.14958e+12 0.00742924
0.00495535 8.31771e+12 0.00763671
0.00505535 8.48585e+12 0.00784581
0.00515535 8.65399e+12 0.00805653
0.00525535 8.82214e+12 0.00826883
0.00535535 8.99029e+12 0.00848267
0.00545535 9.15846e+12 0.00869804
0.00555535 9.32663e+12 0.00891491
0.00565535 9.49481e+12 0.00913324
0.00575535 9.66299e+12 0.00935302
0.00585535 9.83118e+12 0.00957421
0.00595535 9.99938e+12 0.0097968
0.00605535 1.01676e+13 0.0100208
0.00615535 1.03358e+13 0.0102461
0.00625535 1.0504e+13 0.0104727
0.00635535 1.06722e+13 0.0107006
0.00645535 1.08405e+13 0.0109298
0.00655535 1.10087e+13 0.0111603
0.00665535 1.1177e+13 0.011392
0.00675535 1.13452e+13 0.0116249
0.00685535 1.15135e+13 0.011859
0.00695535 1.16817e+13 0.0120943
0.00705535 1.185e+13 0.0123308
0.00715535 1.20183e+13 0.0125684
0.00725535 1.21865e+13 0.0128071
0.00735535 1.23548e+13 0.0130469
0.00745535 1.25231e+13 0.0132878
0.00755535 1.26914e+13 0.0135298
0.00765535 1.28597e+13 0.0137728
0.00775535 1.3028e+13 0.0140169
0.00785535 1.31964e+13 0.014262
0.00795535 1.33647e+13 0.0145081
0.00805535 1.3533e+13 0.0147552
0.00815535 1.37013e+13 0.0150033
0.00825535 1.38697e+13 0.0152524
0.00835535 1.4038e+13 0.0155024
0.00845535 1.42064e+13 0.0157533
0.00855535 1.43747e+13 0.0160052
0.00865535 1.45431e+13 0.016258
0.00875535 1.47114e+13 0.0165116
0.00885535 1.48798e+13 0.0167662
0.00895535 1.50482e+13 0.0170216
0.00905535 1.52166e+13 0.0172779
0.00915535 1.53849e+13 0.0175351
0.00925535 1.55533e+13 0.0177931
0.00935535 1.57217e+13 0.0180519
0.00945535 1.58901e+13 0.0183115
0.00955535 1.60585e+13 0.0185719
0.00965535 1.62269e+13 0.0188331
0.00975535 1.63953e+13 0.0190952
0.00985535 1.65638e+13 0.0193579
0.00995535 1.67322e+13 0.0196215
0.0100553 1.69006e+13 0.0198858
0.0101553 1.7069e+13 0.0201508
0.0102553 1.72375e+13 0.0204166
0.0103553 1.74059e+13 0.0206831
0.0104553 1.75744e+13 0.0209504
0.0105553 1.77428e+13 0.0212183
0.0106553 1.79113e+13 0.0214869
0.0107553 1.80797e+13 0.0217563
0.0108553 1.82482e+13 0.0220263
0.0109553 1.84167e+13 0.022297
0.0110553 1.85851e+13 0.0225683
0.0111553 1.87536e+13 0.0228404
0.0112553 1.89221e+13 0.023113
0.0113553 1.90906e+13 0.0233863
0.0114553 1.92591e+13 0.0236603
0.0115553 1.94276e+13 0.0239349
0.0116553 1.95961e+13 0.0242101
0.0117553 1.97646e+13 0.0244859
0.0118553 1.99331e+13 0.0247624
0.0119553 2.01016e+13 0.0250394
0.0120553 2.02701e+13 0.0253171
0.0121553 2.04386e+13 0.0255953
0.0122553 2.06072e+13 0.0258742
0.0123553 2.07757e+13 0.0261536
0.0124553 2.09442e+13 0.0264335
0.0125553 2.11128e+13 0.0267141
0.0126553 2.12813e+13 0.0269952
0.0127553 2.14499e+13 0.0272769
0.0128553 2.16184e+13 0.0275591
0.0129553 2.1787e+13 0.0278419
0.0130553 2.19555e+13 0.0281252
0.0131553 2.21241e+13 0.0284091
0.0132553 2.22926e+13 0.0286935
0.0133553 2.24612e+13 0.0289784
0.0134553 2.26298e+13 0.0292638
0.0135553 2.27983e+13 0.0295498
0.0136553 2.29669e+13 0.0298363
0.0137553 2.31355e+13 0.0301233
0.0138553 2.33041e+13 0.0304108
0.0139553 2.34727e+13 0.0306988
0.0140553 2.36413e+13 0.0309873
0.0141553 2.38099e+13 0.0312763
0.0142553 2.39785e+13 0.0315658
0.0143553 2.41471e+13 0.0318557
0.0144553 2.43157e+13 0.0321462
0.0145553 2.44843e+13 0.0324371
0.0146553 2.46529e+13 0.0327286
0.0147553 2.48215e+13 0.0330205
0.0148553 2.49902e+13 0.0333128
0.0149553 2.51588e+13 0.0336057
0.0150553 2.53274e+13 0.033899
0.0151553 2.54961e+13 0.0341927
0.0152553 2.56647e+13 0.0344869
0.0153553 2.58333e+13 0.0347816
0.0154553 2.6002e+13 0.0350767
0.0155553 2.61706e+13 0.0353723
0.0156553 2.63393e+13 0.0356684
0.0157553 2.65079e+13 0.0359648
0.0158553 2.66766e+13 0.0362617
0.0159553 2.68452e+13 0.0365591
0.0160553 2.70139e+13 0.0368569
0.0161553 2.71826e+13 0.0371551
0.0162553 2.73512e+13 0.0374538
0.0163553 2.75199e+13 0.0377529
0.0164553 2.76886e+13 0.0380525
0.0165553 2.78573e+13 0.0383524
0.0166553 2.8026e+13 0.0386528
0.0167553 2.81946e+13 0.0389536
0.0168553 2.83633e+13 0.0392549
0.0169553 2.8532e+13 0.0395565
0.0170553 2.87007e+13 0.0398586
0.0171553 2.88694e+13 0.0401611
0.0172553 2.90381e+13 0.040464
0.0173553 2.92068e+13 0.0407674
0.0174553 2.93755e+13 0.0410711
0.0175553 2.95443e+13 0.0413753
0.0176553 2.9713e+13 0.0416798
0.0177553 2.98817e+13 0.0419848
0.0178553 3.00504e+13 0.0422902
0.0179553 3.02191e+13 0.042596
0.0180553 3.03879e+13 0.0429022
0.0181553 3.05566e+13 0.0432089
0.0182553 3.07253e+13 0.0435159
0.0183553 3.08941e+13 0.0438233
0.0184553 3.10628e+13 0.0441312
0.0185553 3.12315e+13 0.0444394
0.0186553 3.14003e+13 0.044748
0.0187553 3.1569e+13 0.0450571
0.0188553 3.17378e+13 0.0453665
0.0189553 3.19065e+13 0.0456764
0.0190553 3.20753e+13 0.0459866
0.0191553 3.22441e+13 0.0462973
0.0192553 3.24128e+13 0.0466083
0.0193553 3.25816e+13 0.0469198
0.0194553 3.27504e+13 0.0472316
0.0195553 3.29191e+13 0.0475439
0.0196553 3.30879e+13 0.0478565
0.0197553 3.32567e+13 0.0481696
0.0198553 3.34255e+13 0.048483
0.0199553 3.35943e+13 0.0487968
0.0200553 3.3763e+13 0.0491111
0.0201553 3.39318e+13 0.0494257
0.0202553 3.41006e+13 0.0497408
0.0203553 3.42694e+13 0.0500562
0.0204553 3.44382e+13 0.050372
0.0205553 3.4607e+13 0.0506882
0.0206553 3.47758e+13 0.0510049
0.0207553 3.49446e+13 0.0513219
0.0208553 3.51134e+13 0.0516393
0.0209553 3.52822e+13 0.0519572
0.0210553 3.5451e+13 0.0522754
0.0211553 3.56199e+13 0.052594
0.0212553 3.57887e+13 0.052913
0.0213553 3.59575e+13 0.0532325
0.0214553 3.61263e+13 0.0535523
0.0215553 3.62952e+13 0.0538725
0.0216553 3.6464e+13 0.0541932
0.0217553 3.66328e+13 0.0545142
0.0218553 3.68017e+13 0.0548356
0.0219553 3.69705e+13 0.0551575
0.0220553 3.71393e+13 0.0554797
0.0221553 3.73082e+13 0.0558024
0.0222553 3.7477e+13 0.0561254
0.0223553 3.76459e+13 0.0564489
0.0224553 3.78147e+13 0.0567728
0.0225553 3.79836e+13 0.0570971
0.0226553 3.81524e+13 0.0574218
0.0227553 3.83213e+13 0.0577469
0.0228553 3.84901e+13 0.0580724
0.0229553 3.8659e+13 0.0583983
0.0230553 3.88279e+13 0.0587246
0.0231553 3.89967e+13 0.0590514
0.0232553 3.91656e+13 0.0593786
0.0233553 3.93345e+13 0.0597061
0.0234553 3.95034e+13 0.0600341
0.0235553 3.96722e+13 0.0603625
0.0236553 3.98411e+13 0.0606914
0.0237553 4.001e+13 0.0610206
0.0238553 4.01789e+13 0.0613503
0.0239553 4.03478e+13 0.0616804
0.0240553 4.05167e+13 0.0620109
0.0241553 4.06856e+13 0.0623419
0.0242553 4.08545e+13 0.0626732
0.0243553 4.10234e+13 0.063005
0.0244553 4.11923e+13 0.0633373
0.0245553 4.13612e+13 0.0636699
0.0246553 4.15301e+13 0.064003
0.0247553 4.1699e+13 0.0643365
0.0248553 4.18679e+13 0.0646705
0.0249553 4.20368e+13 0.0650048
0.0250553 4.22057e+13 0.0653397
0.0251553 4.23746e+13 0.0656749
0.0252553 4.25435e+13 0.0660106
0.0253553 4.27125e+13 0.0663468
0.0254553 4.28814e+13 0.0666833
0.0255553 4.30503e+13 0.0670204
0.0256553 4.32192e+13 0.0673578
0.0257553 4.33882e+13 0.0676957
0.0258553 4.35571e+13 0.0680341
0.0259553 4.3726e+13 0.0683729
0.0260553 4.3895e+13 0.0687122
0.0261553 4.40639e+13 0.0690519
0.0262553 4.42329e+13 0.0693921
0.0263553 4.44018e+13 0.0697327
0.0264553 4.45708e+13 0.0700738
0.0265553 4.47397e+13 0.0704153
0.0266553 4.49087e+13 0.0707573
0.0267553 4.50776e+13 0.0710997
0.0268553 4.52466e+13 0.0714427
0.0269553 4.54155e+13 0.0717861
0.0270553 4.55845e+13 0.0721299
0.0271553 4.57535e+13 0.0724742
0.0272553 4.59224e+13 0.072819
0.0273553 4.60914e+13 0.0731643
0.0274553 4.62604e+13 0.07351
0.0275553 4.64293e+13 0.0738563
0.0276553 4.65983e+13 0.074203
0.0277553 4.67673e+13 0.0745501
0.0278553 4.69363e+13 0.0748978
0.0279553 4.71052e+13 0.0752459
0.0280553 4.72742e+13 0.0755945
0.0281553 4.74432e+13 0.0759437
0.0282553 4.76122e+13 0.0762933
0.0283553 4.77812e+13 0.0766433
0.0284553 4.79502e+13 0.0769939
0.0285553 4.81192e+13 0.077345
0.0286553 4.82882e+13 0.0776966
0.0287553 4.84572e+13 0.0780486
0.0288553 4.86262e+13 0.0784012
0.0289553 4.87952e+13 0.0787543
0.0290553 4.89642e+13 0.0791078
0.0291553 4.91332e+13 0.0794619
0.0292553 4.93022e+13 0.0798165
0.0293553 4.94712e+13 0.0801716
0.0294553 4.96402e+13 0.0805272
0.0295553 4.98093e+13 0.0808833
0.0296553 4.99783e+13 0.08124
0.0297553 5.01473e+13 0.0815971
0.0298553 5.03163e+13 0.0819548
0.0299553 5.04853e+13 0.082313
0.0300553 5.06544e+13 0.0826717
0.0301553 5.08234e+13 0.0830309
0.0302553 5.09924e+13 0.0833907
0.0303553 5.11615e+13 0.083751
0.0304553 5.13305e+13 0.0841118
0.0305553 5.14995e+13 0.0844732
0.0306553 5.16686e+13 0.0848351
0.0307553 5.18376e+13 0.0851975
0.0308553 5.20067e+13 0.0855605
0.0309553 5.21757e+13 0.085924
0.0310553 5.23448e+13 0.0862881
0.0311553 5.25138e+13 0.0866527
0.0312553 5.26829e+13 0.0870178
0.0313553 5.28519e+13 0.0873835
0.0314553 5.3021e+13 0.0877498
0.0315553 5.319e+13 0.0881166
0.0316553 5.33591e+13 0.088484
0.0317553 5.35282e+13 0.0888519
0.0318553 5.36972e+13 0.0892204
0.0319553 5.38663e+13 0.0895894
0.0320553 5.40354e+13 0.089959
0.0321553 5.42044e+13 0.0903292
0.0322553 5.43735e+13 0.0907
0.0323553 5.45426e+13 0.0910713
0.0324553 5.47117e+13 0.0914432
0.0325553 5.48807e+13 0.0918157
0.0326553 5.50498e+13 0.0921887
0.0327553 5.52189e+13 0.0925623
0.0328553 5.5388e+13 0.0929366
0.0329553 5.55571e+13 0.0933114
0.0330553 5.57262e+13 0.0936867
0.0331553 5.58953e+13 0.0940627
0.0332553 5.60643e+13 0.0944393
0.0333553 5.62334e+13 0.0948164
0.0334553 5.64025e+13 0.0951942
0.0335553 5.65716e+13 0.0955725
0.0336553 5.67407e+13 0.0959515
0.0337553 5.69098e+13 0.096331
0.0338553 5.70789e+13 0.0967112
0.0339553 5.72481e+13 0.0970919
0.0340553 5.74172e+13 0.0974733
0.0341553 5.75863e+13 0.0978553
0.0342553 5.77554e+13 0.0982379
0.0343553 5.79245e+13 0.0986211
0.0344553 5.80936e+13 0.0990049
0.0345553 5.82627e+13 0.0993893
0.0346553 5.84319e+13 0.0997744
0.0347553 5.8601e+13 0.10016
0.0348553 5.87701e+13 0.100546
0.0349553 5.89392e+13 0.100933
0.0350553 5.91084e+13 0.101321
0.0351553 5.92775e+13 0.101709
0.0352553 5.94466e+13 0.102098
0.0353553 5.96158e+13 0.102487
0.0354553 5.97849e+13 0.102878
0.0355553 5.9954e+13 0.103268
0.0356553 6.01232e+13 0.10366
0.0357553 6.02923e+13 0.104052
0.0358553 6.04615e+13 0.104444
0.0359553 6.06306e+13 0.104838
0.0360553 6.07998e+13 0.105232
0.0361553 6.09689e+13 0.105626
0.0362553 6.11381e+13 0.106022
0.0363553 6.13072e+13 0.106418
0.0364553 6.14764e+13 0.106814
0.0365553 6.16455e+13 0.107212
0.0366553 6.18147e+13 0.10761
0.0367553 6.19839e+13 0.108008
0.0368553 6.2153e+13 0.108408
0.0369553 6.23222e+13 0.108808
0.0370553 6.24914e+13 0.109208
0.0371553 6.26605e+13 0.10961
0.0372553 6.28297e+13 0.110012
0.0373553 6.29989e+13 0.110414
0.0374553 6.31681e+13 0.110818
0.0375553 6.33372e+13 0.111222
0.0376553 6.35064e+13 0.111626
0.0377553 6.36756e+13 0.112032
0.0378553 6.38448e+13 0.112438
0.0379553 6.4014e+13 0.112845
0.0380553 6.41832e+13 0.113252
0.0381553 6.43524e+13 0.113661
0.0382553 6.45215e+13 0.11407
0.0383553 6.46907e+13 0.114479
0.0384553 6.48599e+13 0.11489
0.0385553 6.50291e+13 0.115301
0.0386553 6.51983e+13 0.115712
0.0387553 6.53675e+13 0.116125
0.0388553 6.55367e+13 0.116538
0.0389553 6.57059e+13 0.116952
0.0390553 6.58751e+13 0.117367
0.0391553 6.60443e+13 0.117782
0.0392553 6.62136e+13 0.118198
0.0393553 6.63828e+13 0.118615
0.0394553 6.6552e+13 0.119032
0.0395553 6.67212e+13 0.119451
0.0396553 6.68904e+13 0.11987
0.0397553 6.70596e+13 0.120289
0.0398553 6.72289e+13 0.12071
0.0399553 6.73981e+13 0.121131
0.0400553 6.75673e+13 0.121553
0.0401553 6.77365e+13 0.121976
0.0402553 6.79058e+13 0.122399
0.0403553 6.8075e+13 0.122823
0.0404553 6.82442e+13 0.123248
0.0405553 6.84135e+13 0.123674
0.0406553 6.85827e+13 0.1241
0.0407553 6.87519e+13 0.124527
0.0408553 6.89212e+13 0.124955
0.0409553 6.90904e+13 0.125384
0.0410553 6.92597e+13 0.125814
0.0411553 6.94289e+13 0.126244
0.0412553 6.95982e+13 0.126675
0.0413553 6.97674e+13 0.127107
0.0414553 6.99367e+13 0.127539
0.0415553 7.01059e+13 0.127973
0.0416553 7.02752e+13 0.128407
0.0417553 7.04444e+13 0.128842
0.0418553 7.06137e+13 0.129277
0.0419553 7.07829e+13 0.129714
0.0420553 7.09522e+13 0.130151
0.0421553 7.11215e+13 0.130589
0.0422553 7.12907e+13 0.131028
0.0423553 7.146e+13 0.131467
0.0424553 7.16293e+13 0.131908
0.0425553 7.17986e+13 0.132349
0.0426553 7.19678e+13 0.132791
0.0427553 7.21371e+13 0.133234
0.0428553 7.23064e+13 0.133677
0.0429553 7.24757e+13 0.134122
0.0430553 7.26449e+13 0.134567
0.0431553 7.28142e+13 0.135013
0.0432553 7.29835e+13 0.13546
0.0433553 7.31528e+13 0.135908
0.0434553 7.33221e+13 0.136356
0.0435553 7.34914e+13 0.136805
0.0436553 7.36607e+13 0.137256
0.0437553 7.383e+13 0.137706
0.0438553 7.39993e+13 0.138158
0.0439553 7.41685e+13 0.138611
0.0440553 7.43378e+13 0.139064
0.0441553 7.45071e+13 0.139518
0.0442553 7.46765e+13 0.139973
0.0443553 7.48458e+13 0.140429
0.0444553 7.50151e+13 0.140886
0.0445553 7.51844e+13 0.141344
0.0446553 7.53537e+13 0.141802
0.0447553 7.5523e+13 0.142261
0.0448553 7.56923e+13 0.142722
0.0449553 7.58616e+13 0.143182
0.0450553 7.60309e+13 0.143644
0.0451553 7.62003e+13 0.144107
0.0452553 7.63696e+13 0.14457
0.0453553 7.65389e+13 0.145035
0.0454553 7.67082e+13 0.1455
0.0455553 7.68776e+13 0.145966
0.0456553 7.70469e+13 0.146433
0.0457553 7.72162e+13 0.146901
0.0458553 7.73855e+13 0.14737
0.0459553 7.75549e+13 0.147839
0.0460553 7.77242e+13 0.14831
0.0461553 7.78936e+13 0.148781
0.0462553 7.80629e+13 0.149253
0.0463553 7.82322e+13 0.149726
0.0464553 7.84016e+13 0.1502
0.0465553 7.85709e+13 0.150675
0.0466553 7.87403e+13 0.15115
0.0467553 7.89096e+13 0.151627
0.0468553 7.9079e+13 0.152104
0.0469553 7.92483e+13 0.152583
0.0470553 7.94177e+13 0.153062
0.0471553 7.9587e+13 0.153542
0.0472553 7.97564e+13 0.154023
0.0473553 7.99257e+13 0.154505
0.0474553 8.00951e+13 0.154988
0.0475553 8.02645e+13 0.155472
0.0476553 8.04338e+13 0.155956
0.0477553 8.06032e+13 0.156442
0.0478553 8.07726e+13 0.156928
0.0479553 8.09419e+13 0.157416
0.0480553 8.11113e+13 0.157904
0.0481553 8.12807e+13 0.158393
0.0482553 8.14501e+13 0.158883
0.0483553 8.16194e+13 0.159374
0.0484553 8.17888e+13 0.159866
0.0485553 8.19582e+13 0.160359
0.0486553 8.21276e+13 0.160853
0.0487553 8.2297e+13 0.161347
0.0488553 8.24664e+13 0.161843
0.0489553 8.26357e+13 0.162339
0.0490553 8.28051e+13 0.162837
0.0491553 8.29745e+13 0.163335
0.0492553 8.31439e+13 0.163835
0.0493553 8.33133e+13 0.164335
0.0494553 8.34827e+13 0.164836
0.0495553 8.36521e+13 0.165338
0.0496553 8.38215e+13 0.165841
0.0497553 8.39909e+13 0.166345
0.0498553 8.41603e+13 0.16685
0.0499553 8.43297e+13 0.167356
0.0500553 8.44991e+13 0.167863
0.0501553 8.46685e+13 0.168371
0.0502553 8.4838e+13 0.16888
0.0503553 8.50074e+13 0.169389
0.0504553 8.51768e+13 0.1699
0.0505553 8.53462e+13 0.170412
0.0506553 8.55156e+13 0.170924
0.0507553 8.5685e+13 0.171438
0.0508553 8.58545e+13 0.171953
0.0509553 8.60239e+13 0.172468
0.0510553 8.61933e+13 0.172985
0.0511553 8.63627e+13 0.173502
0.0512553 8.65322e+13 0.174021
0.0513553 8.67016e+13 0.17454
0.0514553 8.6871e+13 0.17506
0.0515553 8.70405e+13 0.175582
0.0516553 8.72099e+13 0.176104
0.0517553 8.73793e+13 0.176627
0.0518553 8.75488e+13 0.177152
0.0519553 8.77182e+13 0.177677
0.0520553 8.78877e+13 0.178203
0.0521553 8.80571e+13 0.178731
0.0522553 8.82266e+13 0.179259
0.0523553 8.8396e+13 0.179788
0.0524553 8.85655e+13 0.180318
0.0525553 8.87349e+13 0.18085
0.0526553 8.89044e+13 0.181382
0.0527553 8.90738e+13 0.181915
0.0528553 8.92433e+13 0.18245
0.0529553 8.94128e+13 0.182985
0.0530553 8.95822e+13 0.183521
0.0531553 8.97517e+13 0.184058
0.0532553 8.99211e+13 0.184597
0.0533553 9.00906e+13 0.185136
0.0534553 9.02601e+13 0.185676
0.0535553 9.04295e+13 0.186218
0.0536553 9.0599e+13 0.18676
0.0537553 9.07685e+13 0.187303
0.0538553 9.0938e+13 0.187848
0.0539553 9.11075e+13 0.188393
0.0540553 9.12769e+13 0.18894
0.0541553 9.14464e+13 0.189487
0.0542553 9.16159e+13 0.190036
0.0543553 9.17854e+13 0.190585
0.0544553 9.19549e+13 0.191136
0.0545553 9.21244e+13 0.191688
0.0546553 9.22938e+13 0.19224
0.0547553 9.24633e+13 0.192794
0.0548553 9.26328e+13 0.193349
0.0549553 9.28023e+13 0.193904
0.0550553 9.29718e+13 0.194461
0.0551553 9.31413e+13 0.195019
0.0552553 9.33108e+13 0.195578
0.0553553 9.34803e+13 0.196138
0.0554553 9.36498e+13 0.196699
0.0555553 9.38193e+13 0.197261
0.0556553 9.39889e+13 0.197824
0.0557553 9.41584e+13 0.198388
0.0558553 9.43279e+13 0.198954
0.0559553 9.44974e+13 0.19952
0.0560553 9.46669e+13 0.200087
0.0561553 9.48364e+13 0.200656
0.0562553 9.50059e+13 0.201225
0.0563553 9.51755e+13 0.201796
0.0564553 9.5345e+13 0.202368
0.0565553 9.55145e+13 0.20294
0.0566553 9.5684e+13 0.203514
0.0567553 9.58536e+13 0.204089
0.0568553 9.60231e+13 0.204665
0.0569553 9.61926e+13 0.205242
0.0570553 9.63622e+13 0.20582
0.0571553 9.65317e+13 0.206399
0.0572553 9.67012e+13 0.206979
0.0573553 9.68708e+13 0.207561
0.0574553 9.70403e+13 0.208143
0.0575553 9.72099e+13 0.208727
0.0576553 9.73794e+13 0.209311
0.0577553 9.75489e+13 0.209897
0.0578553 9.77185e+13 0.210484
0.0579553 9.7888e+13 0.211072
0.0580553 9.80576e+13 0.211661
0.0581553 9.82272e+13 0.212251
0.0582553 9.83967e+13 0.212842
0.0583553 9.85663e+13 0.213434
0.0584553 9.87358e+13 0.214028
0.0585553 9.89054e+13 0.214622
0.0586553 9.90749e+13 0.215218
0.0587553 9.92445e+13 0.215814
0.0588553 9.94141e+13 0.216412
0.0589553 9.95836e+13 0.217011
0.0590553 9.97532e+13 0.217611
0.0591553 9.99228e+13 0.218213
0.0592553 1.00092e+14 0.218815
0.0593553 1.00262e+14 0.219418
0.0594553 1.00432e+14 0.220023
0.0595553 1.00601e+14 0.220628
0.0596553 1.00771e+14 0.221235
0.0597553 1.0094e+14 0.221843
0.0598553 1.0111e+14 0.222452
0.0599553 1.01279e+14 0.223062
0.0600553 1.01449e+14 0.223674
0.0601553 1.01619e+14 0.224286
0.0602553 1.01788e+14 0.2249
0.0603553 1.01958e+14 0.225514
0.0604553 1.02127e+14 0.22613
0.0605553 1.02297e+14 0.226747
0.0606553 1.02467e+14 0.227365
0.0607553 1.02636e+14 0.227985
0.0608553 1.02806e+14 0.228605
0.0609553 1.02975e+14 0.229227
0.0610553 1.03145e+14 0.229849
0.0611553 1.03315e+14 0.230473
0.0612553 1.03484e+14 0.231098
0.0613553 1.03654e+14 0.231724
0.0614553 1.03823e+14 0.232352
0.0615553 1.03993e+14 0.23298
0.0616553 1.04163e+14 0.23361
0.0617553 1.04332e+14 0.234241
0.0618553 1.04502e+14 0.234873
0.0619553 1.04672e+14 0.235506
0.0620553 1.04841e+14 0.23614
0.0621553 1.05011e+14 0.236775
0.0622553 1.0518e+14 0.237412
0.0623553 1.0535e+14 0.23805
0.0624553 1.0552e+14 0.238689
0.0625553 1.05689e+14 0.239329
0.0626553 1.05859e+14 0.23997
0.0627553 1.06029e+14 0.240613
0.0628553 1.06198e+14 0.241256
0.0629553 1.06368e+14 0.241901
0.0630553 1.06537e+14 0.242547
0.0631553 1.06707e+14 0.243194
0.0632553 1.06877e+14 0.243843
0.0633553 1.07046e+14 0.244492
0.0634553 1.07216e+14 0.245143
0.0635553 1.07386e+14 0.245795
0.0636553 1.07555e+14 0.246448
0.0637553 1.07725e+14 0.247103
0.0638553 1.07895e+14 0.247758
0.0639553 1.08064e+14 0.248415
0.0640553 1.08234e+14 0.249073
0.0641553 1.08404e+14 0.249732
0.0642553 1.08573e+14 0.250392
0.0643553 1.08743e+14 0.251054
0.0644553 1.08913e+14 0.251716
0.0645553 1.09082e+14 0.25238
0.0646553 1.09252e+14 0.253045
0.0647553 1.09422e+14 0.253712
0.0648553 1.09591e+14 0.254379
0.0649553 1.09761e+14 0.255048
0.0650553 1.09931e+14 0.255718
0.0651553 1.101e+14 0.256389
0.0652553 1.1027e+14 0.257061
0.0653553 1.1044e+14 0.257735
0.0654553 1.10609e+14 0.258409
0.0655553 1.10779e+14 0.259085
0.0656553 1.10949e+14 0.259763
0.0657553 1.11119e+14 0.260441
0.0658553 1.11288e+14 0.261121
0.0659553 1.11458e+14 0.261802
0.0660553 1.11628e+14 0.262484
0.0661553 1.11797e+14 0.263167
0.0662553 1.11967e+14 0.263852
0.0663553 1.12137e+14 0.264537
0.0664553 1.12306e+14 0.265224
0.0665553 1.12476e+14 0.265913
0.0666553 1.12646e+14 0.266602
0.0667553 1.12816e+14 0.267293
0.0668553 1.12985e+14 0.267985
0.0669553 1.13155e+14 0.268678
0.0670553 1.13325e+14 0.269372
0.0671553 1.13494e+14 0.270068
0.0672553 1.13664e+14 0.270765
0.0673553 1.13834e+14 0.271463
0.0674553 1.14004e+14 0.272162
0.0675553 1.14173e+14 0.272862
0.0676553 1.14343e+14 0.273564
0.0677553 1.14513e+14 0.274267
0.0678553 1.14682e+14 0.274972
0.0679553 1.14852e+14 0.275677
0.0680553 1.15022e+14 0.276384
0.0681553 1.15192e+14 0.277092
0.0682553 1.15361e+14 0.277801
0.0683553 1.15531e+14 0.278512
0.0684553 1.15701e+14 0.279224
0.0685553 1.15871e+14 0.279937
0.0686553 1.1604e+14 0.280651
0.0687553 1.1621e+14 0.281366
0.0688553 1.1638e+14 0.282083
0.0689553 1.1655e+14 0.282801
0.0690553 1.16719e+14 0.28352
0.0691553 1.16889e+14 0.284241
0.0692553 1.17059e+14 0.284963
0.0693553 1.17229e+14 0.285686
0.0694553 1.17398e+14 0.28641
0.0695553 1.17568e+14 0.287136
0.0696553 1.17738e+14 0.287863
0.0697553 1.17908e+14 0.288591
0.0698553 1.18077e+14 0.28932
0.0699553 1.18247e+14 0.290051
0.0700553 1.18417e+14 0.290783
0.0701553 1.18587e+14 0.291516
0.0702553 1.18757e+14 0.29225
0.0703553 1.18926e+14 0.292986
0.0704553 1.19096e+14 0.293723
0.0705553 1.19266e+14 0.294461
0.0706553 1.19436e+14 0.2952
0.0707553 1.19605e+14 0.295941
0.0708553 1.19775e+14 0.296683
0.0709553 1.19945e+14 0.297426
0.0710553 1.20115e+14 0.298171
0.0711553 1.20285e+14 0.298917
0.0712553 1.20454e+14 0.299664
0.0713553 1.20624e+14 0.300412
0.0714553 1.20794e+14 0.301162
0.0715553 1.20964e+14 0.301912
0.0716553 1.21134e+14 0.302665
0.0717553 1.21303e+14 0.303418
0.0718553 1.21473e+14 0.304173
0.0719553 1.21643e+14 0.304929
0.0720553 1.21813e+14 0.305686
0.0721553 1.21983e+14 0.306444
0.0722553 1.22152e+14 0.307204
0.0723553 1.22322e+14 0.307965
0.0724553 1.22492e+14 0.308728
0.0725553 1.22662e+14 0.309491
0.0726553 1.22832e+14 0.310256
0.0727553 1.23002e+14 0.311022
0.0728553 1.23171e+14 0.311789
0.0729553 1.23341e+14 0.312558
0.0730553 1.23511e+14 0.313328
0.0731553 1.23681e+14 0.314099
0.0732553 1.23851e+14 0.314872
0.0733553 1.2402e+14 0.315646
0.0734553 1.2419e+14 0.316421
0.0735553 1.2436e+14 0.317197
0.0736553 1.2453e+14 0.317975
0.0737553 1.247e+14 0.318753
0.0738553 1.2487e+14 0.319534
0.0739553 1.2504e+14 0.320315
0.0740553 1.25209e+14 0.321098
0.0741553 1.25379e+14 0.321882
0.0742553 1.25549e+14 0.322667
0.0743553 1.25719e+14 0.323453
0.0744553 1.25889e+14 0.324241
0.0745553 1.26059e+14 0.32503
0.0746553 1.26228e+14 0.325821
0.0747553 1.26398e+14 0.326612
0.0748553 1.26568e+14 0.327405
0.0749553 1.26738e+14 0.328199
0.0750553 1.26908e+14 0.328995
0.0751553 1.27078e+14 0.329791
0.0752553 1.27248e+14 0.330589
0.0753553 1.27418e+14 0.331389
0.0754553 1.27587e+14 0.332189
0.0755553 1.27757e+14 0.332991
0.0756553 1.27927e+14 0.333794
0.0757553 1.28097e+14 0.334599
0.0758553 1.28267e+14 0.335405
0.0759553 1.28437e+14 0.336212
0.0760553 1.28607e+14 0.33702
0.0761553 1.28777e+14 0.33783
0.0762553 1.28946e+14 0.338641
0.0763553 1.29116e+14 0.339453
0.0764553 1.29286e+14 0.340267
0.0765553 1.29456e+14 0.341082
0.0766553 1.29626e+14 0.341898
0.0767553 1.29796e+14 0.342716
0.0768553 1.29966e+14 0.343535
0.0769553 1.30136e+14 0.344355
0.0770553 1.30306e+14 0.345177
0.0771553 1.30476e+14 0.346
0.0772553 1.30645e+14 0.346825
0.0773553 1.30815e+14 0.347651
0.0774553 1.30985e+14 0.348478
0.0775553 1.31155e+14 0.349307
0.0776553 1.31325e+14 0.350137
0.0777553 1.31495e+14 0.350969
0.0778553 1.31665e+14 0.351802
0.0779553 1.31835e+14 0.352637
0.0780553 1.32005e+14 0.353474
0.0781553 1.32175e+14 0.354312
0.0782553 1.32345e+14 0.355152
0.0783553 1.32515e+14 0.355993
0.0784553 1.32684e+14 0.356836
0.0785553 1.32854e+14 0.348792
0.0795553 1.34554e+14 0.358708
0.0805553 1.36253e+14 0.368863
0.0815553 1.37953e+14 0.37926
0.0825553 1.39653e+14 0.389903
0.0835553 1.41353e+14 0.400797
0.0845553 1.43053e+14 0.411946
0.0855553 1.44754e+14 0.423353
0.0865553 1.46455e+14 0.435023
0.0875553 1.48156e+14 0.44696
0.0885553 1.49857e+14 0.459167
0.0895553 1.51559e+14 0.47165
0.0905553 1.53261e+14 0.484411
0.0915553 1.54963e+14 0.497456
0.0925553 1.56665e+14 0.510788
0.0935553 1.58368e+14 0.52441
0.0945553 1.60071e+14 0.538328
0.0955553 1.61774e+14 0.552545
0.0965553 1.63477e+14 0.567066
0.0975553 1.65181e+14 0.581894
0.0985553 1.66885e+14 0.597033
0.0995553 1.68589e+14 0.612487
0.100555 1.70294e+14 0.628261
0.101555 1.71999e+14 0.644358
0.102555 1.73704e+14 0.660783
0.103555 1.75409e+14 0.677539
0.104555 1.77115e+14 0.69463
0.105555 1.78821e+14 0.712061
0.106555 1.80527e+14 0.729835
0.107555 1.82234e+14 0.747956
0.108555 1.8394e+14 0.766429
0.109555 1.85648e+14 0.785257
0.110555 1.87355e+14 0.804444
0.111555 1.89063e+14 0.823994
0.112555 1.90771e+14 0.843911
0.113555 1.92479e+14 0.864199
0.114555 1.94188e+14 0.884862
0.115555 1.95897e+14 0.905904
0.116555 1.97607e+14 0.927329
0.117555 1.99316e+14 0.94914
0.118555 2.01027e+14 0.971339
0.123555 2.09582e+14 1.08651
0.128555 2.18146e+14 1.21086
0.133555 2.26719e+14 1.34544
0.138555 2.35301e+14 1.49091
0.143555 2.43893e+14 1.64785
0.148555 2.52495e+14 1.81678
0.153555 2.61107e+14 1.99822
0.158555 2.69731e+14 2.19264
0.163555 2.78365e+14 2.40053
0.168555 2.87011e+14 2.62236
0.173555 2.95669e+14 2.85857
0.178555 3.0434e+14 3.10961
0.183555 3.13023e+14 3.37595
0.188555 3.2172e+14 3.658
0.193555 3.3043e+14 3.95622
0.198555 3.39154e+14 4.27103
0.203555 3.47893e+14 4.60287
0.208555 3.56646e+14 4.95217
0.213555 3.65415e+14 5.31937
0.218555 3.742e+14 5.70488
0.223555 3.83e+14 6.10915
0.228555 3.91817e+14 6.5326
0.233555 4.00651e+14 6.97567
0.238555 4.09502e+14 7.43879
0.243555 4.1837e+14 7.92241
0.248555 4.27257e+14 8.42696
0.253555 4.36162e+14 8.95288
0.258555 4.45085e+14 9.50062
0.263555 4.54028e+14 10.0706
0.268555 4.62991e+14 10.6633
0.273555 4.71973e+14 11.2792
0.278555 4.80976e+14 11.9187
0.283555 4.9e+14 12.5823
0.288555 4.99045e+14 13.2703
0.293555 5.08111e+14 13.9834
0.298555 5.172e+14 14.7218
0.303555 5.26311e+14 15.4862
0.308555 5.35444e+14 16.2768
0.313555 5.44601e+14 17.0941
0.318555 5.53782e+14 17.9386
0.323555 5.62986e+14 18.8106
0.328555 5.72215e+14 19.7105
0.333555 5.81468e+14 20.6386
0.338555 5.90747e+14 21.5954
0.343555 6.00051e+14 22.581
0.348555 6.09381e+14 23.5957
0.353555 6.18738e+14 24.6398
0.358555 6.28121e+14 25.7134
0.363555 6.37531e+14 26.8165
0.368555 6.46968e+14 27.9491
0.373555 6.56434e+14 29.1112
0.378555 6.65927e+14 30.3026
0.383555 6.75449e+14 31.523
0.388555 6.84999e+14 32.772
0.393555 6.94578e+14 34.0489
0.398555 7.04187e+14 35.3531
0.403555 7.13825e+14 36.6837
0.408555 7.23492e+14 38.0397
0.413555 7.3319e+14 39.4195
0.418555 7.42918e+14 40.8219
0.423555 7.52675e+14 42.2449
0.428555 7.62463e+14 43.6864
0.433555 7.72281e+14 45.1442
0.438555 7.82129e+14 46.6155
0.443555 7.92007e+14 48.0972
0.448555 8.01915e+14 49.5861
0.453555 8.11853e+14 51.0783
0.458555 8.2182e+14 52.5698
0.463555 8.31816e+14 54.0561
0.468555 8.41841e+14 55.5323
0.473555 8.51894e+14 56.9934
0.478555 8.61974e+14 58.4337
0.483555 8.72081e+14 59.8478
0.488555 8.82213e+14 61.2296
0.493555 8.92371e+14 62.5735
0.498555 9.02552e+14 63.8735
0.503555 9.12756e+14 65.1244
0.508555 9.22982e+14 66.3211
0.513555 9.33229e+14 67.4596
0.518555 9.43495e+14 68.537
0.523555 9.53779e+14 69.5521
0.528555 9.6408e+14 70.5061
0.533555 9.74396e+14 71.4035
0.538555 9.84727e+14 72.2539
0.543555 9.95072e+14 73.0785
0.548555 1.00543e+15 73.9319
0.553555 1.0158e+15 74.7325
0.558555 1.02619e+15 75.2947
0.563555 1.03659e+15 76.2337
0.568555 1.04699e+15 76.9789
0.573555 1.05741e+15 77.6815
