1e-10 165823 6.76032e-13
1.02e-10 169139 6.98729e-13
1.0404e-10 172522 7.22178e-13
1.06121e-10 175973 7.46403e-13
1.08243e-10 179492 7.71429e-13
1.10408e-10 183082 7.97282e-13
1.12616e-10 186744 8.23988e-13
1.14869e-10 190478 8.51577e-13
1.17166e-10 194288 8.80075e-13
1.19509e-10 198174 9.09514e-13
1.21899e-10 202137 9.39922e-13
1.24337e-10 206180 9.71333e-13
1.26824e-10 210304 1.00378e-12
1.29361e-10 214510 1.03729e-12
1.31948e-10 218800 1.0719e-12
1.34587e-10 223176 1.10766e-12
1.37279e-10 227640 1.14458e-12
1.40024e-10 232193 1.18272e-12
1.42825e-10 236837 1.22211e-12
1.45681e-10 241573 1.2628e-12
1.48595e-10 246405 1.30481e-12
1.51567e-10 251333 1.34821e-12
1.54598e-10 256360 1.39302e-12
1.5769e-10 261487 1.4393e-12
1.60844e-10 266717 1.4871e-12
1.64061e-10 272051 1.53645e-12
1.67342e-10 277492 1.58742e-12
1.70689e-10 283042 1.64006e-12
1.74102e-10 288703 1.69441e-12
1.77584e-10 294477 1.75053e-12
1.81136e-10 300367 1.80848e-12
1.84759e-10 306374 1.86832e-12
1.88454e-10 312502 1.93011e-12
1.92223e-10 318752 1.99391e-12
1.96068e-10 325127 2.05979e-12
1.99989e-10 331629 2.1278e-12
2.03989e-10 338262 2.19803e-12
2.08069e-10 345027 2.27053e-12
2.1223e-10 351928 2.34538e-12
2.16474e-10 358967 2.42266e-12
2.20804e-10 366146 2.50245e-12
2.2522e-10 373469 2.58482e-12
2.29724e-10 380939 2.66985e-12
2.34319e-10 388557 2.75763e-12
2.39005e-10 396329 2.84826e-12
2.43785e-10 404255 2.9418e-12
2.48661e-10 412341 3.03837e-12
2.53634e-10 420588 3.13805e-12
2.58707e-10 428999 3.24094e-12
2.63881e-10 437580 3.34715e-12
2.69159e-10 446331 3.45678e-12
2.74542e-10 455258 3.56994e-12
2.80033e-10 464363 3.68673e-12
2.85633e-10 473651 3.80728e-12
2.91346e-10 483124 3.9317e-12
2.97173e-10 492786 4.0601e-12
3.03117e-10 502642 4.19263e-12
3.09179e-10 512695 4.3294e-12
3.15362e-10 522949 4.47056e-12
3.2167e-10 533409 4.61623e-12
3.28103e-10 544077 4.76656e-12
3.34665e-10 554959 4.92169e-12
3.41358e-10 566058 5.08178e-12
3.48186e-10 577379 5.24698e-12
3.55149e-10 588927 5.41744e-12
3.62252e-10 600706 5.59334e-12
3.69497e-10 612720 5.77484e-12
3.76887e-10 624975 5.96212e-12
3.84425e-10 637474 6.15535e-12
3.92114e-10 650224 6.35472e-12
3.99956e-10 663229 6.56043e-12
4.07955e-10 676494 6.77266e-12
4.16114e-10 690024 6.99163e-12
4.24436e-10 703824 7.21753e-12
4.32925e-10 717901 7.45059e-12
4.41584e-10 732260 7.69102e-12
4.50415e-10 746905 7.93906e-12
4.59424e-10 761843 8.19493e-12
4.68612e-10 777081 8.45888e-12
4.77984e-10 792622 8.73116e-12
4.87544e-10 808475 9.01202e-12
4.97295e-10 824645 9.30174e-12
5.07241e-10 841138 9.60057e-12
5.17386e-10 857961 9.9088e-12
5.27733e-10 875121 1.02267e-11
5.38288e-10 892624 1.05546e-11
5.49054e-10 910477 1.08928e-11
5.60035e-10 928687 1.12417e-11
5.71235e-10 947261 1.16014e-11
5.8266e-10 966206 1.19724e-11
5.94313e-10 985531 1.2355e-11
6.062e-10 1.00524e+06 1.27496e-11
6.18324e-10 1.02535e+06 1.31565e-11
6.3069e-10 1.04585e+06 1.35761e-11
6.43304e-10 1.06677e+06 1.40088e-11
6.5617e-10 1.08811e+06 1.4455e-11
6.69293e-10 1.10987e+06 1.49151e-11
6.82679e-10 1.13207e+06 1.53895e-11
6.96333e-10 1.15471e+06 1.58787e-11
7.10259e-10 1.17781e+06 1.6383e-11
7.24465e-10 1.20136e+06 1.69031e-11
7.38954e-10 1.22539e+06 1.74392e-11
7.53733e-10 1.2499e+06 1.7992e-11
7.68808e-10 1.2749e+06 1.85619e-11
7.84184e-10 1.3004e+06 1.91495e-11
7.99867e-10 1.3264e+06 1.97552e-11
8.15865e-10 1.35293e+06 2.03796e-11
8.32182e-10 1.37999e+06 2.10233e-11
8.48826e-10 1.40759e+06 2.16869e-11
8.65802e-10 1.43575e+06 2.23709e-11
8.83118e-10 1.46446e+06 2.3076e-11
9.00781e-10 1.49375e+06 2.38028e-11
9.18796e-10 1.52363e+06 2.4552e-11
9.37172e-10 1.5541e+06 2.53242e-11
9.55916e-10 1.58518e+06 2.61201e-11
9.75034e-10 1.61689e+06 2.69404e-11
9.94535e-10 1.64923e+06 2.77858e-11
1.01443e-09 1.68221e+06 2.86572e-11
1.03471e-09 1.71586e+06 2.95552e-11
1.05541e-09 1.75018e+06 3.04807e-11
1.07652e-09 1.78518e+06 3.14345e-11
1.09805e-09 1.82089e+06 3.24174e-11
1.12001e-09 1.8573e+06 3.34302e-11
1.14241e-09 1.89445e+06 3.4474e-11
1.16526e-09 1.93234e+06 3.55495e-11
1.18856e-09 1.97099e+06 3.66577e-11
1.21233e-09 2.01041e+06 3.77997e-11
1.23658e-09 2.05062e+06 3.89763e-11
1.26131e-09 2.09164e+06 4.01887e-11
1.28654e-09 2.13347e+06 4.14378e-11
1.31227e-09 2.17614e+06 4.27248e-11
1.33851e-09 2.21966e+06 4.40508e-11
1.36528e-09 2.26406e+06 4.54169e-11
1.39259e-09 2.30934e+06 4.68243e-11
1.42044e-09 2.35553e+06 4.82742e-11
1.44885e-09 2.40264e+06 4.97678e-11
1.47783e-09 2.4507e+06 5.13065e-11
1.50738e-09 2.49971e+06 5.28916e-11
1.53753e-09 2.54971e+06 5.45244e-11
1.56828e-09 2.60071e+06 5.62063e-11
1.59965e-09 2.65272e+06 5.79387e-11
1.63164e-09 2.70578e+06 5.97232e-11
1.66427e-09 2.7599e+06 6.15613e-11
1.69756e-09 2.8151e+06 6.34544e-11
1.73151e-09 2.8714e+06 6.54043e-11
1.76614e-09 2.92883e+06 6.74125e-11
1.80146e-09 2.98741e+06 6.94808e-11
1.83749e-09 3.04716e+06 7.16109e-11
1.87424e-09 3.10811e+06 7.38046e-11
1.91173e-09 3.17027e+06 7.60638e-11
1.94996e-09 3.23368e+06 7.83903e-11
1.98896e-09 3.29836e+06 8.07861e-11
2.02874e-09 3.36433e+06 8.32533e-11
2.06931e-09 3.43162e+06 8.57938e-11
2.1107e-09 3.50025e+06 8.84097e-11
2.15291e-09 3.57026e+06 9.11034e-11
2.19597e-09 3.64167e+06 9.3877e-11
2.23989e-09 3.7145e+06 9.67328e-11
2.28469e-09 3.7888e+06 9.96731e-11
2.33038e-09 3.86458e+06 1.02701e-10
2.37699e-09 3.94187e+06 1.05817e-10
2.42453e-09 4.02071e+06 1.09026e-10
2.47302e-09 4.10113e+06 1.1233e-10
2.52248e-09 4.18316e+06 1.15731e-10
2.57293e-09 4.26683e+06 1.19233e-10
2.62439e-09 4.35217e+06 1.22838e-10
2.67688e-09 4.43922e+06 1.26548e-10
2.73042e-09 4.528e+06 1.30368e-10
2.78502e-09 4.61857e+06 1.343e-10
2.84072e-09 4.71095e+06 1.38347e-10
2.89754e-09 4.80517e+06 1.42514e-10
2.95549e-09 4.90128e+06 1.46802e-10
3.0146e-09 4.99931e+06 1.51216e-10
3.07489e-09 5.0993e+06 1.55759e-10
3.13639e-09 5.20129e+06 1.60435e-10
3.19912e-09 5.30532e+06 1.65248e-10
3.2631e-09 5.41144e+06 1.70201e-10
3.32836e-09 5.51967e+06 1.75299e-10
3.39493e-09 5.63007e+06 1.80545e-10
3.46283e-09 5.74268e+06 1.85944e-10
3.53208e-09 5.85754e+06 1.915e-10
3.60272e-09 5.9747e+06 1.97218e-10
3.67478e-09 6.0942e+06 2.03102e-10
3.74827e-09 6.21609e+06 2.09157e-10
3.82324e-09 6.34042e+06 2.15388e-10
3.89971e-09 6.46723e+06 2.21799e-10
3.9777e-09 6.59659e+06 2.28396e-10
4.05725e-09 6.72853e+06 2.35185e-10
4.1384e-09 6.86311e+06 2.42169e-10
4.22117e-09 7.00038e+06 2.49356e-10
4.30559e-09 7.14039e+06 2.5675e-10
4.3917e-09 7.28321e+06 2.64358e-10
4.47954e-09 7.42888e+06 2.72185e-10
4.56913e-09 7.57747e+06 2.80238e-10
4.66051e-09 7.72903e+06 2.88522e-10
4.75372e-09 7.88362e+06 2.97046e-10
4.84879e-09 8.04131e+06 3.05814e-10
4.94577e-09 8.20214e+06 3.14834e-10
5.04468e-09 8.3662e+06 3.24114e-10
5.14558e-09 8.53353e+06 3.3366e-10
5.24849e-09 8.70422e+06 3.4348e-10
5.35346e-09 8.87831e+06 3.53581e-10
5.46053e-09 9.05589e+06 3.63971e-10
5.56974e-09 9.23702e+06 3.74659e-10
5.68113e-09 9.42178e+06 3.85653e-10
5.79476e-09 9.61023e+06 3.96961e-10
5.91065e-09 9.80245e+06 4.08592e-10
6.02886e-09 9.99851e+06 4.20555e-10
6.14944e-09 1.01985e+07 4.32859e-10
6.27243e-09 1.04025e+07 4.45514e-10
6.39788e-09 1.06105e+07 4.58529e-10
6.52584e-09 1.08228e+07 4.71915e-10
6.65635e-09 1.10392e+07 4.85682e-10
6.78948e-09 1.126e+07 4.9984e-10
6.92527e-09 1.14853e+07 5.144e-10
7.06378e-09 1.1715e+07 5.29374e-10
7.20505e-09 1.19493e+07 5.44772e-10
7.34915e-09 1.21883e+07 5.60607e-10
7.49614e-09 1.24321e+07 5.76891e-10
7.64606e-09 1.26808e+07 5.93636e-10
7.79898e-09 1.29344e+07 6.10855e-10
7.95496e-09 1.31931e+07 6.28561e-10
8.11406e-09 1.3457e+07 6.46768e-10
8.27634e-09 1.37262e+07 6.65488e-10
8.44187e-09 1.40007e+07 6.84737e-10
8.6107e-09 1.42807e+07 7.0453e-10
8.78292e-09 1.45664e+07 7.2488e-10
8.95858e-09 1.48577e+07 7.45804e-10
9.13775e-09 1.51549e+07 7.67317e-10
9.3205e-09 1.5458e+07 7.89435e-10
9.50691e-09 1.57672e+07 8.12175e-10
9.69705e-09 1.60826e+07 8.35555e-10
9.89099e-09 1.64043e+07 8.59591e-10
1.00888e-08 1.67324e+07 8.84303e-10
1.02906e-08 1.70671e+07 9.09708e-10
1.04964e-08 1.74085e+07 9.35825e-10
1.07063e-08 1.77567e+07 9.62674e-10
1.09205e-08 1.81118e+07 9.90275e-10
1.11389e-08 1.84741e+07 1.01865e-09
1.13616e-08 1.88436e+07 1.04782e-09
1.15889e-08 1.92205e+07 1.0778e-09
1.18207e-08 1.9605e+07 1.10862e-09
1.20571e-08 1.99971e+07 1.1403e-09
1.22982e-08 2.03971e+07 1.17287e-09
1.25442e-08 2.08051e+07 1.20635e-09
1.27951e-08 2.12212e+07 1.24076e-09
1.3051e-08 2.16457e+07 1.27612e-09
1.3312e-08 2.20787e+07 1.31248e-09
1.35782e-08 2.25203e+07 1.34984e-09
1.38498e-08 2.29708e+07 1.38825e-09
1.41268e-08 2.34302e+07 1.42772e-09
1.44093e-08 2.38989e+07 1.46829e-09
1.46975e-08 2.43769e+07 1.50999e-09
1.49914e-08 2.48645e+07 1.55285e-09
1.52913e-08 2.53618e+07 1.59689e-09
1.55971e-08 2.58691e+07 1.64216e-09
1.5909e-08 2.63866e+07 1.68868e-09
1.62272e-08 2.69144e+07 1.73649e-09
1.65518e-08 2.74527e+07 1.78563e-09
1.68828e-08 2.80018e+07 1.83612e-09
1.72205e-08 2.85619e+07 1.88802e-09
1.75649e-08 2.91333e+07 1.94135e-09
1.79162e-08 2.9716e+07 1.99615e-09
1.82745e-08 3.03104e+07 2.05247e-09
1.864e-08 3.09167e+07 2.11034e-09
1.90128e-08 3.15351e+07 2.16981e-09
1.9393e-08 3.21658e+07 2.23092e-09
1.97809e-08 3.28092e+07 2.29372e-09
2.01765e-08 3.34655e+07 2.35824e-09
2.058e-08 3.41349e+07 2.42455e-09
2.09916e-08 3.48177e+07 2.49268e-09
2.14115e-08 3.55141e+07 2.56269e-09
2.18397e-08 3.62245e+07 2.63462e-09
2.22765e-08 3.69491e+07 2.70854e-09
2.2722e-08 3.76882e+07 2.78448e-09
2.31765e-08 3.8442e+07 2.86251e-09
2.364e-08 3.9211e+07 2.94269e-09
2.41128e-08 3.99953e+07 3.02507e-09
2.45951e-08 4.07953e+07 3.1097e-09
2.5087e-08 4.16114e+07 3.19666e-09
2.55887e-08 4.24437e+07 3.28601e-09
2.61005e-08 4.32927e+07 3.3778e-09
2.66225e-08 4.41587e+07 3.47211e-09
2.71549e-08 4.5042e+07 3.569e-09
2.7698e-08 4.59429e+07 3.66854e-09
2.8252e-08 4.68619e+07 3.77081e-09
2.8817e-08 4.77993e+07 3.87587e-09
2.93934e-08 4.87554e+07 3.98381e-09
2.99812e-08 4.97307e+07 4.0947e-09
3.05809e-08 5.07254e+07 4.20862e-09
3.11925e-08 5.17401e+07 4.32564e-09
3.18163e-08 5.27751e+07 4.44587e-09
3.24526e-08 5.38307e+07 4.56937e-09
3.31017e-08 5.49075e+07 4.69625e-09
3.37637e-08 5.60058e+07 4.82658e-09
3.4439e-08 5.71261e+07 4.96046e-09
3.51278e-08 5.82688e+07 5.098e-09
3.58303e-08 5.94344e+07 5.23928e-09
3.6547e-08 6.06232e+07 5.38441e-09
3.72779e-08 6.18359e+07 5.53348e-09
3.80235e-08 6.30728e+07 5.68662e-09
3.87839e-08 6.43345e+07 5.84392e-09
3.95596e-08 6.56214e+07 6.00549e-09
4.03508e-08 6.6934e+07 6.17146e-09
4.11578e-08 6.82729e+07 6.34194e-09
4.1981e-08 6.96386e+07 6.51704e-09
4.28206e-08 7.10316e+07 6.69691e-09
4.3677e-08 7.24525e+07 6.88165e-09
4.45505e-08 7.39018e+07 7.0714e-09
4.54415e-08 7.53801e+07 7.26631e-09
4.63504e-08 7.6888e+07 7.46649e-09
4.72774e-08 7.8426e+07 7.67211e-09
4.82229e-08 7.99948e+07 7.88329e-09
4.91874e-08 8.1595e+07 8.1002e-09
5.01711e-08 8.32272e+07 8.32297e-09
5.11746e-08 8.4892e+07 8.55178e-09
5.2198e-08 8.65902e+07 8.78678e-09
5.3242e-08 8.83223e+07 9.02814e-09
5.43069e-08 9.0089e+07 9.27602e-09
5.5393e-08 9.18912e+07 9.53061e-09
5.65008e-08 9.37293e+07 9.79208e-09
5.76309e-08 9.56043e+07 1.00606e-08
5.87835e-08 9.75167e+07 1.03364e-08
5.99592e-08 9.94674e+07 1.06196e-08
6.11583e-08 1.01457e+08 1.09105e-08
6.23815e-08 1.03487e+08 1.12092e-08
6.36291e-08 1.05557e+08 1.1516e-08
6.49017e-08 1.07668e+08 1.18311e-08
6.61997e-08 1.09822e+08 1.21546e-08
6.75237e-08 1.12019e+08 1.24869e-08
6.88742e-08 1.1426e+08 1.28281e-08
7.02517e-08 1.16546e+08 1.31785e-08
7.16567e-08 1.18877e+08 1.35384e-08
7.30899e-08 1.21255e+08 1.39079e-08
7.45517e-08 1.23681e+08 1.42874e-08
7.60427e-08 1.26155e+08 1.46771e-08
7.75636e-08 1.28678e+08 1.50773e-08
7.91148e-08 1.31252e+08 1.54882e-08
8.06971e-08 1.33878e+08 1.59102e-08
8.23111e-08 1.36556e+08 1.63436e-08
8.39573e-08 1.39288e+08 1.67885e-08
8.56364e-08 1.42074e+08 1.72455e-08
8.73492e-08 1.44916e+08 1.77147e-08
8.90961e-08 1.47815e+08 1.81965e-08
9.08781e-08 1.50772e+08 1.86912e-08
9.26956e-08 1.53788e+08 1.91992e-08
9.45495e-08 1.56865e+08 1.97208e-08
9.64405e-08 1.60003e+08 2.02564e-08
9.83693e-08 1.63204e+08 2.08064e-08
1.00337e-07 1.66469e+08 2.13711e-08
1.02343e-07 1.69799e+08 2.1951e-08
1.0439e-07 1.73195e+08 2.25464e-08
1.06478e-07 1.7666e+08 2.31577e-08
1.08608e-07 1.80194e+08 2.37854e-08
1.1078e-07 1.83799e+08 2.44299e-08
1.12995e-07 1.87476e+08 2.50917e-08
1.15255e-07 1.91226e+08 2.57712e-08
1.1756e-07 1.95052e+08 2.64688e-08
1.19912e-07 1.98954e+08 2.71851e-08
1.2231e-07 2.02934e+08 2.79206e-08
1.24756e-07 2.06993e+08 2.86757e-08
1.27251e-07 2.11134e+08 2.9451e-08
1.29796e-07 2.15358e+08 3.0247e-08
1.32392e-07 2.19666e+08 3.10643e-08
1.3504e-07 2.24061e+08 3.19034e-08
1.37741e-07 2.28543e+08 3.27649e-08
1.40496e-07 2.33115e+08 3.36494e-08
1.43306e-07 2.37779e+08 3.45575e-08
1.46172e-07 2.42536e+08 3.54898e-08
1.49095e-07 2.47388e+08 3.6447e-08
1.52077e-07 2.52337e+08 3.74297e-08
1.55119e-07 2.57385e+08 3.84386e-08
1.58221e-07 2.62534e+08 3.94744e-08
1.61385e-07 2.67786e+08 4.05379e-08
1.64613e-07 2.73143e+08 4.16296e-08
1.67905e-07 2.78607e+08 4.27504e-08
1.71263e-07 2.84181e+08 4.39011e-08
1.74689e-07 2.89866e+08 4.50824e-08
1.78182e-07 2.95665e+08 4.62952e-08
1.81746e-07 3.0158e+08 4.75402e-08
1.85381e-07 3.07614e+08 4.88184e-08
1.89089e-07 3.13768e+08 5.01306e-08
1.9287e-07 3.20045e+08 5.14776e-08
1.96728e-07 3.26448e+08 5.28605e-08
2.00662e-07 3.32978e+08 5.42801e-08
2.04676e-07 3.3964e+08 5.57375e-08
2.08769e-07 3.46435e+08 5.72336e-08
2.12945e-07 3.53366e+08 5.87694e-08
2.17203e-07 3.60435e+08 6.0346e-08
2.21547e-07 3.67646e+08 6.19645e-08
2.25978e-07 3.75001e+08 6.3626e-08
2.30498e-07 3.82503e+08 6.53315e-08
2.35108e-07 3.90156e+08 6.70823e-08
2.3981e-07 3.97961e+08 6.88796e-08
2.44606e-07 4.05923e+08 7.07245e-08
2.49498e-07 4.14044e+08 7.26184e-08
2.54488e-07 4.22328e+08 7.45625e-08
2.59578e-07 4.30777e+08 7.65581e-08
2.6477e-07 4.39395e+08 7.86066e-08
2.70065e-07 4.48186e+08 8.07093e-08
2.75466e-07 4.57152e+08 8.28678e-08
2.80976e-07 4.66299e+08 8.50835e-08
2.86595e-07 4.75628e+08 8.73578e-08
2.92327e-07 4.85143e+08 8.96923e-08
2.98174e-07 4.94849e+08 9.20886e-08
3.04137e-07 5.0475e+08 9.45484e-08
3.1022e-07 5.14848e+08 9.70732e-08
3.16424e-07 5.25149e+08 9.96648e-08
3.22753e-07 5.35655e+08 1.02325e-07
3.29208e-07 5.46372e+08 1.05055e-07
3.35792e-07 5.57303e+08 1.07858e-07
3.42508e-07 5.68453e+08 1.10735e-07
3.49358e-07 5.79826e+08 1.13688e-07
3.56345e-07 5.91427e+08 1.16718e-07
3.63472e-07 6.0326e+08 1.19829e-07
3.70742e-07 6.15329e+08 1.23022e-07
3.78156e-07 6.2764e+08 1.26299e-07
3.8572e-07 6.40198e+08 1.29663e-07
3.93434e-07 6.53006e+08 1.33116e-07
4.01303e-07 6.66071e+08 1.36659e-07
4.09329e-07 6.79398e+08 1.40296e-07
4.17515e-07 6.92991e+08 1.44029e-07
4.25866e-07 7.06856e+08 1.47861e-07
4.34383e-07 7.20998e+08 1.51793e-07
4.4307e-07 7.35424e+08 1.5583e-07
4.51932e-07 7.50138e+08 1.59972e-07
4.60971e-07 7.65146e+08 1.64224e-07
4.7019e-07 7.80455e+08 1.68587e-07
4.79594e-07 7.9607e+08 1.73066e-07
4.89186e-07 8.11998e+08 1.77663e-07
4.98969e-07 8.28244e+08 1.8238e-07
5.08949e-07 8.44816e+08 1.87222e-07
5.19128e-07 8.61719e+08 1.92191e-07
5.2951e-07 8.7896e+08 1.97291e-07
5.401e-07 8.96547e+08 2.02525e-07
5.50902e-07 9.14485e+08 2.07896e-07
5.61921e-07 9.32782e+08 2.13409e-07
5.73159e-07 9.51445e+08 2.19067e-07
5.84622e-07 9.70482e+08 2.24873e-07
5.96315e-07 9.899e+08 2.30832e-07
6.08241e-07 1.00971e+09 2.36948e-07
6.20406e-07 1.02991e+09 2.43224e-07
6.32814e-07 1.05052e+09 2.49665e-07
6.4547e-07 1.07154e+09 2.56275e-07
6.58379e-07 1.09298e+09 2.63059e-07
6.71547e-07 1.11484e+09 2.70021e-07
6.84978e-07 1.13715e+09 2.77165e-07
6.98678e-07 1.1599e+09 2.84497e-07
7.12651e-07 1.18311e+09 2.92021e-07
7.26904e-07 1.20679e+09 2.99742e-07
7.41442e-07 1.23093e+09 3.07666e-07
7.56271e-07 1.25556e+09 3.15797e-07
7.71396e-07 1.28068e+09 3.24142e-07
7.86824e-07 1.30631e+09 3.32705e-07
8.02561e-07 1.33245e+09 3.41492e-07
8.18612e-07 1.35911e+09 3.5051e-07
8.34984e-07 1.3863e+09 3.59763e-07
8.51684e-07 1.41404e+09 3.69259e-07
8.68718e-07 1.44234e+09 3.79003e-07
8.86092e-07 1.4712e+09 3.89003e-07
9.03814e-07 1.50064e+09 3.99263e-07
9.2189e-07 1.53066e+09 4.09793e-07
9.40328e-07 1.56129e+09 4.20597e-07
9.59135e-07 1.59253e+09 4.31684e-07
9.78317e-07 1.6244e+09 4.43061e-07
9.97884e-07 1.6569e+09 4.54735e-07
1.01784e-06 1.69006e+09 4.66714e-07
1.0382e-06 1.72387e+09 4.79005e-07
1.05896e-06 1.75837e+09 4.91618e-07
1.08014e-06 1.79355e+09 5.0456e-07
1.10174e-06 1.82944e+09 5.1784e-07
1.12378e-06 1.86605e+09 5.31466e-07
1.14625e-06 1.90339e+09 5.45448e-07
1.16918e-06 1.94148e+09 5.59795e-07
1.19256e-06 1.98033e+09 5.74516e-07
1.21641e-06 2.01996e+09 5.8962e-07
1.24074e-06 2.06038e+09 6.05118e-07
1.26556e-06 2.10161e+09 6.2102e-07
1.29087e-06 2.14366e+09 6.37337e-07
1.31669e-06 2.18656e+09 6.54078e-07
1.34302e-06 2.23031e+09 6.71255e-07
1.36988e-06 2.27494e+09 6.8888e-07
1.39728e-06 2.32047e+09 7.06963e-07
1.42522e-06 2.3669e+09 7.25517e-07
1.45373e-06 2.41427e+09 7.44553e-07
1.4828e-06 2.46258e+09 7.64085e-07
1.51246e-06 2.51186e+09 7.84125e-07
1.54271e-06 2.56212e+09 8.04685e-07
1.57356e-06 2.61339e+09 8.2578e-07
1.60503e-06 2.66569e+09 8.47423e-07
1.63713e-06 2.71904e+09 8.69629e-07
1.66988e-06 2.77345e+09 8.92411e-07
1.70327e-06 2.82895e+09 9.15785e-07
1.73734e-06 2.88556e+09 9.39765e-07
1.77209e-06 2.94331e+09 9.64368e-07
1.80753e-06 3.00221e+09 9.89609e-07
1.84368e-06 3.06229e+09 1.01551e-06
1.88055e-06 3.12357e+09 1.04207e-06
1.91816e-06 3.18608e+09 1.06933e-06
1.95653e-06 3.24984e+09 1.09729e-06
1.99566e-06 3.31488e+09 1.12598e-06
2.03557e-06 3.38122e+09 1.15541e-06
2.07628e-06 3.44888e+09 1.1856e-06
2.11781e-06 3.5179e+09 1.21658e-06
2.16016e-06 3.5883e+09 1.24836e-06
2.20337e-06 3.66012e+09 1.28096e-06
2.24743e-06 3.73336e+09 1.3144e-06
2.29238e-06 3.80808e+09 1.34871e-06
2.33823e-06 3.88429e+09 1.3839e-06
2.38499e-06 3.96203e+09 1.42001e-06
2.43269e-06 4.04132e+09 1.45705e-06
2.48135e-06 4.1222e+09 1.49504e-06
2.53098e-06 4.20469e+09 1.53402e-06
2.5816e-06 4.28884e+09 1.574e-06
2.63323e-06 4.37468e+09 1.61502e-06
2.68589e-06 4.46223e+09 1.65709e-06
2.73961e-06 4.55153e+09 1.70025e-06
2.7944e-06 4.64263e+09 1.74453e-06
2.85029e-06 4.73554e+09 1.78995e-06
2.9073e-06 4.83032e+09 1.83653e-06
2.96544e-06 4.92699e+09 1.88432e-06
3.02475e-06 5.0256e+09 1.93334e-06
3.08525e-06 5.12618e+09 1.98362e-06
3.14695e-06 5.22878e+09 2.0352e-06
3.20989e-06 5.33343e+09 2.08811e-06
3.27409e-06 5.44017e+09 2.14237e-06
3.33957e-06 5.54905e+09 2.19804e-06
3.40636e-06 5.66011e+09 2.25513e-06
3.47449e-06 5.7734e+09 2.3137e-06
3.54398e-06 5.88895e+09 2.37377e-06
3.61486e-06 6.00681e+09 2.43538e-06
3.68715e-06 6.12704e+09 2.49858e-06
3.7609e-06 6.24967e+09 2.5634e-06
3.83611e-06 6.37475e+09 2.62989e-06
3.91284e-06 6.50234e+09 2.69808e-06
3.99109e-06 6.63249e+09 2.76802e-06
4.07092e-06 6.76524e+09 2.83976e-06
4.15233e-06 6.90065e+09 2.91333e-06
4.23538e-06 7.03876e+09 2.9888e-06
4.32009e-06 7.17965e+09 3.0662e-06
4.40649e-06 7.32335e+09 3.14558e-06
4.49462e-06 7.46993e+09 3.22699e-06
4.58451e-06 7.61945e+09 3.31049e-06
4.6762e-06 7.77196e+09 3.39613e-06
4.76973e-06 7.92752e+09 3.48396e-06
4.86512e-06 8.0862e+09 3.57404e-06
4.96242e-06 8.24805e+09 3.66642e-06
5.06167e-06 8.41314e+09 3.76116e-06
5.1629e-06 8.58154e+09 3.85833e-06
5.26616e-06 8.75331e+09 3.95797e-06
5.37149e-06 8.92852e+09 4.06017e-06
5.47892e-06 9.10724e+09 4.16497e-06
5.58849e-06 9.28954e+09 4.27245e-06
5.70026e-06 9.47548e+09 4.38267e-06
5.81427e-06 9.66515e+09 4.4957e-06
5.93055e-06 9.85862e+09 4.61161e-06
6.04917e-06 1.0056e+10 4.73048e-06
6.17015e-06 1.02572e+10 4.85238e-06
6.29355e-06 1.04626e+10 4.97738e-06
6.41942e-06 1.0672e+10 5.10557e-06
6.54781e-06 1.08856e+10 5.23702e-06
6.67877e-06 1.11035e+10 5.37182e-06
6.81234e-06 1.13258e+10 5.51004e-06
6.94859e-06 1.15525e+10 5.65178e-06
7.08756e-06 1.17838e+10 5.79712e-06
7.22931e-06 1.20196e+10 5.94616e-06
7.3739e-06 1.22603e+10 6.09898e-06
7.52138e-06 1.25057e+10 6.25568e-06
7.67181e-06 1.2756e+10 6.41637e-06
7.82524e-06 1.30114e+10 6.58112e-06
7.98175e-06 1.32718e+10 6.75006e-06
8.14138e-06 1.35375e+10 6.92328e-06
8.30421e-06 1.38085e+10 7.10089e-06
8.47029e-06 1.40849e+10 7.28301e-06
8.6397e-06 1.43669e+10 7.46973e-06
8.81249e-06 1.46545e+10 7.66118e-06
8.98874e-06 1.49479e+10 7.85748e-06
9.16852e-06 1.52471e+10 8.05874e-06
9.35189e-06 1.55524e+10 8.26509e-06
9.53893e-06 1.58637e+10 8.47666e-06
9.7297e-06 1.61813e+10 8.69358e-06
9.9243e-06 1.65052e+10 8.91597e-06
1.01228e-05 1.68357e+10 9.14398e-06
1.03252e-05 1.71727e+10 9.37775e-06
1.05317e-05 1.75165e+10 9.61741e-06
1.07424e-05 1.78672e+10 9.86311e-06
1.09572e-05 1.82249e+10 1.0115e-05
1.11764e-05 1.85897e+10 1.03733e-05
1.13999e-05 1.89619e+10 1.0638e-05
1.16279e-05 1.93415e+10 1.09094e-05
1.18605e-05 1.97288e+10 1.11877e-05
1.20977e-05 2.01237e+10 1.14729e-05
1.23396e-05 2.05266e+10 1.17653e-05
1.25864e-05 2.09376e+10 1.20651e-05
1.28381e-05 2.13568e+10 1.23724e-05
1.30949e-05 2.17844e+10 1.26874e-05
1.33568e-05 2.22205e+10 1.30104e-05
1.36239e-05 2.26654e+10 1.33414e-05
1.38964e-05 2.31192e+10 1.36807e-05
1.41743e-05 2.35821e+10 1.40285e-05
1.44578e-05 2.40542e+10 1.43851e-05
1.4747e-05 2.45358e+10 1.47506e-05
1.50419e-05 2.50271e+10 1.51252e-05
1.53428e-05 2.55282e+10 1.55092e-05
1.56496e-05 2.60393e+10 1.59028e-05
1.59626e-05 2.65607e+10 1.63063e-05
1.62819e-05 2.70925e+10 1.67198e-05
1.66075e-05 2.76349e+10 1.71437e-05
1.69396e-05 2.81882e+10 1.75781e-05
1.72784e-05 2.87526e+10 1.80234e-05
1.7624e-05 2.93283e+10 1.84798e-05
1.79765e-05 2.99156e+10 1.89476e-05
1.8336e-05 3.05146e+10 1.9427e-05
1.87027e-05 3.11256e+10 1.99184e-05
1.90768e-05 3.17488e+10 2.0422e-05
1.94583e-05 3.23845e+10 2.09381e-05
1.98475e-05 3.3033e+10 2.14671e-05
2.02444e-05 3.36944e+10 2.20092e-05
2.06493e-05 3.43691e+10 2.25648e-05
2.10623e-05 3.50573e+10 2.31342e-05
2.14836e-05 3.57593e+10 2.37177e-05
2.19132e-05 3.64753e+10 2.43157e-05
2.23515e-05 3.72057e+10 2.49286e-05
2.27985e-05 3.79507e+10 2.55566e-05
2.32545e-05 3.87107e+10 2.62002e-05
2.37196e-05 3.94859e+10 2.68597e-05
2.4194e-05 4.02765e+10 2.75355e-05
2.46779e-05 4.10831e+10 2.8228e-05
2.51714e-05 4.19058e+10 2.89377e-05
2.56749e-05 4.27449e+10 2.96649e-05
2.61884e-05 4.36009e+10 3.041e-05
2.67121e-05 4.4474e+10 3.11736e-05
2.72464e-05 4.53646e+10 3.19559e-05
2.77913e-05 4.62731e+10 3.27576e-05
2.83471e-05 4.71997e+10 3.3579e-05
2.89141e-05 4.81449e+10 3.44206e-05
2.94923e-05 4.91091e+10 3.5283e-05
3.00822e-05 5.00926e+10 3.61666e-05
3.06838e-05 5.10957e+10 3.70719e-05
3.12975e-05 5.2119e+10 3.79994e-05
3.19235e-05 5.31627e+10 3.89497e-05
3.25619e-05 5.42274e+10 3.99233e-05
3.32132e-05 5.53134e+10 4.09209e-05
3.38774e-05 5.64212e+10 4.19428e-05
3.4555e-05 5.75511e+10 4.29899e-05
3.52461e-05 5.87037e+10 4.40625e-05
3.5951e-05 5.98794e+10 4.51614e-05
3.667e-05 6.10786e+10 4.62872e-05
3.74034e-05 6.23018e+10 4.74405e-05
3.81515e-05 6.35496e+10 4.86219e-05
3.89145e-05 6.48224e+10 4.98323e-05
3.96928e-05 6.61206e+10 5.10721e-05
4.04867e-05 6.74449e+10 5.23422e-05
4.12964e-05 6.87957e+10 5.36432e-05
4.21223e-05 7.01735e+10 5.49759e-05
4.29648e-05 7.1579e+10 5.63411e-05
4.38241e-05 7.30126e+10 5.77394e-05
4.47005e-05 7.4475e+10 5.91718e-05
4.55946e-05 7.59666e+10 6.06389e-05
4.65065e-05 7.74882e+10 6.21417e-05
4.74366e-05 7.90402e+10 6.36809e-05
4.83853e-05 8.06233e+10 6.52575e-05
4.9353e-05 8.22381e+10 6.68722e-05
5.03401e-05 8.38853e+10 6.85261e-05
5.13469e-05 8.55655e+10 7.02199e-05
5.23738e-05 8.72794e+10 7.19548e-05
5.34213e-05 8.90276e+10 7.37316e-05
5.44897e-05 9.08108e+10 7.55512e-05
5.55795e-05 9.26298e+10 7.74148e-05
5.66911e-05 9.44852e+10 7.93234e-05
5.78249e-05 9.63778e+10 8.1278e-05
5.89814e-05 9.83083e+10 8.32796e-05
6.01611e-05 1.00277e+11 8.53294e-05
6.13643e-05 1.02286e+11 8.74286e-05
6.25916e-05 1.04335e+11 8.95782e-05
6.38434e-05 1.06425e+11 9.17794e-05
6.51203e-05 1.08557e+11 9.40334e-05
6.64227e-05 1.10731e+11 9.63416e-05
6.77511e-05 1.1295e+11 9.8705e-05
6.91061e-05 1.15212e+11 0.000101125
7.04883e-05 1.1752e+11 0.000103603
7.1898e-05 1.19874e+11 0.00010614
7.3336e-05 1.22276e+11 0.000108738
7.48027e-05 1.24725e+11 0.000111398
7.62988e-05 1.27224e+11 0.000114122
7.78247e-05 1.29772e+11 0.00011691
7.93812e-05 1.32372e+11 0.000119765
8.09689e-05 1.35024e+11 0.000122688
8.25882e-05 1.37729e+11 0.00012568
8.424e-05 1.40488e+11 0.000128744
8.59248e-05 1.43302e+11 0.00013188
8.76433e-05 1.46173e+11 0.000135091
8.93962e-05 1.49101e+11 0.000138378
9.11841e-05 1.52088e+11 0.000141743
9.30078e-05 1.55135e+11 0.000145188
9.48679e-05 1.58243e+11 0.000148714
9.67653e-05 1.61414e+11 0.000152324
9.87006e-05 1.64647e+11 0.000156019
0.000100675 1.67946e+11 0.000159801
0.000102688 1.71311e+11 0.000163672
0.000104742 1.74743e+11 0.000167635
0.000106837 1.78244e+11 0.000171691
0.000108973 1.81815e+11 0.000175842
0.000111153 1.85458e+11 0.000180092
0.000113376 1.89173e+11 0.000184441
0.000115643 1.92964e+11 0.000188892
0.000117956 1.9683e+11 0.000193447
0.000120315 2.00773e+11 0.00019811
0.000122722 2.04796e+11 0.000202881
0.000125176 2.08899e+11 0.000207765
0.00012768 2.13085e+11 0.000212762
0.000130233 2.17354e+11 0.000217876
0.000132838 2.21709e+11 0.00022311
0.000135495 2.26152e+11 0.000228466
0.000138205 2.30683e+11 0.000233946
0.000140969 2.35305e+11 0.000239554
0.000143788 2.4002e+11 0.000245293
0.000146664 2.44829e+11 0.000251165
0.000149597 2.49735e+11 0.000257173
0.000152589 2.54739e+11 0.000263321
0.000155641 2.59844e+11 0.000269611
0.000158754 2.6505e+11 0.000276047
0.000161929 2.70361e+11 0.000282632
0.000165167 2.75779e+11 0.00028937
0.000168471 2.81305e+11 0.000296262
0.00017184 2.86942e+11 0.000303314
0.000175277 2.92692e+11 0.000310529
0.000178782 2.98557e+11 0.00031791
0.000182358 3.0454e+11 0.00032546
0.000186005 3.10642e+11 0.000333184
0.000189725 3.16867e+11 0.000341086
0.00019352 3.23217e+11 0.000349169
0.00019739 3.29694e+11 0.000357437
0.000201338 3.36301e+11 0.000365895
0.000205365 3.4304e+11 0.000374546
0.000209472 3.49915e+11 0.000383395
0.000213662 3.56927e+11 0.000392446
0.000217935 3.6408e+11 0.000401703
0.000222293 3.71376e+11 0.000411172
0.000226739 3.78819e+11 0.000420856
0.000231274 3.86411e+11 0.000430761
0.0002359 3.94154e+11 0.00044089
0.000240618 4.02054e+11 0.00045125
0.00024543 4.10111e+11 0.000461844
0.000250339 4.1833e+11 0.000472679
0.000255345 4.26714e+11 0.000483759
0.000260452 4.35266e+11 0.000495089
0.000265661 4.4399e+11 0.000504553
0.000365661 6.11504e+11 0.000588288
0.000465661 7.79059e+11 0.000661133
0.000565661 9.46644e+11 0.000735871
0.000665661 1.11425e+12 0.000814078
0.000765661 1.28189e+12 0.000896119
0.000865661 1.44954e+12 0.000982025
0.000965661 1.61721e+12 0.00107171
0.00106566 1.7849e+12 0.00116506
0.00116566 1.9526e+12 0.00126193
0.00126566 2.12032e+12 0.00136218
0.00136566 2.28805e+12 0.00146569
0.00146566 2.4558e+12 0.00157232
0.00156566 2.62356e+12 0.00168196
0.00166566 2.79134e+12 0.00179451
0.00176566 2.95912e+12 0.00190984
0.00186566 3.12692e+12 0.00202788
0.00196566 3.29473e+12 0.00214854
0.00206566 3.46255e+12 0.00227171
0.00216566 3.63038e+12 0.00239734
0.00226566 3.79822e+12 0.00252535
0.00236566 3.96608e+12 0.00265566
0.00246566 4.13394e+12 0.00278821
0.00256566 4.30181e+12 0.00292294
0.00266566 4.46969e+12 0.0030598
0.00276566 4.63758e+12 0.00319872
0.00286566 4.80548e+12 0.00333967
0.00296566 4.97339e+12 0.00348258
0.00306566 5.14131e+12 0.00362742
0.00316566 5.30923e+12 0.00377413
0.00326566 5.47717e+12 0.00392269
0.00336566 5.64511e+12 0.00407304
0.00346566 5.81306e+12 0.00422516
0.00356566 5.98102e+12 0.004379
0.00366566 6.14899e+12 0.00453453
0.00376566 6.31696e+12 0.00469172
0.00386566 6.48494e+12 0.00485054
0.00396566 6.65293e+12 0.00501096
0.00406566 6.82093e+12 0.00517295
0.00416566 6.98893e+12 0.00533649
0.00426566 7.15694e+12 0.00550154
0.00436566 7.32496e+12 0.00566808
0.00446566 7.49298e+12 0.00583609
0.00456566 7.66101e+12 0.00600555
0.00466566 7.82905e+12 0.00617643
0.00476566 7.99709e+12 0.00634872
0.00486566 8.16514e+12 0.00652238
0.00496566 8.3332e+12 0.00669741
0.00506566 8.50127e+12 0.00687378
0.00516566 8.66934e+12 0.00705148
0.00526566 8.83741e+12 0.00723049
0.00536566 9.00549e+12 0.00741079
0.00546566 9.17358e+12 0.00759236
0.00556566 9.34167e+12 0.00777519
0.00566566 9.50977e+12 0.00795927
0.00576566 9.67788e+12 0.00814457
0.00586566 9.84599e+12 0.00833109
0.00596566 1.00141e+13 0.00851882
0.00606566 1.01822e+13 0.00870773
0.00616566 1.03504e+13 0.00889781
0.00626566 1.05185e+13 0.00908906
0.00636566 1.06866e+13 0.00928147
0.00646566 1.08548e+13 0.00947501
0.00656566 1.10229e+13 0.00966968
0.00666566 1.11911e+13 0.00986547
0.00676566 1.13592e+13 0.0100624
0.00686566 1.15274e+13 0.0102604
0.00696566 1.16956e+13 0.0104594
0.00706566 1.18638e+13 0.0106596
0.00716566 1.20319e+13 0.0108608
0.00726566 1.22001e+13 0.0110631
0.00736566 1.23683e+13 0.0112664
0.00746566 1.25365e+13 0.0114708
0.00756566 1.27047e+13 0.0116762
0.00766566 1.28729e+13 0.0118827
0.00776566 1.30411e+13 0.0120901
0.00786566 1.32093e+13 0.0122986
0.00796566 1.33776e+13 0.012508
0.00806566 1.35458e+13 0.0127185
0.00816566 1.3714e+13 0.0129299
0.00826566 1.38823e+13 0.0131424
0.00836566 1.40505e+13 0.0133558
0.00846566 1.42187e+13 0.0135701
0.00856566 1.4387e+13 0.0137855
0.00866566 1.45552e+13 0.0140017
0.00876566 1.47235e+13 0.014219
0.00886566 1.48918e+13 0.0144372
0.00896566 1.506e+13 0.0146563
0.00906566 1.52283e+13 0.0148763
0.00916566 1.53966e+13 0.0150973
0.00926566 1.55649e+13 0.0153192
0.00936566 1.57331e+13 0.015542
0.00946566 1.59014e+13 0.0157657
0.00956566 1.60697e+13 0.0159904
0.00966566 1.6238e+13 0.0162159
0.00976566 1.64063e+13 0.0164423
0.00986566 1.65746e+13 0.0166696
0.00996566 1.67429e+13 0.0168979
0.0100657 1.69112e+13 0.0171269
0.0101657 1.70796e+13 0.0173569
0.0102657 1.72479e+13 0.0175878
0.0103657 1.74162e+13 0.0178195
0.0104657 1.75845e+13 0.018052
0.0105657 1.77529e+13 0.0182855
0.0106657 1.79212e+13 0.0185198
0.0107657 1.80895e+13 0.0187549
0.0108657 1.82579e+13 0.0189909
0.0109657 1.84262e+13 0.0192278
0.0110657 1.85946e+13 0.0194655
0.0111657 1.87629e+13 0.019704
0.0112657 1.89313e+13 0.0199434
0.0113657 1.90997e+13 0.0201836
0.0114657 1.9268e+13 0.0204246
0.0115657 1.94364e+13 0.0206665
0.0116657 1.96048e+13 0.0209092
0.0117657 1.97732e+13 0.0211527
0.0118657 1.99415e+13 0.021397
0.0119657 2.01099e+13 0.0216422
0.0120657 2.02783e+13 0.0218881
0.0121657 2.04467e+13 0.0221349
0.0122657 2.06151e+13 0.0223824
0.0123657 2.07835e+13 0.0226308
0.0124657 2.09519e+13 0.02288
0.0125657 2.11203e+13 0.0231299
0.0126657 2.12887e+13 0.0233807
0.0127657 2.14571e+13 0.0236323
0.0128657 2.16256e+13 0.0238846
0.0129657 2.1794e+13 0.0241377
0.0130657 2.19624e+13 0.0243916
0.0131657 2.21308e+13 0.0246463
0.0132657 2.22993e+13 0.0249018
0.0133657 2.24677e+13 0.0251581
0.0134657 2.26361e+13 0.0254151
0.0135657 2.28046e+13 0.0256729
0.0136657 2.2973e+13 0.0259315
0.0137657 2.31415e+13 0.0261908
0.0138657 2.33099e+13 0.0264509
0.0139657 2.34784e+13 0.0267118
0.0140657 2.36468e+13 0.0269735
0.0141657 2.38153e+13 0.0272359
0.0142657 2.39838e+13 0.027499
0.0143657 2.41522e+13 0.0277629
0.0144657 2.43207e+13 0.0280276
0.0145657 2.44892e+13 0.028293
0.0146657 2.46577e+13 0.0285592
0.0147657 2.48262e+13 0.0288261
0.0148657 2.49946e+13 0.0290938
0.0149657 2.51631e+13 0.0293622
0.0150657 2.53316e+13 0.0296314
0.0151657 2.55001e+13 0.0299013
0.0152657 2.56686e+13 0.0301719
0.0153657 2.58371e+13 0.0304433
0.0154657 2.60056e+13 0.0307154
0.0155657 2.61741e+13 0.0309883
0.0156657 2.63426e+13 0.0312619
0.0157657 2.65112e+13 0.0315362
0.0158657 2.66797e+13 0.0318113
0.0159657 2.68482e+13 0.032087
0.0160657 2.70167e+13 0.0323635
0.0161657 2.71852e+13 0.0326408
0.0162657 2.73538e+13 0.0329187
0.0163657 2.75223e+13 0.0331974
0.0164657 2.76908e+13 0.0334768
0.0165657 2.78594e+13 0.033757
0.0166657 2.80279e+13 0.0340378
0.0167657 2.81965e+13 0.0343194
0.0168657 2.8365e+13 0.0346016
0.0169657 2.85336e+13 0.0348846
0.0170657 2.87021e+13 0.0351683
0.0171657 2.88707e+13 0.0354527
0.0172657 2.90392e+13 0.0357379
0.0173657 2.92078e+13 0.0360237
0.0174657 2.93764e+13 0.0363103
0.0175657 2.95449e+13 0.0365975
0.0176657 2.97135e+13 0.0368855
0.0177657 2.98821e+13 0.0371741
0.0178657 3.00507e+13 0.0374635
0.0179657 3.02192e+13 0.0377536
0.0180657 3.03878e+13 0.0380444
0.0181657 3.05564e+13 0.0383358
0.0182657 3.0725e+13 0.038628
0.0183657 3.08936e+13 0.0389209
0.0184657 3.10622e+13 0.0392144
0.0185657 3.12308e+13 0.0395087
0.0186657 3.13994e+13 0.0398037
0.0187657 3.1568e+13 0.0400993
0.0188657 3.17366e+13 0.0403957
0.0189657 3.19052e+13 0.0406927
0.0190657 3.20738e+13 0.0409904
0.0191657 3.22424e+13 0.0412888
0.0192657 3.2411e+13 0.041588
0.0193657 3.25796e+13 0.0418877
0.0194657 3.27483e+13 0.0421882
0.0195657 3.29169e+13 0.0424894
0.0196657 3.30855e+13 0.0427912
0.0197657 3.32542e+13 0.0430938
0.0198657 3.34228e+13 0.043397
0.0199657 3.35914e+13 0.0437009
0.0200657 3.37601e+13 0.0440055
0.0201657 3.39287e+13 0.0443108
0.0202657 3.40973e+13 0.0446167
0.0203657 3.4266e+13 0.0449233
0.0204657 3.44346e+13 0.0452306
0.0205657 3.46033e+13 0.0455386
0.0206657 3.4772e+13 0.0458473
0.0207657 3.49406e+13 0.0461566
0.0208657 3.51093e+13 0.0464666
0.0209657 3.52779e+13 0.0467773
0.0210657 3.54466e+13 0.0470887
0.0211657 3.56153e+13 0.0474007
0.0212657 3.57839e+13 0.0477134
0.0213657 3.59526e+13 0.0480268
0.0214657 3.61213e+13 0.0483408
0.0215657 3.629e+13 0.0486555
0.0216657 3.64586e+13 0.0489709
0.0217657 3.66273e+13 0.049287
0.0218657 3.6796e+13 0.0496037
0.0219657 3.69647e+13 0.0499211
0.0220657 3.71334e+13 0.0502392
0.0221657 3.73021e+13 0.0505579
0.0222657 3.74708e+13 0.0508773
0.0223657 3.76395e+13 0.0511973
0.0224657 3.78082e+13 0.051518
0.0225657 3.79769e+13 0.0518394
0.0226657 3.81456e+13 0.0521615
0.0227657 3.83143e+13 0.0524842
0.0228657 3.8483e+13 0.0528076
0.0229657 3.86517e+13 0.0531316
0.0230657 3.88205e+13 0.0534563
0.0231657 3.89892e+13 0.0537817
0.0232657 3.91579e+13 0.0541077
0.0233657 3.93266e+13 0.0544344
0.0234657 3.94953e+13 0.0547617
0.0235657 3.96641e+13 0.0550897
0.0236657 3.98328e+13 0.0554183
0.0237657 4.00015e+13 0.0557477
0.0238657 4.01703e+13 0.0560776
0.0239657 4.0339e+13 0.0564083
0.0240657 4.05078e+13 0.0567395
0.0241657 4.06765e+13 0.0570715
0.0242657 4.08452e+13 0.0574041
0.0243657 4.1014e+13 0.0577373
0.0244657 4.11827e+13 0.0580712
0.0245657 4.13515e+13 0.0584058
0.0246657 4.15203e+13 0.058741
0.0247657 4.1689e+13 0.0590769
0.0248657 4.18578e+13 0.0594134
0.0249657 4.20265e+13 0.0597506
0.0250657 4.21953e+13 0.0600884
0.0251657 4.23641e+13 0.0604269
0.0252657 4.25328e+13 0.060766
0.0253657 4.27016e+13 0.0611058
0.0254657 4.28704e+13 0.0614463
0.0255657 4.30392e+13 0.0617873
0.0256657 4.3208e+13 0.0621291
0.0257657 4.33767e+13 0.0624715
0.0258657 4.35455e+13 0.0628145
0.0259657 4.37143e+13 0.0631582
0.0260657 4.38831e+13 0.0635026
0.0261657 4.40519e+13 0.0638475
0.0262657 4.42207e+13 0.0641932
0.0263657 4.43895e+13 0.0645395
0.0264657 4.45583e+13 0.0648864
0.0265657 4.47271e+13 0.065234
0.0266657 4.48959e+13 0.0655822
0.0267657 4.50647e+13 0.0659311
0.0268657 4.52335e+13 0.0662807
0.0269657 4.54023e+13 0.0666308
0.0270657 4.55711e+13 0.0669817
0.0271657 4.57399e+13 0.0673331
0.0272657 4.59088e+13 0.0676853
0.0273657 4.60776e+13 0.068038
0.0274657 4.62464e+13 0.0683915
0.0275657 4.64152e+13 0.0687455
0.0276657 4.65841e+13 0.0691002
0.0277657 4.67529e+13 0.0694556
0.0278657 4.69217e+13 0.0698116
0.0279657 4.70906e+13 0.0701683
0.0280657 4.72594e+13 0.0705256
0.0281657 4.74282e+13 0.0708835
0.0282657 4.75971e+13 0.0712421
0.0283657 4.77659e+13 0.0716014
0.0284657 4.79348e+13 0.0719612
0.0285657 4.81036e+13 0.0723218
0.0286657 4.82725e+13 0.072683
0.0287657 4.84413e+13 0.0730448
0.0288657 4.86102e+13 0.0734072
0.0289657 4.8779e+13 0.0737704
0.0290657 4.89479e+13 0.0741341
0.0291657 4.91167e+13 0.0744985
0.0292657 4.92856e+13 0.0748636
0.0293657 4.94545e+13 0.0752293
0.0294657 4.96233e+13 0.0755956
0.0295657 4.97922e+13 0.0759626
0.0296657 4.99611e+13 0.0763303
0.0297657 5.01299e+13 0.0766986
0.0298657 5.02988e+13 0.0770675
0.0299657 5.04677e+13 0.0774371
0.0300657 5.06366e+13 0.0778073
0.0301657 5.08055e+13 0.0781782
0.0302657 5.09743e+13 0.0785497
0.0303657 5.11432e+13 0.0789219
0.0304657 5.13121e+13 0.0792947
0.0305657 5.1481e+13 0.0796681
0.0306657 5.16499e+13 0.0800422
0.0307657 5.18188e+13 0.080417
0.0308657 5.19877e+13 0.0807924
0.0309657 5.21566e+13 0.0811684
0.0310657 5.23255e+13 0.0815451
0.0311657 5.24944e+13 0.0819225
0.0312657 5.26633e+13 0.0823005
0.0313657 5.28322e+13 0.0826791
0.0314657 5.30011e+13 0.0830584
0.0315657 5.31701e+13 0.0834383
0.0316657 5.3339e+13 0.0838189
0.0317657 5.35079e+13 0.0842001
0.0318657 5.36768e+13 0.084582
0.0319657 5.38457e+13 0.0849645
0.0320657 5.40146e+13 0.0853477
0.0321657 5.41836e+13 0.0857315
0.0322657 5.43525e+13 0.086116
0.0323657 5.45214e+13 0.0865011
0.0324657 5.46904e+13 0.0868869
0.0325657 5.48593e+13 0.0872733
0.0326657 5.50282e+13 0.0876604
0.0327657 5.51972e+13 0.0880481
0.0328657 5.53661e+13 0.0884365
0.0329657 5.55351e+13 0.0888255
0.0330657 5.5704e+13 0.0892152
0.0331657 5.5873e+13 0.0896055
0.0332657 5.60419e+13 0.0899965
0.0333657 5.62109e+13 0.0903881
0.0334657 5.63798e+13 0.0907804
0.0335657 5.65488e+13 0.0911733
0.0336657 5.67177e+13 0.0915669
0.0337657 5.68867e+13 0.0919611
0.0338657 5.70556e+13 0.092356
0.0339657 5.72246e+13 0.0927516
0.0340657 5.73936e+13 0.0931478
0.0341657 5.75625e+13 0.0935446
0.0342657 5.77315e+13 0.0939421
0.0343657 5.79005e+13 0.0943403
0.0344657 5.80695e+13 0.0947391
0.0345657 5.82384e+13 0.0951386
0.0346657 5.84074e+13 0.0955387
0.0347657 5.85764e+13 0.0959395
0.0348657 5.87454e+13 0.096341
0.0349657 5.89144e+13 0.0967431
0.0350657 5.90833e+13 0.0971458
0.0351657 5.92523e+13 0.0975492
0.0352657 5.94213e+13 0.0979533
0.0353657 5.95903e+13 0.0983581
0.0354657 5.97593e+13 0.0987634
0.0355657 5.99283e+13 0.0991695
0.0356657 6.00973e+13 0.0995762
0.0357657 6.02663e+13 0.0999836
0.0358657 6.04353e+13 0.100392
0.0359657 6.06043e+13 0.1008
0.0360657 6.07733e+13 0.10121
0.0361657 6.09423e+13 0.10162
0.0362657 6.11113e+13 0.10203
0.0363657 6.12804e+13 0.102442
0.0364657 6.14494e+13 0.102854
0.0365657 6.16184e+13 0.103266
0.0366657 6.17874e+13 0.10368
0.0367657 6.19564e+13 0.104094
0.0368657 6.21254e+13 0.104508
0.0369657 6.22945e+13 0.104924
0.0370657 6.24635e+13 0.10534
0.0371657 6.26325e+13 0.105756
0.0372657 6.28016e+13 0.106174
0.0373657 6.29706e+13 0.106592
0.0374657 6.31396e+13 0.10701
0.0375657 6.33087e+13 0.10743
0.0376657 6.34777e+13 0.10785
0.0377657 6.36467e+13 0.10827
0.0378657 6.38158e+13 0.108692
0.0379657 6.39848e+13 0.109114
0.0380657 6.41539e+13 0.109536
0.0381657 6.43229e+13 0.10996
0.0382657 6.4492e+13 0.110384
0.0383657 6.4661e+13 0.110809
0.0384657 6.48301e+13 0.111234
0.0385657 6.49991e+13 0.11166
0.0386657 6.51682e+13 0.112087
0.0387657 6.53373e+13 0.112514
0.0388657 6.55063e+13 0.112942
0.0389657 6.56754e+13 0.113371
0.0390657 6.58445e+13 0.1138
0.0391657 6.60135e+13 0.11423
0.0392657 6.61826e+13 0.114661
0.0393657 6.63517e+13 0.115093
0.0394657 6.65207e+13 0.115525
0.0395657 6.66898e+13 0.115958
0.0396657 6.68589e+13 0.116391
0.0397657 6.7028e+13 0.116825
0.0398657 6.71971e+13 0.11726
0.0399657 6.73661e+13 0.117696
0.0400657 6.75352e+13 0.118132
0.0401657 6.77043e+13 0.118569
0.0402657 6.78734e+13 0.119007
0.0403657 6.80425e+13 0.119445
0.0404657 6.82116e+13 0.119884
0.0405657 6.83807e+13 0.120323
0.0406657 6.85498e+13 0.120764
0.0407657 6.87189e+13 0.121205
0.0408657 6.8888e+13 0.121647
0.0409657 6.90571e+13 0.122089
0.0410657 6.92262e+13 0.122532
0.0411657 6.93953e+13 0.122976
0.0412657 6.95644e+13 0.12342
0.0413657 6.97335e+13 0.123866
0.0414657 6.99026e+13 0.124311
0.0415657 7.00717e+13 0.124758
0.0416657 7.02409e+13 0.125205
0.0417657 7.041e+13 0.125653
0.0418657 7.05791e+13 0.126102
0.0419657 7.07482e+13 0.126551
0.0420657 7.09173e+13 0.127001
0.0421657 7.10865e+13 0.127452
0.0422657 7.12556e+13 0.127903
0.0423657 7.14247e+13 0.128355
0.0424657 7.15939e+13 0.128808
0.0425657 7.1763e+13 0.129262
0.0426657 7.19321e+13 0.129716
0.0427657 7.21013e+13 0.130171
0.0428657 7.22704e+13 0.130627
0.0429657 7.24396e+13 0.131083
0.0430657 7.26087e+13 0.13154
0.0431657 7.27778e+13 0.131998
0.0432657 7.2947e+13 0.132456
0.0433657 7.31161e+13 0.132915
0.0434657 7.32853e+13 0.133375
0.0435657 7.34544e+13 0.133836
0.0436657 7.36236e+13 0.134297
0.0437657 7.37928e+13 0.134759
0.0438657 7.39619e+13 0.135222
0.0439657 7.41311e+13 0.135685
0.0440657 7.43002e+13 0.136149
0.0441657 7.44694e+13 0.136614
0.0442657 7.46386e+13 0.13708
0.0443657 7.48077e+13 0.137546
0.0444657 7.49769e+13 0.138013
0.0445657 7.51461e+13 0.138481
0.0446657 7.53152e+13 0.138949
0.0447657 7.54844e+13 0.139418
0.0448657 7.56536e+13 0.139888
0.0449657 7.58228e+13 0.140359
0.0450657 7.5992e+13 0.14083
0.0451657 7.61611e+13 0.141302
0.0452657 7.63303e+13 0.141775
0.0453657 7.64995e+13 0.142248
0.0454657 7.66687e+13 0.142722
0.0455657 7.68379e+13 0.143197
0.0456657 7.70071e+13 0.143673
0.0457657 7.71763e+13 0.144149
0.0458657 7.73455e+13 0.144626
0.0459657 7.75147e+13 0.145104
0.0460657 7.76839e+13 0.145583
0.0461657 7.78531e+13 0.146062
0.0462657 7.80223e+13 0.146542
0.0463657 7.81915e+13 0.147023
0.0464657 7.83607e+13 0.147504
0.0465657 7.85299e+13 0.147986
0.0466657 7.86991e+13 0.148469
0.0467657 7.88683e+13 0.148953
0.0468657 7.90375e+13 0.149437
0.0469657 7.92067e+13 0.149922
0.0470657 7.9376e+13 0.150408
0.0471657 7.95452e+13 0.150895
0.0472657 7.97144e+13 0.151382
0.0473657 7.98836e+13 0.15187
0.0474657 8.00528e+13 0.152359
0.0475657 8.02221e+13 0.152849
0.0476657 8.03913e+13 0.153339
0.0477657 8.05605e+13 0.15383
0.0478657 8.07298e+13 0.154322
0.0479657 8.0899e+13 0.154815
0.0480657 8.10682e+13 0.155308
0.0481657 8.12375e+13 0.155802
0.0482657 8.14067e+13 0.156297
0.0483657 8.1576e+13 0.156792
0.0484657 8.17452e+13 0.157289
0.0485657 8.19144e+13 0.157786
0.0486657 8.20837e+13 0.158283
0.0487657 8.22529e+13 0.158782
0.0488657 8.24222e+13 0.159281
0.0489657 8.25914e+13 0.159781
0.0490657 8.27607e+13 0.160282
0.0491657 8.293e+13 0.160784
0.0492657 8.30992e+13 0.161286
0.0493657 8.32685e+13 0.161789
0.0494657 8.34377e+13 0.162293
0.0495657 8.3607e+13 0.162798
0.0496657 8.37763e+13 0.163303
0.0497657 8.39455e+13 0.163809
0.0498657 8.41148e+13 0.164316
0.0499657 8.42841e+13 0.164824
0.0500657 8.44533e+13 0.165332
0.0501657 8.46226e+13 0.165841
0.0502657 8.47919e+13 0.166351
0.0503657 8.49612e+13 0.166862
0.0504657 8.51304e+13 0.167374
0.0505657 8.52997e+13 0.167886
0.0506657 8.5469e+13 0.168399
0.0507657 8.56383e+13 0.168913
0.0508657 8.58076e+13 0.169428
0.0509657 8.59769e+13 0.169943
0.0510657 8.61462e+13 0.170459
0.0511657 8.63154e+13 0.170976
0.0512657 8.64847e+13 0.171494
0.0513657 8.6654e+13 0.172012
0.0514657 8.68233e+13 0.172531
0.0515657 8.69926e+13 0.173052
0.0516657 8.71619e+13 0.173572
0.0517657 8.73312e+13 0.174094
0.0518657 8.75005e+13 0.174616
0.0519657 8.76698e+13 0.17514
0.0520657 8.78392e+13 0.175664
0.0521657 8.80085e+13 0.176188
0.0522657 8.81778e+13 0.176714
0.0523657 8.83471e+13 0.17724
0.0524657 8.85164e+13 0.177767
0.0525657 8.86857e+13 0.178295
0.0526657 8.8855e+13 0.178824
0.0527657 8.90244e+13 0.179353
0.0528657 8.91937e+13 0.179884
0.0529657 8.9363e+13 0.180415
0.0530657 8.95323e+13 0.180947
0.0531657 8.97017e+13 0.181479
0.0532657 8.9871e+13 0.182013
0.0533657 9.00403e+13 0.182547
0.0534657 9.02097e+13 0.183082
0.0535657 9.0379e+13 0.183618
0.0536657 9.05483e+13 0.184155
0.0537657 9.07177e+13 0.184692
0.0538657 9.0887e+13 0.185231
0.0539657 9.10564e+13 0.18577
0.0540657 9.12257e+13 0.18631
0.0541657 9.1395e+13 0.186851
0.0542657 9.15644e+13 0.187392
0.0543657 9.17337e+13 0.187934
0.0544657 9.19031e+13 0.188478
0.0545657 9.20724e+13 0.189022
0.0546657 9.22418e+13 0.189566
0.0547657 9.24112e+13 0.190112
0.0548657 9.25805e+13 0.190658
0.0549657 9.27499e+13 0.191206
0.0550657 9.29192e+13 0.191754
0.0551657 9.30886e+13 0.192303
0.0552657 9.3258e+13 0.192852
0.0553657 9.34273e+13 0.193403
0.0554657 9.35967e+13 0.193954
0.0555657 9.37661e+13 0.194506
0.0556657 9.39354e+13 0.195059
0.0557657 9.41048e+13 0.195613
0.0558657 9.42742e+13 0.196168
0.0559657 9.44436e+13 0.196723
0.0560657 9.46129e+13 0.19728
0.0561657 9.47823e+13 0.197837
0.0562657 9.49517e+13 0.198395
0.0563657 9.51211e+13 0.198954
0.0564657 9.52905e+13 0.199513
0.0565657 9.54599e+13 0.200074
0.0566657 9.56293e+13 0.200635
0.0567657 9.57986e+13 0.201197
0.0568657 9.5968e+13 0.20176
0.0569657 9.61374e+13 0.202324
0.0570657 9.63068e+13 0.202889
0.0571657 9.64762e+13 0.203454
0.0572657 9.66456e+13 0.204021
0.0573657 9.6815e+13 0.204588
0.0574657 9.69844e+13 0.205156
0.0575657 9.71538e+13 0.205725
0.0576657 9.73232e+13 0.206294
0.0577657 9.74927e+13 0.206865
0.0578657 9.76621e+13 0.207436
0.0579657 9.78315e+13 0.208009
0.0580657 9.80009e+13 0.208582
0.0581657 9.81703e+13 0.209156
0.0582657 9.83397e+13 0.209731
0.0583657 9.85091e+13 0.210306
0.0584657 9.86786e+13 0.210883
0.0585657 9.8848e+13 0.21146
0.0586657 9.90174e+13 0.212039
0.0587657 9.91868e+13 0.212618
0.0588657 9.93563e+13 0.213198
0.0589657 9.95257e+13 0.213779
0.0590657 9.96951e+13 0.21436
0.0591657 9.98646e+13 0.214943
0.0592657 1.00034e+14 0.215526
0.0593657 1.00203e+14 0.216111
0.0594657 1.00373e+14 0.216696
0.0595657 1.00542e+14 0.217282
0.0596657 1.00712e+14 0.217869
0.0597657 1.00881e+14 0.218457
0.0598657 1.01051e+14 0.219045
0.0599657 1.0122e+14 0.219635
0.0600657 1.0139e+14 0.220225
0.0601657 1.01559e+14 0.220817
0.0602657 1.01728e+14 0.221409
0.0603657 1.01898e+14 0.222002
0.0604657 1.02067e+14 0.222596
0.0605657 1.02237e+14 0.223191
0.0606657 1.02406e+14 0.223786
0.0607657 1.02576e+14 0.224383
0.0608657 1.02745e+14 0.224981
0.0609657 1.02915e+14 0.225579
0.0610657 1.03084e+14 0.226178
0.0611657 1.03254e+14 0.226778
0.0612657 1.03423e+14 0.227379
0.0613657 1.03593e+14 0.227981
0.0614657 1.03762e+14 0.228584
0.0615657 1.03931e+14 0.229188
0.0616657 1.04101e+14 0.229792
0.0617657 1.0427e+14 0.230398
0.0618657 1.0444e+14 0.231004
0.0619657 1.04609e+14 0.231611
0.0620657 1.04779e+14 0.23222
0.0621657 1.04948e+14 0.232829
0.0622657 1.05118e+14 0.233439
0.0623657 1.05287e+14 0.23405
0.0624657 1.05457e+14 0.234661
0.0625657 1.05626e+14 0.235274
0.0626657 1.05796e+14 0.235888
0.0627657 1.05965e+14 0.236502
0.0628657 1.06135e+14 0.237117
0.0629657 1.06304e+14 0.237734
0.0630657 1.06474e+14 0.238351
0.0631657 1.06643e+14 0.238969
0.0632657 1.06813e+14 0.239588
0.0633657 1.06982e+14 0.240208
0.0634657 1.07152e+14 0.240829
0.0635657 1.07321e+14 0.241451
0.0636657 1.07491e+14 0.242074
0.0637657 1.0766e+14 0.242697
0.0638657 1.0783e+14 0.243322
0.0639657 1.07999e+14 0.243947
0.0640657 1.08169e+14 0.244574
0.0641657 1.08338e+14 0.245201
0.0642657 1.08508e+14 0.245829
0.0643657 1.08678e+14 0.246458
0.0644657 1.08847e+14 0.247088
0.0645657 1.09017e+14 0.247719
0.0646657 1.09186e+14 0.248351
0.0647657 1.09356e+14 0.248984
0.0648657 1.09525e+14 0.249618
0.0649657 1.09695e+14 0.250253
0.0650657 1.09864e+14 0.250889
0.0651657 1.10034e+14 0.251525
0.0652657 1.10203e+14 0.252163
0.0653657 1.10373e+14 0.252801
0.0654657 1.10542e+14 0.253441
0.0655657 1.10712e+14 0.254081
0.0656657 1.10881e+14 0.254722
0.0657657 1.11051e+14 0.255364
0.0658657 1.11221e+14 0.256008
0.0659657 1.1139e+14 0.256652
0.0660657 1.1156e+14 0.257297
0.0661657 1.11729e+14 0.257943
0.0662657 1.11899e+14 0.25859
0.0663657 1.12068e+14 0.259238
0.0664657 1.12238e+14 0.259887
0.0665657 1.12407e+14 0.260536
0.0666657 1.12577e+14 0.261187
0.0667657 1.12747e+14 0.261839
0.0668657 1.12916e+14 0.262492
0.0669657 1.13086e+14 0.263145
0.0670657 1.13255e+14 0.2638
0.0671657 1.13425e+14 0.264455
0.0672657 1.13594e+14 0.265112
0.0673657 1.13764e+14 0.265769
0.0674657 1.13934e+14 0.266428
0.0675657 1.14103e+14 0.267087
0.0676657 1.14273e+14 0.267747
0.0677657 1.14442e+14 0.268409
0.0678657 1.14612e+14 0.269071
0.0679657 1.14782e+14 0.269734
0.0680657 1.14951e+14 0.270399
0.0681657 1.15121e+14 0.271064
0.0682657 1.1529e+14 0.27173
0.0683657 1.1546e+14 0.272397
0.0684657 1.15629e+14 0.273065
0.0685657 1.15799e+14 0.273734
0.0686657 1.15969e+14 0.274404
0.0687657 1.16138e+14 0.275075
0.0688657 1.16308e+14 0.275747
0.0689657 1.16477e+14 0.27642
0.0690657 1.16647e+14 0.277094
0.0691657 1.16817e+14 0.277769
0.0692657 1.16986e+14 0.278445
0.0693657 1.17156e+14 0.279122
0.0694657 1.17326e+14 0.2798
0.0695657 1.17495e+14 0.280478
0.0696657 1.17665e+14 0.281158
0.0697657 1.17834e+14 0.281839
0.0698657 1.18004e+14 0.282521
0.0699657 1.18174e+14 0.283204
0.0700657 1.18343e+14 0.283887
0.0701657 1.18513e+14 0.284572
0.0702657 1.18683e+14 0.285258
0.0703657 1.18852e+14 0.285945
0.0704657 1.19022e+14 0.286633
0.0705657 1.19191e+14 0.287321
0.0706657 1.19361e+14 0.288011
0.0707657 1.19531e+14 0.288702
0.0708657 1.197e+14 0.289393
0.0709657 1.1987e+14 0.290086
0.0710657 1.2004e+14 0.29078
0.0711657 1.20209e+14 0.291475
0.0712657 1.20379e+14 0.29217
0.0713657 1.20549e+14 0.292867
0.0714657 1.20718e+14 0.293565
0.0715657 1.20888e+14 0.294264
0.0716657 1.21057e+14 0.294963
0.0717657 1.21227e+14 0.295664
0.0718657 1.21397e+14 0.296366
0.0719657 1.21566e+14 0.297068
0.0720657 1.21736e+14 0.297772
0.0721657 1.21906e+14 0.298477
0.0722657 1.22075e+14 0.299183
0.0723657 1.22245e+14 0.29989
0.0724657 1.22415e+14 0.300597
0.0725657 1.22584e+14 0.301306
0.0726657 1.22754e+14 0.302016
0.0727657 1.22924e+14 0.302727
0.0728657 1.23093e+14 0.303439
0.0729657 1.23263e+14 0.304152
0.0730657 1.23433e+14 0.304865
0.0731657 1.23602e+14 0.30558
0.0732657 1.23772e+14 0.306296
0.0733657 1.23942e+14 0.307013
0.0734657 1.24111e+14 0.307731
0.0735657 1.24281e+14 0.30845
0.0736657 1.24451e+14 0.30917
0.0737657 1.24621e+14 0.309891
0.0738657 1.2479e+14 0.310613
0.0739657 1.2496e+14 0.311336
0.0740657 1.2513e+14 0.31206
0.0741657 1.25299e+14 0.312786
0.0742657 1.25469e+14 0.313512
0.0743657 1.25639e+14 0.314239
0.0744657 1.25808e+14 0.314967
0.0745657 1.25978e+14 0.315696
0.0746657 1.26148e+14 0.316427
0.0747657 1.26317e+14 0.317158
0.0748657 1.26487e+14 0.31789
0.0749657 1.26657e+14 0.318624
0.0750657 1.26827e+14 0.319358
0.0751657 1.26996e+14 0.320094
0.0752657 1.27166e+14 0.32083
0.0753657 1.27336e+14 0.321567
0.0754657 1.27505e+14 0.322306
0.0755657 1.27675e+14 0.323046
0.0756657 1.27845e+14 0.323786
0.0757657 1.28015e+14 0.324528
0.0758657 1.28184e+14 0.325271
0.0759657 1.28354e+14 0.326014
0.0760657 1.28524e+14 0.326759
0.0761657 1.28694e+14 0.327505
0.0762657 1.28863e+14 0.328252
0.0763657 1.29033e+14 0.329
0.0764657 1.29203e+14 0.329748
0.0765657 1.29372e+14 0.330498
0.0766657 1.29542e+14 0.331249
0.0767657 1.29712e+14 0.332001
0.0768657 1.29882e+14 0.332755
0.0769657 1.30051e+14 0.333509
0.0770657 1.30221e+14 0.334264
0.0771657 1.30391e+14 0.33502
0.0772657 1.30561e+14 0.335777
0.0773657 1.3073e+14 0.336536
0.0774657 1.309e+14 0.337295
0.0775657 1.3107e+14 0.338056
0.0776657 1.3124e+14 0.338817
0.0777657 1.31409e+14 0.339579
0.0778657 1.31579e+14 0.340343
0.0779657 1.31749e+14 0.341108
0.0780657 1.31919e+14 0.341873
0.0781657 1.32088e+14 0.34264
0.0782657 1.32258e+14 0.343408
0.0783657 1.32428e+14 0.344177
0.0784657 1.32598e+14 0.344946
0.0785657 1.32768e+14 0.345717
0.0786657 1.32937e+14 0.346489
0.0787657 1.33107e+14 0.347262
0.0788657 1.33277e+14 0.348036
0.0789657 1.33447e+14 0.348811
0.0790657 1.33616e+14 0.349588
0.0791657 1.33786e+14 0.350365
0.0792657 1.33956e+14 0.351143
0.0793657 1.34126e+14 0.351922
0.0794657 1.34296e+14 0.352703
0.0795657 1.34465e+14 0.353484
0.0796657 1.34635e+14 0.354267
0.0797657 1.34805e+14 0.35505
0.0798657 1.34975e+14 0.355835
0.0799657 1.35145e+14 0.35662
0.0800657 1.35314e+14 0.357407
0.0801657 1.35484e+14 0.358195
0.0802657 1.35654e+14 0.358984
0.0803657 1.35824e+14 0.359774
0.0804657 1.35994e+14 0.360565
0.0805657 1.36163e+14 0.361356
0.0806657 1.36333e+14 0.36215
0.0807657 1.36503e+14 0.362944
0.0808657 1.36673e+14 0.363739
0.0809657 1.36843e+14 0.364535
0.0810657 1.37012e+14 0.365332
0.0811657 1.37182e+14 0.366131
0.0812657 1.37352e+14 0.36693
0.0813657 1.37522e+14 0.36773
0.0814657 1.37692e+14 0.368532
0.0815657 1.37861e+14 0.369335
0.0816657 1.38031e+14 0.370138
0.0817657 1.38201e+14 0.370943
0.0818657 1.38371e+14 0.371749
0.0819657 1.38541e+14 0.372556
0.0820657 1.38711e+14 0.373363
0.0821657 1.3888e+14 0.374172
0.0822657 1.3905e+14 0.374982
0.0823657 1.3922e+14 0.375794
0.0824657 1.3939e+14 0.376606
0.0825657 1.3956e+14 0.377419
0.0826657 1.3973e+14 0.378233
0.0827657 1.39899e+14 0.379049
0.0828657 1.40069e+14 0.379865
0.0829657 1.40239e+14 0.380683
0.0830657 1.40409e+14 0.381501
0.0831657 1.40579e+14 0.382321
0.0832657 1.40749e+14 0.383142
0.0833657 1.40919e+14 0.383964
0.0834657 1.41088e+14 0.384787
0.0835657 1.41258e+14 0.385611
0.0836657 1.41428e+14 0.386436
0.0837657 1.41598e+14 0.387262
0.0838657 1.41768e+14 0.388089
0.0839657 1.41938e+14 0.388918
0.0840657 1.42108e+14 0.389747
0.0841657 1.42277e+14 0.390578
0.0842657 1.42447e+14 0.39141
0.0843657 1.42617e+14 0.392243
0.0844657 1.42787e+14 0.393077
0.0845657 1.42957e+14 0.393912
0.0846657 1.43127e+14 0.394748
0.0847657 1.43297e+14 0.395586
0.0848657 1.43467e+14 0.396425
0.0849657 1.43637e+14 0.397264
0.0850657 1.43806e+14 0.398105
0.0851657 1.43976e+14 0.398948
0.0852657 1.44146e+14 0.399791
0.0853657 1.44316e+14 0.400636
0.0854657 1.44486e+14 0.401481
0.0855657 1.44656e+14 0.402329
0.0856657 1.44826e+14 0.403177
0.0857657 1.44996e+14 0.404027
0.0858657 1.45166e+14 0.404877
0.0859657 1.45335e+14 0.40573
0.0860657 1.45505e+14 0.406583
0.0861657 1.45675e+14 0.407438
0.0862657 1.45845e+14 0.408294
0.0863657 1.46015e+14 0.409152
0.0864657 1.46185e+14 0.410011
0.0865657 1.46355e+14 0.410872
0.0866657 1.46525e+14 0.411734
0.0867657 1.46695e+14 0.402112
0.0877657 1.48394e+14 0.412147
0.0887657 1.50093e+14 0.422391
0.0897657 1.51793e+14 0.432847
0.0907657 1.53492e+14 0.443517
0.0917657 1.55192e+14 0.454406
0.0927657 1.56892e+14 0.465516
0.0937657 1.58593e+14 0.476849
0.0947657 1.60293e+14 0.488411
0.0957657 1.61994e+14 0.500202
0.0967657 1.63695e+14 0.512226
0.0977657 1.65396e+14 0.524487
0.0987657 1.67097e+14 0.536987
0.0997657 1.68799e+14 0.549729
0.100766 1.70501e+14 0.562716
0.101766 1.72203e+14 0.575951
0.102766 1.73906e+14 0.589437
0.103766 1.75608e+14 0.603177
0.104766 1.77311e+14 0.617173
0.105766 1.79014e+14 0.631428
0.106766 1.80717e+14 0.645946
0.107766 1.82421e+14 0.660728
0.108766 1.84125e+14 0.675778
0.109766 1.85829e+14 0.691099
0.110766 1.87533e+14 0.706693
0.111766 1.89238e+14 0.722562
0.112766 1.90942e+14 0.73871
0.113766 1.92648e+14 0.75514
0.114766 1.94353e+14 0.771853
0.115766 1.96058e+14 0.788852
0.116766 1.97764e+14 0.806141
0.117766 1.9947e+14 0.823721
0.118766 2.01177e+14 0.841596
0.119766 2.02884e+14 0.859767
0.120766 2.0459e+14 0.878237
0.121766 2.06298e+14 0.89701
0.122766 2.08005e+14 0.916086
0.123766 2.09713e+14 0.93547
0.124766 2.11421e+14 0.955163
0.125766 2.13129e+14 0.975098
0.130766 2.21675e+14 1.07826
0.135766 2.30228e+14 1.18884
0.140766 2.38789e+14 1.30757
0.145766 2.47358e+14 1.4349
0.150766 2.55934e+14 1.57122
0.155766 2.64519e+14 1.71688
0.160766 2.73112e+14 1.87219
0.165766 2.81714e+14 2.03748
0.170766 2.90325e+14 2.21303
0.175766 2.98946e+14 2.39914
0.180766 3.07576e+14 2.59608
0.185766 3.16217e+14 2.80415
0.190766 3.24867e+14 3.02361
0.195766 3.33528e+14 3.25476
0.200766 3.422e+14 3.49785
0.205766 3.50882e+14 3.75319
0.210766 3.59576e+14 4.02105
0.215766 3.68282e+14 4.30172
0.220766 3.76999e+14 4.59549
0.225766 3.85728e+14 4.90266
0.230766 3.9447e+14 5.22354
0.235766 4.03225e+14 5.55844
0.240766 4.11992e+14 5.90768
0.245766 4.20772e+14 6.27158
0.250766 4.29566e+14 6.65049
0.255766 4.38374e+14 7.04474
0.260766 4.47196e+14 7.45469
0.265766 4.56031e+14 7.88069
0.270766 4.64882e+14 8.32311
0.275766 4.73747e+14 8.78232
0.280766 4.82627e+14 9.25871
0.285766 4.91523e+14 9.75266
0.290766 5.00435e+14 10.2646
0.295766 5.09362e+14 10.7948
0.300766 5.18306e+14 11.3438
0.305766 5.27266e+14 11.912
0.310766 5.36243e+14 12.4997
0.315766 5.45237e+14 13.1074
0.320766 5.54249e+14 13.7355
0.325766 5.63278e+14 14.3843
0.330766 5.72326e+14 15.0543
0.335766 5.81391e+14 15.7459
0.340766 5.90476e+14 16.4595
0.345766 5.99579e+14 17.1953
0.350766 6.08702e+14 17.9539
0.355766 6.17844e+14 18.7356
0.360766 6.27006e+14 19.5407
0.365766 6.36189e+14 20.3695
0.370766 6.45392e+14 21.2225
0.375766 6.54615e+14 22.0998
0.380766 6.6386e+14 23.0019
0.385766 6.73126e+14 23.9291
0.390766 6.82414e+14 24.8816
0.395766 6.91724e+14 25.8598
0.400766 7.01057e+14 26.8639
0.405766 7.10412e+14 27.8945
0.410766 7.1979e+14 28.9517
0.415766 7.29191e+14 30.0362
0.420766 7.38616e+14 31.1484
0.425766 7.48065e+14 32.2889
0.430766 7.57538e+14 33.4585
0.435766 7.67035e+14 34.6581
0.440766 7.76557e+14 35.889
0.445766 7.86105e+14 37.1528
0.450766 7.95678e+14 38.4519
0.455766 8.05278e+14 39.7903
0.460766 8.14904e+14 41.1752
0.465766 8.24557e+14 42.5986
