1e-10 165820 6.68467e-13
1.02e-10 169137 6.90893e-13
1.0404e-10 172519 7.1406e-13
1.06121e-10 175970 7.37993e-13
1.08243e-10 179489 7.62717e-13
1.10408e-10 183079 7.88257e-13
1.12616e-10 186741 8.14641e-13
1.14869e-10 190476 8.41895e-13
1.17166e-10 194285 8.70049e-13
1.19509e-10 198171 8.9913e-13
1.21899e-10 202134 9.29169e-13
1.24337e-10 206177 9.60197e-13
1.26824e-10 210301 9.92246e-13
1.29361e-10 214507 1.02535e-12
1.31948e-10 218797 1.05954e-12
1.34587e-10 223173 1.09486e-12
1.37279e-10 227636 1.13133e-12
1.40024e-10 232189 1.169e-12
1.42825e-10 236833 1.20791e-12
1.45681e-10 241570 1.24809e-12
1.48595e-10 246401 1.28959e-12
1.51567e-10 251329 1.33245e-12
1.54598e-10 256356 1.37672e-12
1.5769e-10 261483 1.42243e-12
1.60844e-10 266713 1.46963e-12
1.64061e-10 272047 1.51838e-12
1.67342e-10 277488 1.56872e-12
1.70689e-10 283038 1.6207e-12
1.74102e-10 288699 1.67438e-12
1.77584e-10 294473 1.7298e-12
1.81136e-10 300362 1.78704e-12
1.84759e-10 306369 1.84613e-12
1.88454e-10 312497 1.90715e-12
1.92223e-10 318747 1.97016e-12
1.96068e-10 325122 2.03521e-12
1.99989e-10 331624 2.10238e-12
2.03989e-10 338257 2.17173e-12
2.08069e-10 345022 2.24332e-12
2.1223e-10 351923 2.31724e-12
2.16474e-10 358961 2.39356e-12
2.20804e-10 366141 2.47235e-12
2.2522e-10 373463 2.55368e-12
2.29724e-10 380933 2.63765e-12
2.34319e-10 388552 2.72433e-12
2.39005e-10 396323 2.81382e-12
2.43785e-10 404249 2.90619e-12
2.48661e-10 412334 3.00154e-12
2.53634e-10 420581 3.09997e-12
2.58707e-10 428993 3.20157e-12
2.63881e-10 437573 3.30644e-12
2.69159e-10 446324 3.41469e-12
2.74542e-10 455251 3.52642e-12
2.80033e-10 464356 3.64174e-12
2.85633e-10 473643 3.76077e-12
2.91346e-10 483116 3.88361e-12
2.97173e-10 492779 4.0104e-12
3.03117e-10 502635 4.14125e-12
3.09179e-10 512687 4.2763e-12
3.15362e-10 522941 4.41567e-12
3.2167e-10 533400 4.55949e-12
3.28103e-10 544069 4.70792e-12
3.34665e-10 554950 4.86109e-12
3.41358e-10 566049 5.01915e-12
3.48186e-10 577370 5.18225e-12
3.55149e-10 588918 5.35056e-12
3.62252e-10 600697 5.52423e-12
3.69497e-10 612711 5.70342e-12
3.76887e-10 624965 5.88832e-12
3.84425e-10 637465 6.0791e-12
3.92114e-10 650214 6.27594e-12
3.99956e-10 663219 6.47904e-12
4.07955e-10 676483 6.68857e-12
4.16114e-10 690013 6.90475e-12
4.24436e-10 703814 7.12779e-12
4.32925e-10 717890 7.35788e-12
4.41584e-10 732248 7.59525e-12
4.50415e-10 746894 7.84013e-12
4.59424e-10 761832 8.09275e-12
4.68612e-10 777069 8.35334e-12
4.77984e-10 792610 8.62215e-12
4.87544e-10 808463 8.89944e-12
4.97295e-10 824632 9.18546e-12
5.07241e-10 841125 9.48049e-12
5.17386e-10 857948 9.7848e-12
5.27733e-10 875108 1.00987e-11
5.38288e-10 892610 1.04224e-11
5.49054e-10 910463 1.07563e-11
5.60035e-10 928672 1.11007e-11
5.71235e-10 947246 1.14558e-11
5.8266e-10 966191 1.18221e-11
5.94313e-10 985516 1.21998e-11
6.062e-10 1.00523e+06 1.25894e-11
6.18324e-10 1.02533e+06 1.29911e-11
6.3069e-10 1.04584e+06 1.34054e-11
6.43304e-10 1.06676e+06 1.38325e-11
6.5617e-10 1.08809e+06 1.4273e-11
6.69293e-10 1.10985e+06 1.47273e-11
6.82679e-10 1.13205e+06 1.51956e-11
6.96333e-10 1.15469e+06 1.56785e-11
7.10259e-10 1.17779e+06 1.61765e-11
7.24465e-10 1.20134e+06 1.66899e-11
7.38954e-10 1.22537e+06 1.72192e-11
7.53733e-10 1.24988e+06 1.77649e-11
7.68808e-10 1.27488e+06 1.83275e-11
7.84184e-10 1.30038e+06 1.89076e-11
7.99867e-10 1.32638e+06 1.95056e-11
8.15865e-10 1.35291e+06 2.0122e-11
8.32182e-10 1.37997e+06 2.07575e-11
8.48826e-10 1.40757e+06 2.14127e-11
8.65802e-10 1.43572e+06 2.2088e-11
8.83118e-10 1.46444e+06 2.27841e-11
9.00781e-10 1.49373e+06 2.35016e-11
9.18796e-10 1.5236e+06 2.42412e-11
9.37172e-10 1.55408e+06 2.50036e-11
9.55916e-10 1.58516e+06 2.57893e-11
9.75034e-10 1.61686e+06 2.65992e-11
9.94535e-10 1.6492e+06 2.74339e-11
1.01443e-09 1.68219e+06 2.82941e-11
1.03471e-09 1.71583e+06 2.91807e-11
1.05541e-09 1.75015e+06 3.00944e-11
1.07652e-09 1.78515e+06 3.1036e-11
1.09805e-09 1.82086e+06 3.20064e-11
1.12001e-09 1.85728e+06 3.30063e-11
1.14241e-09 1.89442e+06 3.40368e-11
1.16526e-09 1.93231e+06 3.50986e-11
1.18856e-09 1.97096e+06 3.61928e-11
1.21233e-09 2.01038e+06 3.73202e-11
1.23658e-09 2.05059e+06 3.84818e-11
1.26131e-09 2.0916e+06 3.96788e-11
1.28654e-09 2.13344e+06 4.0912e-11
1.31227e-09 2.17611e+06 4.21827e-11
1.33851e-09 2.21963e+06 4.34918e-11
1.36528e-09 2.26402e+06 4.48405e-11
1.39259e-09 2.30931e+06 4.623e-11
1.42044e-09 2.35549e+06 4.76615e-11
1.44885e-09 2.40261e+06 4.91361e-11
1.47783e-09 2.45066e+06 5.06553e-11
1.50738e-09 2.49967e+06 5.22202e-11
1.53753e-09 2.54967e+06 5.38323e-11
1.56828e-09 2.60066e+06 5.54928e-11
1.59965e-09 2.65268e+06 5.72033e-11
1.63164e-09 2.70574e+06 5.89651e-11
1.66427e-09 2.75985e+06 6.07799e-11
1.69756e-09 2.81505e+06 6.2649e-11
1.73151e-09 2.87136e+06 6.45742e-11
1.76614e-09 2.92878e+06 6.65569e-11
1.80146e-09 2.98736e+06 6.8599e-11
1.83749e-09 3.04711e+06 7.07021e-11
1.87424e-09 3.10806e+06 7.28681e-11
1.91173e-09 3.17022e+06 7.50986e-11
1.94996e-09 3.23363e+06 7.73957e-11
1.98896e-09 3.2983e+06 7.97612e-11
2.02874e-09 3.36427e+06 8.21971e-11
2.06931e-09 3.43156e+06 8.47055e-11
2.1107e-09 3.5002e+06 8.72884e-11
2.15291e-09 3.5702e+06 8.9948e-11
2.19597e-09 3.64161e+06 9.26865e-11
2.23989e-09 3.71445e+06 9.55062e-11
2.28469e-09 3.78874e+06 9.84095e-11
2.33038e-09 3.86452e+06 1.01399e-10
2.37699e-09 3.94181e+06 1.04476e-10
2.42453e-09 4.02065e+06 1.07645e-10
2.47302e-09 4.10107e+06 1.10907e-10
2.52248e-09 4.18309e+06 1.14265e-10
2.57293e-09 4.26676e+06 1.17722e-10
2.62439e-09 4.3521e+06 1.21282e-10
2.67688e-09 4.43914e+06 1.24945e-10
2.73042e-09 4.52793e+06 1.28717e-10
2.78502e-09 4.61849e+06 1.326e-10
2.84072e-09 4.71087e+06 1.36596e-10
2.89754e-09 4.80509e+06 1.4071e-10
2.95549e-09 4.9012e+06 1.44944e-10
3.0146e-09 4.99923e+06 1.49303e-10
3.07489e-09 5.09922e+06 1.53789e-10
3.13639e-09 5.20121e+06 1.58406e-10
3.19912e-09 5.30524e+06 1.63158e-10
3.2631e-09 5.41135e+06 1.68049e-10
3.32836e-09 5.51958e+06 1.73082e-10
3.39493e-09 5.62998e+06 1.78263e-10
3.46283e-09 5.74259e+06 1.83594e-10
3.53208e-09 5.85744e+06 1.89081e-10
3.60272e-09 5.9746e+06 1.94727e-10
3.67478e-09 6.0941e+06 2.00537e-10
3.74827e-09 6.21599e+06 2.06516e-10
3.82324e-09 6.34031e+06 2.12669e-10
3.89971e-09 6.46713e+06 2.19e-10
3.9777e-09 6.59648e+06 2.25514e-10
4.05725e-09 6.72842e+06 2.32217e-10
4.1384e-09 6.86299e+06 2.39115e-10
4.22117e-09 7.00026e+06 2.46211e-10
4.30559e-09 7.14028e+06 2.53513e-10
4.3917e-09 7.28309e+06 2.61025e-10
4.47954e-09 7.42876e+06 2.68754e-10
4.56913e-09 7.57735e+06 2.76706e-10
4.66051e-09 7.7289e+06 2.84888e-10
4.75372e-09 7.88349e+06 2.93304e-10
4.84879e-09 8.04117e+06 3.01963e-10
4.94577e-09 8.20201e+06 3.10871e-10
5.04468e-09 8.36606e+06 3.20034e-10
5.14558e-09 8.53339e+06 3.29461e-10
5.24849e-09 8.70407e+06 3.39158e-10
5.35346e-09 8.87816e+06 3.49133e-10
5.46053e-09 9.05574e+06 3.59394e-10
5.56974e-09 9.23687e+06 3.69949e-10
5.68113e-09 9.42162e+06 3.80805e-10
5.79476e-09 9.61007e+06 3.91972e-10
5.91065e-09 9.80228e+06 4.03458e-10
6.02886e-09 9.99834e+06 4.15272e-10
6.14944e-09 1.01983e+07 4.27423e-10
6.27243e-09 1.04023e+07 4.3992e-10
6.39788e-09 1.06104e+07 4.52773e-10
6.52584e-09 1.08226e+07 4.65993e-10
6.65635e-09 1.10391e+07 4.79588e-10
6.78948e-09 1.12599e+07 4.9357e-10
6.92527e-09 1.14851e+07 5.07949e-10
7.06378e-09 1.17148e+07 5.22736e-10
7.20505e-09 1.19491e+07 5.37943e-10
7.34915e-09 1.21881e+07 5.53582e-10
7.49614e-09 1.24319e+07 5.69663e-10
7.64606e-09 1.26806e+07 5.862e-10
7.79898e-09 1.29342e+07 6.03205e-10
7.95496e-09 1.31929e+07 6.20691e-10
8.11406e-09 1.34568e+07 6.38671e-10
8.27634e-09 1.37259e+07 6.5716e-10
8.44187e-09 1.40005e+07 6.7617e-10
8.6107e-09 1.42805e+07 6.95716e-10
8.78292e-09 1.45661e+07 7.15814e-10
8.95858e-09 1.48575e+07 7.36478e-10
9.13775e-09 1.51547e+07 7.57724e-10
9.3205e-09 1.54578e+07 7.79568e-10
9.50691e-09 1.5767e+07 8.02027e-10
9.69705e-09 1.60823e+07 8.25116e-10
9.89099e-09 1.6404e+07 8.48855e-10
1.00888e-08 1.67321e+07 8.7326e-10
1.02906e-08 1.70668e+07 8.9835e-10
1.04964e-08 1.74082e+07 9.24144e-10
1.07063e-08 1.77564e+07 9.5066e-10
1.09205e-08 1.81115e+07 9.7792e-10
1.11389e-08 1.84738e+07 1.00594e-09
1.13616e-08 1.88433e+07 1.03475e-09
1.15889e-08 1.92202e+07 1.06436e-09
1.18207e-08 1.96046e+07 1.0948e-09
1.20571e-08 1.99968e+07 1.12609e-09
1.22982e-08 2.03968e+07 1.15826e-09
1.25442e-08 2.08047e+07 1.19132e-09
1.27951e-08 2.12209e+07 1.2253e-09
1.3051e-08 2.16453e+07 1.26023e-09
1.3312e-08 2.20783e+07 1.29613e-09
1.35782e-08 2.25199e+07 1.33304e-09
1.38498e-08 2.29703e+07 1.37097e-09
1.41268e-08 2.34298e+07 1.40995e-09
1.44093e-08 2.38984e+07 1.45002e-09
1.46975e-08 2.43765e+07 1.49121e-09
1.49914e-08 2.48641e+07 1.53353e-09
1.52913e-08 2.53614e+07 1.57703e-09
1.55971e-08 2.58687e+07 1.62174e-09
1.5909e-08 2.63861e+07 1.66769e-09
1.62272e-08 2.69139e+07 1.71491e-09
1.65518e-08 2.74522e+07 1.76344e-09
1.68828e-08 2.80013e+07 1.81331e-09
1.72205e-08 2.85614e+07 1.86456e-09
1.75649e-08 2.91327e+07 1.91723e-09
1.79162e-08 2.97154e+07 1.97136e-09
1.82745e-08 3.03098e+07 2.02698e-09
1.864e-08 3.09161e+07 2.08414e-09
1.90128e-08 3.15345e+07 2.14288e-09
1.9393e-08 3.21653e+07 2.20324e-09
1.97809e-08 3.28086e+07 2.26526e-09
2.01765e-08 3.34649e+07 2.32899e-09
2.058e-08 3.41343e+07 2.39448e-09
2.09916e-08 3.48171e+07 2.46177e-09
2.14115e-08 3.55135e+07 2.53091e-09
2.18397e-08 3.62239e+07 2.60196e-09
2.22765e-08 3.69484e+07 2.67496e-09
2.2722e-08 3.76875e+07 2.74997e-09
2.31765e-08 3.84413e+07 2.82704e-09
2.364e-08 3.92103e+07 2.90623e-09
2.41128e-08 3.99946e+07 2.98759e-09
2.45951e-08 4.07946e+07 3.07118e-09
2.5087e-08 4.16106e+07 3.15707e-09
2.55887e-08 4.24429e+07 3.24531e-09
2.61005e-08 4.32919e+07 3.33597e-09
2.66225e-08 4.41578e+07 3.42912e-09
2.71549e-08 4.50411e+07 3.52482e-09
2.7698e-08 4.59421e+07 3.62313e-09
2.8252e-08 4.6861e+07 3.72414e-09
2.8817e-08 4.77984e+07 3.82791e-09
2.93934e-08 4.87545e+07 3.93452e-09
2.99812e-08 4.97297e+07 4.04404e-09
3.05809e-08 5.07245e+07 4.15655e-09
3.11925e-08 5.17391e+07 4.27214e-09
3.18163e-08 5.27741e+07 4.39088e-09
3.24526e-08 5.38297e+07 4.51287e-09
3.31017e-08 5.49064e+07 4.63818e-09
3.37637e-08 5.60047e+07 4.76691e-09
3.4439e-08 5.7125e+07 4.89914e-09
3.51278e-08 5.82677e+07 5.03498e-09
3.58303e-08 5.94332e+07 5.17453e-09
3.6547e-08 6.06221e+07 5.31787e-09
3.72779e-08 6.18347e+07 5.46511e-09
3.80235e-08 6.30716e+07 5.61636e-09
3.87839e-08 6.43332e+07 5.77172e-09
3.95596e-08 6.56201e+07 5.93131e-09
4.03508e-08 6.69327e+07 6.09523e-09
4.11578e-08 6.82716e+07 6.26361e-09
4.1981e-08 6.96373e+07 6.43656e-09
4.28206e-08 7.10302e+07 6.61421e-09
4.3677e-08 7.24511e+07 6.79668e-09
4.45505e-08 7.39004e+07 6.9841e-09
4.54415e-08 7.53786e+07 7.1766e-09
4.63504e-08 7.68864e+07 7.37432e-09
4.72774e-08 7.84244e+07 7.57741e-09
4.82229e-08 7.99932e+07 7.78599e-09
4.91874e-08 8.15933e+07 8.00023e-09
5.01711e-08 8.32255e+07 8.22027e-09
5.11746e-08 8.48903e+07 8.44626e-09
5.2198e-08 8.65884e+07 8.67837e-09
5.3242e-08 8.83205e+07 8.91676e-09
5.43069e-08 9.00872e+07 9.16159e-09
5.5393e-08 9.18893e+07 9.41305e-09
5.65008e-08 9.37274e+07 9.6713e-09
5.76309e-08 9.56023e+07 9.93653e-09
5.87835e-08 9.75147e+07 1.02089e-08
5.99592e-08 9.94654e+07 1.04887e-08
6.11583e-08 1.01455e+08 1.0776e-08
6.23815e-08 1.03485e+08 1.1071e-08
6.36291e-08 1.05555e+08 1.1374e-08
6.49017e-08 1.07666e+08 1.16852e-08
6.61997e-08 1.0982e+08 1.20048e-08
6.75237e-08 1.12017e+08 1.2333e-08
6.88742e-08 1.14258e+08 1.267e-08
7.02517e-08 1.16543e+08 1.30161e-08
7.16567e-08 1.18874e+08 1.33716e-08
7.30899e-08 1.21252e+08 1.37366e-08
7.45517e-08 1.23678e+08 1.41114e-08
7.60427e-08 1.26152e+08 1.44963e-08
7.75636e-08 1.28676e+08 1.48916e-08
7.91148e-08 1.3125e+08 1.52974e-08
8.06971e-08 1.33875e+08 1.57143e-08
8.23111e-08 1.36553e+08 1.61423e-08
8.39573e-08 1.39285e+08 1.65818e-08
8.56364e-08 1.42071e+08 1.70331e-08
8.73492e-08 1.44913e+08 1.74965e-08
8.90961e-08 1.47812e+08 1.79724e-08
9.08781e-08 1.50769e+08 1.84611e-08
9.26956e-08 1.53785e+08 1.89628e-08
9.45495e-08 1.56862e+08 1.94781e-08
9.64405e-08 1.59999e+08 2.00071e-08
9.83693e-08 1.632e+08 2.05503e-08
1.00337e-07 1.66465e+08 2.11081e-08
1.02343e-07 1.69795e+08 2.16809e-08
1.0439e-07 1.73192e+08 2.2269e-08
1.06478e-07 1.76656e+08 2.28728e-08
1.08608e-07 1.8019e+08 2.34928e-08
1.1078e-07 1.83795e+08 2.41294e-08
1.12995e-07 1.87472e+08 2.47831e-08
1.15255e-07 1.91222e+08 2.54542e-08
1.1756e-07 1.95047e+08 2.61433e-08
1.19912e-07 1.98949e+08 2.68508e-08
1.2231e-07 2.02929e+08 2.75773e-08
1.24756e-07 2.06989e+08 2.83231e-08
1.27251e-07 2.1113e+08 2.9089e-08
1.29796e-07 2.15353e+08 2.98752e-08
1.32392e-07 2.19661e+08 3.06825e-08
1.3504e-07 2.24056e+08 3.15113e-08
1.37741e-07 2.28538e+08 3.23623e-08
1.40496e-07 2.3311e+08 3.3236e-08
1.43306e-07 2.37773e+08 3.41329e-08
1.46172e-07 2.4253e+08 3.50539e-08
1.49095e-07 2.47382e+08 3.59994e-08
1.52077e-07 2.52331e+08 3.69701e-08
1.55119e-07 2.57379e+08 3.79667e-08
1.58221e-07 2.62528e+08 3.89898e-08
1.61385e-07 2.6778e+08 4.00403e-08
1.64613e-07 2.73137e+08 4.11187e-08
1.67905e-07 2.78601e+08 4.22259e-08
1.71263e-07 2.84175e+08 4.33625e-08
1.74689e-07 2.8986e+08 4.45294e-08
1.78182e-07 2.95658e+08 4.57274e-08
1.81746e-07 3.01573e+08 4.69572e-08
1.85381e-07 3.07606e+08 4.82198e-08
1.89089e-07 3.1376e+08 4.9516e-08
1.9287e-07 3.20037e+08 5.08467e-08
1.96728e-07 3.2644e+08 5.22127e-08
2.00662e-07 3.3297e+08 5.36151e-08
2.04676e-07 3.39632e+08 5.50547e-08
2.08769e-07 3.46426e+08 5.65326e-08
2.12945e-07 3.53357e+08 5.80498e-08
2.17203e-07 3.60426e+08 5.96073e-08
2.21547e-07 3.67637e+08 6.12061e-08
2.25978e-07 3.74992e+08 6.28474e-08
2.30498e-07 3.82494e+08 6.45323e-08
2.35108e-07 3.90146e+08 6.62619e-08
2.3981e-07 3.97952e+08 6.80374e-08
2.44606e-07 4.05913e+08 6.986e-08
2.49498e-07 4.14034e+08 7.17309e-08
2.54488e-07 4.22317e+08 7.36515e-08
2.59578e-07 4.30766e+08 7.56229e-08
2.6477e-07 4.39384e+08 7.76467e-08
2.70065e-07 4.48175e+08 7.97241e-08
2.75466e-07 4.57141e+08 8.18565e-08
2.80976e-07 4.66287e+08 8.40454e-08
2.86595e-07 4.75616e+08 8.62923e-08
2.92327e-07 4.85131e+08 8.85987e-08
2.98174e-07 4.94837e+08 9.09662e-08
3.04137e-07 5.04737e+08 9.33963e-08
3.1022e-07 5.14835e+08 9.58908e-08
3.16424e-07 5.25135e+08 9.84512e-08
3.22753e-07 5.35641e+08 1.01079e-07
3.29208e-07 5.46358e+08 1.03777e-07
3.35792e-07 5.57289e+08 1.06546e-07
3.42508e-07 5.68438e+08 1.09388e-07
3.49358e-07 5.79811e+08 1.12306e-07
3.56345e-07 5.91411e+08 1.153e-07
3.63472e-07 6.03244e+08 1.18374e-07
3.70742e-07 6.15313e+08 1.21529e-07
3.78156e-07 6.27624e+08 1.24767e-07
3.8572e-07 6.40181e+08 1.28091e-07
3.93434e-07 6.52989e+08 1.31502e-07
4.01303e-07 6.66053e+08 1.35003e-07
4.09329e-07 6.79379e+08 1.38597e-07
4.17515e-07 6.92972e+08 1.42286e-07
4.25866e-07 7.06837e+08 1.46072e-07
4.34383e-07 7.20979e+08 1.49958e-07
4.4307e-07 7.35404e+08 1.53946e-07
4.51932e-07 7.50117e+08 1.5804e-07
4.60971e-07 7.65125e+08 1.62241e-07
4.7019e-07 7.80434e+08 1.66553e-07
4.79594e-07 7.96048e+08 1.70979e-07
4.89186e-07 8.11976e+08 1.75522e-07
4.98969e-07 8.28221e+08 1.80184e-07
5.08949e-07 8.44792e+08 1.84968e-07
5.19128e-07 8.61695e+08 1.89879e-07
5.2951e-07 8.78936e+08 1.94919e-07
5.401e-07 8.96521e+08 2.00092e-07
5.50902e-07 9.14459e+08 2.05401e-07
5.61921e-07 9.32756e+08 2.10849e-07
5.73159e-07 9.51418e+08 2.16441e-07
5.84622e-07 9.70455e+08 2.2218e-07
5.96315e-07 9.89872e+08 2.28069e-07
6.08241e-07 1.00968e+09 2.34114e-07
6.20406e-07 1.02988e+09 2.40317e-07
6.32814e-07 1.05049e+09 2.46684e-07
6.4547e-07 1.0715e+09 2.53218e-07
6.58379e-07 1.09294e+09 2.59923e-07
6.71547e-07 1.11481e+09 2.66804e-07
6.84978e-07 1.13712e+09 2.73866e-07
6.98678e-07 1.15987e+09 2.81114e-07
7.12651e-07 1.18308e+09 2.88552e-07
7.26904e-07 1.20675e+09 2.96184e-07
7.41442e-07 1.2309e+09 3.04018e-07
7.56271e-07 1.25552e+09 3.12056e-07
7.71396e-07 1.28065e+09 3.20306e-07
7.86824e-07 1.30627e+09 3.28771e-07
8.02561e-07 1.33241e+09 3.37459e-07
8.18612e-07 1.35907e+09 3.46374e-07
8.34984e-07 1.38626e+09 3.55523e-07
8.51684e-07 1.414e+09 3.64912e-07
8.68718e-07 1.44229e+09 3.74547e-07
8.86092e-07 1.47115e+09 3.84433e-07
9.03814e-07 1.50059e+09 3.94579e-07
9.2189e-07 1.53062e+09 4.04991e-07
9.40328e-07 1.56124e+09 4.15675e-07
9.59135e-07 1.59248e+09 4.26638e-07
9.78317e-07 1.62435e+09 4.37888e-07
9.97884e-07 1.65685e+09 4.49433e-07
1.01784e-06 1.69e+09 4.61279e-07
1.0382e-06 1.72382e+09 4.73435e-07
1.05896e-06 1.75831e+09 4.85909e-07
1.08014e-06 1.7935e+09 4.98709e-07
1.10174e-06 1.82939e+09 5.11844e-07
1.12378e-06 1.86599e+09 5.25321e-07
1.14625e-06 1.90333e+09 5.39151e-07
1.16918e-06 1.94142e+09 5.53342e-07
1.19256e-06 1.98027e+09 5.67903e-07
1.21641e-06 2.01989e+09 5.82844e-07
1.24074e-06 2.06031e+09 5.98176e-07
1.26556e-06 2.10154e+09 6.13907e-07
1.29087e-06 2.14359e+09 6.30049e-07
1.31669e-06 2.18649e+09 6.46611e-07
1.34302e-06 2.23024e+09 6.63606e-07
1.36988e-06 2.27487e+09 6.81044e-07
1.39728e-06 2.32039e+09 6.98936e-07
1.42522e-06 2.36682e+09 7.17294e-07
1.45373e-06 2.41419e+09 7.36131e-07
1.4828e-06 2.4625e+09 7.55458e-07
1.51246e-06 2.51177e+09 7.75289e-07
1.54271e-06 2.56204e+09 7.95636e-07
1.57356e-06 2.61331e+09 8.16513e-07
1.60503e-06 2.6656e+09 8.37933e-07
1.63713e-06 2.71894e+09 8.5991e-07
1.66988e-06 2.77335e+09 8.82459e-07
1.70327e-06 2.82885e+09 9.05595e-07
1.73734e-06 2.88546e+09 9.29332e-07
1.77209e-06 2.94321e+09 9.53686e-07
1.80753e-06 3.0021e+09 9.78674e-07
1.84368e-06 3.06218e+09 1.00431e-06
1.88055e-06 3.12346e+09 1.03061e-06
1.91816e-06 3.18597e+09 1.0576e-06
1.95653e-06 3.24973e+09 1.08529e-06
1.99566e-06 3.31476e+09 1.11369e-06
2.03557e-06 3.38109e+09 1.14283e-06
2.07628e-06 3.44876e+09 1.17273e-06
2.11781e-06 3.51778e+09 1.20341e-06
2.16016e-06 3.58817e+09 1.23488e-06
2.20337e-06 3.65998e+09 1.26716e-06
2.24743e-06 3.73323e+09 1.30029e-06
2.29238e-06 3.80794e+09 1.33427e-06
2.33823e-06 3.88415e+09 1.36913e-06
2.38499e-06 3.96188e+09 1.4049e-06
2.43269e-06 4.04117e+09 1.44159e-06
2.48135e-06 4.12204e+09 1.47923e-06
2.53098e-06 4.20454e+09 1.51785e-06
2.5816e-06 4.28868e+09 1.55747e-06
2.63323e-06 4.37451e+09 1.59811e-06
2.68589e-06 4.46206e+09 1.63981e-06
2.73961e-06 4.55136e+09 1.68258e-06
2.7944e-06 4.64245e+09 1.72646e-06
2.85029e-06 4.73536e+09 1.77147e-06
2.9073e-06 4.83013e+09 1.81765e-06
2.96544e-06 4.9268e+09 1.86502e-06
3.02475e-06 5.02541e+09 1.91361e-06
3.08525e-06 5.12598e+09 1.96346e-06
3.14695e-06 5.22857e+09 2.01459e-06
3.20989e-06 5.33322e+09 2.06705e-06
3.27409e-06 5.43996e+09 2.12086e-06
3.33957e-06 5.54883e+09 2.17606e-06
3.40636e-06 5.65989e+09 2.23268e-06
3.47449e-06 5.77317e+09 2.29076e-06
3.54398e-06 5.88871e+09 2.35034e-06
3.61486e-06 6.00657e+09 2.41146e-06
3.68715e-06 6.12679e+09 2.47415e-06
3.7609e-06 6.24942e+09 2.53846e-06
3.83611e-06 6.3745e+09 2.60442e-06
3.91284e-06 6.50208e+09 2.67208e-06
3.99109e-06 6.63222e+09 2.74148e-06
4.07092e-06 6.76496e+09 2.81267e-06
4.15233e-06 6.90036e+09 2.8857e-06
4.23538e-06 7.03848e+09 2.9606e-06
4.32009e-06 7.17935e+09 3.03742e-06
4.40649e-06 7.32305e+09 3.11622e-06
4.49462e-06 7.46962e+09 3.19705e-06
4.58451e-06 7.61913e+09 3.27995e-06
4.6762e-06 7.77163e+09 3.36499e-06
4.76973e-06 7.92719e+09 3.4522e-06
4.86512e-06 8.08586e+09 3.54166e-06
4.96242e-06 8.2477e+09 3.63341e-06
5.06167e-06 8.41279e+09 3.72752e-06
5.1629e-06 8.58118e+09 3.82404e-06
5.26616e-06 8.75294e+09 3.92304e-06
5.37149e-06 8.92814e+09 4.02458e-06
5.47892e-06 9.10685e+09 4.12872e-06
5.58849e-06 9.28914e+09 4.23552e-06
5.70026e-06 9.47507e+09 4.34507e-06
5.81427e-06 9.66473e+09 4.45742e-06
5.93055e-06 9.85819e+09 4.57264e-06
6.04917e-06 1.00555e+10 4.69082e-06
6.17015e-06 1.02568e+10 4.81202e-06
6.29355e-06 1.04621e+10 4.93632e-06
6.41942e-06 1.06715e+10 5.0638e-06
6.54781e-06 1.08851e+10 5.19454e-06
6.67877e-06 1.1103e+10 5.32862e-06
6.81234e-06 1.13253e+10 5.46612e-06
6.94859e-06 1.1552e+10 5.60714e-06
7.08756e-06 1.17832e+10 5.75176e-06
7.22931e-06 1.20191e+10 5.90007e-06
7.3739e-06 1.22597e+10 6.05217e-06
7.52138e-06 1.25051e+10 6.20815e-06
7.67181e-06 1.27554e+10 6.3681e-06
7.82524e-06 1.30108e+10 6.53214e-06
7.98175e-06 1.32712e+10 6.70035e-06
8.14138e-06 1.35369e+10 6.87286e-06
8.30421e-06 1.38079e+10 7.04975e-06
8.47029e-06 1.40843e+10 7.23116e-06
8.6397e-06 1.43662e+10 7.41718e-06
8.81249e-06 1.46538e+10 7.60793e-06
8.98874e-06 1.49472e+10 7.80354e-06
9.16852e-06 1.52464e+10 8.00412e-06
9.35189e-06 1.55516e+10 8.2098e-06
9.53893e-06 1.5863e+10 8.42071e-06
9.7297e-06 1.61805e+10 8.63699e-06
9.9243e-06 1.65045e+10 8.85875e-06
1.01228e-05 1.68349e+10 9.08614e-06
1.03252e-05 1.71719e+10 9.31931e-06
1.05317e-05 1.75157e+10 9.5584e-06
1.07424e-05 1.78663e+10 9.80354e-06
1.09572e-05 1.8224e+10 1.00549e-05
1.11764e-05 1.85889e+10 1.03126e-05
1.13999e-05 1.8961e+10 1.05769e-05
1.16279e-05 1.93406e+10 1.08479e-05
1.18605e-05 1.97278e+10 1.11257e-05
1.20977e-05 2.01228e+10 1.14106e-05
1.23396e-05 2.05256e+10 1.17026e-05
1.25864e-05 2.09366e+10 1.20021e-05
1.28381e-05 2.13557e+10 1.23091e-05
1.30949e-05 2.17833e+10 1.26239e-05
1.33568e-05 2.22194e+10 1.29467e-05
1.36239e-05 2.26643e+10 1.32776e-05
1.38964e-05 2.31181e+10 1.36168e-05
1.41743e-05 2.35809e+10 1.39646e-05
1.44578e-05 2.4053e+10 1.43212e-05
1.4747e-05 2.45346e+10 1.46868e-05
1.50419e-05 2.50258e+10 1.50616e-05
1.53428e-05 2.55269e+10 1.54459e-05
1.56496e-05 2.6038e+10 1.58398e-05
1.59626e-05 2.65593e+10 1.62437e-05
1.62819e-05 2.70911e+10 1.66577e-05
1.66075e-05 2.76335e+10 1.70822e-05
1.69396e-05 2.81868e+10 1.75173e-05
1.72784e-05 2.87512e+10 1.79634e-05
1.7624e-05 2.93269e+10 1.84207e-05
1.79765e-05 2.99141e+10 1.88894e-05
1.8336e-05 3.0513e+10 1.937e-05
1.87027e-05 3.1124e+10 1.98626e-05
1.90768e-05 3.17472e+10 2.03676e-05
1.94583e-05 3.23829e+10 2.08853e-05
1.98475e-05 3.30313e+10 2.14159e-05
2.02444e-05 3.36927e+10 2.19598e-05
2.06493e-05 3.43674e+10 2.25174e-05
2.10623e-05 3.50555e+10 2.30889e-05
2.14836e-05 3.57575e+10 2.36748e-05
2.19132e-05 3.64735e+10 2.42753e-05
2.23515e-05 3.72038e+10 2.48908e-05
2.27985e-05 3.79488e+10 2.55218e-05
2.32545e-05 3.87087e+10 2.61685e-05
2.37196e-05 3.94838e+10 2.68313e-05
2.4194e-05 4.02745e+10 2.75107e-05
2.46779e-05 4.1081e+10 2.82071e-05
2.51714e-05 4.19036e+10 2.89208e-05
2.56749e-05 4.27427e+10 2.96524e-05
2.61884e-05 4.35987e+10 3.04022e-05
2.67121e-05 4.44717e+10 3.11706e-05
2.72464e-05 4.53623e+10 3.19583e-05
2.77913e-05 4.62707e+10 3.27655e-05
2.83471e-05 4.71973e+10 3.35928e-05
2.89141e-05 4.81425e+10 3.44407e-05
2.94923e-05 4.91066e+10 3.53097e-05
3.00822e-05 5.009e+10 3.62002e-05
3.06838e-05 5.10931e+10 3.71129e-05
3.12975e-05 5.21163e+10 3.80483e-05
3.19235e-05 5.316e+10 3.90068e-05
3.25619e-05 5.42246e+10 3.99892e-05
3.32132e-05 5.53106e+10 4.09959e-05
3.38774e-05 5.64183e+10 4.20275e-05
3.4555e-05 5.75481e+10 4.30848e-05
3.52461e-05 5.87007e+10 4.41681e-05
3.5951e-05 5.98763e+10 4.52783e-05
3.667e-05 6.10755e+10 4.6416e-05
3.74034e-05 6.22986e+10 4.75817e-05
3.81515e-05 6.35463e+10 4.87763e-05
3.89145e-05 6.4819e+10 5.00004e-05
3.96928e-05 6.61172e+10 5.12547e-05
4.04867e-05 6.74414e+10 5.25399e-05
4.12964e-05 6.87922e+10 5.38568e-05
4.21223e-05 7.017e+10 5.52062e-05
4.29648e-05 7.15754e+10 5.65889e-05
4.38241e-05 7.30089e+10 5.80055e-05
4.47005e-05 7.44712e+10 5.9457e-05
4.55946e-05 7.59628e+10 6.09443e-05
4.65065e-05 7.74843e+10 6.2468e-05
4.74366e-05 7.90362e+10 6.40292e-05
4.83853e-05 8.06193e+10 6.56288e-05
4.9353e-05 8.2234e+10 6.72676e-05
5.03401e-05 8.38812e+10 6.89466e-05
5.13469e-05 8.55613e+10 7.06667e-05
5.23738e-05 8.72751e+10 7.2429e-05
5.34213e-05 8.90232e+10 7.42344e-05
5.44897e-05 9.08064e+10 7.6084e-05
5.55795e-05 9.26253e+10 7.79789e-05
5.66911e-05 9.44806e+10 7.992e-05
5.78249e-05 9.63731e+10 8.19086e-05
5.89814e-05 9.83035e+10 8.39457e-05
6.01611e-05 1.00273e+11 8.60325e-05
6.13643e-05 1.02281e+11 8.81702e-05
6.25916e-05 1.0433e+11 9.036e-05
6.38434e-05 1.0642e+11 9.26031e-05
6.51203e-05 1.08552e+11 9.49009e-05
6.64227e-05 1.10726e+11 9.72545e-05
6.77511e-05 1.12944e+11 9.96653e-05
6.91061e-05 1.15207e+11 0.000102135
7.04883e-05 1.17515e+11 0.000104664
7.1898e-05 1.19869e+11 0.000107255
7.3336e-05 1.2227e+11 0.000109908
7.48027e-05 1.24719e+11 0.000112626
7.62988e-05 1.27218e+11 0.00011541
7.78247e-05 1.29766e+11 0.000118261
7.93812e-05 1.32366e+11 0.000121181
8.09689e-05 1.35018e+11 0.000124171
8.25882e-05 1.37723e+11 0.000127234
8.424e-05 1.40482e+11 0.00013037
8.59248e-05 1.43296e+11 0.000133583
8.76433e-05 1.46167e+11 0.000136872
8.93962e-05 1.49095e+11 0.000140241
9.11841e-05 1.52082e+11 0.000143691
9.30078e-05 1.55129e+11 0.000147224
9.48679e-05 1.58237e+11 0.000150842
9.67653e-05 1.61407e+11 0.000154547
9.87006e-05 1.64641e+11 0.00015834
0.000100675 1.67939e+11 0.000162225
0.000102688 1.71304e+11 0.000166202
0.000104742 1.74736e+11 0.000170275
0.000106837 1.78237e+11 0.000174446
0.000108973 1.81808e+11 0.000178715
0.000111153 1.85451e+11 0.000183087
0.000113376 1.89167e+11 0.000187564
0.000115643 1.92957e+11 0.000192147
0.000117956 1.96823e+11 0.000196839
0.000120315 2.00766e+11 0.000201643
0.000122722 2.04789e+11 0.000206561
0.000125176 2.08892e+11 0.000211596
0.00012768 2.13078e+11 0.000216751
0.000130233 2.17347e+11 0.000222028
0.000132838 2.21702e+11 0.00022743
0.000135495 2.26145e+11 0.00023296
0.000138205 2.30676e+11 0.000238621
0.000140969 2.35298e+11 0.000244415
0.000143788 2.40013e+11 0.000250347
0.000146664 2.44822e+11 0.000256419
0.000149597 2.49728e+11 0.000262633
0.000152589 2.54732e+11 0.000268995
0.000155641 2.59837e+11 0.000275506
0.000158754 2.65043e+11 0.00028217
0.000161929 2.70355e+11 0.00028899
0.000165167 2.75772e+11 0.000295971
0.000168471 2.81298e+11 0.000303115
0.00017184 2.86935e+11 0.000310427
0.000175277 2.92685e+11 0.00031791
0.000178782 2.98551e+11 0.000325567
0.000182358 3.04534e+11 0.000333404
0.000186005 3.10636e+11 0.000341423
0.000189725 3.16861e+11 0.00034963
0.00019352 3.23211e+11 0.000358027
0.00019739 3.29689e+11 0.00036662
0.000201338 3.36296e+11 0.000375412
0.000205365 3.43035e+11 0.000384408
0.000209472 3.4991e+11 0.000393613
0.000213662 3.56923e+11 0.00040303
0.000217935 3.64076e+11 0.000412666
0.000222293 3.71372e+11 0.000422524
0.000226739 3.78815e+11 0.00043261
0.000231274 3.86407e+11 0.000442928
0.0002359 3.94151e+11 0.000453483
0.000240618 4.02051e+11 0.000464281
0.00024543 4.10109e+11 0.000475327
0.000250339 4.18328e+11 0.000486627
0.000255345 4.26713e+11 0.000498185
0.000260452 4.35265e+11 0.000508358
0.000360452 6.0278e+11 0.000589334
0.000460452 7.70334e+11 0.000656655
0.000560452 9.37916e+11 0.000724149
0.000660452 1.10552e+12 0.000793487
0.000760452 1.27314e+12 0.000865075
0.000860452 1.44078e+12 0.000938972
0.000960452 1.60844e+12 0.00101512
0.00106045 1.77611e+12 0.00109343
0.00116045 1.9438e+12 0.00117377
0.00126045 2.1115e+12 0.00125605
0.00136045 2.27921e+12 0.00134015
0.00146045 2.44693e+12 0.00142597
0.00156045 2.61466e+12 0.00151342
0.00166045 2.7824e+12 0.00160242
0.00176045 2.95015e+12 0.0016929
0.00186045 3.11792e+12 0.00178477
0.00196045 3.28569e+12 0.00187798
0.00206045 3.45346e+12 0.00197248
0.00216045 3.62125e+12 0.00206821
0.00226045 3.78905e+12 0.00216512
0.00236045 3.95685e+12 0.00226317
0.00246045 4.12466e+12 0.00236232
0.00256045 4.29248e+12 0.00246254
0.00266045 4.4603e+12 0.0025638
0.00276045 4.62813e+12 0.00266607
0.00286045 4.79597e+12 0.00276933
0.00296045 4.96382e+12 0.00287354
0.00306045 5.13167e+12 0.00297871
0.00316045 5.29953e+12 0.00308479
0.00326045 5.46739e+12 0.00319179
0.00336045 5.63526e+12 0.00329968
0.00346045 5.80313e+12 0.00340845
0.00356045 5.97102e+12 0.0035181
0.00366045 6.1389e+12 0.00362861
0.00376045 6.30679e+12 0.00373998
0.00386045 6.47469e+12 0.0038522
0.00396045 6.64259e+12 0.00396526
0.00406045 6.8105e+12 0.00407917
0.00416045 6.97841e+12 0.00419391
0.00426045 7.14633e+12 0.00430949
0.00436045 7.31425e+12 0.0044259
0.00446045 7.48218e+12 0.00454315
0.00456045 7.65011e+12 0.00466123
0.00466045 7.81805e+12 0.00478015
0.00476045 7.98599e+12 0.00489991
0.00486045 8.15394e+12 0.0050205
0.00496045 8.32189e+12 0.00514193
0.00506045 8.48984e+12 0.00526421
0.00516045 8.6578e+12 0.00538734
0.00526045 8.82576e+12 0.00551132
0.00536045 8.99373e+12 0.00563616
0.00546045 9.1617e+12 0.00576186
0.00556045 9.32968e+12 0.00588843
0.00566045 9.49766e+12 0.00601586
0.00576045 9.66564e+12 0.00614418
0.00586045 9.83363e+12 0.00627338
0.00596045 1.00016e+13 0.00640347
0.00606045 1.01696e+13 0.00653446
0.00616045 1.03376e+13 0.00666635
0.00626045 1.05056e+13 0.00679915
0.00636045 1.06736e+13 0.00693287
0.00646045 1.08416e+13 0.00706751
0.00656045 1.10097e+13 0.00720309
0.00666045 1.11777e+13 0.0073396
0.00676045 1.13457e+13 0.00747706
0.00686045 1.15137e+13 0.00761547
0.00696045 1.16818e+13 0.00775484
0.00706045 1.18498e+13 0.00789519
0.00716045 1.20178e+13 0.00803651
0.00726045 1.21859e+13 0.00817881
0.00736045 1.23539e+13 0.00832211
0.00746045 1.2522e+13 0.00846641
0.00756045 1.269e+13 0.00861171
0.00766045 1.28581e+13 0.00875804
0.00776045 1.30261e+13 0.00890538
0.00786045 1.31942e+13 0.00905376
0.00796045 1.33622e+13 0.00920318
0.00806045 1.35303e+13 0.00935365
0.00816045 1.36984e+13 0.00950517
0.00826045 1.38665e+13 0.00965776
0.00836045 1.40345e+13 0.00981141
0.00846045 1.42026e+13 0.00996615
0.00856045 1.43707e+13 0.010122
0.00866045 1.45388e+13 0.0102789
0.00876045 1.47069e+13 0.0104369
0.00886045 1.4875e+13 0.010596
0.00896045 1.50431e+13 0.0107563
0.00906045 1.52112e+13 0.0109177
0.00916045 1.53793e+13 0.0110802
0.00926045 1.55474e+13 0.0112438
0.00936045 1.57155e+13 0.0114086
0.00946045 1.58836e+13 0.0115745
0.00956045 1.60517e+13 0.0117417
0.00966045 1.62198e+13 0.0119099
0.00976045 1.6388e+13 0.0120794
0.00986045 1.65561e+13 0.01225
0.00996045 1.67242e+13 0.0124218
0.0100605 1.68923e+13 0.0125949
0.0101605 1.70605e+13 0.0127691
0.0102605 1.72286e+13 0.0129445
0.0103605 1.73968e+13 0.0131212
0.0104605 1.75649e+13 0.0132991
0.0105605 1.7733e+13 0.0134782
0.0106605 1.79012e+13 0.0136585
0.0107605 1.80694e+13 0.0138401
0.0108605 1.82375e+13 0.0140229
0.0109605 1.84057e+13 0.014207
0.0110605 1.85738e+13 0.0143924
0.0111605 1.8742e+13 0.014579
0.0112605 1.89102e+13 0.0147669
0.0113605 1.90783e+13 0.014956
0.0114605 1.92465e+13 0.0151465
0.0115605 1.94147e+13 0.0153382
0.0116605 1.95829e+13 0.0155313
0.0117605 1.9751e+13 0.0157256
0.0118605 1.99192e+13 0.0159212
0.0119605 2.00874e+13 0.0161182
0.0120605 2.02556e+13 0.0163165
0.0121605 2.04238e+13 0.0165161
0.0122605 2.0592e+13 0.016717
0.0123605 2.07602e+13 0.0169192
0.0124605 2.09284e+13 0.0171228
0.0125605 2.10966e+13 0.0173278
0.0126605 2.12648e+13 0.017534
0.0127605 2.1433e+13 0.0177417
0.0128605 2.16013e+13 0.0179507
0.0129605 2.17695e+13 0.018161
0.0130605 2.19377e+13 0.0183727
0.0131605 2.21059e+13 0.0185858
0.0132605 2.22741e+13 0.0188003
0.0133605 2.24424e+13 0.0190161
0.0134605 2.26106e+13 0.0192333
0.0135605 2.27788e+13 0.0194519
0.0136605 2.29471e+13 0.0196719
0.0137605 2.31153e+13 0.0198933
0.0138605 2.32836e+13 0.0201161
0.0139605 2.34518e+13 0.0203403
0.0140605 2.36201e+13 0.0205659
0.0141605 2.37883e+13 0.0207929
0.0142605 2.39566e+13 0.0210213
0.0143605 2.41248e+13 0.0212511
0.0144605 2.42931e+13 0.0214823
0.0145605 2.44614e+13 0.021715
0.0146605 2.46296e+13 0.0219491
0.0147605 2.47979e+13 0.0221846
0.0148605 2.49662e+13 0.0224216
0.0149605 2.51344e+13 0.02266
0.0150605 2.53027e+13 0.0228998
0.0151605 2.5471e+13 0.0231411
0.0152605 2.56393e+13 0.0233838
0.0153605 2.58076e+13 0.023628
0.0154605 2.59759e+13 0.0238736
0.0155605 2.61442e+13 0.0241207
0.0156605 2.63125e+13 0.0243692
0.0157605 2.64808e+13 0.0246192
0.0158605 2.66491e+13 0.0248706
0.0159605 2.68174e+13 0.0251235
0.0160605 2.69857e+13 0.0253779
0.0161605 2.7154e+13 0.0256337
0.0162605 2.73223e+13 0.025891
0.0163605 2.74906e+13 0.0261498
0.0164605 2.76589e+13 0.02641
0.0165605 2.78272e+13 0.0266718
0.0166605 2.79956e+13 0.026935
0.0167605 2.81639e+13 0.0271997
0.0168605 2.83322e+13 0.0274658
0.0169605 2.85006e+13 0.0277335
0.0170605 2.86689e+13 0.0280026
0.0171605 2.88372e+13 0.0282733
0.0172605 2.90056e+13 0.0285454
0.0173605 2.91739e+13 0.028819
0.0174605 2.93423e+13 0.0290941
0.0175605 2.95106e+13 0.0293707
0.0176605 2.9679e+13 0.0296488
0.0177605 2.98473e+13 0.0299284
0.0178605 3.00157e+13 0.0302095
0.0179605 3.0184e+13 0.0304921
0.0180605 3.03524e+13 0.0307762
0.0181605 3.05208e+13 0.0310618
0.0182605 3.06891e+13 0.0313489
0.0183605 3.08575e+13 0.0316375
0.0184605 3.10259e+13 0.0319277
0.0185605 3.11942e+13 0.0322193
0.0186605 3.13626e+13 0.0325125
0.0187605 3.1531e+13 0.0328071
0.0188605 3.16994e+13 0.0331033
0.0189605 3.18678e+13 0.033401
0.0190605 3.20362e+13 0.0337002
0.0191605 3.22046e+13 0.0340009
0.0192605 3.2373e+13 0.0343031
0.0193605 3.25414e+13 0.0346069
0.0194605 3.27098e+13 0.0349122
0.0195605 3.28782e+13 0.0352189
0.0196605 3.30466e+13 0.0355273
0.0197605 3.3215e+13 0.0358371
0.0198605 3.33834e+13 0.0361484
0.0199605 3.35518e+13 0.0364613
0.0200605 3.37202e+13 0.0367757
0.0201605 3.38887e+13 0.0370917
0.0202605 3.40571e+13 0.0374091
0.0203605 3.42255e+13 0.0377281
0.0204605 3.43939e+13 0.0380486
0.0205605 3.45624e+13 0.0383706
0.0206605 3.47308e+13 0.0386942
0.0207605 3.48993e+13 0.0390193
0.0208605 3.50677e+13 0.0393459
0.0209605 3.52361e+13 0.0396741
0.0210605 3.54046e+13 0.0400037
0.0211605 3.5573e+13 0.0403349
0.0212605 3.57415e+13 0.0406677
0.0213605 3.59099e+13 0.0410019
0.0214605 3.60784e+13 0.0413378
0.0215605 3.62469e+13 0.0416751
0.0216605 3.64153e+13 0.042014
0.0217605 3.65838e+13 0.0423544
0.0218605 3.67523e+13 0.0426963
0.0219605 3.69207e+13 0.0430398
0.0220605 3.70892e+13 0.0433848
0.0221605 3.72577e+13 0.0437313
0.0222605 3.74262e+13 0.0440794
0.0223605 3.75947e+13 0.044429
0.0224605 3.77631e+13 0.0447801
0.0225605 3.79316e+13 0.0451328
0.0226605 3.81001e+13 0.045487
0.0227605 3.82686e+13 0.0458427
0.0228605 3.84371e+13 0.0462
0.0229605 3.86056e+13 0.0465588
0.0230605 3.87741e+13 0.0469191
0.0231605 3.89426e+13 0.047281
0.0232605 3.91111e+13 0.0476444
0.0233605 3.92796e+13 0.0480094
0.0234605 3.94482e+13 0.0483759
0.0235605 3.96167e+13 0.0487439
0.0236605 3.97852e+13 0.0491135
0.0237605 3.99537e+13 0.0494846
0.0238605 4.01222e+13 0.0498572
0.0239605 4.02908e+13 0.0502314
0.0240605 4.04593e+13 0.0506071
0.0241605 4.06278e+13 0.0509843
0.0242605 4.07964e+13 0.0513631
0.0243605 4.09649e+13 0.0517434
0.0244605 4.11334e+13 0.0521253
0.0245605 4.1302e+13 0.0525087
0.0246605 4.14705e+13 0.0528936
0.0247605 4.16391e+13 0.05328
0.0248605 4.18076e+13 0.053668
0.0249605 4.19762e+13 0.0540576
0.0250605 4.21448e+13 0.0544486
0.0251605 4.23133e+13 0.0548412
0.0252605 4.24819e+13 0.0552354
0.0253605 4.26504e+13 0.055631
0.0254605 4.2819e+13 0.0560283
0.0255605 4.29876e+13 0.056427
0.0256605 4.31562e+13 0.0568273
0.0257605 4.33247e+13 0.0572291
0.0258605 4.34933e+13 0.0576324
0.0259605 4.36619e+13 0.0580373
0.0260605 4.38305e+13 0.0584437
0.0261605 4.39991e+13 0.0588517
0.0262605 4.41677e+13 0.0592612
0.0263605 4.43363e+13 0.0596722
0.0264605 4.45049e+13 0.0600847
0.0265605 4.46735e+13 0.0604988
0.0266605 4.48421e+13 0.0609144
0.0267605 4.50107e+13 0.0613316
0.0268605 4.51793e+13 0.0617503
0.0269605 4.53479e+13 0.0621705
0.0270605 4.55165e+13 0.0625922
0.0271605 4.56851e+13 0.0630155
0.0272605 4.58537e+13 0.0634403
0.0273605 4.60224e+13 0.0638667
0.0274605 4.6191e+13 0.0642946
0.0275605 4.63596e+13 0.064724
0.0276605 4.65282e+13 0.0651549
0.0277605 4.66969e+13 0.0655874
0.0278605 4.68655e+13 0.0660214
0.0279605 4.70342e+13 0.0664569
0.0280605 4.72028e+13 0.066894
0.0281605 4.73714e+13 0.0673326
0.0282605 4.75401e+13 0.0677727
0.0283605 4.77087e+13 0.0682144
0.0284605 4.78774e+13 0.0686576
0.0285605 4.8046e+13 0.0691023
0.0286605 4.82147e+13 0.0695486
0.0287605 4.83834e+13 0.0699963
0.0288605 4.8552e+13 0.0704457
0.0289605 4.87207e+13 0.0708965
0.0290605 4.88894e+13 0.0713489
0.0291605 4.9058e+13 0.0718028
0.0292605 4.92267e+13 0.0722582
0.0293605 4.93954e+13 0.0727152
0.0294605 4.95641e+13 0.0731736
0.0295605 4.97328e+13 0.0736337
0.0296605 4.99014e+13 0.0740952
0.0297605 5.00701e+13 0.0745583
0.0298605 5.02388e+13 0.0750229
0.0299605 5.04075e+13 0.075489
0.0300605 5.05762e+13 0.0759567
0.0301605 5.07449e+13 0.0764258
0.0302605 5.09136e+13 0.0768965
0.0303605 5.10823e+13 0.0773688
0.0304605 5.1251e+13 0.0778426
0.0305605 5.14197e+13 0.0783178
0.0306605 5.15885e+13 0.0787947
0.0307605 5.17572e+13 0.079273
0.0308605 5.19259e+13 0.0797529
0.0309605 5.20946e+13 0.0802343
0.0310605 5.22633e+13 0.0807172
0.0311605 5.24321e+13 0.0812017
0.0312605 5.26008e+13 0.0816877
0.0313605 5.27695e+13 0.0821752
0.0314605 5.29383e+13 0.0826642
0.0315605 5.3107e+13 0.0831547
0.0316605 5.32757e+13 0.0836468
0.0317605 5.34445e+13 0.0841404
0.0318605 5.36132e+13 0.0846356
0.0319605 5.3782e+13 0.0851322
0.0320605 5.39507e+13 0.0856304
0.0321605 5.41195e+13 0.0861301
0.0322605 5.42883e+13 0.0866314
0.0323605 5.4457e+13 0.0871342
0.0324605 5.46258e+13 0.0876384
0.0325605 5.47945e+13 0.0881443
0.0326605 5.49633e+13 0.0886516
0.0327605 5.51321e+13 0.0891605
0.0328605 5.53009e+13 0.0896709
0.0329605 5.54696e+13 0.0901828
0.0330605 5.56384e+13 0.0906962
0.0331605 5.58072e+13 0.0912112
0.0332605 5.5976e+13 0.0917277
0.0333605 5.61448e+13 0.0922457
0.0334605 5.63136e+13 0.0927653
0.0335605 5.64824e+13 0.0932863
0.0336605 5.66512e+13 0.0938089
0.0337605 5.682e+13 0.094333
0.0338605 5.69888e+13 0.0948587
0.0339605 5.71576e+13 0.0953859
0.0340605 5.73264e+13 0.0959146
0.0341605 5.74952e+13 0.0964448
0.0342605 5.7664e+13 0.0969765
0.0343605 5.78328e+13 0.0975098
0.0344605 5.80016e+13 0.0980446
0.0345605 5.81704e+13 0.0985809
0.0346605 5.83393e+13 0.0991188
0.0347605 5.85081e+13 0.0996582
0.0348605 5.86769e+13 0.100199
0.0349605 5.88458e+13 0.100742
0.0350605 5.90146e+13 0.101285
0.0351605 5.91834e+13 0.101831
0.0352605 5.93523e+13 0.102378
0.0353605 5.95211e+13 0.102926
0.0354605 5.969e+13 0.103477
0.0355605 5.98588e+13 0.104028
0.0356605 6.00277e+13 0.104581
0.0357605 6.01965e+13 0.105136
0.0358605 6.03654e+13 0.105692
0.0359605 6.05342e+13 0.10625
0.0360605 6.07031e+13 0.106809
0.0361605 6.0872e+13 0.10737
0.0362605 6.10408e+13 0.107932
0.0363605 6.12097e+13 0.108496
0.0364605 6.13786e+13 0.109061
0.0365605 6.15475e+13 0.109628
0.0366605 6.17163e+13 0.110196
0.0367605 6.18852e+13 0.110766
0.0368605 6.20541e+13 0.111338
0.0369605 6.2223e+13 0.111911
0.0370605 6.23919e+13 0.112485
0.0371605 6.25608e+13 0.113061
0.0372605 6.27297e+13 0.113639
0.0373605 6.28986e+13 0.114218
0.0374605 6.30675e+13 0.114799
0.0375605 6.32364e+13 0.115381
0.0376605 6.34053e+13 0.115965
0.0377605 6.35742e+13 0.11655
0.0378605 6.37431e+13 0.117137
0.0379605 6.3912e+13 0.117725
0.0380605 6.40809e+13 0.118315
0.0381605 6.42499e+13 0.118906
0.0382605 6.44188e+13 0.119499
0.0383605 6.45877e+13 0.120093
0.0384605 6.47566e+13 0.120689
0.0385605 6.49256e+13 0.121287
0.0386605 6.50945e+13 0.121886
0.0387605 6.52634e+13 0.122486
0.0388605 6.54324e+13 0.123089
0.0389605 6.56013e+13 0.123692
0.0390605 6.57703e+13 0.124297
0.0391605 6.59392e+13 0.124904
0.0392605 6.61082e+13 0.125512
0.0393605 6.62771e+13 0.126122
0.0394605 6.64461e+13 0.126733
0.0395605 6.6615e+13 0.127346
0.0396605 6.6784e+13 0.127961
0.0397605 6.6953e+13 0.128577
0.0398605 6.71219e+13 0.129194
0.0399605 6.72909e+13 0.129813
0.0400605 6.74599e+13 0.130434
0.0401605 6.76289e+13 0.131056
0.0402605 6.77978e+13 0.131679
0.0403605 6.79668e+13 0.132305
0.0404605 6.81358e+13 0.132931
0.0405605 6.83048e+13 0.133559
0.0406605 6.84738e+13 0.134189
0.0407605 6.86428e+13 0.134821
0.0408605 6.88118e+13 0.135454
0.0409605 6.89808e+13 0.136088
0.0410605 6.91498e+13 0.136724
0.0411605 6.93188e+13 0.137361
0.0412605 6.94878e+13 0.138
0.0413605 6.96568e+13 0.138641
0.0414605 6.98258e+13 0.139283
0.0415605 6.99948e+13 0.139927
0.0416605 7.01638e+13 0.140572
0.0417605 7.03328e+13 0.141219
0.0418605 7.05019e+13 0.141867
0.0419605 7.06709e+13 0.142517
0.0420605 7.08399e+13 0.143169
0.0421605 7.1009e+13 0.143822
0.0422605 7.1178e+13 0.144476
0.0423605 7.1347e+13 0.145132
0.0424605 7.15161e+13 0.14579
0.0425605 7.16851e+13 0.146449
0.0426605 7.18541e+13 0.14711
0.0427605 7.20232e+13 0.147772
0.0428605 7.21922e+13 0.148436
0.0429605 7.23613e+13 0.149101
0.0430605 7.25304e+13 0.149768
0.0431605 7.26994e+13 0.150437
0.0432605 7.28685e+13 0.151107
0.0433605 7.30375e+13 0.151779
0.0434605 7.32066e+13 0.152452
0.0435605 7.33757e+13 0.153127
0.0436605 7.35447e+13 0.153803
0.0437605 7.37138e+13 0.154481
0.0438605 7.38829e+13 0.15516
0.0439605 7.4052e+13 0.155841
0.0440605 7.42211e+13 0.156524
0.0441605 7.43901e+13 0.157208
0.0442605 7.45592e+13 0.157894
0.0443605 7.47283e+13 0.158581
0.0444605 7.48974e+13 0.15927
0.0445605 7.50665e+13 0.15996
0.0446605 7.52356e+13 0.160652
0.0447605 7.54047e+13 0.161346
0.0448605 7.55738e+13 0.162041
0.0449605 7.57429e+13 0.162737
0.0450605 7.5912e+13 0.163436
0.0451605 7.60812e+13 0.164135
0.0452605 7.62503e+13 0.164837
0.0453605 7.64194e+13 0.16554
0.0454605 7.65885e+13 0.166244
0.0455605 7.67576e+13 0.16695
0.0456605 7.69268e+13 0.167658
0.0457605 7.70959e+13 0.168367
0.0458605 7.7265e+13 0.169078
0.0459605 7.74342e+13 0.16979
0.0460605 7.76033e+13 0.170504
0.0461605 7.77724e+13 0.17122
0.0462605 7.79416e+13 0.171937
0.0463605 7.81107e+13 0.172656
0.0464605 7.82799e+13 0.173376
0.0465605 7.8449e+13 0.174098
0.0466605 7.86182e+13 0.174821
0.0467605 7.87874e+13 0.175546
0.0468605 7.89565e+13 0.176273
0.0469605 7.91257e+13 0.177001
0.0470605 7.92948e+13 0.177731
0.0471605 7.9464e+13 0.178462
0.0472605 7.96332e+13 0.179195
0.0473605 7.98024e+13 0.17993
0.0474605 7.99715e+13 0.180666
0.0475605 8.01407e+13 0.181403
0.0476605 8.03099e+13 0.182143
0.0477605 8.04791e+13 0.182884
0.0478605 8.06483e+13 0.183626
0.0479605 8.08175e+13 0.18437
0.0480605 8.09867e+13 0.185116
0.0481605 8.11558e+13 0.185863
0.0482605 8.1325e+13 0.186612
0.0483605 8.14942e+13 0.187363
0.0484605 8.16635e+13 0.188115
0.0485605 8.18327e+13 0.188868
0.0486605 8.20019e+13 0.189624
0.0487605 8.21711e+13 0.190381
0.0488605 8.23403e+13 0.191139
0.0489605 8.25095e+13 0.191899
0.0490605 8.26787e+13 0.192661
0.0491605 8.2848e+13 0.193424
0.0492605 8.30172e+13 0.194189
0.0493605 8.31864e+13 0.194955
0.0494605 8.33556e+13 0.195724
0.0495605 8.35249e+13 0.196493
0.0496605 8.36941e+13 0.197265
0.0497605 8.38634e+13 0.198038
0.0498605 8.40326e+13 0.198812
0.0499605 8.42019e+13 0.199588
0.0500605 8.43711e+13 0.200366
0.0501605 8.45404e+13 0.201146
0.0502605 8.47096e+13 0.201927
0.0503605 8.48789e+13 0.202709
0.0504605 8.50481e+13 0.203494
0.0505605 8.52174e+13 0.204279
0.0506605 8.53867e+13 0.205067
0.0507605 8.55559e+13 0.205856
0.0508605 8.57252e+13 0.206647
0.0509605 8.58945e+13 0.207439
0.0510605 8.60637e+13 0.208233
0.0511605 8.6233e+13 0.209029
0.0512605 8.64023e+13 0.209826
0.0513605 8.65716e+13 0.210625
0.0514605 8.67409e+13 0.211426
0.0515605 8.69102e+13 0.212228
0.0516605 8.70795e+13 0.213032
0.0517605 8.72488e+13 0.213837
0.0518605 8.7418e+13 0.214644
0.0519605 8.75873e+13 0.215453
0.0520605 8.77567e+13 0.216263
0.0521605 8.7926e+13 0.217075
0.0522605 8.80953e+13 0.217889
0.0523605 8.82646e+13 0.218704
0.0524605 8.84339e+13 0.219521
0.0525605 8.86032e+13 0.22034
0.0526605 8.87725e+13 0.22116
0.0527605 8.89419e+13 0.221982
0.0528605 8.91112e+13 0.222805
0.0529605 8.92805e+13 0.22363
0.0530605 8.94498e+13 0.224457
0.0531605 8.96192e+13 0.225286
0.0532605 8.97885e+13 0.226116
0.0533605 8.99579e+13 0.226947
0.0534605 9.01272e+13 0.227781
0.0535605 9.02965e+13 0.228616
0.0536605 9.04659e+13 0.229453
0.0537605 9.06352e+13 0.230291
0.0538605 9.08046e+13 0.231131
0.0539605 9.0974e+13 0.231973
0.0540605 9.11433e+13 0.232816
0.0541605 9.13127e+13 0.233661
0.0542605 9.1482e+13 0.234508
0.0543605 9.16514e+13 0.235357
0.0544605 9.18208e+13 0.236207
0.0545605 9.19902e+13 0.237058
0.0546605 9.21595e+13 0.237912
0.0547605 9.23289e+13 0.238767
0.0548605 9.24983e+13 0.239624
0.0549605 9.26677e+13 0.240482
0.0550605 9.28371e+13 0.241342
0.0551605 9.30064e+13 0.242204
0.0552605 9.31758e+13 0.243067
0.0553605 9.33452e+13 0.243933
0.0554605 9.35146e+13 0.244799
0.0555605 9.3684e+13 0.245668
0.0556605 9.38534e+13 0.246538
0.0557605 9.40228e+13 0.24741
0.0558605 9.41923e+13 0.248284
0.0559605 9.43617e+13 0.249159
0.0560605 9.45311e+13 0.250036
0.0561605 9.47005e+13 0.250914
0.0562605 9.48699e+13 0.251795
0.0563605 9.50393e+13 0.252677
0.0564605 9.52088e+13 0.253561
0.0565605 9.53782e+13 0.254446
0.0566605 9.55476e+13 0.255333
0.0567605 9.57171e+13 0.256222
0.0568605 9.58865e+13 0.257112
0.0569605 9.60559e+13 0.258005
0.0570605 9.62254e+13 0.258899
0.0571605 9.63948e+13 0.259794
0.0572605 9.65643e+13 0.260692
0.0573605 9.67337e+13 0.261591
0.0574605 9.69032e+13 0.262491
0.0575605 9.70726e+13 0.263394
0.0576605 9.72421e+13 0.264298
0.0577605 9.74116e+13 0.265204
0.0578605 9.7581e+13 0.266112
0.0579605 9.77505e+13 0.267021
0.0580605 9.792e+13 0.267932
0.0581605 9.80894e+13 0.268845
0.0582605 9.82589e+13 0.269759
0.0583605 9.84284e+13 0.270675
0.0584605 9.85979e+13 0.271593
0.0585605 9.87674e+13 0.272513
0.0586605 9.89368e+13 0.273434
0.0587605 9.91063e+13 0.274357
0.0588605 9.92758e+13 0.275282
0.0589605 9.94453e+13 0.276209
0.0590605 9.96148e+13 0.277137
0.0591605 9.97843e+13 0.278067
0.0592605 9.99538e+13 0.278999
0.0593605 1.00123e+14 0.279932
0.0594605 1.00293e+14 0.280867
0.0595605 1.00462e+14 0.281804
0.0596605 1.00632e+14 0.282743
0.0597605 1.00801e+14 0.283683
0.0598605 1.00971e+14 0.284625
0.0599605 1.0114e+14 0.285569
0.0600605 1.0131e+14 0.286515
0.0601605 1.01479e+14 0.287462
0.0602605 1.01649e+14 0.288411
0.0603605 1.01819e+14 0.289362
0.0604605 1.01988e+14 0.290314
0.0605605 1.02158e+14 0.291269
0.0606605 1.02327e+14 0.292225
0.0607605 1.02497e+14 0.293183
0.0608605 1.02666e+14 0.294142
0.0609605 1.02836e+14 0.295103
0.0610605 1.03005e+14 0.296066
0.0611605 1.03175e+14 0.297031
0.0612605 1.03345e+14 0.297997
0.0613605 1.03514e+14 0.298966
0.0614605 1.03684e+14 0.299936
0.0615605 1.03853e+14 0.300907
0.0616605 1.04023e+14 0.301881
0.0617605 1.04192e+14 0.302856
0.0618605 1.04362e+14 0.303833
0.0619605 1.04532e+14 0.304811
0.0620605 1.04701e+14 0.305792
0.0621605 1.04871e+14 0.306774
0.0622605 1.0504e+14 0.307758
0.0623605 1.0521e+14 0.308743
0.0624605 1.05379e+14 0.309731
0.0625605 1.05549e+14 0.31072
0.0626605 1.05719e+14 0.311711
0.0627605 1.05888e+14 0.312703
0.0628605 1.06058e+14 0.313698
0.0629605 1.06227e+14 0.314694
0.0630605 1.06397e+14 0.315692
0.0631605 1.06567e+14 0.316691
0.0632605 1.06736e+14 0.317692
0.0633605 1.06906e+14 0.318695
0.0634605 1.07076e+14 0.3197
0.0635605 1.07245e+14 0.320707
0.0636605 1.07415e+14 0.321715
0.0637605 1.07584e+14 0.322725
0.0638605 1.07754e+14 0.323736
0.0639605 1.07924e+14 0.32475
0.0640605 1.08093e+14 0.325765
0.0641605 1.08263e+14 0.326782
0.0642605 1.08433e+14 0.3278
0.0643605 1.08602e+14 0.328821
0.0644605 1.08772e+14 0.329843
0.0645605 1.08942e+14 0.330866
0.0646605 1.09111e+14 0.331892
0.0647605 1.09281e+14 0.332919
0.0648605 1.09451e+14 0.333948
0.0649605 1.0962e+14 0.334978
0.0650605 1.0979e+14 0.33601
0.0651605 1.0996e+14 0.337044
0.0652605 1.10129e+14 0.33808
0.0653605 1.10299e+14 0.339117
0.0654605 1.10469e+14 0.340156
0.0655605 1.10638e+14 0.341197
0.0656605 1.10808e+14 0.342239
0.0657605 1.10978e+14 0.343283
0.0658605 1.11147e+14 0.344329
0.0659605 1.11317e+14 0.345376
0.0660605 1.11487e+14 0.346425
0.0661605 1.11656e+14 0.347476
0.0662605 1.11826e+14 0.348528
0.0663605 1.11996e+14 0.349582
0.0664605 1.12166e+14 0.350637
0.0665605 1.12335e+14 0.351694
0.0666605 1.12505e+14 0.352753
0.0667605 1.12675e+14 0.353814
0.0668605 1.12844e+14 0.354876
0.0669605 1.13014e+14 0.355939
0.0670605 1.13184e+14 0.357004
0.0671605 1.13354e+14 0.358071
0.0672605 1.13523e+14 0.359139
0.0673605 1.13693e+14 0.360209
0.0674605 1.13863e+14 0.36128
0.0675605 1.14032e+14 0.362353
0.0676605 1.14202e+14 0.363427
0.0677605 1.14372e+14 0.364503
0.0678605 1.14542e+14 0.36558
0.0679605 1.14711e+14 0.366659
0.0680605 1.14881e+14 0.36774
0.0681605 1.15051e+14 0.368821
0.0682605 1.15221e+14 0.369904
0.0683605 1.1539e+14 0.370989
0.0684605 1.1556e+14 0.372075
0.0685605 1.1573e+14 0.373162
0.0686605 1.159e+14 0.374251
0.0687605 1.1607e+14 0.375341
0.0688605 1.16239e+14 0.376432
0.0689605 1.16409e+14 0.377525
0.0690605 1.16579e+14 0.378619
0.0691605 1.16749e+14 0.379714
0.0692605 1.16918e+14 0.38081
0.0693605 1.17088e+14 0.381908
0.0694605 1.17258e+14 0.383007
0.0695605 1.17428e+14 0.384106
0.0696605 1.17598e+14 0.385207
0.0697605 1.17767e+14 0.38631
0.0698605 1.17937e+14 0.387413
0.0699605 1.18107e+14 0.388517
0.0700605 1.18277e+14 0.389622
0.0701605 1.18447e+14 0.390728
0.0702605 1.18616e+14 0.391835
0.0703605 1.18786e+14 0.387526
0.0713605 1.20485e+14 0.399707
0.0723605 1.22183e+14 0.41215
0.0733605 1.23882e+14 0.42486
0.0743605 1.25581e+14 0.437841
0.0753605 1.27281e+14 0.451096
0.0763605 1.2898e+14 0.46463
0.0773605 1.3068e+14 0.478447
0.0783605 1.32381e+14 0.49255
0.0793605 1.34082e+14 0.506943
0.0803605 1.35783e+14 0.52163
0.0813605 1.37484e+14 0.536615
0.0823605 1.39186e+14 0.551901
0.0833605 1.40888e+14 0.567493
0.0843605 1.4259e+14 0.583393
0.0853605 1.44293e+14 0.599607
0.0863605 1.45996e+14 0.616137
0.0873605 1.477e+14 0.632987
0.0883605 1.49403e+14 0.65016
0.0893605 1.51107e+14 0.667661
0.0903605 1.52812e+14 0.685493
0.0913605 1.54517e+14 0.703659
0.0923605 1.56222e+14 0.722163
0.0933605 1.57928e+14 0.741008
0.0943605 1.59633e+14 0.760198
0.0953605 1.6134e+14 0.779737
0.0963605 1.63046e+14 0.799627
0.0973605 1.64753e+14 0.819873
0.0983605 1.66461e+14 0.840477
0.0993605 1.68169e+14 0.861442
0.10036 1.69877e+14 0.882773
0.10136 1.71585e+14 0.904472
0.10236 1.73294e+14 0.926543
0.10336 1.75004e+14 0.948988
0.10436 1.76713e+14 0.971812
0.10536 1.78423e+14 0.995017
0.10636 1.80134e+14 1.01861
0.10736 1.81845e+14 1.04258
0.10836 1.83556e+14 1.06695
0.10936 1.85268e+14 1.09171
0.11036 1.8698e+14 1.11687
0.11136 1.88692e+14 1.14243
0.11236 1.90405e+14 1.16839
0.11336 1.92119e+14 1.19475
0.11436 1.93832e+14 1.22153
0.11536 1.95547e+14 1.24871
0.11636 1.97261e+14 1.27631
0.11736 1.98976e+14 1.30431
0.12236 2.07558e+14 1.44754
0.12736 2.1615e+14 1.59959
0.13236 2.24753e+14 1.76167
0.13736 2.33367e+14 1.93443
0.14236 2.41993e+14 2.11837
0.14736 2.50631e+14 2.31394
0.15236 2.5928e+14 2.52156
0.15736 2.67942e+14 2.74163
0.16236 2.76617e+14 2.97454
0.16736 2.85305e+14 3.22066
0.17236 2.94006e+14 3.48038
0.17736 3.02721e+14 3.75409
0.18236 3.1145e+14 4.04218
0.18736 3.20193e+14 4.34504
0.19236 3.28951e+14 4.66308
0.19736 3.37724e+14 4.99674
0.20236 3.46512e+14 5.34644
0.20736 3.55315e+14 5.71265
0.21236 3.64135e+14 6.09584
0.21736 3.72971e+14 6.49652
0.22236 3.81824e+14 6.91521
0.22736 3.90694e+14 7.35246
0.23236 3.99581e+14 7.80886
0.23736 4.08486e+14 8.28503
0.24236 4.17409e+14 8.78161
0.24736 4.26351e+14 9.29928
0.25236 4.35311e+14 9.83877
0.25736 4.44291e+14 10.4009
0.26236 4.53291e+14 10.9863
0.26736 4.62311e+14 11.596
0.27236 4.71352e+14 12.2309
0.27736 4.80413e+14 12.8918
0.28236 4.89496e+14 13.5798
0.28736 4.98602e+14 14.2959
0.29236 5.0773e+14 15.0412
0.29736 5.16881e+14 15.817
0.30236 5.26055e+14 16.6243
0.30736 5.35254e+14 17.4645
0.31236 5.44478e+14 18.3389
0.31736 5.53727e+14 19.249
0.32236 5.63002e+14 20.1961
0.32736 5.72304e+14 21.1818
0.33236 5.81633e+14 22.2078
0.33736 5.90989e+14 23.2757
0.34236 6.00375e+14 24.3872
0.34736 6.0979e+14 25.5441
0.35236 6.19236e+14 26.7484
0.35736 6.28712e+14 28.0019
0.36236 6.3822e+14 29.3068
0.36736 6.47761e+14 30.6651
0.37236 6.57336e+14 32.0791
0.37736 6.66945e+14 33.5509
0.38236 6.76589e+14 35.083
0.38736 6.8627e+14 36.6777
0.39236 6.95988e+14 38.3376
0.39736 7.05745e+14 40.0652
0.40236 7.15541e+14 41.8632
0.40736 7.25377e+14 43.7343
0.41236 7.35256e+14 45.6813
0.41736 7.45177e+14 47.7072
0.42236 7.55142e+14 49.8148
0.42736 7.65153e+14 52.0072
0.43236 7.7521e+14 54.2875
0.43736 7.85316e+14 56.6589
0.44236 7.9547e+14 59.1246
0.44736 8.05675e+14 61.6879
0.45236 8.15932e+14 64.3523
0.45736 8.26243e+14 67.121
0.46236 8.36609e+14 69.9977
0.46736 8.47031e+14 72.9858
0.47236 8.57511e+14 76.089
0.47736 8.68051e+14 79.3108
0.48236 8.78652e+14 82.655
0.48736 8.89316e+14 86.1253
0.49236 9.00045e+14 89.7254
0.49736 9.1084e+14 93.459
0.50236 9.21703e+14 97.3299
0.50736 9.32636e+14 101.342
0.51236 9.43641e+14 105.499
0.51736 9.5472e+14 109.805
0.52236 9.65874e+14 114.263
0.52736 9.77105e+14 118.878
0.53236 9.88416e+14 123.652
0.53736 9.99808e+14 128.59
0.54236 1.01128e+15 133.696
0.54736 1.02284e+15 138.973
0.55236 1.03449e+15 144.424
0.55736 1.04623e+15 150.054
0.56236 1.05806e+15 155.865
0.56736 1.06998e+15 161.862
0.57236 1.082e+15 168.047
0.57736 1.09412e+15 174.423
0.58236 1.10633e+15 180.995
