1e-10 165823 6.76074e-13
1.02e-10 169139 6.98773e-13
1.0404e-10 172522 7.22224e-13
1.06121e-10 175973 7.4645e-13
1.08243e-10 179492 7.71477e-13
1.10408e-10 183082 7.97332e-13
1.12616e-10 186744 8.2404e-13
1.14869e-10 190478 8.5163e-13
1.17166e-10 194288 8.8013e-13
1.19509e-10 198174 9.0957e-13
1.21899e-10 202137 9.39981e-13
1.24337e-10 206180 9.71393e-13
1.26824e-10 210304 1.00384e-12
1.29361e-10 214510 1.03735e-12
1.31948e-10 218800 1.07197e-12
1.34587e-10 223176 1.10773e-12
1.37279e-10 227640 1.14465e-12
1.40024e-10 232193 1.1828e-12
1.42825e-10 236837 1.22219e-12
1.45681e-10 241573 1.26288e-12
1.48595e-10 246405 1.3049e-12
1.51567e-10 251333 1.34829e-12
1.54598e-10 256360 1.39311e-12
1.5769e-10 261487 1.43939e-12
1.60844e-10 266717 1.48719e-12
1.64061e-10 272051 1.53655e-12
1.67342e-10 277492 1.58752e-12
1.70689e-10 283042 1.64016e-12
1.74102e-10 288703 1.69451e-12
1.77584e-10 294477 1.75064e-12
1.81136e-10 300367 1.8086e-12
1.84759e-10 306374 1.86844e-12
1.88454e-10 312502 1.93023e-12
1.92223e-10 318752 1.99404e-12
1.96068e-10 325127 2.05992e-12
1.99989e-10 331629 2.12793e-12
2.03989e-10 338262 2.19816e-12
2.08069e-10 345027 2.27067e-12
2.1223e-10 351928 2.34553e-12
2.16474e-10 358967 2.42282e-12
2.20804e-10 366146 2.50261e-12
2.2522e-10 373469 2.58498e-12
2.29724e-10 380939 2.67002e-12
2.34319e-10 388557 2.75781e-12
2.39005e-10 396329 2.84843e-12
2.43785e-10 404255 2.94199e-12
2.48661e-10 412341 3.03856e-12
2.53634e-10 420588 3.13825e-12
2.58707e-10 428999 3.24115e-12
2.63881e-10 437580 3.34736e-12
2.69159e-10 446331 3.457e-12
2.74542e-10 455258 3.57016e-12
2.80033e-10 464363 3.68696e-12
2.85633e-10 473651 3.80752e-12
2.91346e-10 483124 3.93194e-12
2.97173e-10 492786 4.06036e-12
3.03117e-10 502642 4.19289e-12
3.09179e-10 512695 4.32967e-12
3.15362e-10 522949 4.47084e-12
3.2167e-10 533409 4.61652e-12
3.28103e-10 544077 4.76686e-12
3.34665e-10 554959 4.922e-12
3.41358e-10 566058 5.0821e-12
3.48186e-10 577379 5.2473e-12
3.55149e-10 588927 5.41778e-12
3.62252e-10 600706 5.59369e-12
3.69497e-10 612720 5.7752e-12
3.76887e-10 624975 5.96249e-12
3.84425e-10 637474 6.15573e-12
3.92114e-10 650224 6.35512e-12
3.99956e-10 663229 6.56084e-12
4.07955e-10 676494 6.77308e-12
4.16114e-10 690024 6.99206e-12
4.24436e-10 703825 7.21798e-12
4.32925e-10 717901 7.45105e-12
4.41584e-10 732260 7.6915e-12
4.50415e-10 746905 7.93955e-12
4.59424e-10 761843 8.19544e-12
4.68612e-10 777081 8.4594e-12
4.77984e-10 792623 8.7317e-12
4.87544e-10 808475 9.01258e-12
4.97295e-10 824645 9.30231e-12
5.07241e-10 841138 9.60116e-12
5.17386e-10 857961 9.90942e-12
5.27733e-10 875121 1.02274e-11
5.38288e-10 892624 1.05553e-11
5.49054e-10 910477 1.08935e-11
5.60035e-10 928687 1.12423e-11
5.71235e-10 947261 1.16021e-11
5.8266e-10 966206 1.19731e-11
5.94313e-10 985531 1.23558e-11
6.062e-10 1.00524e+06 1.27504e-11
6.18324e-10 1.02535e+06 1.31573e-11
6.3069e-10 1.04585e+06 1.3577e-11
6.43304e-10 1.06677e+06 1.40097e-11
6.5617e-10 1.08811e+06 1.44559e-11
6.69293e-10 1.10987e+06 1.4916e-11
6.82679e-10 1.13207e+06 1.53905e-11
6.96333e-10 1.15471e+06 1.58797e-11
7.10259e-10 1.17781e+06 1.6384e-11
7.24465e-10 1.20136e+06 1.69041e-11
7.38954e-10 1.22539e+06 1.74403e-11
7.53733e-10 1.2499e+06 1.79931e-11
7.68808e-10 1.2749e+06 1.8563e-11
7.84184e-10 1.3004e+06 1.91506e-11
7.99867e-10 1.3264e+06 1.97564e-11
8.15865e-10 1.35293e+06 2.03808e-11
8.32182e-10 1.37999e+06 2.10246e-11
8.48826e-10 1.40759e+06 2.16882e-11
8.65802e-10 1.43575e+06 2.23723e-11
8.83118e-10 1.46446e+06 2.30774e-11
9.00781e-10 1.49375e+06 2.38043e-11
9.18796e-10 1.52363e+06 2.45535e-11
9.37172e-10 1.5541e+06 2.53257e-11
9.55916e-10 1.58518e+06 2.61217e-11
9.75034e-10 1.61689e+06 2.6942e-11
9.94535e-10 1.64923e+06 2.77875e-11
1.01443e-09 1.68221e+06 2.86589e-11
1.03471e-09 1.71586e+06 2.9557e-11
1.05541e-09 1.75018e+06 3.04825e-11
1.07652e-09 1.78518e+06 3.14364e-11
1.09805e-09 1.82089e+06 3.24193e-11
1.12001e-09 1.8573e+06 3.34322e-11
1.14241e-09 1.89445e+06 3.4476e-11
1.16526e-09 1.93234e+06 3.55516e-11
1.18856e-09 1.97099e+06 3.66599e-11
1.21233e-09 2.01041e+06 3.7802e-11
1.23658e-09 2.05062e+06 3.89787e-11
1.26131e-09 2.09164e+06 4.01911e-11
1.28654e-09 2.13347e+06 4.14403e-11
1.31227e-09 2.17614e+06 4.27274e-11
1.33851e-09 2.21966e+06 4.40534e-11
1.36528e-09 2.26406e+06 4.54196e-11
1.39259e-09 2.30934e+06 4.68271e-11
1.42044e-09 2.35553e+06 4.8277e-11
1.44885e-09 2.40264e+06 4.97708e-11
1.47783e-09 2.4507e+06 5.13096e-11
1.50738e-09 2.49971e+06 5.28947e-11
1.53753e-09 2.54971e+06 5.45276e-11
1.56828e-09 2.60071e+06 5.62096e-11
1.59965e-09 2.65272e+06 5.79422e-11
1.63164e-09 2.70578e+06 5.97268e-11
1.66427e-09 2.7599e+06 6.15649e-11
1.69756e-09 2.8151e+06 6.34582e-11
1.73151e-09 2.8714e+06 6.54081e-11
1.76614e-09 2.92883e+06 6.74165e-11
1.80146e-09 2.98741e+06 6.94849e-11
1.83749e-09 3.04716e+06 7.16151e-11
1.87424e-09 3.10811e+06 7.3809e-11
1.91173e-09 3.17027e+06 7.60683e-11
1.94996e-09 3.23368e+06 7.83949e-11
1.98896e-09 3.29836e+06 8.07909e-11
2.02874e-09 3.36433e+06 8.32581e-11
2.06931e-09 3.43162e+06 8.57988e-11
2.1107e-09 3.50025e+06 8.84149e-11
2.15291e-09 3.57026e+06 9.11087e-11
2.19597e-09 3.64167e+06 9.38825e-11
2.23989e-09 3.7145e+06 9.67384e-11
2.28469e-09 3.7888e+06 9.9679e-11
2.33038e-09 3.86458e+06 1.02707e-10
2.37699e-09 3.94187e+06 1.05824e-10
2.42453e-09 4.02071e+06 1.09033e-10
2.47302e-09 4.10113e+06 1.12337e-10
2.52248e-09 4.18316e+06 1.15738e-10
2.57293e-09 4.26683e+06 1.1924e-10
2.62439e-09 4.35217e+06 1.22845e-10
2.67688e-09 4.43922e+06 1.26556e-10
2.73042e-09 4.528e+06 1.30376e-10
2.78502e-09 4.61857e+06 1.34308e-10
2.84072e-09 4.71095e+06 1.38355e-10
2.89754e-09 4.80517e+06 1.42522e-10
2.95549e-09 4.90128e+06 1.4681e-10
3.0146e-09 4.99931e+06 1.51225e-10
3.07489e-09 5.0993e+06 1.55768e-10
3.13639e-09 5.20129e+06 1.60444e-10
3.19912e-09 5.30532e+06 1.65257e-10
3.2631e-09 5.41144e+06 1.70211e-10
3.32836e-09 5.51967e+06 1.75309e-10
3.39493e-09 5.63007e+06 1.80555e-10
3.46283e-09 5.74268e+06 1.85955e-10
3.53208e-09 5.85754e+06 1.91511e-10
3.60272e-09 5.9747e+06 1.97229e-10
3.67478e-09 6.0942e+06 2.03114e-10
3.74827e-09 6.21609e+06 2.09169e-10
3.82324e-09 6.34042e+06 2.154e-10
3.89971e-09 6.46723e+06 2.21812e-10
3.9777e-09 6.59659e+06 2.28409e-10
4.05725e-09 6.72853e+06 2.35198e-10
4.1384e-09 6.86311e+06 2.42183e-10
4.22117e-09 7.00038e+06 2.4937e-10
4.30559e-09 7.14039e+06 2.56764e-10
4.3917e-09 7.28321e+06 2.64373e-10
4.47954e-09 7.42888e+06 2.722e-10
4.56913e-09 7.57747e+06 2.80253e-10
4.66051e-09 7.72903e+06 2.88538e-10
4.75372e-09 7.88362e+06 2.97062e-10
4.84879e-09 8.04131e+06 3.05831e-10
4.94577e-09 8.20214e+06 3.14852e-10
5.04468e-09 8.3662e+06 3.24132e-10
5.14558e-09 8.53353e+06 3.33678e-10
5.24849e-09 8.70422e+06 3.43499e-10
5.35346e-09 8.87831e+06 3.536e-10
5.46053e-09 9.05589e+06 3.63992e-10
5.56974e-09 9.23702e+06 3.7468e-10
5.68113e-09 9.42178e+06 3.85674e-10
5.79476e-09 9.61023e+06 3.96983e-10
5.91065e-09 9.80245e+06 4.08614e-10
6.02886e-09 9.99851e+06 4.20578e-10
6.14944e-09 1.01985e+07 4.32883e-10
6.27243e-09 1.04025e+07 4.45538e-10
6.39788e-09 1.06105e+07 4.58554e-10
6.52584e-09 1.08228e+07 4.71941e-10
6.65635e-09 1.10392e+07 4.85708e-10
6.78948e-09 1.126e+07 4.99867e-10
6.92527e-09 1.14853e+07 5.14428e-10
7.06378e-09 1.1715e+07 5.29402e-10
7.20505e-09 1.19493e+07 5.44802e-10
7.34915e-09 1.21883e+07 5.60638e-10
7.49614e-09 1.24321e+07 5.76923e-10
7.64606e-09 1.26808e+07 5.93668e-10
7.79898e-09 1.29344e+07 6.10888e-10
7.95496e-09 1.31931e+07 6.28595e-10
8.11406e-09 1.3457e+07 6.46803e-10
8.27634e-09 1.37262e+07 6.65524e-10
8.44187e-09 1.40007e+07 6.84774e-10
8.6107e-09 1.42807e+07 7.04568e-10
8.78292e-09 1.45664e+07 7.24919e-10
8.95858e-09 1.48577e+07 7.45844e-10
9.13775e-09 1.51549e+07 7.67358e-10
9.3205e-09 1.5458e+07 7.89477e-10
9.50691e-09 1.57672e+07 8.12219e-10
9.69705e-09 1.60826e+07 8.356e-10
9.89099e-09 1.64043e+07 8.59637e-10
1.00888e-08 1.67324e+07 8.8435e-10
1.02906e-08 1.70671e+07 9.09756e-10
1.04964e-08 1.74085e+07 9.35874e-10
1.07063e-08 1.77567e+07 9.62725e-10
1.09205e-08 1.81118e+07 9.90327e-10
1.11389e-08 1.84741e+07 1.0187e-09
1.13616e-08 1.88436e+07 1.04787e-09
1.15889e-08 1.92205e+07 1.07786e-09
1.18207e-08 1.9605e+07 1.10868e-09
1.20571e-08 1.99971e+07 1.14036e-09
1.22982e-08 2.03971e+07 1.17293e-09
1.25442e-08 2.08051e+07 1.20641e-09
1.27951e-08 2.12212e+07 1.24082e-09
1.3051e-08 2.16457e+07 1.27619e-09
1.3312e-08 2.20787e+07 1.31255e-09
1.35782e-08 2.25203e+07 1.34991e-09
1.38498e-08 2.29708e+07 1.38832e-09
1.41268e-08 2.34302e+07 1.4278e-09
1.44093e-08 2.38989e+07 1.46837e-09
1.46975e-08 2.43769e+07 1.51007e-09
1.49914e-08 2.48645e+07 1.55293e-09
1.52913e-08 2.53618e+07 1.59697e-09
1.55971e-08 2.58691e+07 1.64224e-09
1.5909e-08 2.63866e+07 1.68877e-09
1.62272e-08 2.69144e+07 1.73658e-09
1.65518e-08 2.74527e+07 1.78572e-09
1.68828e-08 2.80018e+07 1.83622e-09
1.72205e-08 2.85619e+07 1.88811e-09
1.75649e-08 2.91333e+07 1.94144e-09
1.79162e-08 2.9716e+07 1.99625e-09
1.82745e-08 3.03104e+07 2.05257e-09
1.864e-08 3.09167e+07 2.11044e-09
1.90128e-08 3.15351e+07 2.16992e-09
1.9393e-08 3.21659e+07 2.23103e-09
1.97809e-08 3.28092e+07 2.29383e-09
2.01765e-08 3.34655e+07 2.35836e-09
2.058e-08 3.41349e+07 2.42467e-09
2.09916e-08 3.48177e+07 2.49281e-09
2.14115e-08 3.55141e+07 2.56282e-09
2.18397e-08 3.62245e+07 2.63476e-09
2.22765e-08 3.69491e+07 2.70867e-09
2.2722e-08 3.76882e+07 2.78462e-09
2.31765e-08 3.8442e+07 2.86265e-09
2.364e-08 3.9211e+07 2.94283e-09
2.41128e-08 3.99953e+07 3.02521e-09
2.45951e-08 4.07953e+07 3.10985e-09
2.5087e-08 4.16114e+07 3.19682e-09
2.55887e-08 4.24437e+07 3.28617e-09
2.61005e-08 4.32927e+07 3.37796e-09
2.66225e-08 4.41587e+07 3.47228e-09
2.71549e-08 4.5042e+07 3.56917e-09
2.7698e-08 4.59429e+07 3.66872e-09
2.8252e-08 4.68619e+07 3.77099e-09
2.8817e-08 4.77993e+07 3.87606e-09
2.93934e-08 4.87554e+07 3.984e-09
2.99812e-08 4.97307e+07 4.09489e-09
3.05809e-08 5.07254e+07 4.20882e-09
3.11925e-08 5.17401e+07 4.32585e-09
3.18163e-08 5.27751e+07 4.44608e-09
3.24526e-08 5.38307e+07 4.56959e-09
3.31017e-08 5.49075e+07 4.69647e-09
3.37637e-08 5.60058e+07 4.82681e-09
3.4439e-08 5.71261e+07 4.9607e-09
3.51278e-08 5.82688e+07 5.09824e-09
3.58303e-08 5.94344e+07 5.23953e-09
3.6547e-08 6.06232e+07 5.38466e-09
3.72779e-08 6.18359e+07 5.53374e-09
3.80235e-08 6.30728e+07 5.68688e-09
3.87839e-08 6.43345e+07 5.84419e-09
3.95596e-08 6.56214e+07 6.00577e-09
4.03508e-08 6.6934e+07 6.17175e-09
4.11578e-08 6.82729e+07 6.34223e-09
4.1981e-08 6.96386e+07 6.51734e-09
4.28206e-08 7.10316e+07 6.69721e-09
4.3677e-08 7.24525e+07 6.88196e-09
4.45505e-08 7.39018e+07 7.07173e-09
4.54415e-08 7.53801e+07 7.26664e-09
4.63504e-08 7.6888e+07 7.46683e-09
4.72774e-08 7.8426e+07 7.67245e-09
4.82229e-08 7.99948e+07 7.88365e-09
4.91874e-08 8.1595e+07 8.10056e-09
5.01711e-08 8.32272e+07 8.32335e-09
5.11746e-08 8.4892e+07 8.55216e-09
5.2198e-08 8.65902e+07 8.78717e-09
5.3242e-08 8.83223e+07 9.02854e-09
5.43069e-08 9.00891e+07 9.27644e-09
5.5393e-08 9.18912e+07 9.53103e-09
5.65008e-08 9.37293e+07 9.79251e-09
5.76309e-08 9.56043e+07 1.00611e-08
5.87835e-08 9.75167e+07 1.03368e-08
5.99592e-08 9.94674e+07 1.06201e-08
6.11583e-08 1.01457e+08 1.0911e-08
6.23815e-08 1.03487e+08 1.12097e-08
6.36291e-08 1.05557e+08 1.15165e-08
6.49017e-08 1.07668e+08 1.18316e-08
6.61997e-08 1.09822e+08 1.21551e-08
6.75237e-08 1.12019e+08 1.24874e-08
6.88742e-08 1.1426e+08 1.28287e-08
7.02517e-08 1.16546e+08 1.31791e-08
7.16567e-08 1.18877e+08 1.3539e-08
7.30899e-08 1.21255e+08 1.39085e-08
7.45517e-08 1.23681e+08 1.4288e-08
7.60427e-08 1.26155e+08 1.46777e-08
7.75636e-08 1.28678e+08 1.50779e-08
7.91148e-08 1.31252e+08 1.54889e-08
8.06971e-08 1.33878e+08 1.59109e-08
8.23111e-08 1.36556e+08 1.63442e-08
8.39573e-08 1.39288e+08 1.67892e-08
8.56364e-08 1.42074e+08 1.72462e-08
8.73492e-08 1.44916e+08 1.77154e-08
8.90961e-08 1.47815e+08 1.81972e-08
9.08781e-08 1.50772e+08 1.86919e-08
9.26956e-08 1.53788e+08 1.92e-08
9.45495e-08 1.56865e+08 1.97216e-08
9.64405e-08 1.60003e+08 2.02572e-08
9.83693e-08 1.63204e+08 2.08072e-08
1.00337e-07 1.66469e+08 2.1372e-08
1.02343e-07 1.69799e+08 2.19519e-08
1.0439e-07 1.73195e+08 2.25473e-08
1.06478e-07 1.7666e+08 2.31586e-08
1.08608e-07 1.80194e+08 2.37864e-08
1.1078e-07 1.83799e+08 2.44309e-08
1.12995e-07 1.87476e+08 2.50927e-08
1.15255e-07 1.91226e+08 2.57722e-08
1.1756e-07 1.95052e+08 2.64698e-08
1.19912e-07 1.98954e+08 2.71862e-08
1.2231e-07 2.02934e+08 2.79216e-08
1.24756e-07 2.06993e+08 2.86768e-08
1.27251e-07 2.11134e+08 2.94521e-08
1.29796e-07 2.15358e+08 3.02481e-08
1.32392e-07 2.19666e+08 3.10654e-08
1.3504e-07 2.24061e+08 3.19045e-08
1.37741e-07 2.28543e+08 3.27661e-08
1.40496e-07 2.33115e+08 3.36506e-08
1.43306e-07 2.37779e+08 3.45587e-08
1.46172e-07 2.42536e+08 3.54911e-08
1.49095e-07 2.47388e+08 3.64483e-08
1.52077e-07 2.52337e+08 3.7431e-08
1.55119e-07 2.57385e+08 3.844e-08
1.58221e-07 2.62534e+08 3.94758e-08
1.61385e-07 2.67786e+08 4.05393e-08
1.64613e-07 2.73143e+08 4.1631e-08
1.67905e-07 2.78607e+08 4.27519e-08
1.71263e-07 2.84181e+08 4.39026e-08
1.74689e-07 2.89866e+08 4.5084e-08
1.78182e-07 2.95665e+08 4.62967e-08
1.81746e-07 3.0158e+08 4.75418e-08
1.85381e-07 3.07614e+08 4.882e-08
1.89089e-07 3.13768e+08 5.01322e-08
1.9287e-07 3.20045e+08 5.14793e-08
1.96728e-07 3.26448e+08 5.28622e-08
2.00662e-07 3.32978e+08 5.42819e-08
2.04676e-07 3.3964e+08 5.57392e-08
2.08769e-07 3.46435e+08 5.72354e-08
2.12945e-07 3.53366e+08 5.87712e-08
2.17203e-07 3.60435e+08 6.03479e-08
2.21547e-07 3.67646e+08 6.19664e-08
2.25978e-07 3.75001e+08 6.36279e-08
2.30498e-07 3.82503e+08 6.53335e-08
2.35108e-07 3.90156e+08 6.70843e-08
2.3981e-07 3.97961e+08 6.88816e-08
2.44606e-07 4.05923e+08 7.07266e-08
2.49498e-07 4.14044e+08 7.26205e-08
2.54488e-07 4.22328e+08 7.45646e-08
2.59578e-07 4.30777e+08 7.65603e-08
2.6477e-07 4.39395e+08 7.86088e-08
2.70065e-07 4.48186e+08 8.07116e-08
2.75466e-07 4.57153e+08 8.28701e-08
2.80976e-07 4.66299e+08 8.50858e-08
2.86595e-07 4.75628e+08 8.73601e-08
2.92327e-07 4.85143e+08 8.96947e-08
2.98174e-07 4.94849e+08 9.20911e-08
3.04137e-07 5.0475e+08 9.45508e-08
3.1022e-07 5.14848e+08 9.70757e-08
3.16424e-07 5.25149e+08 9.96673e-08
3.22753e-07 5.35655e+08 1.02327e-07
3.29208e-07 5.46372e+08 1.05058e-07
3.35792e-07 5.57303e+08 1.07861e-07
3.42508e-07 5.68453e+08 1.10737e-07
3.49358e-07 5.79826e+08 1.1369e-07
3.56345e-07 5.91427e+08 1.16721e-07
3.63472e-07 6.0326e+08 1.19832e-07
3.70742e-07 6.15329e+08 1.23025e-07
3.78156e-07 6.2764e+08 1.26302e-07
3.8572e-07 6.40198e+08 1.29666e-07
3.93434e-07 6.53006e+08 1.33118e-07
4.01303e-07 6.66071e+08 1.36662e-07
4.09329e-07 6.79398e+08 1.40299e-07
4.17515e-07 6.92991e+08 1.44032e-07
4.25866e-07 7.06856e+08 1.47864e-07
4.34383e-07 7.20998e+08 1.51796e-07
4.4307e-07 7.35424e+08 1.55833e-07
4.51932e-07 7.50138e+08 1.59975e-07
4.60971e-07 7.65146e+08 1.64227e-07
4.7019e-07 7.80455e+08 1.6859e-07
4.79594e-07 7.9607e+08 1.73069e-07
4.89186e-07 8.11998e+08 1.77666e-07
4.98969e-07 8.28244e+08 1.82383e-07
5.08949e-07 8.44816e+08 1.87225e-07
5.19128e-07 8.61719e+08 1.92194e-07
5.2951e-07 8.7896e+08 1.97294e-07
5.401e-07 8.96547e+08 2.02528e-07
5.50902e-07 9.14485e+08 2.07899e-07
5.61921e-07 9.32782e+08 2.13412e-07
5.73159e-07 9.51445e+08 2.1907e-07
5.84622e-07 9.70482e+08 2.24876e-07
5.96315e-07 9.899e+08 2.30835e-07
6.08241e-07 1.00971e+09 2.36951e-07
6.20406e-07 1.02991e+09 2.43227e-07
6.32814e-07 1.05052e+09 2.49668e-07
6.4547e-07 1.07154e+09 2.56278e-07
6.58379e-07 1.09298e+09 2.63062e-07
6.71547e-07 1.11484e+09 2.70023e-07
6.84978e-07 1.13715e+09 2.77168e-07
6.98678e-07 1.1599e+09 2.84499e-07
7.12651e-07 1.18311e+09 2.92023e-07
7.26904e-07 1.20679e+09 2.99744e-07
7.41442e-07 1.23093e+09 3.07668e-07
7.56271e-07 1.25556e+09 3.15799e-07
7.71396e-07 1.28068e+09 3.24144e-07
7.86824e-07 1.30631e+09 3.32707e-07
8.02561e-07 1.33245e+09 3.41494e-07
8.18612e-07 1.35911e+09 3.50511e-07
8.34984e-07 1.3863e+09 3.59764e-07
8.51684e-07 1.41404e+09 3.6926e-07
8.68718e-07 1.44234e+09 3.79004e-07
8.86092e-07 1.4712e+09 3.89003e-07
9.03814e-07 1.50064e+09 3.99264e-07
9.2189e-07 1.53066e+09 4.09793e-07
9.40328e-07 1.56129e+09 4.20597e-07
9.59135e-07 1.59253e+09 4.31684e-07
9.78317e-07 1.6244e+09 4.4306e-07
9.97884e-07 1.6569e+09 4.54734e-07
1.01784e-06 1.69006e+09 4.66712e-07
1.0382e-06 1.72387e+09 4.79004e-07
1.05896e-06 1.75837e+09 4.91616e-07
1.08014e-06 1.79355e+09 5.04558e-07
1.10174e-06 1.82944e+09 5.17837e-07
1.12378e-06 1.86605e+09 5.31463e-07
1.14625e-06 1.90339e+09 5.45444e-07
1.16918e-06 1.94148e+09 5.59791e-07
1.19256e-06 1.98033e+09 5.74511e-07
1.21641e-06 2.01996e+09 5.89615e-07
1.24074e-06 2.06038e+09 6.05112e-07
1.26556e-06 2.10161e+09 6.21014e-07
1.29087e-06 2.14366e+09 6.37329e-07
1.31669e-06 2.18656e+09 6.5407e-07
1.34302e-06 2.23031e+09 6.71246e-07
1.36988e-06 2.27494e+09 6.8887e-07
1.39728e-06 2.32047e+09 7.06953e-07
1.42522e-06 2.3669e+09 7.25505e-07
1.45373e-06 2.41427e+09 7.44541e-07
1.4828e-06 2.46258e+09 7.64072e-07
1.51246e-06 2.51186e+09 7.8411e-07
1.54271e-06 2.56212e+09 8.0467e-07
1.57356e-06 2.61339e+09 8.25764e-07
1.60503e-06 2.66569e+09 8.47406e-07
1.63713e-06 2.71904e+09 8.6961e-07
1.66988e-06 2.77345e+09 8.92391e-07
1.70327e-06 2.82895e+09 9.15763e-07
1.73734e-06 2.88556e+09 9.39742e-07
1.77209e-06 2.94331e+09 9.64343e-07
1.80753e-06 3.00221e+09 9.89583e-07
1.84368e-06 3.06229e+09 1.01548e-06
1.88055e-06 3.12357e+09 1.04204e-06
1.91816e-06 3.18608e+09 1.0693e-06
1.95653e-06 3.24984e+09 1.09726e-06
1.99566e-06 3.31488e+09 1.12594e-06
2.03557e-06 3.38122e+09 1.15537e-06
2.07628e-06 3.44888e+09 1.18556e-06
2.11781e-06 3.5179e+09 1.21654e-06
2.16016e-06 3.5883e+09 1.24831e-06
2.20337e-06 3.66012e+09 1.28091e-06
2.24743e-06 3.73336e+09 1.31435e-06
2.29238e-06 3.80808e+09 1.34865e-06
2.33823e-06 3.88429e+09 1.38385e-06
2.38499e-06 3.96203e+09 1.41995e-06
2.43269e-06 4.04132e+09 1.45698e-06
2.48135e-06 4.1222e+09 1.49498e-06
2.53098e-06 4.20469e+09 1.53395e-06
2.5816e-06 4.28884e+09 1.57393e-06
2.63323e-06 4.37468e+09 1.61494e-06
2.68589e-06 4.46223e+09 1.65701e-06
2.73961e-06 4.55153e+09 1.70017e-06
2.7944e-06 4.64263e+09 1.74444e-06
2.85029e-06 4.73554e+09 1.78985e-06
2.9073e-06 4.83032e+09 1.83643e-06
2.96544e-06 4.92699e+09 1.88422e-06
3.02475e-06 5.0256e+09 1.93323e-06
3.08525e-06 5.12618e+09 1.98351e-06
3.14695e-06 5.22878e+09 2.03508e-06
3.20989e-06 5.33343e+09 2.08798e-06
3.27409e-06 5.44017e+09 2.14224e-06
3.33957e-06 5.54905e+09 2.1979e-06
3.40636e-06 5.66011e+09 2.25499e-06
3.47449e-06 5.7734e+09 2.31354e-06
3.54398e-06 5.88895e+09 2.37361e-06
3.61486e-06 6.00681e+09 2.43521e-06
3.68715e-06 6.12704e+09 2.4984e-06
3.7609e-06 6.24967e+09 2.56322e-06
3.83611e-06 6.37475e+09 2.62969e-06
3.91284e-06 6.50234e+09 2.69788e-06
3.99109e-06 6.63249e+09 2.76781e-06
4.07092e-06 6.76524e+09 2.83953e-06
4.15233e-06 6.90065e+09 2.9131e-06
4.23538e-06 7.03876e+09 2.98855e-06
4.32009e-06 7.17965e+09 3.06594e-06
4.40649e-06 7.32335e+09 3.14531e-06
4.49462e-06 7.46993e+09 3.22671e-06
4.58451e-06 7.61945e+09 3.3102e-06
4.6762e-06 7.77196e+09 3.39582e-06
4.76973e-06 7.92752e+09 3.48364e-06
4.86512e-06 8.0862e+09 3.5737e-06
4.96242e-06 8.24805e+09 3.66607e-06
5.06167e-06 8.41314e+09 3.76079e-06
5.1629e-06 8.58154e+09 3.85794e-06
5.26616e-06 8.75331e+09 3.95757e-06
5.37149e-06 8.92852e+09 4.05975e-06
5.47892e-06 9.10724e+09 4.16453e-06
5.58849e-06 9.28954e+09 4.27199e-06
5.70026e-06 9.47548e+09 4.38218e-06
5.81427e-06 9.66515e+09 4.49519e-06
5.93055e-06 9.85862e+09 4.61109e-06
6.04917e-06 1.0056e+10 4.72993e-06
6.17015e-06 1.02572e+10 4.85181e-06
6.29355e-06 1.04626e+10 4.97678e-06
6.41942e-06 1.0672e+10 5.10494e-06
6.54781e-06 1.08856e+10 5.23637e-06
6.67877e-06 1.11035e+10 5.37113e-06
6.81234e-06 1.13258e+10 5.50933e-06
6.94859e-06 1.15525e+10 5.65104e-06
7.08756e-06 1.17838e+10 5.79635e-06
7.22931e-06 1.20196e+10 5.94535e-06
7.3739e-06 1.22603e+10 6.09813e-06
7.52138e-06 1.25057e+10 6.2548e-06
7.67181e-06 1.2756e+10 6.41544e-06
7.82524e-06 1.30114e+10 6.58016e-06
7.98175e-06 1.32718e+10 6.74906e-06
8.14138e-06 1.35375e+10 6.92223e-06
8.30421e-06 1.38085e+10 7.0998e-06
8.47029e-06 1.40849e+10 7.28186e-06
8.6397e-06 1.43669e+10 7.46854e-06
8.81249e-06 1.46545e+10 7.65994e-06
8.98874e-06 1.49479e+10 7.85618e-06
9.16852e-06 1.52471e+10 8.05739e-06
9.35189e-06 1.55524e+10 8.26368e-06
9.53893e-06 1.58637e+10 8.47519e-06
9.7297e-06 1.61813e+10 8.69204e-06
9.9243e-06 1.65052e+10 8.91437e-06
1.01228e-05 1.68357e+10 9.14231e-06
1.03252e-05 1.71727e+10 9.37601e-06
1.05317e-05 1.75165e+10 9.61559e-06
1.07424e-05 1.78672e+10 9.86122e-06
1.09572e-05 1.82249e+10 1.0113e-05
1.11764e-05 1.85897e+10 1.03712e-05
1.13999e-05 1.89619e+10 1.06359e-05
1.16279e-05 1.93415e+10 1.09072e-05
1.18605e-05 1.97288e+10 1.11853e-05
1.20977e-05 2.01237e+10 1.14705e-05
1.23396e-05 2.05266e+10 1.17628e-05
1.25864e-05 2.09376e+10 1.20625e-05
1.28381e-05 2.13568e+10 1.23697e-05
1.30949e-05 2.17844e+10 1.26846e-05
1.33568e-05 2.22205e+10 1.30074e-05
1.36239e-05 2.26654e+10 1.33383e-05
1.38964e-05 2.31192e+10 1.36775e-05
1.41743e-05 2.35821e+10 1.40252e-05
1.44578e-05 2.40542e+10 1.43816e-05
1.4747e-05 2.45358e+10 1.47469e-05
1.50419e-05 2.50271e+10 1.51214e-05
1.53428e-05 2.55282e+10 1.55052e-05
1.56496e-05 2.60393e+10 1.58987e-05
1.59626e-05 2.65607e+10 1.6302e-05
1.62819e-05 2.70925e+10 1.67153e-05
1.66075e-05 2.76349e+10 1.7139e-05
1.69396e-05 2.81882e+10 1.75733e-05
1.72784e-05 2.87526e+10 1.80184e-05
1.7624e-05 2.93283e+10 1.84745e-05
1.79765e-05 2.99156e+10 1.89421e-05
1.8336e-05 3.05146e+10 1.94213e-05
1.87027e-05 3.11256e+10 1.99124e-05
1.90768e-05 3.17488e+10 2.04158e-05
1.94583e-05 3.23845e+10 2.09317e-05
1.98475e-05 3.3033e+10 2.14604e-05
2.02444e-05 3.36944e+10 2.20022e-05
2.06493e-05 3.43691e+10 2.25575e-05
2.10623e-05 3.50573e+10 2.31266e-05
2.14836e-05 3.57593e+10 2.37098e-05
2.19132e-05 3.64753e+10 2.43075e-05
2.23515e-05 3.72057e+10 2.492e-05
2.27985e-05 3.79507e+10 2.55477e-05
2.32545e-05 3.87107e+10 2.61909e-05
2.37196e-05 3.94858e+10 2.685e-05
2.4194e-05 4.02765e+10 2.75254e-05
2.46779e-05 4.10831e+10 2.82176e-05
2.51714e-05 4.19057e+10 2.89268e-05
2.56749e-05 4.27449e+10 2.96536e-05
2.61884e-05 4.36009e+10 3.03983e-05
2.67121e-05 4.4474e+10 3.11613e-05
2.72464e-05 4.53646e+10 3.19432e-05
2.77913e-05 4.62731e+10 3.27443e-05
2.83471e-05 4.71997e+10 3.35652e-05
2.89141e-05 4.81449e+10 3.44063e-05
2.94923e-05 4.91091e+10 3.52681e-05
3.00822e-05 5.00925e+10 3.6151e-05
3.06838e-05 5.10957e+10 3.70557e-05
3.12975e-05 5.2119e+10 3.79826e-05
3.19235e-05 5.31627e+10 3.89322e-05
3.25619e-05 5.42274e+10 3.99051e-05
3.32132e-05 5.53134e+10 4.09019e-05
3.38774e-05 5.64211e+10 4.19231e-05
3.4555e-05 5.75511e+10 4.29694e-05
3.52461e-05 5.87037e+10 4.40412e-05
3.5951e-05 5.98793e+10 4.51392e-05
3.667e-05 6.10786e+10 4.62641e-05
3.74034e-05 6.23018e+10 4.74165e-05
3.81515e-05 6.35496e+10 4.8597e-05
3.89145e-05 6.48223e+10 4.98063e-05
3.96928e-05 6.61206e+10 5.10451e-05
4.04867e-05 6.74448e+10 5.23141e-05
4.12964e-05 6.87956e+10 5.3614e-05
4.21223e-05 7.01735e+10 5.49456e-05
4.29648e-05 7.1579e+10 5.63095e-05
4.38241e-05 7.30126e+10 5.77066e-05
4.47005e-05 7.44749e+10 5.91377e-05
4.55946e-05 7.59666e+10 6.06035e-05
4.65065e-05 7.74881e+10 6.21048e-05
4.74366e-05 7.90401e+10 6.36426e-05
4.83853e-05 8.06233e+10 6.52176e-05
4.9353e-05 8.22381e+10 6.68308e-05
5.03401e-05 8.38853e+10 6.8483e-05
5.13469e-05 8.55655e+10 7.01752e-05
5.23738e-05 8.72793e+10 7.19082e-05
5.34213e-05 8.90275e+10 7.36832e-05
5.44897e-05 9.08108e+10 7.5501e-05
5.55795e-05 9.26297e+10 7.73626e-05
5.66911e-05 9.44851e+10 7.92691e-05
5.78249e-05 9.63777e+10 8.12215e-05
5.89814e-05 9.83082e+10 8.32209e-05
6.01611e-05 1.00277e+11 8.52684e-05
6.13643e-05 1.02286e+11 8.73652e-05
6.25916e-05 1.04335e+11 8.95122e-05
6.38434e-05 1.06425e+11 9.17109e-05
6.51203e-05 1.08557e+11 9.39623e-05
6.64227e-05 1.10731e+11 9.62676e-05
6.77511e-05 1.12949e+11 9.86282e-05
6.91061e-05 1.15212e+11 0.000101045
7.04883e-05 1.1752e+11 0.00010352
7.1898e-05 1.19874e+11 0.000106054
7.3336e-05 1.22275e+11 0.000108649
7.48027e-05 1.24725e+11 0.000111305
7.62988e-05 1.27223e+11 0.000114025
7.78247e-05 1.29772e+11 0.00011681
7.93812e-05 1.32372e+11 0.000119661
8.09689e-05 1.35023e+11 0.000122579
8.25882e-05 1.37728e+11 0.000125568
8.424e-05 1.40488e+11 0.000128627
8.59248e-05 1.43302e+11 0.000131759
8.76433e-05 1.46173e+11 0.000134965
8.93962e-05 1.49101e+11 0.000138247
9.11841e-05 1.52088e+11 0.000141607
9.30078e-05 1.55135e+11 0.000145046
9.48679e-05 1.58243e+11 0.000148567
9.67653e-05 1.61413e+11 0.000152171
9.87006e-05 1.64647e+11 0.00015586
0.000100675 1.67946e+11 0.000159636
0.000102688 1.71311e+11 0.000163501
0.000104742 1.74743e+11 0.000167457
0.000106837 1.78244e+11 0.000171506
0.000108973 1.81815e+11 0.00017565
0.000111153 1.85457e+11 0.000179892
0.000113376 1.89173e+11 0.000184234
0.000115643 1.92963e+11 0.000188677
0.000117956 1.96829e+11 0.000193224
0.000120315 2.00773e+11 0.000197878
0.000122722 2.04796e+11 0.000202641
0.000125176 2.08899e+11 0.000207515
0.00012768 2.13085e+11 0.000212503
0.000130233 2.17354e+11 0.000217607
0.000132838 2.21709e+11 0.00022283
0.000135495 2.26151e+11 0.000228175
0.000138205 2.30683e+11 0.000233645
0.000140969 2.35305e+11 0.000239241
0.000143788 2.4002e+11 0.000244968
0.000146664 2.44829e+11 0.000250828
0.000149597 2.49735e+11 0.000256823
0.000152589 2.54739e+11 0.000262958
0.000155641 2.59843e+11 0.000269234
0.000158754 2.6505e+11 0.000275656
0.000161929 2.70361e+11 0.000282226
0.000165167 2.75778e+11 0.000288948
0.000168471 2.81304e+11 0.000295825
0.00017184 2.86941e+11 0.00030286
0.000175277 2.92691e+11 0.000310058
0.000178782 2.98556e+11 0.00031742
0.000182358 3.04539e+11 0.000324953
0.000186005 3.10641e+11 0.000332658
0.000189725 3.16866e+11 0.000340539
0.00019352 3.23216e+11 0.000348602
0.00019739 3.29693e+11 0.000356849
0.000201338 3.363e+11 0.000365284
0.000205365 3.43039e+11 0.000373912
0.000209472 3.49914e+11 0.000382737
0.000213662 3.56926e+11 0.000391764
0.000217935 3.64079e+11 0.000400996
0.000222293 3.71375e+11 0.000410438
0.000226739 3.78817e+11 0.000420095
0.000231274 3.86409e+11 0.000429971
0.0002359 3.94153e+11 0.000440071
0.000240618 4.02052e+11 0.0004504
0.00024543 4.1011e+11 0.000460963
0.000250339 4.18329e+11 0.000471764
0.000255345 4.26712e+11 0.00048281
0.000260452 4.35264e+11 0.000494105
0.000265661 4.43988e+11 0.000504309
0.000365661 6.11502e+11 0.000588459
0.000465661 7.79056e+11 0.000660918
0.000565661 9.4664e+11 0.000735069
0.000665661 1.11425e+12 0.000812523
0.000765661 1.28188e+12 0.000893659
0.000865661 1.44953e+12 0.000978512
0.000965661 1.6172e+12 0.001067
0.00106566 1.78489e+12 0.00115902
0.00116566 1.95259e+12 0.00125441
0.00126566 2.1203e+12 0.00135306
0.00136566 2.28803e+12 0.00145483
0.00146566 2.45578e+12 0.0015596
0.00156566 2.62354e+12 0.00166726
0.00166566 2.79131e+12 0.00177768
0.00176566 2.95909e+12 0.00189079
0.00186566 3.12688e+12 0.00200647
0.00196566 3.29469e+12 0.00212465
0.00206566 3.46251e+12 0.00224523
0.00216566 3.63033e+12 0.00236816
0.00226566 3.79817e+12 0.00249334
0.00236566 3.96602e+12 0.00262072
0.00246566 4.13388e+12 0.00275024
0.00256566 4.30174e+12 0.00288183
0.00266566 4.46962e+12 0.00301544
0.00276566 4.6375e+12 0.00315102
0.00286566 4.8054e+12 0.00328851
0.00296566 4.9733e+12 0.00342788
0.00306566 5.14121e+12 0.00356907
0.00316566 5.30913e+12 0.00371205
0.00326566 5.47706e+12 0.00385677
0.00336566 5.64499e+12 0.0040032
0.00346566 5.81294e+12 0.0041513
0.00356566 5.98089e+12 0.00430103
0.00366566 6.14885e+12 0.00445238
0.00376566 6.31681e+12 0.0046053
0.00386566 6.48478e+12 0.00475976
0.00396566 6.65276e+12 0.00491574
0.00406566 6.82075e+12 0.00507321
0.00416566 6.98875e+12 0.00523215
0.00426566 7.15675e+12 0.00539252
0.00436566 7.32476e+12 0.00555432
0.00446566 7.49277e+12 0.00571751
0.00456566 7.66079e+12 0.00588207
0.00466566 7.82882e+12 0.00604799
0.00476566 7.99686e+12 0.00621524
0.00486566 8.1649e+12 0.0063838
0.00496566 8.33294e+12 0.00655366
0.00506566 8.501e+12 0.0067248
0.00516566 8.66905e+12 0.0068972
0.00526566 8.83712e+12 0.00707085
0.00536566 9.00519e+12 0.00724573
0.00546566 9.17327e+12 0.00742183
0.00556566 9.34135e+12 0.00759913
0.00566566 9.50944e+12 0.00777761
0.00576566 9.67753e+12 0.00795727
0.00586566 9.84563e+12 0.0081381
0.00596566 1.00137e+13 0.00832007
0.00606566 1.01818e+13 0.00850318
0.00616566 1.035e+13 0.00868741
0.00626566 1.05181e+13 0.00887276
0.00636566 1.06862e+13 0.00905922
0.00646566 1.08543e+13 0.00924676
0.00656566 1.10225e+13 0.0094354
0.00666566 1.11906e+13 0.0096251
0.00676566 1.13588e+13 0.00981587
0.00686566 1.15269e+13 0.0100077
0.00696566 1.16951e+13 0.0102006
0.00706566 1.18632e+13 0.0103945
0.00716566 1.20314e+13 0.0105894
0.00726566 1.21996e+13 0.0107854
0.00736566 1.23678e+13 0.0109824
0.00746566 1.25359e+13 0.0111804
0.00756566 1.27041e+13 0.0113794
0.00766566 1.28723e+13 0.0115793
0.00776566 1.30405e+13 0.0117803
0.00786566 1.32087e+13 0.0119822
0.00796566 1.33769e+13 0.0121852
0.00806566 1.35451e+13 0.012389
0.00816566 1.37133e+13 0.0125939
0.00826566 1.38816e+13 0.0127997
0.00836566 1.40498e+13 0.0130064
0.00846566 1.4218e+13 0.0132141
0.00856566 1.43862e+13 0.0134228
0.00866566 1.45545e+13 0.0136323
0.00876566 1.47227e+13 0.0138428
0.00886566 1.4891e+13 0.0140542
0.00896566 1.50592e+13 0.0142666
0.00906566 1.52275e+13 0.0144798
0.00916566 1.53957e+13 0.014694
0.00926566 1.5564e+13 0.014909
0.00936566 1.57323e+13 0.015125
0.00946566 1.59005e+13 0.0153418
0.00956566 1.60688e+13 0.0155596
0.00966566 1.62371e+13 0.0157782
0.00976566 1.64054e+13 0.0159977
0.00986566 1.65737e+13 0.0162181
0.00996566 1.67419e+13 0.0164394
0.0100657 1.69102e+13 0.0166615
0.0101657 1.70785e+13 0.0168846
0.0102657 1.72468e+13 0.0171084
0.0103657 1.74151e+13 0.0173332
0.0104657 1.75835e+13 0.0175588
0.0105657 1.77518e+13 0.0177852
0.0106657 1.79201e+13 0.0180125
0.0107657 1.80884e+13 0.0182407
0.0108657 1.82567e+13 0.0184697
0.0109657 1.84251e+13 0.0186995
0.0110657 1.85934e+13 0.0189302
0.0111657 1.87617e+13 0.0191617
0.0112657 1.89301e+13 0.0193941
0.0113657 1.90984e+13 0.0196273
0.0114657 1.92668e+13 0.0198613
0.0115657 1.94351e+13 0.0200961
0.0116657 1.96035e+13 0.0203318
0.0117657 1.97718e+13 0.0205683
0.0118657 1.99402e+13 0.0208056
0.0119657 2.01086e+13 0.0210437
0.0120657 2.02769e+13 0.0212827
0.0121657 2.04453e+13 0.0215224
0.0122657 2.06137e+13 0.021763
0.0123657 2.07821e+13 0.0220043
0.0124657 2.09504e+13 0.0222465
0.0125657 2.11188e+13 0.0224895
0.0126657 2.12872e+13 0.0227333
0.0127657 2.14556e+13 0.0229778
0.0128657 2.1624e+13 0.0232232
0.0129657 2.17924e+13 0.0234694
0.0130657 2.19608e+13 0.0237163
0.0131657 2.21292e+13 0.0239641
0.0132657 2.22976e+13 0.0242126
0.0133657 2.2466e+13 0.024462
0.0134657 2.26345e+13 0.0247121
0.0135657 2.28029e+13 0.024963
0.0136657 2.29713e+13 0.0252146
0.0137657 2.31397e+13 0.0254671
0.0138657 2.33082e+13 0.0257203
0.0139657 2.34766e+13 0.0259744
0.0140657 2.3645e+13 0.0262291
0.0141657 2.38135e+13 0.0264847
0.0142657 2.39819e+13 0.0267411
0.0143657 2.41504e+13 0.0269982
0.0144657 2.43188e+13 0.027256
0.0145657 2.44873e+13 0.0275147
0.0146657 2.46557e+13 0.0277741
0.0147657 2.48242e+13 0.0280343
0.0148657 2.49926e+13 0.0282952
0.0149657 2.51611e+13 0.0285569
0.0150657 2.53296e+13 0.0288194
0.0151657 2.54981e+13 0.0290826
0.0152657 2.56665e+13 0.0293466
0.0153657 2.5835e+13 0.0296113
0.0154657 2.60035e+13 0.0298768
0.0155657 2.6172e+13 0.030143
0.0156657 2.63405e+13 0.03041
0.0157657 2.6509e+13 0.0306778
0.0158657 2.66774e+13 0.0309463
0.0159657 2.68459e+13 0.0312155
0.0160657 2.70144e+13 0.0314855
0.0161657 2.71829e+13 0.0317563
0.0162657 2.73514e+13 0.0320277
0.0163657 2.752e+13 0.0323
0.0164657 2.76885e+13 0.0325729
0.0165657 2.7857e+13 0.0328467
0.0166657 2.80255e+13 0.0331211
0.0167657 2.8194e+13 0.0333963
0.0168657 2.83625e+13 0.0336722
0.0169657 2.85311e+13 0.0339489
0.0170657 2.86996e+13 0.0342263
0.0171657 2.88681e+13 0.0345045
0.0172657 2.90367e+13 0.0347833
0.0173657 2.92052e+13 0.035063
0.0174657 2.93737e+13 0.0353433
0.0175657 2.95423e+13 0.0356244
0.0176657 2.97108e+13 0.0359062
0.0177657 2.98794e+13 0.0361887
0.0178657 3.00479e+13 0.036472
0.0179657 3.02165e+13 0.036756
0.0180657 3.0385e+13 0.0370407
0.0181657 3.05536e+13 0.0373261
0.0182657 3.07222e+13 0.0376123
0.0183657 3.08907e+13 0.0378992
0.0184657 3.10593e+13 0.0381868
0.0185657 3.12279e+13 0.0384752
0.0186657 3.13965e+13 0.0387642
0.0187657 3.1565e+13 0.039054
0.0188657 3.17336e+13 0.0393445
0.0189657 3.19022e+13 0.0396357
0.0190657 3.20708e+13 0.0399277
0.0191657 3.22394e+13 0.0402203
0.0192657 3.2408e+13 0.0405137
0.0193657 3.25766e+13 0.0408078
0.0194657 3.27451e+13 0.0411026
0.0195657 3.29137e+13 0.0413981
0.0196657 3.30823e+13 0.0416943
0.0197657 3.3251e+13 0.0419913
0.0198657 3.34196e+13 0.042289
0.0199657 3.35882e+13 0.0425873
0.0200657 3.37568e+13 0.0428864
0.0201657 3.39254e+13 0.0431862
0.0202657 3.4094e+13 0.0434867
0.0203657 3.42626e+13 0.0437879
0.0204657 3.44313e+13 0.0440898
0.0205657 3.45999e+13 0.0443925
0.0206657 3.47685e+13 0.0446958
0.0207657 3.49371e+13 0.0449998
0.0208657 3.51058e+13 0.0453046
0.0209657 3.52744e+13 0.04561
0.0210657 3.54431e+13 0.0459162
0.0211657 3.56117e+13 0.0462231
0.0212657 3.57803e+13 0.0465306
0.0213657 3.5949e+13 0.0468389
0.0214657 3.61176e+13 0.0471479
0.0215657 3.62863e+13 0.0474575
0.0216657 3.64549e+13 0.0477679
0.0217657 3.66236e+13 0.048079
0.0218657 3.67923e+13 0.0483908
0.0219657 3.69609e+13 0.0487032
0.0220657 3.71296e+13 0.0490164
0.0221657 3.72982e+13 0.0493303
0.0222657 3.74669e+13 0.0496448
0.0223657 3.76356e+13 0.0499601
0.0224657 3.78043e+13 0.0502761
0.0225657 3.79729e+13 0.0505927
0.0226657 3.81416e+13 0.0509101
0.0227657 3.83103e+13 0.0512282
0.0228657 3.8479e+13 0.0515469
0.0229657 3.86477e+13 0.0518664
0.0230657 3.88164e+13 0.0521865
0.0231657 3.89851e+13 0.0525073
0.0232657 3.91537e+13 0.0528289
0.0233657 3.93224e+13 0.0531511
0.0234657 3.94911e+13 0.053474
0.0235657 3.96598e+13 0.0537976
0.0236657 3.98285e+13 0.0541219
0.0237657 3.99973e+13 0.0544469
0.0238657 4.0166e+13 0.0547726
0.0239657 4.03347e+13 0.055099
0.0240657 4.05034e+13 0.055426
0.0241657 4.06721e+13 0.0557538
0.0242657 4.08408e+13 0.0560822
0.0243657 4.10095e+13 0.0564114
0.0244657 4.11783e+13 0.0567412
0.0245657 4.1347e+13 0.0570717
0.0246657 4.15157e+13 0.0574029
0.0247657 4.16845e+13 0.0577348
0.0248657 4.18532e+13 0.0580674
0.0249657 4.20219e+13 0.0584007
0.0250657 4.21907e+13 0.0587346
0.0251657 4.23594e+13 0.0590693
0.0252657 4.25281e+13 0.0594046
0.0253657 4.26969e+13 0.0597406
0.0254657 4.28656e+13 0.0600773
0.0255657 4.30344e+13 0.0604147
0.0256657 4.32031e+13 0.0607528
0.0257657 4.33719e+13 0.0610916
0.0258657 4.35406e+13 0.061431
0.0259657 4.37094e+13 0.0617712
0.0260657 4.38782e+13 0.062112
0.0261657 4.40469e+13 0.0624535
0.0262657 4.42157e+13 0.0627957
0.0263657 4.43845e+13 0.0631386
0.0264657 4.45532e+13 0.0634821
0.0265657 4.4722e+13 0.0638264
0.0266657 4.48908e+13 0.0641713
0.0267657 4.50596e+13 0.0645169
0.0268657 4.52283e+13 0.0648632
0.0269657 4.53971e+13 0.0652102
0.0270657 4.55659e+13 0.0655579
0.0271657 4.57347e+13 0.0659063
0.0272657 4.59035e+13 0.0662553
0.0273657 4.60723e+13 0.066605
0.0274657 4.62411e+13 0.0669555
0.0275657 4.64099e+13 0.0673065
0.0276657 4.65787e+13 0.0676583
0.0277657 4.67475e+13 0.0680108
0.0278657 4.69163e+13 0.0683639
0.0279657 4.70851e+13 0.0687178
0.0280657 4.72539e+13 0.0690723
0.0281657 4.74227e+13 0.0694275
0.0282657 4.75915e+13 0.0697834
0.0283657 4.77603e+13 0.0701399
0.0284657 4.79291e+13 0.0704972
0.0285657 4.8098e+13 0.0708551
0.0286657 4.82668e+13 0.0712137
0.0287657 4.84356e+13 0.071573
0.0288657 4.86044e+13 0.071933
0.0289657 4.87732e+13 0.0722937
0.0290657 4.89421e+13 0.072655
0.0291657 4.91109e+13 0.073017
0.0292657 4.92797e+13 0.0733798
0.0293657 4.94486e+13 0.0737432
0.0294657 4.96174e+13 0.0741072
0.0295657 4.97863e+13 0.074472
0.0296657 4.99551e+13 0.0748375
0.0297657 5.01239e+13 0.0752036
0.0298657 5.02928e+13 0.0755704
0.0299657 5.04616e+13 0.0759379
0.0300657 5.06305e+13 0.0763061
0.0301657 5.07993e+13 0.076675
0.0302657 5.09682e+13 0.0770445
0.0303657 5.11371e+13 0.0774148
0.0304657 5.13059e+13 0.0777857
0.0305657 5.14748e+13 0.0781573
0.0306657 5.16436e+13 0.0785296
0.0307657 5.18125e+13 0.0789026
0.0308657 5.19814e+13 0.0792763
0.0309657 5.21503e+13 0.0796506
0.0310657 5.23191e+13 0.0800257
0.0311657 5.2488e+13 0.0804014
0.0312657 5.26569e+13 0.0807778
0.0313657 5.28258e+13 0.0811549
0.0314657 5.29946e+13 0.0815327
0.0315657 5.31635e+13 0.0819112
0.0316657 5.33324e+13 0.0822903
0.0317657 5.35013e+13 0.0826702
0.0318657 5.36702e+13 0.0830507
0.0319657 5.38391e+13 0.0834319
0.0320657 5.4008e+13 0.0838138
0.0321657 5.41769e+13 0.0841964
0.0322657 5.43458e+13 0.0845797
0.0323657 5.45147e+13 0.0849637
0.0324657 5.46836e+13 0.0853483
0.0325657 5.48525e+13 0.0857337
0.0326657 5.50214e+13 0.0861197
0.0327657 5.51903e+13 0.0865065
0.0328657 5.53592e+13 0.0868939
0.0329657 5.55281e+13 0.087282
0.0330657 5.5697e+13 0.0876708
0.0331657 5.5866e+13 0.0880603
0.0332657 5.60349e+13 0.0884505
0.0333657 5.62038e+13 0.0888414
0.0334657 5.63727e+13 0.0892329
0.0335657 5.65417e+13 0.0896252
0.0336657 5.67106e+13 0.0900181
0.0337657 5.68795e+13 0.0904118
0.0338657 5.70484e+13 0.0908061
0.0339657 5.72174e+13 0.0912011
0.0340657 5.73863e+13 0.0915969
0.0341657 5.75553e+13 0.0919933
0.0342657 5.77242e+13 0.0923904
0.0343657 5.78931e+13 0.0927882
0.0344657 5.80621e+13 0.0931867
0.0345657 5.8231e+13 0.0935859
0.0346657 5.84e+13 0.0939858
0.0347657 5.85689e+13 0.0943864
0.0348657 5.87379e+13 0.0947877
0.0349657 5.89068e+13 0.0951897
0.0350657 5.90758e+13 0.0955924
0.0351657 5.92447e+13 0.0959958
0.0352657 5.94137e+13 0.0963998
0.0353657 5.95827e+13 0.0968046
0.0354657 5.97516e+13 0.0972101
0.0355657 5.99206e+13 0.0976163
0.0356657 6.00896e+13 0.0980232
0.0357657 6.02585e+13 0.0984307
0.0358657 6.04275e+13 0.098839
0.0359657 6.05965e+13 0.099248
0.0360657 6.07655e+13 0.0996577
0.0361657 6.09345e+13 0.100068
0.0362657 6.11034e+13 0.100479
0.0363657 6.12724e+13 0.100891
0.0364657 6.14414e+13 0.101303
0.0365657 6.16104e+13 0.101717
0.0366657 6.17794e+13 0.102131
0.0367657 6.19484e+13 0.102545
0.0368657 6.21174e+13 0.102961
0.0369657 6.22864e+13 0.103377
0.0370657 6.24554e+13 0.103793
0.0371657 6.26244e+13 0.104211
0.0372657 6.27934e+13 0.104629
0.0373657 6.29624e+13 0.105048
0.0374657 6.31314e+13 0.105467
0.0375657 6.33004e+13 0.105888
0.0376657 6.34694e+13 0.106309
0.0377657 6.36384e+13 0.10673
0.0378657 6.38074e+13 0.107153
0.0379657 6.39764e+13 0.107576
0.0380657 6.41454e+13 0.108
0.0381657 6.43145e+13 0.108424
0.0382657 6.44835e+13 0.10885
0.0383657 6.46525e+13 0.109276
0.0384657 6.48215e+13 0.109702
0.0385657 6.49906e+13 0.11013
0.0386657 6.51596e+13 0.110558
0.0387657 6.53286e+13 0.110987
0.0388657 6.54977e+13 0.111416
0.0389657 6.56667e+13 0.111847
0.0390657 6.58357e+13 0.112278
0.0391657 6.60048e+13 0.112709
0.0392657 6.61738e+13 0.113142
0.0393657 6.63428e+13 0.113575
0.0394657 6.65119e+13 0.114009
0.0395657 6.66809e+13 0.114444
0.0396657 6.685e+13 0.114879
0.0397657 6.7019e+13 0.115315
0.0398657 6.71881e+13 0.115752
0.0399657 6.73571e+13 0.116189
0.0400657 6.75262e+13 0.116627
0.0401657 6.76953e+13 0.117066
0.0402657 6.78643e+13 0.117506
0.0403657 6.80334e+13 0.117947
0.0404657 6.82024e+13 0.118388
0.0405657 6.83715e+13 0.11883
0.0406657 6.85406e+13 0.119272
0.0407657 6.87097e+13 0.119716
0.0408657 6.88787e+13 0.12016
0.0409657 6.90478e+13 0.120604
0.0410657 6.92169e+13 0.12105
0.0411657 6.9386e+13 0.121496
0.0412657 6.9555e+13 0.121943
0.0413657 6.97241e+13 0.122391
0.0414657 6.98932e+13 0.12284
0.0415657 7.00623e+13 0.123289
0.0416657 7.02314e+13 0.123739
0.0417657 7.04005e+13 0.124189
0.0418657 7.05696e+13 0.124641
0.0419657 7.07386e+13 0.125093
0.0420657 7.09077e+13 0.125546
0.0421657 7.10768e+13 0.126
0.0422657 7.12459e+13 0.126454
0.0423657 7.1415e+13 0.126909
0.0424657 7.15841e+13 0.127365
0.0425657 7.17532e+13 0.127822
0.0426657 7.19224e+13 0.128279
0.0427657 7.20915e+13 0.128737
0.0428657 7.22606e+13 0.129196
0.0429657 7.24297e+13 0.129656
0.0430657 7.25988e+13 0.130116
0.0431657 7.27679e+13 0.130577
0.0432657 7.2937e+13 0.131039
0.0433657 7.31062e+13 0.131502
0.0434657 7.32753e+13 0.131965
0.0435657 7.34444e+13 0.132429
0.0436657 7.36135e+13 0.132894
0.0437657 7.37827e+13 0.13336
0.0438657 7.39518e+13 0.133826
0.0439657 7.41209e+13 0.134293
0.0440657 7.429e+13 0.134761
0.0441657 7.44592e+13 0.13523
0.0442657 7.46283e+13 0.135699
0.0443657 7.47975e+13 0.136169
0.0444657 7.49666e+13 0.13664
0.0445657 7.51357e+13 0.137112
0.0446657 7.53049e+13 0.137585
0.0447657 7.5474e+13 0.138058
0.0448657 7.56432e+13 0.138532
0.0449657 7.58123e+13 0.139007
0.0450657 7.59815e+13 0.139482
0.0451657 7.61506e+13 0.139958
0.0452657 7.63198e+13 0.140435
0.0453657 7.64889e+13 0.140913
0.0454657 7.66581e+13 0.141392
0.0455657 7.68273e+13 0.141871
0.0456657 7.69964e+13 0.142351
0.0457657 7.71656e+13 0.142832
0.0458657 7.73348e+13 0.143314
0.0459657 7.75039e+13 0.143796
0.0460657 7.76731e+13 0.14428
0.0461657 7.78423e+13 0.144764
0.0462657 7.80115e+13 0.145249
0.0463657 7.81806e+13 0.145734
0.0464657 7.83498e+13 0.146221
0.0465657 7.8519e+13 0.146708
0.0466657 7.86882e+13 0.147196
0.0467657 7.88574e+13 0.147684
0.0468657 7.90265e+13 0.148174
0.0469657 7.91957e+13 0.148664
0.0470657 7.93649e+13 0.149155
0.0471657 7.95341e+13 0.149647
0.0472657 7.97033e+13 0.15014
0.0473657 7.98725e+13 0.150633
0.0474657 8.00417e+13 0.151127
0.0475657 8.02109e+13 0.151622
0.0476657 8.03801e+13 0.152118
0.0477657 8.05493e+13 0.152615
0.0478657 8.07185e+13 0.153112
0.0479657 8.08877e+13 0.15361
0.0480657 8.10569e+13 0.154109
0.0481657 8.12261e+13 0.154609
0.0482657 8.13953e+13 0.155109
0.0483657 8.15645e+13 0.155611
0.0484657 8.17338e+13 0.156113
0.0485657 8.1903e+13 0.156616
0.0486657 8.20722e+13 0.15712
0.0487657 8.22414e+13 0.157624
0.0488657 8.24106e+13 0.158129
0.0489657 8.25799e+13 0.158636
0.0490657 8.27491e+13 0.159143
0.0491657 8.29183e+13 0.15965
0.0492657 8.30875e+13 0.160159
0.0493657 8.32568e+13 0.160668
0.0494657 8.3426e+13 0.161179
0.0495657 8.35952e+13 0.16169
0.0496657 8.37645e+13 0.162201
0.0497657 8.39337e+13 0.162714
0.0498657 8.4103e+13 0.163228
0.0499657 8.42722e+13 0.163742
0.0500657 8.44415e+13 0.164257
0.0501657 8.46107e+13 0.164773
0.0502657 8.47799e+13 0.165289
0.0503657 8.49492e+13 0.165807
0.0504657 8.51184e+13 0.166325
0.0505657 8.52877e+13 0.166845
0.0506657 8.5457e+13 0.167365
0.0507657 8.56262e+13 0.167885
0.0508657 8.57955e+13 0.168407
0.0509657 8.59647e+13 0.16893
0.0510657 8.6134e+13 0.169453
0.0511657 8.63033e+13 0.169977
0.0512657 8.64725e+13 0.170502
0.0513657 8.66418e+13 0.171028
0.0514657 8.68111e+13 0.171554
0.0515657 8.69803e+13 0.172082
0.0516657 8.71496e+13 0.17261
0.0517657 8.73189e+13 0.173139
0.0518657 8.74882e+13 0.173669
0.0519657 8.76574e+13 0.1742
0.0520657 8.78267e+13 0.174732
0.0521657 8.7996e+13 0.175264
0.0522657 8.81653e+13 0.175797
0.0523657 8.83346e+13 0.176332
0.0524657 8.85039e+13 0.176867
0.0525657 8.86732e+13 0.177402
0.0526657 8.88425e+13 0.177939
0.0527657 8.90117e+13 0.178477
0.0528657 8.9181e+13 0.179015
0.0529657 8.93503e+13 0.179554
0.0530657 8.95196e+13 0.180094
0.0531657 8.96889e+13 0.180635
0.0532657 8.98582e+13 0.181177
0.0533657 9.00275e+13 0.18172
0.0534657 9.01969e+13 0.182263
0.0535657 9.03662e+13 0.182807
0.0536657 9.05355e+13 0.183353
0.0537657 9.07048e+13 0.183899
0.0538657 9.08741e+13 0.184446
0.0539657 9.10434e+13 0.184993
0.0540657 9.12127e+13 0.185542
0.0541657 9.1382e+13 0.186092
0.0542657 9.15514e+13 0.186642
0.0543657 9.17207e+13 0.187193
0.0544657 9.189e+13 0.187745
0.0545657 9.20593e+13 0.188298
0.0546657 9.22287e+13 0.188852
0.0547657 9.2398e+13 0.189407
0.0548657 9.25673e+13 0.189962
0.0549657 9.27367e+13 0.190519
0.0550657 9.2906e+13 0.191076
0.0551657 9.30753e+13 0.191634
0.0552657 9.32447e+13 0.192193
0.0553657 9.3414e+13 0.192753
0.0554657 9.35834e+13 0.193314
0.0555657 9.37527e+13 0.193876
0.0556657 9.3922e+13 0.194438
0.0557657 9.40914e+13 0.195002
0.0558657 9.42607e+13 0.195566
0.0559657 9.44301e+13 0.196131
0.0560657 9.45994e+13 0.196698
0.0561657 9.47688e+13 0.197265
0.0562657 9.49382e+13 0.197832
0.0563657 9.51075e+13 0.198401
0.0564657 9.52769e+13 0.198971
0.0565657 9.54462e+13 0.199541
0.0566657 9.56156e+13 0.200113
0.0567657 9.5785e+13 0.200685
0.0568657 9.59543e+13 0.201258
0.0569657 9.61237e+13 0.201833
0.0570657 9.62931e+13 0.202408
0.0571657 9.64625e+13 0.202983
0.0572657 9.66318e+13 0.20356
0.0573657 9.68012e+13 0.204138
0.0574657 9.69706e+13 0.204717
0.0575657 9.714e+13 0.205296
0.0576657 9.73093e+13 0.205877
0.0577657 9.74787e+13 0.206458
0.0578657 9.76481e+13 0.20704
0.0579657 9.78175e+13 0.207623
0.0580657 9.79869e+13 0.208207
0.0581657 9.81563e+13 0.208792
0.0582657 9.83257e+13 0.209378
0.0583657 9.84951e+13 0.209965
0.0584657 9.86645e+13 0.210553
0.0585657 9.88339e+13 0.211141
0.0586657 9.90033e+13 0.211731
0.0587657 9.91727e+13 0.212321
0.0588657 9.93421e+13 0.212913
0.0589657 9.95115e+13 0.213505
0.0590657 9.96809e+13 0.214098
0.0591657 9.98503e+13 0.214693
0.0592657 1.0002e+14 0.215288
0.0593657 1.00189e+14 0.215884
0.0594657 1.00359e+14 0.216481
0.0595657 1.00528e+14 0.217078
0.0596657 1.00697e+14 0.217677
0.0597657 1.00867e+14 0.218277
0.0598657 1.01036e+14 0.218878
0.0599657 1.01206e+14 0.219479
0.0600657 1.01375e+14 0.220082
0.0601657 1.01544e+14 0.220685
0.0602657 1.01714e+14 0.221289
0.0603657 1.01883e+14 0.221895
0.0604657 1.02053e+14 0.222501
0.0605657 1.02222e+14 0.223108
0.0606657 1.02392e+14 0.223716
0.0607657 1.02561e+14 0.224326
0.0608657 1.0273e+14 0.224936
0.0609657 1.029e+14 0.225547
0.0610657 1.03069e+14 0.226158
0.0611657 1.03239e+14 0.226771
0.0612657 1.03408e+14 0.227385
0.0613657 1.03578e+14 0.228
0.0614657 1.03747e+14 0.228616
0.0615657 1.03917e+14 0.229232
0.0616657 1.04086e+14 0.22985
0.0617657 1.04256e+14 0.230469
0.0618657 1.04425e+14 0.231088
0.0619657 1.04594e+14 0.231709
0.0620657 1.04764e+14 0.23233
0.0621657 1.04933e+14 0.232953
0.0622657 1.05103e+14 0.233576
0.0623657 1.05272e+14 0.2342
0.0624657 1.05442e+14 0.234826
0.0625657 1.05611e+14 0.235452
0.0626657 1.05781e+14 0.236079
0.0627657 1.0595e+14 0.236707
0.0628657 1.0612e+14 0.237337
0.0629657 1.06289e+14 0.237967
0.0630657 1.06459e+14 0.238598
0.0631657 1.06628e+14 0.23923
0.0632657 1.06798e+14 0.239863
0.0633657 1.06967e+14 0.240497
0.0634657 1.07137e+14 0.241132
0.0635657 1.07306e+14 0.241768
0.0636657 1.07476e+14 0.242405
0.0637657 1.07645e+14 0.243043
0.0638657 1.07814e+14 0.243682
0.0639657 1.07984e+14 0.244322
0.0640657 1.08153e+14 0.244963
0.0641657 1.08323e+14 0.245605
0.0642657 1.08492e+14 0.246248
0.0643657 1.08662e+14 0.246892
0.0644657 1.08831e+14 0.247537
0.0645657 1.09001e+14 0.248183
0.0646657 1.0917e+14 0.248829
0.0647657 1.0934e+14 0.249477
0.0648657 1.0951e+14 0.250126
0.0649657 1.09679e+14 0.250776
0.0650657 1.09849e+14 0.251427
0.0651657 1.10018e+14 0.252079
0.0652657 1.10188e+14 0.252732
0.0653657 1.10357e+14 0.253385
0.0654657 1.10527e+14 0.25404
0.0655657 1.10696e+14 0.254696
0.0656657 1.10866e+14 0.255353
0.0657657 1.11035e+14 0.256011
0.0658657 1.11205e+14 0.25667
0.0659657 1.11374e+14 0.25733
0.0660657 1.11544e+14 0.257991
0.0661657 1.11713e+14 0.258652
0.0662657 1.11883e+14 0.259315
0.0663657 1.12052e+14 0.259979
0.0664657 1.12222e+14 0.260644
0.0665657 1.12391e+14 0.26131
0.0666657 1.12561e+14 0.261977
0.0667657 1.12731e+14 0.262645
0.0668657 1.129e+14 0.263314
0.0669657 1.1307e+14 0.263984
0.0670657 1.13239e+14 0.264655
0.0671657 1.13409e+14 0.265327
0.0672657 1.13578e+14 0.266
0.0673657 1.13748e+14 0.266675
0.0674657 1.13917e+14 0.26735
0.0675657 1.14087e+14 0.268026
0.0676657 1.14257e+14 0.268703
0.0677657 1.14426e+14 0.269381
0.0678657 1.14596e+14 0.270061
0.0679657 1.14765e+14 0.270741
0.0680657 1.14935e+14 0.271422
0.0681657 1.15104e+14 0.272105
0.0682657 1.15274e+14 0.272788
0.0683657 1.15443e+14 0.273473
0.0684657 1.15613e+14 0.274158
0.0685657 1.15783e+14 0.274845
0.0686657 1.15952e+14 0.275532
0.0687657 1.16122e+14 0.276221
0.0688657 1.16291e+14 0.27691
0.0689657 1.16461e+14 0.277601
0.0690657 1.16631e+14 0.278293
0.0691657 1.168e+14 0.278986
0.0692657 1.1697e+14 0.27968
0.0693657 1.17139e+14 0.280374
0.0694657 1.17309e+14 0.28107
0.0695657 1.17478e+14 0.281767
0.0696657 1.17648e+14 0.282465
0.0697657 1.17818e+14 0.283164
0.0698657 1.17987e+14 0.283865
0.0699657 1.18157e+14 0.284566
0.0700657 1.18326e+14 0.285268
0.0701657 1.18496e+14 0.285971
0.0702657 1.18666e+14 0.286676
0.0703657 1.18835e+14 0.287381
0.0704657 1.19005e+14 0.288088
0.0705657 1.19175e+14 0.288795
0.0706657 1.19344e+14 0.289504
0.0707657 1.19514e+14 0.290214
0.0708657 1.19683e+14 0.290924
0.0709657 1.19853e+14 0.291636
0.0710657 1.20023e+14 0.292349
0.0711657 1.20192e+14 0.293063
0.0712657 1.20362e+14 0.293778
0.0713657 1.20531e+14 0.294494
0.0714657 1.20701e+14 0.295211
0.0715657 1.20871e+14 0.29593
0.0716657 1.2104e+14 0.296649
0.0717657 1.2121e+14 0.297369
0.0718657 1.2138e+14 0.298091
0.0719657 1.21549e+14 0.298813
0.0720657 1.21719e+14 0.299537
0.0721657 1.21889e+14 0.300262
0.0722657 1.22058e+14 0.300987
0.0723657 1.22228e+14 0.301714
0.0724657 1.22397e+14 0.302442
0.0725657 1.22567e+14 0.303171
0.0726657 1.22737e+14 0.303901
0.0727657 1.22906e+14 0.304632
0.0728657 1.23076e+14 0.305365
0.0729657 1.23246e+14 0.306098
0.0730657 1.23415e+14 0.306832
0.0731657 1.23585e+14 0.307568
0.0732657 1.23755e+14 0.308304
0.0733657 1.23924e+14 0.309042
0.0734657 1.24094e+14 0.309781
0.0735657 1.24264e+14 0.310521
0.0736657 1.24433e+14 0.311262
0.0737657 1.24603e+14 0.312004
0.0738657 1.24773e+14 0.312747
0.0739657 1.24942e+14 0.313491
0.0740657 1.25112e+14 0.314237
0.0741657 1.25282e+14 0.314983
0.0742657 1.25451e+14 0.31573
0.0743657 1.25621e+14 0.316479
0.0744657 1.25791e+14 0.317229
0.0745657 1.2596e+14 0.31798
0.0746657 1.2613e+14 0.318732
0.0747657 1.263e+14 0.319485
0.0748657 1.26469e+14 0.320239
0.0749657 1.26639e+14 0.320994
0.0750657 1.26809e+14 0.32175
0.0751657 1.26979e+14 0.322508
0.0752657 1.27148e+14 0.323266
0.0753657 1.27318e+14 0.324026
0.0754657 1.27488e+14 0.324786
0.0755657 1.27657e+14 0.325548
0.0756657 1.27827e+14 0.326311
0.0757657 1.27997e+14 0.327075
0.0758657 1.28166e+14 0.32784
0.0759657 1.28336e+14 0.328607
0.0760657 1.28506e+14 0.329374
0.0761657 1.28676e+14 0.330142
0.0762657 1.28845e+14 0.330912
0.0763657 1.29015e+14 0.331683
0.0764657 1.29185e+14 0.332455
0.0765657 1.29354e+14 0.333227
0.0766657 1.29524e+14 0.334001
0.0767657 1.29694e+14 0.334777
0.0768657 1.29864e+14 0.335553
0.0769657 1.30033e+14 0.33633
0.0770657 1.30203e+14 0.337109
0.0771657 1.30373e+14 0.337888
0.0772657 1.30543e+14 0.338669
0.0773657 1.30712e+14 0.339451
0.0774657 1.30882e+14 0.340233
0.0775657 1.31052e+14 0.341018
0.0776657 1.31221e+14 0.341803
0.0777657 1.31391e+14 0.342589
0.0778657 1.31561e+14 0.343376
0.0779657 1.31731e+14 0.344165
0.0780657 1.319e+14 0.344954
0.0781657 1.3207e+14 0.345745
0.0782657 1.3224e+14 0.346537
0.0783657 1.3241e+14 0.34733
0.0784657 1.32579e+14 0.348124
0.0785657 1.32749e+14 0.348919
0.0786657 1.32919e+14 0.349715
0.0787657 1.33089e+14 0.350513
0.0788657 1.33258e+14 0.351311
0.0789657 1.33428e+14 0.352111
0.0790657 1.33598e+14 0.352912
0.0791657 1.33768e+14 0.353713
0.0792657 1.33938e+14 0.354516
0.0793657 1.34107e+14 0.355321
0.0794657 1.34277e+14 0.356126
0.0795657 1.34447e+14 0.356932
0.0796657 1.34617e+14 0.35774
0.0797657 1.34786e+14 0.358548
0.0798657 1.34956e+14 0.359358
0.0799657 1.35126e+14 0.360169
0.0800657 1.35296e+14 0.360981
0.0801657 1.35466e+14 0.361794
0.0802657 1.35635e+14 0.362608
0.0803657 1.35805e+14 0.363423
0.0804657 1.35975e+14 0.36424
0.0805657 1.36145e+14 0.365057
0.0806657 1.36314e+14 0.365876
0.0807657 1.36484e+14 0.366696
0.0808657 1.36654e+14 0.367517
0.0809657 1.36824e+14 0.368339
0.0810657 1.36994e+14 0.369162
0.0811657 1.37163e+14 0.369986
0.0812657 1.37333e+14 0.370811
0.0813657 1.37503e+14 0.371638
0.0814657 1.37673e+14 0.372466
0.0815657 1.37843e+14 0.373294
0.0816657 1.38012e+14 0.374124
0.0817657 1.38182e+14 0.374956
0.0818657 1.38352e+14 0.375788
0.0819657 1.38522e+14 0.376621
0.0820657 1.38692e+14 0.377456
0.0821657 1.38862e+14 0.378291
0.0822657 1.39031e+14 0.379128
0.0823657 1.39201e+14 0.379966
0.0824657 1.39371e+14 0.380805
0.0825657 1.39541e+14 0.381645
0.0826657 1.39711e+14 0.382486
0.0827657 1.39881e+14 0.383329
0.0828657 1.4005e+14 0.384173
0.0829657 1.4022e+14 0.385017
0.0830657 1.4039e+14 0.385863
0.0831657 1.4056e+14 0.386711
0.0832657 1.4073e+14 0.387559
0.0833657 1.409e+14 0.388408
0.0834657 1.41069e+14 0.389259
0.0835657 1.41239e+14 0.390111
0.0836657 1.41409e+14 0.390964
0.0837657 1.41579e+14 0.391819
0.0838657 1.41749e+14 0.392674
0.0839657 1.41919e+14 0.393531
0.0840657 1.42088e+14 0.394389
0.0841657 1.42258e+14 0.395248
0.0842657 1.42428e+14 0.396109
0.0843657 1.42598e+14 0.396971
0.0844657 1.42768e+14 0.397834
0.0845657 1.42938e+14 0.398698
0.0846657 1.43108e+14 0.399564
0.0847657 1.43278e+14 0.400431
0.0848657 1.43447e+14 0.4013
0.0849657 1.43617e+14 0.402169
0.0850657 1.43787e+14 0.403041
0.0851657 1.43957e+14 0.403913
0.0852657 1.44127e+14 0.404788
0.0853657 1.44297e+14 0.405663
0.0854657 1.44467e+14 0.40654
0.0855657 1.44637e+14 0.397516
0.0865657 1.46335e+14 0.40766
0.0875657 1.48034e+14 0.418019
0.0885657 1.49733e+14 0.428594
0.0895657 1.51433e+14 0.43939
0.0905657 1.53132e+14 0.450409
0.0915657 1.54832e+14 0.461654
0.0925657 1.56532e+14 0.47313
0.0935657 1.58232e+14 0.484838
0.0945657 1.59933e+14 0.496783
0.0955657 1.61634e+14 0.508966
0.0965657 1.63335e+14 0.521392
0.0975657 1.65036e+14 0.534063
0.0985657 1.66737e+14 0.546983
0.0995657 1.68439e+14 0.560154
0.100566 1.70141e+14 0.573579
0.101566 1.71843e+14 0.587262
0.102566 1.73545e+14 0.601205
0.103566 1.75248e+14 0.615411
0.104566 1.76951e+14 0.629884
0.105566 1.78654e+14 0.644626
0.106566 1.80357e+14 0.659639
0.107566 1.82061e+14 0.674928
0.108566 1.83765e+14 0.690494
0.109566 1.85469e+14 0.706341
0.110566 1.87173e+14 0.722471
0.111566 1.88878e+14 0.738887
0.112566 1.90583e+14 0.755592
0.113566 1.92288e+14 0.772589
0.114566 1.93993e+14 0.78988
0.115566 1.95699e+14 0.807468
0.116566 1.97405e+14 0.825356
0.117566 1.99111e+14 0.843546
0.118566 2.00818e+14 0.862041
0.119566 2.02525e+14 0.880844
0.120566 2.04232e+14 0.899957
0.121566 2.05939e+14 0.919384
0.122566 2.07647e+14 0.939125
0.123566 2.09355e+14 0.959185
0.124566 2.11063e+14 0.979565
0.125566 2.12772e+14 1.00027
0.126566 2.14481e+14 1.02119
0.131566 2.23029e+14 1.12958
0.136566 2.31586e+14 1.24574
0.141566 2.4015e+14 1.37039
0.146566 2.48722e+14 1.504
0.151566 2.57303e+14 1.64696
0.156566 2.65892e+14 1.79963
0.161566 2.7449e+14 1.96236
0.166566 2.83097e+14 2.13546
0.171566 2.91714e+14 2.31923
0.176566 3.00341e+14 2.514
0.181566 3.08977e+14 2.72005
0.186566 3.17624e+14 2.93768
0.191566 3.26282e+14 3.16719
0.196566 3.34951e+14 3.40887
0.201566 3.4363e+14 3.66302
0.206566 3.52322e+14 3.92996
0.211566 3.61025e+14 4.20997
0.216566 3.6974e+14 4.50338
0.221566 3.78467e+14 4.8105
0.226566 3.87207e+14 5.13167
0.231566 3.9596e+14 5.4672
0.236566 4.04726e+14 5.81746
0.241566 4.13505e+14 6.18279
0.246566 4.22298e+14 6.56355
0.251566 4.31105e+14 6.96011
0.256566 4.39927e+14 7.37286
0.261566 4.48763e+14 7.80219
0.266566 4.57614e+14 8.24851
0.271566 4.6648e+14 8.71223
0.276566 4.75362e+14 9.19377
0.281566 4.84259e+14 9.69356
0.286566 4.93173e+14 10.2121
0.291566 5.02102e+14 10.7497
0.296566 5.11049e+14 11.307
0.301566 5.20013e+14 11.8843
0.306566 5.28994e+14 12.4822
0.311566 5.37993e+14 13.1012
0.316566 5.47009e+14 13.7416
0.321566 5.56045e+14 14.4041
0.326566 5.65098e+14 15.089
0.331566 5.74171e+14 15.797
0.336566 5.83263e+14 16.5283
0.341566 5.92375e+14 17.2837
0.346566 6.01507e+14 18.0634
0.351566 6.10659e+14 18.8681
0.356566 6.19832e+14 19.698
0.361566 6.29026e+14 20.5538
0.366566 6.38242e+14 21.4359
0.371566 6.47479e+14 22.3446
0.376566 6.56739e+14 23.2804
0.381566 6.66021e+14 24.2438
0.386566 6.75325e+14 25.235
0.391566 6.84653e+14 26.2546
0.396566 6.94005e+14 27.3029
0.401566 7.0338e+14 28.3803
0.406566 7.1278e+14 29.4872
0.411566 7.22205e+14 30.6241
0.416566 7.31654e+14 31.7913
0.421566 7.41129e+14 32.9894
0.426566 7.50629e+14 34.2189
0.431566 7.60155e+14 35.4805
0.436566 7.69708e+14 36.7748
0.441566 7.79288e+14 38.1029
0.446566 7.88895e+14 39.4659
0.451566 7.98529e+14 40.8651
0.456566 8.08192e+14 42.3024
0.461566 8.17882e+14 43.7803
0.466566 8.27602e+14 45.303
0.471566 8.37352e+14 46.8797
0.476566 8.47132e+14 48.5047
0.481566 8.56943e+14 50.1208
0.486566 8.66784e+14 51.8411
0.491566 8.76658e+14 53.6376
0.496566 8.86565e+14 55.4846
0.501566 8.96504e+14 57.3587
0.506566 9.06478e+14 59.1694
0.511566 9.16486e+14 61.2891
