1e-10 165827 6.74485e-13
1.02e-10 169143 6.97169e-13
1.0404e-10 172526 7.20604e-13
1.06121e-10 175977 7.44816e-13
1.08243e-10 179496 7.6983e-13
1.10408e-10 183086 7.95671e-13
1.12616e-10 186748 8.22366e-13
1.14869e-10 190483 8.49944e-13
1.17166e-10 194292 8.78433e-13
1.19509e-10 198178 9.07863e-13
1.21899e-10 202142 9.38263e-13
1.24337e-10 206185 9.69667e-13
1.26824e-10 210309 1.00211e-12
1.29361e-10 214515 1.03561e-12
1.31948e-10 218805 1.07022e-12
1.34587e-10 223181 1.10597e-12
1.37279e-10 227645 1.1429e-12
1.40024e-10 232198 1.18104e-12
1.42825e-10 236842 1.22043e-12
1.45681e-10 241579 1.26111e-12
1.48595e-10 246410 1.30313e-12
1.51567e-10 251339 1.34653e-12
1.54598e-10 256365 1.39135e-12
1.5769e-10 261493 1.43764e-12
1.60844e-10 266723 1.48545e-12
1.64061e-10 272057 1.53482e-12
1.67342e-10 277498 1.5858e-12
1.70689e-10 283048 1.63845e-12
1.74102e-10 288709 1.69282e-12
1.77584e-10 294484 1.74897e-12
1.81136e-10 300373 1.80695e-12
1.84759e-10 306381 1.86681e-12
1.88454e-10 312509 1.92863e-12
1.92223e-10 318759 1.99246e-12
1.96068e-10 325134 2.05837e-12
1.99989e-10 331637 2.12643e-12
2.03989e-10 338270 2.19669e-12
2.08069e-10 345035 2.26924e-12
2.1223e-10 351936 2.34414e-12
2.16474e-10 358975 2.42148e-12
2.20804e-10 366154 2.50132e-12
2.2522e-10 373478 2.58375e-12
2.29724e-10 380947 2.66885e-12
2.34319e-10 388566 2.7567e-12
2.39005e-10 396338 2.8474e-12
2.43785e-10 404265 2.94102e-12
2.48661e-10 412350 3.03768e-12
2.53634e-10 420597 3.13745e-12
2.58707e-10 429009 3.24044e-12
2.63881e-10 437589 3.34675e-12
2.69159e-10 446341 3.45648e-12
2.74542e-10 455268 3.56975e-12
2.80033e-10 464374 3.68667e-12
2.85633e-10 473661 3.80734e-12
2.91346e-10 483135 3.93189e-12
2.97173e-10 492798 4.06044e-12
3.03117e-10 502654 4.19312e-12
3.09179e-10 512707 4.33005e-12
3.15362e-10 522961 4.47137e-12
3.2167e-10 533421 4.61722e-12
3.28103e-10 544089 4.76773e-12
3.34665e-10 554971 4.92306e-12
3.41358e-10 566071 5.08335e-12
3.48186e-10 577392 5.24877e-12
3.55149e-10 588940 5.41946e-12
3.62252e-10 600719 5.59559e-12
3.69497e-10 612734 5.77734e-12
3.76887e-10 624989 5.96487e-12
3.84425e-10 637489 6.15838e-12
3.92114e-10 650239 6.35804e-12
3.99956e-10 663244 6.56404e-12
4.07955e-10 676509 6.77659e-12
4.16114e-10 690039 6.99588e-12
4.24436e-10 703840 7.22213e-12
4.32925e-10 717917 7.45554e-12
4.41584e-10 732276 7.69635e-12
4.50415e-10 746922 7.94478e-12
4.59424e-10 761861 8.20106e-12
4.68612e-10 777098 8.46544e-12
4.77984e-10 792640 8.73816e-12
4.87544e-10 808494 9.01949e-12
4.97295e-10 824664 9.30969e-12
5.07241e-10 841157 9.60903e-12
5.17386e-10 857981 9.91779e-12
5.27733e-10 875141 1.02363e-11
5.38288e-10 892644 1.05648e-11
5.49054e-10 910497 1.09036e-11
5.60035e-10 928708 1.1253e-11
5.71235e-10 947282 1.16134e-11
5.8266e-10 966228 1.19851e-11
5.94313e-10 985553 1.23684e-11
6.062e-10 1.00526e+06 1.27637e-11
6.18324e-10 1.02537e+06 1.31714e-11
6.3069e-10 1.04588e+06 1.35918e-11
6.43304e-10 1.0668e+06 1.40253e-11
6.5617e-10 1.08813e+06 1.44724e-11
6.69293e-10 1.1099e+06 1.49334e-11
6.82679e-10 1.13209e+06 1.54087e-11
6.96333e-10 1.15474e+06 1.58988e-11
7.10259e-10 1.17783e+06 1.64042e-11
7.24465e-10 1.20139e+06 1.69253e-11
7.38954e-10 1.22542e+06 1.74625e-11
7.53733e-10 1.24993e+06 1.80165e-11
7.68808e-10 1.27493e+06 1.85875e-11
7.84184e-10 1.30043e+06 1.91763e-11
7.99867e-10 1.32643e+06 1.97833e-11
8.15865e-10 1.35296e+06 2.04091e-11
8.32182e-10 1.38002e+06 2.10541e-11
8.48826e-10 1.40763e+06 2.17191e-11
8.65802e-10 1.43578e+06 2.24047e-11
8.83118e-10 1.46449e+06 2.31113e-11
9.00781e-10 1.49379e+06 2.38397e-11
9.18796e-10 1.52366e+06 2.45905e-11
9.37172e-10 1.55414e+06 2.53644e-11
9.55916e-10 1.58522e+06 2.61621e-11
9.75034e-10 1.61693e+06 2.69842e-11
9.94535e-10 1.64926e+06 2.78316e-11
1.01443e-09 1.68225e+06 2.8705e-11
1.03471e-09 1.7159e+06 2.9605e-11
1.05541e-09 1.75022e+06 3.05327e-11
1.07652e-09 1.78522e+06 3.14886e-11
1.09805e-09 1.82093e+06 3.24738e-11
1.12001e-09 1.85735e+06 3.34891e-11
1.14241e-09 1.89449e+06 3.45353e-11
1.16526e-09 1.93239e+06 3.56134e-11
1.18856e-09 1.97104e+06 3.67243e-11
1.21233e-09 2.01046e+06 3.7869e-11
1.23658e-09 2.05067e+06 3.90485e-11
1.26131e-09 2.09168e+06 4.02638e-11
1.28654e-09 2.13352e+06 4.1516e-11
1.31227e-09 2.17619e+06 4.28061e-11
1.33851e-09 2.21971e+06 4.41354e-11
1.36528e-09 2.26411e+06 4.55049e-11
1.39259e-09 2.30939e+06 4.69158e-11
1.42044e-09 2.35558e+06 4.83693e-11
1.44885e-09 2.4027e+06 4.98668e-11
1.47783e-09 2.45075e+06 5.14094e-11
1.50738e-09 2.49977e+06 5.29985e-11
1.53753e-09 2.54977e+06 5.46354e-11
1.56828e-09 2.60076e+06 5.63217e-11
1.59965e-09 2.65278e+06 5.80586e-11
1.63164e-09 2.70584e+06 5.98478e-11
1.66427e-09 2.75996e+06 6.16906e-11
1.69756e-09 2.81516e+06 6.35887e-11
1.73151e-09 2.87147e+06 6.55437e-11
1.76614e-09 2.9289e+06 6.75573e-11
1.80146e-09 2.98748e+06 6.96311e-11
1.83749e-09 3.04723e+06 7.17669e-11
1.87424e-09 3.10818e+06 7.39665e-11
1.91173e-09 3.17034e+06 7.62318e-11
1.94996e-09 3.23375e+06 7.85646e-11
1.98896e-09 3.29843e+06 8.0967e-11
2.02874e-09 3.3644e+06 8.34409e-11
2.06931e-09 3.43169e+06 8.59884e-11
2.1107e-09 3.50033e+06 8.86116e-11
2.15291e-09 3.57034e+06 9.13127e-11
2.19597e-09 3.64175e+06 9.4094e-11
2.23989e-09 3.71459e+06 9.69578e-11
2.28469e-09 3.78888e+06 9.99064e-11
2.33038e-09 3.86467e+06 1.02942e-10
2.37699e-09 3.94196e+06 1.06068e-10
2.42453e-09 4.02081e+06 1.09286e-10
2.47302e-09 4.10123e+06 1.12599e-10
2.52248e-09 4.18325e+06 1.1601e-10
2.57293e-09 4.26692e+06 1.19522e-10
2.62439e-09 4.35227e+06 1.23137e-10
2.67688e-09 4.43932e+06 1.26858e-10
2.73042e-09 4.52811e+06 1.30689e-10
2.78502e-09 4.61867e+06 1.34633e-10
2.84072e-09 4.71105e+06 1.38692e-10
2.89754e-09 4.80528e+06 1.42871e-10
2.95549e-09 4.90139e+06 1.47172e-10
3.0146e-09 4.99942e+06 1.51599e-10
3.07489e-09 5.09942e+06 1.56155e-10
3.13639e-09 5.20141e+06 1.60845e-10
3.19912e-09 5.30544e+06 1.65672e-10
3.2631e-09 5.41156e+06 1.7064e-10
3.32836e-09 5.5198e+06 1.75754e-10
3.39493e-09 5.6302e+06 1.81016e-10
3.46283e-09 5.74281e+06 1.86431e-10
3.53208e-09 5.85767e+06 1.92005e-10
3.60272e-09 5.97483e+06 1.9774e-10
3.67478e-09 6.09434e+06 2.03642e-10
3.74827e-09 6.21623e+06 2.09716e-10
3.82324e-09 6.34056e+06 2.15966e-10
3.89971e-09 6.46738e+06 2.22397e-10
3.9777e-09 6.59674e+06 2.29015e-10
4.05725e-09 6.72868e+06 2.35825e-10
4.1384e-09 6.86326e+06 2.42831e-10
4.22117e-09 7.00054e+06 2.50041e-10
4.30559e-09 7.14056e+06 2.57458e-10
4.3917e-09 7.28338e+06 2.6509e-10
4.47954e-09 7.42905e+06 2.72942e-10
4.56913e-09 7.57764e+06 2.81021e-10
4.66051e-09 7.72921e+06 2.89332e-10
4.75372e-09 7.8838e+06 2.97883e-10
4.84879e-09 8.04149e+06 3.0668e-10
4.94577e-09 8.20233e+06 3.15729e-10
5.04468e-09 8.36639e+06 3.25039e-10
5.14558e-09 8.53373e+06 3.34616e-10
5.24849e-09 8.70441e+06 3.44468e-10
5.35346e-09 8.87852e+06 3.54603e-10
5.46053e-09 9.0561e+06 3.65028e-10
5.56974e-09 9.23723e+06 3.75751e-10
5.68113e-09 9.42199e+06 3.86781e-10
5.79476e-09 9.61045e+06 3.98127e-10
5.91065e-09 9.80267e+06 4.09797e-10
6.02886e-09 9.99874e+06 4.218e-10
6.14944e-09 1.01987e+07 4.34146e-10
6.27243e-09 1.04027e+07 4.46844e-10
6.39788e-09 1.06108e+07 4.59903e-10
6.52584e-09 1.0823e+07 4.73335e-10
6.65635e-09 1.10395e+07 4.87149e-10
6.78948e-09 1.12603e+07 5.01355e-10
6.92527e-09 1.14855e+07 5.15966e-10
7.06378e-09 1.17153e+07 5.30991e-10
7.20505e-09 1.19496e+07 5.46443e-10
7.34915e-09 1.21886e+07 5.62334e-10
7.49614e-09 1.24324e+07 5.78675e-10
7.64606e-09 1.26811e+07 5.95478e-10
7.79898e-09 1.29347e+07 6.12758e-10
7.95496e-09 1.31934e+07 6.30526e-10
8.11406e-09 1.34573e+07 6.48797e-10
8.27634e-09 1.37265e+07 6.67585e-10
8.44187e-09 1.4001e+07 6.86903e-10
8.6107e-09 1.42811e+07 7.06766e-10
8.78292e-09 1.45667e+07 7.27189e-10
8.95858e-09 1.48581e+07 7.48188e-10
9.13775e-09 1.51553e+07 7.69779e-10
9.3205e-09 1.54584e+07 7.91978e-10
9.50691e-09 1.57676e+07 8.14801e-10
9.69705e-09 1.6083e+07 8.38266e-10
9.89099e-09 1.64047e+07 8.62391e-10
1.00888e-08 1.67328e+07 8.87193e-10
1.02906e-08 1.70675e+07 9.12692e-10
1.04964e-08 1.74089e+07 9.38906e-10
1.07063e-08 1.77571e+07 9.65855e-10
1.09205e-08 1.81123e+07 9.9356e-10
1.11389e-08 1.84745e+07 1.02204e-09
1.13616e-08 1.88441e+07 1.05132e-09
1.15889e-08 1.9221e+07 1.08141e-09
1.18207e-08 1.96054e+07 1.11235e-09
1.20571e-08 1.99976e+07 1.14416e-09
1.22982e-08 2.03976e+07 1.17685e-09
1.25442e-08 2.08056e+07 1.21045e-09
1.27951e-08 2.12217e+07 1.24499e-09
1.3051e-08 2.16462e+07 1.2805e-09
1.3312e-08 2.20792e+07 1.31699e-09
1.35782e-08 2.25208e+07 1.3545e-09
1.38498e-08 2.29713e+07 1.39306e-09
1.41268e-08 2.34308e+07 1.43268e-09
1.44093e-08 2.38994e+07 1.47341e-09
1.46975e-08 2.43775e+07 1.51528e-09
1.49914e-08 2.48651e+07 1.5583e-09
1.52913e-08 2.53624e+07 1.60252e-09
1.55971e-08 2.58697e+07 1.64797e-09
1.5909e-08 2.63872e+07 1.69468e-09
1.62272e-08 2.6915e+07 1.74268e-09
1.65518e-08 2.74534e+07 1.79201e-09
1.68828e-08 2.80025e+07 1.84271e-09
1.72205e-08 2.85626e+07 1.89482e-09
1.75649e-08 2.91339e+07 1.94836e-09
1.79162e-08 2.97167e+07 2.00339e-09
1.82745e-08 3.03111e+07 2.05994e-09
1.864e-08 3.09174e+07 2.11805e-09
1.90128e-08 3.15358e+07 2.17777e-09
1.9393e-08 3.21666e+07 2.23913e-09
1.97809e-08 3.281e+07 2.30219e-09
2.01765e-08 3.34663e+07 2.36699e-09
2.058e-08 3.41357e+07 2.43357e-09
2.09916e-08 3.48185e+07 2.50199e-09
2.14115e-08 3.5515e+07 2.5723e-09
2.18397e-08 3.62254e+07 2.64453e-09
2.22765e-08 3.695e+07 2.71876e-09
2.2722e-08 3.76891e+07 2.79503e-09
2.31765e-08 3.84429e+07 2.8734e-09
2.364e-08 3.92119e+07 2.95392e-09
2.41128e-08 3.99962e+07 3.03665e-09
2.45951e-08 4.07963e+07 3.12166e-09
2.5087e-08 4.16123e+07 3.209e-09
2.55887e-08 4.24447e+07 3.29873e-09
2.61005e-08 4.32937e+07 3.39093e-09
2.66225e-08 4.41597e+07 3.48565e-09
2.71549e-08 4.5043e+07 3.58297e-09
2.7698e-08 4.5944e+07 3.68296e-09
2.8252e-08 4.6863e+07 3.78568e-09
2.8817e-08 4.78004e+07 3.89122e-09
2.93934e-08 4.87566e+07 3.99964e-09
2.99812e-08 4.97318e+07 4.11103e-09
3.05809e-08 5.07266e+07 4.22546e-09
3.11925e-08 5.17413e+07 4.34303e-09
3.18163e-08 5.27763e+07 4.4638e-09
3.24526e-08 5.3832e+07 4.58787e-09
3.31017e-08 5.49088e+07 4.71533e-09
3.37637e-08 5.60071e+07 4.84627e-09
3.4439e-08 5.71274e+07 4.98077e-09
3.51278e-08 5.82702e+07 5.11895e-09
3.58303e-08 5.94358e+07 5.26089e-09
3.6547e-08 6.06247e+07 5.4067e-09
3.72779e-08 6.18374e+07 5.55649e-09
3.80235e-08 6.30743e+07 5.71035e-09
3.87839e-08 6.4336e+07 5.86839e-09
3.95596e-08 6.56229e+07 6.03074e-09
4.03508e-08 6.69356e+07 6.19751e-09
4.11578e-08 6.82745e+07 6.36881e-09
4.1981e-08 6.96403e+07 6.54476e-09
4.28206e-08 7.10333e+07 6.7255e-09
4.3677e-08 7.24542e+07 6.91114e-09
4.45505e-08 7.39036e+07 7.10183e-09
4.54415e-08 7.53819e+07 7.29769e-09
4.63504e-08 7.68898e+07 7.49887e-09
4.72774e-08 7.84279e+07 7.7055e-09
4.82229e-08 7.99967e+07 7.91774e-09
4.91874e-08 8.15969e+07 8.13573e-09
5.01711e-08 8.32291e+07 8.35963e-09
5.11746e-08 8.4894e+07 8.58959e-09
5.2198e-08 8.65922e+07 8.82579e-09
5.3242e-08 8.83244e+07 9.06837e-09
5.43069e-08 9.00912e+07 9.31753e-09
5.5393e-08 9.18934e+07 9.57342e-09
5.65008e-08 9.37316e+07 9.83624e-09
5.76309e-08 9.56066e+07 1.01062e-08
5.87835e-08 9.75191e+07 1.03834e-08
5.99592e-08 9.94698e+07 1.06681e-08
6.11583e-08 1.0146e+08 1.09605e-08
6.23815e-08 1.03489e+08 1.12608e-08
6.36291e-08 1.05559e+08 1.15692e-08
6.49017e-08 1.07671e+08 1.18859e-08
6.61997e-08 1.09825e+08 1.22112e-08
6.75237e-08 1.12022e+08 1.25453e-08
6.88742e-08 1.14263e+08 1.28884e-08
7.02517e-08 1.16548e+08 1.32407e-08
7.16567e-08 1.1888e+08 1.36025e-08
7.30899e-08 1.21258e+08 1.3974e-08
7.45517e-08 1.23684e+08 1.43556e-08
7.60427e-08 1.26158e+08 1.47475e-08
7.75636e-08 1.28681e+08 1.51499e-08
7.91148e-08 1.31256e+08 1.55631e-08
8.06971e-08 1.33881e+08 1.59874e-08
8.23111e-08 1.3656e+08 1.64232e-08
8.39573e-08 1.39291e+08 1.68707e-08
8.56364e-08 1.42078e+08 1.73302e-08
8.73492e-08 1.4492e+08 1.78021e-08
8.90961e-08 1.47819e+08 1.82866e-08
9.08781e-08 1.50776e+08 1.87842e-08
9.26956e-08 1.53792e+08 1.92951e-08
9.45495e-08 1.56869e+08 1.98198e-08
9.64405e-08 1.60007e+08 2.03585e-08
9.83693e-08 1.63208e+08 2.09117e-08
1.00337e-07 1.66473e+08 2.14798e-08
1.02343e-07 1.69803e+08 2.20631e-08
1.0439e-07 1.732e+08 2.2662e-08
1.06478e-07 1.76664e+08 2.3277e-08
1.08608e-07 1.80199e+08 2.39085e-08
1.1078e-07 1.83803e+08 2.45568e-08
1.12995e-07 1.8748e+08 2.52226e-08
1.15255e-07 1.91231e+08 2.59062e-08
1.1756e-07 1.95057e+08 2.66081e-08
1.19912e-07 1.98959e+08 2.73288e-08
1.2231e-07 2.02939e+08 2.80688e-08
1.24756e-07 2.06999e+08 2.88286e-08
1.27251e-07 2.1114e+08 2.96087e-08
1.29796e-07 2.15363e+08 3.04097e-08
1.32392e-07 2.19672e+08 3.12321e-08
1.3504e-07 2.24066e+08 3.20765e-08
1.37741e-07 2.28549e+08 3.29435e-08
1.40496e-07 2.33121e+08 3.38336e-08
1.43306e-07 2.37785e+08 3.47475e-08
1.46172e-07 2.42542e+08 3.56859e-08
1.49095e-07 2.47394e+08 3.66493e-08
1.52077e-07 2.52343e+08 3.76384e-08
1.55119e-07 2.57391e+08 3.86539e-08
1.58221e-07 2.6254e+08 3.96965e-08
1.61385e-07 2.67793e+08 4.0767e-08
1.64613e-07 2.7315e+08 4.18659e-08
1.67905e-07 2.78614e+08 4.29942e-08
1.71263e-07 2.84188e+08 4.41526e-08
1.74689e-07 2.89874e+08 4.53419e-08
1.78182e-07 2.95673e+08 4.65629e-08
1.81746e-07 3.01588e+08 4.78164e-08
1.85381e-07 3.07621e+08 4.91033e-08
1.89089e-07 3.13776e+08 5.04244e-08
1.9287e-07 3.20053e+08 5.17808e-08
1.96728e-07 3.26456e+08 5.31733e-08
2.00662e-07 3.32987e+08 5.46028e-08
2.04676e-07 3.39649e+08 5.60704e-08
2.08769e-07 3.46444e+08 5.7577e-08
2.12945e-07 3.53375e+08 5.91237e-08
2.17203e-07 3.60444e+08 6.07115e-08
2.21547e-07 3.67655e+08 6.23416e-08
2.25978e-07 3.75011e+08 6.4015e-08
2.30498e-07 3.82513e+08 6.57329e-08
2.35108e-07 3.90166e+08 6.74964e-08
2.3981e-07 3.97972e+08 6.93068e-08
2.44606e-07 4.05933e+08 7.11652e-08
2.49498e-07 4.14055e+08 7.30731e-08
2.54488e-07 4.22338e+08 7.50315e-08
2.59578e-07 4.30788e+08 7.7042e-08
2.6477e-07 4.39407e+08 7.91058e-08
2.70065e-07 4.48197e+08 8.12244e-08
2.75466e-07 4.57164e+08 8.33993e-08
2.80976e-07 4.66311e+08 8.56318e-08
2.86595e-07 4.7564e+08 8.79235e-08
2.92327e-07 4.85156e+08 9.02759e-08
2.98174e-07 4.94862e+08 9.26908e-08
3.04137e-07 5.04763e+08 9.51696e-08
3.1022e-07 5.14862e+08 9.77141e-08
3.16424e-07 5.25162e+08 1.00326e-07
3.22753e-07 5.35669e+08 1.03007e-07
3.29208e-07 5.46386e+08 1.05759e-07
3.35792e-07 5.57318e+08 1.08584e-07
3.42508e-07 5.68468e+08 1.11484e-07
3.49358e-07 5.79842e+08 1.14461e-07
3.56345e-07 5.91443e+08 1.17516e-07
3.63472e-07 6.03276e+08 1.20652e-07
3.70742e-07 6.15346e+08 1.23871e-07
3.78156e-07 6.27657e+08 1.27175e-07
3.8572e-07 6.40215e+08 1.30567e-07
3.93434e-07 6.53024e+08 1.34048e-07
4.01303e-07 6.66089e+08 1.37622e-07
4.09329e-07 6.79416e+08 1.41289e-07
4.17515e-07 6.93009e+08 1.45054e-07
4.25866e-07 7.06875e+08 1.48918e-07
4.34383e-07 7.21018e+08 1.52884e-07
4.4307e-07 7.35443e+08 1.56955e-07
4.51932e-07 7.50158e+08 1.61133e-07
4.60971e-07 7.65167e+08 1.65422e-07
4.7019e-07 7.80476e+08 1.69823e-07
4.79594e-07 7.96092e+08 1.74341e-07
4.89186e-07 8.1202e+08 1.78978e-07
4.98969e-07 8.28267e+08 1.83738e-07
5.08949e-07 8.44839e+08 1.88623e-07
5.19128e-07 8.61743e+08 1.93636e-07
5.2951e-07 8.78984e+08 1.98782e-07
5.401e-07 8.96571e+08 2.04064e-07
5.50902e-07 9.1451e+08 2.09484e-07
5.61921e-07 9.32808e+08 2.15048e-07
5.73159e-07 9.51472e+08 2.20757e-07
5.84622e-07 9.70509e+08 2.26618e-07
5.96315e-07 9.89928e+08 2.32632e-07
6.08241e-07 1.00973e+09 2.38805e-07
6.20406e-07 1.02994e+09 2.45141e-07
6.32814e-07 1.05055e+09 2.51643e-07
6.4547e-07 1.07157e+09 2.58316e-07
6.58379e-07 1.09301e+09 2.65164e-07
6.71547e-07 1.11488e+09 2.72193e-07
6.84978e-07 1.13718e+09 2.79407e-07
6.98678e-07 1.15994e+09 2.8681e-07
7.12651e-07 1.18315e+09 2.94407e-07
7.26904e-07 1.20682e+09 3.02205e-07
7.41442e-07 1.23097e+09 3.10207e-07
7.56271e-07 1.2556e+09 3.18419e-07
7.71396e-07 1.28072e+09 3.26847e-07
7.86824e-07 1.30635e+09 3.35497e-07
8.02561e-07 1.33249e+09 3.44373e-07
8.18612e-07 1.35915e+09 3.53482e-07
8.34984e-07 1.38634e+09 3.62831e-07
8.51684e-07 1.41408e+09 3.72424e-07
8.68718e-07 1.44238e+09 3.82269e-07
8.86092e-07 1.47124e+09 3.92373e-07
9.03814e-07 1.50068e+09 4.02741e-07
9.2189e-07 1.53071e+09 4.13381e-07
9.40328e-07 1.56134e+09 4.243e-07
9.59135e-07 1.59258e+09 4.35505e-07
9.78317e-07 1.62445e+09 4.47004e-07
9.97884e-07 1.65695e+09 4.58803e-07
1.01784e-06 1.69011e+09 4.70912e-07
1.0382e-06 1.72393e+09 4.83338e-07
1.05896e-06 1.75842e+09 4.96089e-07
1.08014e-06 1.79361e+09 5.09173e-07
1.10174e-06 1.8295e+09 5.226e-07
1.12378e-06 1.86611e+09 5.36378e-07
1.14625e-06 1.90345e+09 5.50517e-07
1.16918e-06 1.94154e+09 5.65025e-07
1.19256e-06 1.98039e+09 5.79913e-07
1.21641e-06 2.02002e+09 5.95189e-07
1.24074e-06 2.06044e+09 6.10865e-07
1.26556e-06 2.10167e+09 6.2695e-07
1.29087e-06 2.14373e+09 6.43456e-07
1.31669e-06 2.18663e+09 6.60393e-07
1.34302e-06 2.23038e+09 6.77771e-07
1.36988e-06 2.27501e+09 6.95604e-07
1.39728e-06 2.32054e+09 7.13901e-07
1.42522e-06 2.36698e+09 7.32677e-07
1.45373e-06 2.41434e+09 7.51941e-07
1.4828e-06 2.46266e+09 7.71709e-07
1.51246e-06 2.51194e+09 7.91992e-07
1.54271e-06 2.56221e+09 8.12803e-07
1.57356e-06 2.61348e+09 8.34157e-07
1.60503e-06 2.66578e+09 8.56067e-07
1.63713e-06 2.71913e+09 8.78549e-07
1.66988e-06 2.77354e+09 9.01615e-07
1.70327e-06 2.82904e+09 9.25282e-07
1.73734e-06 2.88566e+09 9.49566e-07
1.77209e-06 2.9434e+09 9.74481e-07
1.80753e-06 3.00231e+09 1.00005e-06
1.84368e-06 3.06239e+09 1.02627e-06
1.88055e-06 3.12368e+09 1.05319e-06
1.91816e-06 3.18619e+09 1.0808e-06
1.95653e-06 3.24995e+09 1.10912e-06
1.99566e-06 3.31499e+09 1.13819e-06
2.03557e-06 3.38133e+09 1.16801e-06
2.07628e-06 3.449e+09 1.1986e-06
2.11781e-06 3.51802e+09 1.22999e-06
2.16016e-06 3.58843e+09 1.2622e-06
2.20337e-06 3.66024e+09 1.29524e-06
2.24743e-06 3.73349e+09 1.32914e-06
2.29238e-06 3.80821e+09 1.36392e-06
2.33823e-06 3.88442e+09 1.3996e-06
2.38499e-06 3.96216e+09 1.4362e-06
2.43269e-06 4.04146e+09 1.47375e-06
2.48135e-06 4.12234e+09 1.51228e-06
2.53098e-06 4.20484e+09 1.55181e-06
2.5816e-06 4.289e+09 1.59236e-06
2.63323e-06 4.37483e+09 1.63396e-06
2.68589e-06 4.46239e+09 1.67664e-06
2.73961e-06 4.5517e+09 1.72042e-06
2.7944e-06 4.64279e+09 1.76534e-06
2.85029e-06 4.73571e+09 1.81142e-06
2.9073e-06 4.83049e+09 1.85869e-06
2.96544e-06 4.92717e+09 1.90718e-06
3.02475e-06 5.02578e+09 1.95693e-06
3.08525e-06 5.12637e+09 2.00796e-06
3.14695e-06 5.22897e+09 2.06031e-06
3.20989e-06 5.33362e+09 2.11402e-06
3.27409e-06 5.44037e+09 2.16911e-06
3.33957e-06 5.54926e+09 2.22562e-06
3.40636e-06 5.66032e+09 2.28359e-06
3.47449e-06 5.77361e+09 2.34306e-06
3.54398e-06 5.88917e+09 2.40407e-06
3.61486e-06 6.00704e+09 2.46664e-06
3.68715e-06 6.12727e+09 2.53083e-06
3.7609e-06 6.24991e+09 2.59668e-06
3.83611e-06 6.375e+09 2.66422e-06
3.91284e-06 6.5026e+09 2.7335e-06
3.99109e-06 6.63275e+09 2.80457e-06
4.07092e-06 6.76551e+09 2.87747e-06
4.15233e-06 6.90092e+09 2.95224e-06
4.23538e-06 7.03904e+09 3.02894e-06
4.32009e-06 7.17994e+09 3.10761e-06
4.40649e-06 7.32365e+09 3.1883e-06
4.49462e-06 7.47023e+09 3.27107e-06
4.58451e-06 7.61976e+09 3.35597e-06
4.6762e-06 7.77227e+09 3.44305e-06
4.76973e-06 7.92784e+09 3.53236e-06
4.86512e-06 8.08653e+09 3.62397e-06
4.96242e-06 8.24839e+09 3.71793e-06
5.06167e-06 8.41349e+09 3.8143e-06
5.1629e-06 8.5819e+09 3.91315e-06
5.26616e-06 8.75368e+09 4.01453e-06
5.37149e-06 8.9289e+09 4.11851e-06
5.47892e-06 9.10763e+09 4.22515e-06
5.58849e-06 9.28993e+09 4.33453e-06
5.70026e-06 9.47589e+09 4.44671e-06
5.81427e-06 9.66557e+09 4.56177e-06
5.93055e-06 9.85904e+09 4.67977e-06
6.04917e-06 1.00564e+10 4.80079e-06
6.17015e-06 1.02577e+10 4.9249e-06
6.29355e-06 1.0463e+10 5.05219e-06
6.41942e-06 1.06725e+10 5.18274e-06
6.54781e-06 1.08861e+10 5.31662e-06
6.67877e-06 1.1104e+10 5.45392e-06
6.81234e-06 1.13263e+10 5.59473e-06
6.94859e-06 1.1553e+10 5.73913e-06
7.08756e-06 1.17843e+10 5.88722e-06
7.22931e-06 1.20202e+10 6.03909e-06
7.3739e-06 1.22608e+10 6.19483e-06
7.52138e-06 1.25063e+10 6.35454e-06
7.67181e-06 1.27566e+10 6.51833e-06
7.82524e-06 1.3012e+10 6.68629e-06
7.98175e-06 1.32725e+10 6.85852e-06
8.14138e-06 1.35382e+10 7.03514e-06
8.30421e-06 1.38092e+10 7.21626e-06
8.47029e-06 1.40856e+10 7.40198e-06
8.6397e-06 1.43676e+10 7.59243e-06
8.81249e-06 1.46552e+10 7.78772e-06
8.98874e-06 1.49486e+10 7.98797e-06
9.16852e-06 1.52479e+10 8.19331e-06
9.35189e-06 1.55531e+10 8.40387e-06
9.53893e-06 1.58645e+10 8.61977e-06
9.7297e-06 1.61821e+10 8.84115e-06
9.9243e-06 1.65061e+10 9.06815e-06
1.01228e-05 1.68365e+10 9.3009e-06
1.03252e-05 1.71736e+10 9.53955e-06
1.05317e-05 1.75174e+10 9.78424e-06
1.07424e-05 1.78681e+10 1.00351e-05
1.09572e-05 1.82258e+10 1.02924e-05
1.11764e-05 1.85907e+10 1.05561e-05
1.13999e-05 1.89629e+10 1.08266e-05
1.16279e-05 1.93426e+10 1.11038e-05
1.18605e-05 1.97298e+10 1.13881e-05
1.20977e-05 2.01248e+10 1.16796e-05
1.23396e-05 2.05278e+10 1.19784e-05
1.25864e-05 2.09387e+10 1.22847e-05
1.28381e-05 2.1358e+10 1.25988e-05
1.30949e-05 2.17856e+10 1.29208e-05
1.33568e-05 2.22218e+10 1.32509e-05
1.36239e-05 2.26667e+10 1.35894e-05
1.38964e-05 2.31205e+10 1.39364e-05
1.41743e-05 2.35834e+10 1.42921e-05
1.44578e-05 2.40556e+10 1.46567e-05
1.4747e-05 2.45373e+10 1.50306e-05
1.50419e-05 2.50285e+10 1.54138e-05
1.53428e-05 2.55297e+10 1.58066e-05
1.56496e-05 2.60408e+10 1.62094e-05
1.59626e-05 2.65622e+10 1.66222e-05
1.62819e-05 2.70941e+10 1.70454e-05
1.66075e-05 2.76366e+10 1.74792e-05
1.69396e-05 2.819e+10 1.79239e-05
1.72784e-05 2.87544e+10 1.83797e-05
1.7624e-05 2.93302e+10 1.8847e-05
1.79765e-05 2.99174e+10 1.93259e-05
1.8336e-05 3.05165e+10 1.98169e-05
1.87027e-05 3.11275e+10 2.03201e-05
1.90768e-05 3.17508e+10 2.08359e-05
1.94583e-05 3.23866e+10 2.13645e-05
1.98475e-05 3.30351e+10 2.19064e-05
2.02444e-05 3.36966e+10 2.24618e-05
2.06493e-05 3.43714e+10 2.30311e-05
2.10623e-05 3.50596e+10 2.36145e-05
2.14836e-05 3.57617e+10 2.42125e-05
2.19132e-05 3.64778e+10 2.48254e-05
2.23515e-05 3.72082e+10 2.54535e-05
2.27985e-05 3.79533e+10 2.60973e-05
2.32545e-05 3.87133e+10 2.67571e-05
2.37196e-05 3.94886e+10 2.74332e-05
2.4194e-05 4.02793e+10 2.81262e-05
2.46779e-05 4.10859e+10 2.88364e-05
2.51714e-05 4.19087e+10 2.95641e-05
2.56749e-05 4.2748e+10 3.031e-05
2.61884e-05 4.3604e+10 3.10743e-05
2.67121e-05 4.44772e+10 3.18575e-05
2.72464e-05 4.53679e+10 3.26601e-05
2.77913e-05 4.62765e+10 3.34826e-05
2.83471e-05 4.72032e+10 3.43254e-05
2.89141e-05 4.81485e+10 3.51891e-05
2.94923e-05 4.91128e+10 3.6074e-05
3.00822e-05 5.00963e+10 3.69808e-05
3.06838e-05 5.10996e+10 3.791e-05
3.12975e-05 5.2123e+10 3.8862e-05
3.19235e-05 5.31668e+10 3.98375e-05
3.25619e-05 5.42316e+10 4.0837e-05
3.32132e-05 5.53177e+10 4.18611e-05
3.38774e-05 5.64256e+10 4.29104e-05
3.4555e-05 5.75557e+10 4.39854e-05
3.52461e-05 5.87084e+10 4.50868e-05
3.5951e-05 5.98842e+10 4.62153e-05
3.667e-05 6.10836e+10 4.73714e-05
3.74034e-05 6.2307e+10 4.85558e-05
3.81515e-05 6.35549e+10 4.97693e-05
3.89145e-05 6.48278e+10 5.10124e-05
3.96928e-05 6.61262e+10 5.22859e-05
4.04867e-05 6.74506e+10 5.35905e-05
4.12964e-05 6.88016e+10 5.49269e-05
4.21223e-05 7.01796e+10 5.6296e-05
4.29648e-05 7.15852e+10 5.76984e-05
4.38241e-05 7.3019e+10 5.9135e-05
4.47005e-05 7.44815e+10 6.06065e-05
4.55946e-05 7.59734e+10 6.21138e-05
4.65065e-05 7.74951e+10 6.36578e-05
4.74366e-05 7.90473e+10 6.52392e-05
4.83853e-05 8.06306e+10 6.68591e-05
4.9353e-05 8.22457e+10 6.85181e-05
5.03401e-05 8.38931e+10 7.02174e-05
5.13469e-05 8.55735e+10 7.19578e-05
5.23738e-05 8.72876e+10 7.37403e-05
5.34213e-05 8.9036e+10 7.55658e-05
5.44897e-05 9.08195e+10 7.74354e-05
5.55795e-05 9.26387e+10 7.93501e-05
5.66911e-05 9.44943e+10 8.1311e-05
5.78249e-05 9.63872e+10 8.3319e-05
5.89814e-05 9.83179e+10 8.53754e-05
6.01611e-05 1.00287e+11 8.74812e-05
6.13643e-05 1.02296e+11 8.96376e-05
6.25916e-05 1.04346e+11 9.18457e-05
6.38434e-05 1.06436e+11 9.41068e-05
6.51203e-05 1.08568e+11 9.6422e-05
6.64227e-05 1.10743e+11 9.87925e-05
6.77511e-05 1.12961e+11 0.00010122
6.91061e-05 1.15224e+11 0.000103705
7.04883e-05 1.17532e+11 0.000106249
7.1898e-05 1.19887e+11 0.000108855
7.3336e-05 1.22289e+11 0.000111522
7.48027e-05 1.24738e+11 0.000114252
7.62988e-05 1.27237e+11 0.000117048
7.78247e-05 1.29786e+11 0.00011991
7.93812e-05 1.32386e+11 0.000122839
8.09689e-05 1.35039e+11 0.000125838
8.25882e-05 1.37744e+11 0.000128908
8.424e-05 1.40504e+11 0.000132051
8.59248e-05 1.43318e+11 0.000135267
8.76433e-05 1.4619e+11 0.00013856
8.93962e-05 1.49119e+11 0.00014193
9.11841e-05 1.52106e+11 0.000145379
9.30078e-05 1.55153e+11 0.00014891
9.48679e-05 1.58262e+11 0.000152523
9.67653e-05 1.61433e+11 0.000156221
9.87006e-05 1.64667e+11 0.000160005
0.000100675 1.67966e+11 0.000163878
0.000102688 1.71332e+11 0.000167842
0.000104742 1.74764e+11 0.000171898
0.000106837 1.78266e+11 0.000176048
0.000108973 1.81838e+11 0.000180295
0.000111153 1.85481e+11 0.00018464
0.000113376 1.89197e+11 0.000189087
0.000115643 1.92988e+11 0.000193636
0.000117956 1.96855e+11 0.000198291
0.000120315 2.00799e+11 0.000203053
0.000122722 2.04823e+11 0.000207925
0.000125176 2.08927e+11 0.000212909
0.00012768 2.13113e+11 0.000218008
0.000130233 2.17383e+11 0.000223224
0.000132838 2.21739e+11 0.000228559
0.000135495 2.26182e+11 0.000234017
0.000138205 2.30714e+11 0.000239599
0.000140969 2.35337e+11 0.000245309
0.000143788 2.40053e+11 0.000251149
0.000146664 2.44863e+11 0.000257121
0.000149597 2.4977e+11 0.00026323
0.000152589 2.54775e+11 0.000269477
0.000155641 2.5988e+11 0.000275865
0.000158754 2.65088e+11 0.000282397
0.000161929 2.704e+11 0.000289077
0.000165167 2.75818e+11 0.000295907
0.000168471 2.81345e+11 0.000302891
0.00017184 2.86983e+11 0.000310031
0.000175277 2.92734e+11 0.000317331
0.000178782 2.98601e+11 0.000324794
0.000182358 3.04584e+11 0.000332423
0.000186005 3.10688e+11 0.000340222
0.000189725 3.16914e+11 0.000348195
0.00019352 3.23265e+11 0.000356343
0.00019739 3.29744e+11 0.000364672
0.000201338 3.36352e+11 0.000373185
0.000205365 3.43093e+11 0.000381885
0.000209472 3.49968e+11 0.000390776
0.000213662 3.56982e+11 0.000399861
0.000217935 3.64136e+11 0.000409145
0.000222293 3.71434e+11 0.000418632
0.000226739 3.78878e+11 0.000428325
0.000231274 3.86471e+11 0.000438228
0.0002359 3.94216e+11 0.000448345
0.000240618 4.02117e+11 0.00045868
0.00024543 4.10177e+11 0.000466548
0.00034543 5.77691e+11 0.00053877
0.00044543 7.45243e+11 0.000597296
0.00054543 9.12818e+11 0.00065458
0.00064543 1.08041e+12 0.000712119
0.00074543 1.24803e+12 0.000770252
0.00084543 1.41565e+12 0.00082901
0.00094543 1.58329e+12 0.000888324
0.00104543 1.75094e+12 0.000948094
0.00114543 1.9186e+12 0.00100821
0.00124543 2.08628e+12 0.00106858
0.00134543 2.25395e+12 0.0011291
0.00144543 2.42164e+12 0.00118968
0.00154543 2.58934e+12 0.00125026
0.00164543 2.75704e+12 0.00131076
0.00174543 2.92475e+12 0.00137114
0.00184543 3.09247e+12 0.00143133
0.00194543 3.26019e+12 0.0014913
0.00204543 3.42792e+12 0.00155102
0.00214543 3.59565e+12 0.00161044
0.00224543 3.76339e+12 0.00166955
0.00234543 3.93113e+12 0.00172833
0.00244543 4.09888e+12 0.00178677
0.00254543 4.26663e+12 0.00184484
0.00264543 4.43438e+12 0.00190255
0.00274543 4.60214e+12 0.00195988
0.00284543 4.7699e+12 0.00201685
0.00294543 4.93767e+12 0.00207344
0.00304543 5.10544e+12 0.00212966
0.00314543 5.27321e+12 0.00218552
0.00324543 5.44099e+12 0.00224102
0.00334543 5.60877e+12 0.00229617
0.00344543 5.77655e+12 0.00235099
0.00354543 5.94434e+12 0.00240549
0.00364543 6.11213e+12 0.00245968
0.00374543 6.27992e+12 0.00251357
0.00384543 6.44771e+12 0.00256719
0.00394543 6.61551e+12 0.00262054
0.00404543 6.78331e+12 0.00267366
0.00414543 6.95111e+12 0.00272655
0.00424543 7.11891e+12 0.00277923
0.00434543 7.28672e+12 0.00283174
0.00444543 7.45452e+12 0.00288408
0.00454543 7.62233e+12 0.00293628
0.00464543 7.79014e+12 0.00298836
0.00474543 7.95796e+12 0.00304034
0.00484543 8.12577e+12 0.00309225
0.00494543 8.29359e+12 0.00314411
0.00504543 8.46141e+12 0.00319594
0.00514543 8.62923e+12 0.00324776
0.00524543 8.79706e+12 0.00329961
0.00534543 8.96488e+12 0.0033515
0.00544543 9.13271e+12 0.00340346
0.00554543 9.30054e+12 0.00345551
0.00564543 9.46837e+12 0.00350767
0.00574543 9.6362e+12 0.00355998
0.00584543 9.80403e+12 0.00361245
0.00594543 9.97187e+12 0.00366511
0.00604543 1.01397e+13 0.00371799
0.00614543 1.03075e+13 0.0037711
0.00624543 1.04754e+13 0.00382447
0.00634543 1.06432e+13 0.00387813
0.00644543 1.08111e+13 0.00393211
0.00654543 1.09789e+13 0.00398641
0.00664543 1.11468e+13 0.00404108
0.00674543 1.13146e+13 0.00409612
0.00684543 1.14825e+13 0.00415158
0.00694543 1.16503e+13 0.00420746
0.00704543 1.18182e+13 0.0042638
0.00714543 1.1986e+13 0.00432061
0.00724543 1.21539e+13 0.00437792
0.00734543 1.23217e+13 0.00443576
0.00744543 1.24896e+13 0.00449414
0.00754543 1.26574e+13 0.00455309
0.00764543 1.28253e+13 0.00461263
0.00774543 1.29932e+13 0.00467278
0.00784543 1.3161e+13 0.00473357
0.00794543 1.33289e+13 0.00479502
0.00804543 1.34967e+13 0.00485715
0.00814543 1.36646e+13 0.00491997
0.00824543 1.38325e+13 0.00498352
0.00834543 1.40004e+13 0.00504781
0.00844543 1.41682e+13 0.00511287
0.00854543 1.43361e+13 0.00517871
0.00864543 1.4504e+13 0.00524535
0.00874543 1.46718e+13 0.00531282
0.00884543 1.48397e+13 0.00538114
0.00894543 1.50076e+13 0.00545033
0.00904543 1.51755e+13 0.0055204
0.00914543 1.53434e+13 0.00559137
0.00924543 1.55112e+13 0.00566327
0.00934543 1.56791e+13 0.00573611
0.00944543 1.5847e+13 0.00580992
0.00954543 1.60149e+13 0.00588471
0.00964543 1.61828e+13 0.0059605
0.00974543 1.63507e+13 0.00603731
0.00984543 1.65186e+13 0.00611515
0.00994543 1.66865e+13 0.00619405
0.0100454 1.68544e+13 0.00627402
0.0101454 1.70222e+13 0.00635508
0.0102454 1.71901e+13 0.00643725
0.0103454 1.7358e+13 0.00652054
0.0104454 1.75259e+13 0.00660497
0.0105454 1.76938e+13 0.00669057
0.0106454 1.78617e+13 0.00677733
0.0107454 1.80296e+13 0.00686529
0.0108454 1.81976e+13 0.00695446
0.0109454 1.83655e+13 0.00704485
0.0110454 1.85334e+13 0.00713648
0.0111454 1.87013e+13 0.00722936
0.0112454 1.88692e+13 0.00732351
0.0113454 1.90371e+13 0.00741896
0.0114454 1.9205e+13 0.0075157
0.0115454 1.93729e+13 0.00761375
0.0116454 1.95408e+13 0.00771314
0.0117454 1.97088e+13 0.00781388
0.0118454 1.98767e+13 0.00791597
0.0119454 2.00446e+13 0.00801944
0.0120454 2.02125e+13 0.0081243
0.0121454 2.03805e+13 0.00823055
0.0122454 2.05484e+13 0.00833823
0.0123454 2.07163e+13 0.00844733
0.0124454 2.08842e+13 0.00855788
0.0125454 2.10522e+13 0.00866989
0.0126454 2.12201e+13 0.00878336
0.0127454 2.1388e+13 0.00889832
0.0128454 2.1556e+13 0.00901477
0.0129454 2.17239e+13 0.00913273
0.0130454 2.18919e+13 0.00925222
0.0131454 2.20598e+13 0.00937323
0.0132454 2.22277e+13 0.0094958
0.0133454 2.23957e+13 0.00961992
0.0134454 2.25636e+13 0.00974561
0.0135454 2.27316e+13 0.00987288
0.0136454 2.28995e+13 0.0100017
0.0137454 2.30675e+13 0.0101322
0.0138454 2.32354e+13 0.0102643
0.0139454 2.34034e+13 0.010398
0.0140454 2.35713e+13 0.0105334
0.0141454 2.37393e+13 0.0106704
0.0142454 2.39073e+13 0.0108091
0.0143454 2.40752e+13 0.0109494
0.0144454 2.42432e+13 0.0110914
0.0145454 2.44111e+13 0.0112352
0.0146454 2.45791e+13 0.0113806
0.0147454 2.47471e+13 0.0115277
0.0148454 2.4915e+13 0.0116766
0.0149454 2.5083e+13 0.0118272
0.0150454 2.5251e+13 0.0119796
0.0151454 2.5419e+13 0.0121337
0.0152454 2.55869e+13 0.0122895
0.0153454 2.57549e+13 0.0124472
0.0154454 2.59229e+13 0.0126066
0.0155454 2.60909e+13 0.0127678
0.0156454 2.62589e+13 0.0129309
0.0157454 2.64269e+13 0.0130957
0.0158454 2.65948e+13 0.0132624
0.0159454 2.67628e+13 0.0134309
0.0160454 2.69308e+13 0.0136013
0.0161454 2.70988e+13 0.0137734
0.0162454 2.72668e+13 0.0139475
0.0163454 2.74348e+13 0.0141234
0.0164454 2.76028e+13 0.0143012
0.0165454 2.77708e+13 0.0144809
0.0166454 2.79388e+13 0.0146625
0.0167454 2.81068e+13 0.014846
0.0168454 2.82748e+13 0.0150314
0.0169454 2.84428e+13 0.0152187
0.0170454 2.86109e+13 0.015408
0.0171454 2.87789e+13 0.0155992
0.0172454 2.89469e+13 0.0157923
0.0173454 2.91149e+13 0.0159874
0.0174454 2.92829e+13 0.0161845
0.0175454 2.94509e+13 0.0163835
0.0176454 2.9619e+13 0.0165845
0.0177454 2.9787e+13 0.0167875
0.0178454 2.9955e+13 0.0169925
0.0179454 3.0123e+13 0.0171994
0.0180454 3.02911e+13 0.0174084
0.0181454 3.04591e+13 0.0176194
0.0182454 3.06272e+13 0.0178325
0.0183454 3.07952e+13 0.0180475
0.0184454 3.09632e+13 0.0182646
0.0185454 3.11313e+13 0.0184838
0.0186454 3.12993e+13 0.018705
0.0187454 3.14674e+13 0.0189282
0.0188454 3.16354e+13 0.0191536
0.0189454 3.18035e+13 0.019381
0.0190454 3.19715e+13 0.0196105
0.0191454 3.21396e+13 0.019842
0.0192454 3.23076e+13 0.0200757
0.0193454 3.24757e+13 0.0203115
0.0194454 3.26437e+13 0.0205494
0.0195454 3.28118e+13 0.0207894
0.0196454 3.29799e+13 0.0210315
0.0197454 3.31479e+13 0.0212758
0.0198454 3.3316e+13 0.0215222
0.0199454 3.34841e+13 0.0217707
0.0200454 3.36522e+13 0.0220214
0.0201454 3.38202e+13 0.0222742
0.0202454 3.39883e+13 0.0225292
0.0203454 3.41564e+13 0.0227864
0.0204454 3.43245e+13 0.0230458
0.0205454 3.44926e+13 0.0233073
0.0206454 3.46607e+13 0.0235711
0.0207454 3.48287e+13 0.023837
0.0208454 3.49968e+13 0.0241051
0.0209454 3.51649e+13 0.0243755
0.0210454 3.5333e+13 0.024648
0.0211454 3.55011e+13 0.0249228
0.0212454 3.56692e+13 0.0251998
0.0213454 3.58373e+13 0.0254791
0.0214454 3.60054e+13 0.0257605
0.0215454 3.61736e+13 0.0260443
0.0216454 3.63417e+13 0.0263302
0.0217454 3.65098e+13 0.0266185
0.0218454 3.66779e+13 0.026909
0.0219454 3.6846e+13 0.0272017
0.0220454 3.70141e+13 0.0274968
0.0221454 3.71823e+13 0.0277941
0.0222454 3.73504e+13 0.0280937
0.0223454 3.75185e+13 0.0283956
0.0224454 3.76866e+13 0.0286998
0.0225454 3.78548e+13 0.0290063
0.0226454 3.80229e+13 0.0293152
0.0227454 3.8191e+13 0.0296263
0.0228454 3.83592e+13 0.0299398
0.0229454 3.85273e+13 0.0302556
0.0230454 3.86955e+13 0.0305737
0.0231454 3.88636e+13 0.0308941
0.0232454 3.90318e+13 0.031217
0.0233454 3.91999e+13 0.0315421
0.0234454 3.93681e+13 0.0318696
0.0235454 3.95362e+13 0.0321995
0.0236454 3.97044e+13 0.0325318
0.0237454 3.98726e+13 0.0328664
0.0238454 4.00407e+13 0.0332034
0.0239454 4.02089e+13 0.0335427
0.0240454 4.03771e+13 0.0338845
0.0241454 4.05452e+13 0.0342287
0.0242454 4.07134e+13 0.0345752
0.0243454 4.08816e+13 0.0349242
0.0244454 4.10498e+13 0.0352756
0.0245454 4.12179e+13 0.0356294
0.0246454 4.13861e+13 0.0359856
0.0247454 4.15543e+13 0.0363442
0.0248454 4.17225e+13 0.0367053
0.0249454 4.18907e+13 0.0370688
0.0250454 4.20589e+13 0.0374348
0.0251454 4.22271e+13 0.0378032
0.0252454 4.23953e+13 0.038174
0.0253454 4.25635e+13 0.0385473
0.0254454 4.27317e+13 0.0389231
0.0255454 4.28999e+13 0.0393013
0.0256454 4.30681e+13 0.0396821
0.0257454 4.32363e+13 0.0400653
0.0258454 4.34046e+13 0.0404509
0.0259454 4.35728e+13 0.0408391
0.0260454 4.3741e+13 0.0412298
0.0261454 4.39092e+13 0.0416229
0.0262454 4.40775e+13 0.0420186
0.0263454 4.42457e+13 0.0424167
0.0264454 4.44139e+13 0.0428174
0.0265454 4.45822e+13 0.0432206
0.0266454 4.47504e+13 0.0436264
0.0267454 4.49186e+13 0.0440346
0.0268454 4.50869e+13 0.0444454
0.0269454 4.52551e+13 0.0448587
0.0270454 4.54234e+13 0.0452746
0.0271454 4.55916e+13 0.045693
0.0272454 4.57599e+13 0.046114
0.0273454 4.59281e+13 0.0465375
0.0274454 4.60964e+13 0.0469636
0.0275454 4.62647e+13 0.0473922
0.0276454 4.64329e+13 0.0478235
0.0277454 4.66012e+13 0.0482573
0.0278454 4.67695e+13 0.0486936
0.0279454 4.69377e+13 0.0491326
0.0280454 4.7106e+13 0.0495742
0.0281454 4.72743e+13 0.0500183
0.0282454 4.74426e+13 0.0504651
0.0283454 4.76109e+13 0.0509144
0.0284454 4.77791e+13 0.0513664
0.0285454 4.79474e+13 0.051821
0.0286454 4.81157e+13 0.0522782
0.0287454 4.8284e+13 0.052738
0.0288454 4.84523e+13 0.0532004
0.0289454 4.86206e+13 0.0536655
0.0290454 4.87889e+13 0.0541332
0.0291454 4.89572e+13 0.0546035
0.0292454 4.91255e+13 0.0550765
0.0293454 4.92939e+13 0.0555522
0.0294454 4.94622e+13 0.0560305
0.0295454 4.96305e+13 0.0565114
0.0296454 4.97988e+13 0.056995
0.0297454 4.99671e+13 0.0574813
0.0298454 5.01355e+13 0.0579703
0.0299454 5.03038e+13 0.0584619
0.0300454 5.04721e+13 0.0589562
0.0301454 5.06405e+13 0.0594532
0.0302454 5.08088e+13 0.0599528
0.0303454 5.09772e+13 0.0604552
0.0304454 5.11455e+13 0.0609603
0.0305454 5.13139e+13 0.061468
0.0306454 5.14822e+13 0.0619785
0.0307454 5.16506e+13 0.0624916
0.0308454 5.18189e+13 0.0630075
0.0309454 5.19873e+13 0.0635261
0.0310454 5.21556e+13 0.0640474
0.0311454 5.2324e+13 0.0645714
0.0312454 5.24924e+13 0.0650982
0.0313454 5.26608e+13 0.0656276
0.0314454 5.28291e+13 0.0661599
0.0315454 5.29975e+13 0.0666948
0.0316454 5.31659e+13 0.0672325
0.0317454 5.33343e+13 0.0677729
0.0318454 5.35027e+13 0.0683161
0.0319454 5.3671e+13 0.0688621
0.0320454 5.38394e+13 0.0694108
0.0321454 5.40078e+13 0.0699622
0.0322454 5.41762e+13 0.0705164
0.0323454 5.43446e+13 0.0710734
0.0324454 5.4513e+13 0.0716332
0.0325454 5.46815e+13 0.0721957
0.0326454 5.48499e+13 0.072761
0.0327454 5.50183e+13 0.0733291
0.0328454 5.51867e+13 0.0738999
0.0329454 5.53551e+13 0.0744736
0.0330454 5.55235e+13 0.07505
0.0331454 5.5692e+13 0.0756293
0.0332454 5.58604e+13 0.0762113
0.0333454 5.60288e+13 0.0767961
0.0334454 5.61973e+13 0.0773837
0.0335454 5.63657e+13 0.0779742
0.0336454 5.65342e+13 0.0785674
0.0337454 5.67026e+13 0.0791634
0.0338454 5.68711e+13 0.0797623
0.0339454 5.70395e+13 0.080364
0.0340454 5.7208e+13 0.0809685
0.0341454 5.73764e+13 0.0815758
0.0342454 5.75449e+13 0.0821859
0.0343454 5.77133e+13 0.0827989
0.0344454 5.78818e+13 0.0834147
0.0345454 5.80503e+13 0.0840334
0.0346454 5.82188e+13 0.0846548
0.0347454 5.83872e+13 0.0852791
0.0348454 5.85557e+13 0.0859063
0.0349454 5.87242e+13 0.0865363
0.0350454 5.88927e+13 0.0871691
0.0351454 5.90612e+13 0.0878048
0.0352454 5.92297e+13 0.0884433
0.0353454 5.93982e+13 0.0890847
0.0354454 5.95667e+13 0.0897289
0.0355454 5.97352e+13 0.090376
0.0356454 5.99037e+13 0.091026
0.0357454 6.00722e+13 0.0916788
0.0358454 6.02407e+13 0.0923345
0.0359454 6.04092e+13 0.092993
0.0360454 6.05777e+13 0.0936545
0.0361454 6.07463e+13 0.0943187
0.0362454 6.09148e+13 0.0949859
0.0363454 6.10833e+13 0.0956559
0.0364454 6.12519e+13 0.0963288
0.0365454 6.14204e+13 0.0970046
0.0366454 6.15889e+13 0.0976833
0.0367454 6.17575e+13 0.0983648
0.0368454 6.1926e+13 0.0990493
0.0369454 6.20946e+13 0.0997366
0.0370454 6.22631e+13 0.100427
0.0371454 6.24317e+13 0.10112
0.0372454 6.26002e+13 0.101816
0.0373454 6.27688e+13 0.102515
0.0374454 6.29374e+13 0.103217
0.0375454 6.31059e+13 0.103921
0.0376454 6.32745e+13 0.104629
0.0377454 6.34431e+13 0.105339
0.0378454 6.36117e+13 0.106053
0.0379454 6.37802e+13 0.106769
0.0380454 6.39488e+13 0.107488
0.0381454 6.41174e+13 0.108211
0.0382454 6.4286e+13 0.108936
0.0383454 6.44546e+13 0.109664
0.0384454 6.46232e+13 0.110395
0.0385454 6.47918e+13 0.111128
0.0386454 6.49604e+13 0.111865
0.0387454 6.5129e+13 0.112605
0.0388454 6.52976e+13 0.113348
0.0389454 6.54663e+13 0.114093
0.0390454 6.56349e+13 0.114842
0.0391454 6.58035e+13 0.115593
0.0392454 6.59721e+13 0.116348
0.0393454 6.61408e+13 0.117105
0.0394454 6.63094e+13 0.117866
0.0395454 6.6478e+13 0.118629
0.0396454 6.66467e+13 0.119395
0.0397454 6.68153e+13 0.120165
0.0398454 6.6984e+13 0.120937
0.0399454 6.71526e+13 0.121712
0.0400454 6.73213e+13 0.122491
0.0401454 6.74899e+13 0.123272
0.0402454 6.76586e+13 0.124057
0.0403454 6.78273e+13 0.124844
0.0404454 6.79959e+13 0.125634
0.0405454 6.81646e+13 0.126428
0.0406454 6.83333e+13 0.127225
0.0407454 6.85019e+13 0.128024
0.0408454 6.86706e+13 0.128827
0.0409454 6.88393e+13 0.129633
0.0410454 6.9008e+13 0.130442
0.0411454 6.91767e+13 0.131254
0.0412454 6.93454e+13 0.13207
0.0413454 6.95141e+13 0.132888
0.0414454 6.96828e+13 0.13371
0.0415454 6.98515e+13 0.134535
0.0416454 7.00202e+13 0.135363
0.0417454 7.01889e+13 0.136194
0.0418454 7.03576e+13 0.137029
0.0419454 7.05264e+13 0.137866
0.0420454 7.06951e+13 0.138708
0.0421454 7.08638e+13 0.139552
0.0422454 7.10325e+13 0.1404
0.0423454 7.12013e+13 0.141251
0.0424454 7.137e+13 0.142106
0.0425454 7.15388e+13 0.142963
0.0426454 7.17075e+13 0.143825
0.0427454 7.18763e+13 0.14469
0.0428454 7.2045e+13 0.145558
0.0429454 7.22138e+13 0.14643
0.0430454 7.23825e+13 0.147305
0.0431454 7.25513e+13 0.148184
0.0432454 7.27201e+13 0.149066
0.0433454 7.28888e+13 0.149952
0.0434454 7.30576e+13 0.150842
0.0435454 7.32264e+13 0.151735
0.0436454 7.33952e+13 0.152632
0.0437454 7.3564e+13 0.153532
0.0438454 7.37327e+13 0.154436
0.0439454 7.39015e+13 0.155344
0.0440454 7.40703e+13 0.156256
0.0441454 7.42391e+13 0.157171
0.0442454 7.44079e+13 0.158091
0.0443454 7.45767e+13 0.159013
0.0444454 7.47456e+13 0.15994
0.0445454 7.49144e+13 0.160871
0.0446454 7.50832e+13 0.161805
0.0447454 7.5252e+13 0.162743
0.0448454 7.54208e+13 0.163685
0.0449454 7.55897e+13 0.164631
0.0450454 7.57585e+13 0.165581
0.0451454 7.59273e+13 0.166535
0.0452454 7.60962e+13 0.167493
0.0453454 7.6265e+13 0.168454
0.0454454 7.64339e+13 0.169419
0.0455454 7.66027e+13 0.170389
0.0456454 7.67716e+13 0.171362
0.0457454 7.69404e+13 0.172339
0.0458454 7.71093e+13 0.17332
0.0459454 7.72782e+13 0.174306
0.0460454 7.74471e+13 0.175295
0.0461454 7.76159e+13 0.176288
0.0462454 7.77848e+13 0.177284
0.0463454 7.79537e+13 0.178285
0.0464454 7.81226e+13 0.17929
0.0465454 7.82915e+13 0.180299
0.0466454 7.84604e+13 0.181312
0.0467454 7.86293e+13 0.182328
0.0468454 7.87982e+13 0.183349
0.0469454 7.89671e+13 0.184373
0.0470454 7.9136e+13 0.185402
0.0471454 7.93049e+13 0.186434
0.0472454 7.94738e+13 0.187471
0.0473454 7.96427e+13 0.188511
0.0474454 7.98117e+13 0.189555
0.0475454 7.99806e+13 0.190603
0.0476454 8.01495e+13 0.191655
0.0477454 8.03185e+13 0.192711
0.0478454 8.04874e+13 0.193771
0.0479454 8.06564e+13 0.194835
0.0480454 8.08253e+13 0.195903
0.0481454 8.09943e+13 0.196974
0.0482454 8.11632e+13 0.19805
0.0483454 8.13322e+13 0.199129
0.0484454 8.15011e+13 0.200212
0.0485454 8.16701e+13 0.201299
0.0486454 8.18391e+13 0.20239
0.0487454 8.20081e+13 0.203484
0.0488454 8.21771e+13 0.204582
0.0489454 8.2346e+13 0.205684
0.0490454 8.2515e+13 0.20679
0.0491454 8.2684e+13 0.207899
0.0492454 8.2853e+13 0.209012
0.0493454 8.3022e+13 0.210129
0.0494454 8.3191e+13 0.211249
0.0495454 8.336e+13 0.212373
0.0496454 8.35291e+13 0.2135
0.0497454 8.36981e+13 0.214631
0.0498454 8.38671e+13 0.215765
0.0499454 8.40361e+13 0.215348
0.0509454 8.57266e+13 0.227257
0.0519454 8.74175e+13 0.239602
0.0529454 8.91088e+13 0.252391
0.0539454 9.08005e+13 0.265633
0.0549454 9.24927e+13 0.279336
0.0559454 9.41854e+13 0.293509
0.0569454 9.58785e+13 0.30816
0.0579454 9.7572e+13 0.323299
0.0589454 9.92661e+13 0.338934
0.0599454 1.00961e+14 0.355073
0.0609454 1.02656e+14 0.371725
0.0619454 1.04351e+14 0.388898
0.0629454 1.06047e+14 0.406601
0.0639454 1.07744e+14 0.424842
0.0649454 1.09441e+14 0.44363
0.0659454 1.11138e+14 0.462972
0.0669454 1.12836e+14 0.482876
0.0679454 1.14535e+14 0.503352
0.0689454 1.16234e+14 0.524407
0.0699454 1.17934e+14 0.546049
0.0709454 1.19634e+14 0.568286
0.0719454 1.21335e+14 0.591125
0.0729454 1.23036e+14 0.614576
0.0739454 1.24738e+14 0.638645
0.0749454 1.26441e+14 0.66334
0.0759454 1.28144e+14 0.688668
0.0769454 1.29848e+14 0.714638
0.0779454 1.31552e+14 0.741257
0.0789454 1.33257e+14 0.768532
0.0799454 1.34963e+14 0.79647
0.0809454 1.36669e+14 0.825079
0.0819454 1.38376e+14 0.854366
0.0829454 1.40084e+14 0.884338
0.0839454 1.41792e+14 0.915003
0.0849454 1.43501e+14 0.946366
0.0859454 1.4521e+14 0.978435
0.0869454 1.4692e+14 1.01122
0.0879454 1.48631e+14 1.04472
0.0889454 1.50343e+14 1.07895
0.0899454 1.52055e+14 1.11391
0.0909454 1.53768e+14 1.14961
0.0919454 1.55482e+14 1.18606
0.0929454 1.57196e+14 1.22326
0.0939454 1.58911e+14 1.26122
0.0949454 1.60627e+14 1.29994
0.0959454 1.62344e+14 1.33944
0.0969454 1.64061e+14 1.37972
0.0979454 1.65779e+14 1.42078
0.0989454 1.67498e+14 1.46263
0.0999454 1.69217e+14 1.50527
0.100945 1.70938e+14 1.54872
0.101945 1.72659e+14 1.59298
0.102945 1.74381e+14 1.63805
0.103945 1.76103e+14 1.68395
0.104945 1.77827e+14 1.73066
0.105945 1.79551e+14 1.77822
0.106945 1.81276e+14 1.8266
0.107945 1.83002e+14 1.87584
0.108945 1.84729e+14 1.92569
0.113945 1.93375e+14 2.18067
0.118945 2.02041e+14 2.45221
0.123945 2.10728e+14 2.74255
0.128945 2.19436e+14 3.05283
0.133945 2.28167e+14 3.38396
0.138945 2.3692e+14 3.73673
0.143945 2.45696e+14 4.11186
0.148945 2.54496e+14 4.51003
0.153945 2.6332e+14 4.9319
0.158945 2.72169e+14 5.3781
0.163945 2.81044e+14 5.84922
0.168945 2.89944e+14 6.34585
0.173945 2.98871e+14 6.86854
0.178945 3.07826e+14 7.41783
0.183945 3.16808e+14 7.99424
0.188945 3.25818e+14 8.59826
0.193945 3.34857e+14 9.23035
0.198945 3.43926e+14 9.89096
0.203945 3.53025e+14 10.5805
0.208945 3.62154e+14 11.2993
0.213945 3.71314e+14 12.0479
0.218945 3.80506e+14 12.8264
0.223945 3.8973e+14 13.6353
0.228945 3.98987e+14 14.4747
0.233945 4.08276e+14 15.3449
0.238945 4.17599e+14 16.2462
0.243945 4.26956e+14 17.1787
0.248945 4.36347e+14 18.1424
0.253945 4.45774e+14 19.1377
0.258945 4.55235e+14 20.1643
0.263945 4.64732e+14 21.2225
0.268945 4.74265e+14 22.3122
0.273945 4.83835e+14 23.4333
0.278945 4.93441e+14 24.5858
0.283945 5.03085e+14 25.7694
0.288945 5.12766e+14 26.984
0.293945 5.22484e+14 28.2294
0.298945 5.32241e+14 29.5054
0.303945 5.42036e+14 30.8115
0.308945 5.5187e+14 32.1474
0.313945 5.61742e+14 33.5127
0.318945 5.71653e+14 34.907
0.323945 5.81604e+14 36.3297
0.328945 5.91594e+14 37.7802
0.333945 6.01623e+14 39.258
0.338945 6.11692e+14 40.7624
0.343945 6.21801e+14 42.2926
0.348945 6.31949e+14 43.8479
0.353945 6.42138e+14 45.4275
0.358945 6.52366e+14 47.0304
0.363945 6.62634e+14 48.6557
0.368945 6.72943e+14 50.3024
0.373945 6.83291e+14 51.9694
0.378945 6.93679e+14 53.6557
0.383945 7.04106e+14 55.3599
0.388945 7.14574e+14 57.0809
0.393945 7.2508e+14 58.8174
0.398945 7.35626e+14 60.5679
0.403945 7.46212e+14 62.3311
0.408945 7.56836e+14 64.1053
0.413945 7.67498e+14 65.8891
0.418945 7.782e+14 67.6807
0.423945 7.88939e+14 69.4784
0.428945 7.99716e+14 71.2805
0.433945 8.1053e+14 73.085
0.438945 8.21381e+14 74.89
0.443945 8.32269e+14 76.6935
0.448945 8.43193e+14 78.4934
0.453945 8.54152e+14 80.2874
0.458945 8.65147e+14 82.0734
0.463945 8.76175e+14 83.8489
0.468945 8.87238e+14 85.6116
0.473945 8.98334e+14 87.3588
0.478945 9.09463e+14 89.0881
0.483945 9.20624e+14 90.7967
0.488945 9.31815e+14 92.4818
0.493945 9.43038e+14 94.1404
0.498945 9.54289e+14 95.7697
0.503945 9.6557e+14 97.3666
0.508945 9.76878e+14 98.9278
0.513945 9.88213e+14 100.45
0.518945 9.99574e+14 101.93
0.523945 1.01096e+15 103.364
0.528945 1.02237e+15 104.749
0.533945 1.0338e+15 106.08
0.538945 1.04526e+15 107.355
0.543945 1.05673e+15 108.568
0.548945 1.06823e+15 109.716
0.553945 1.07974e+15 110.795
0.558945 1.09127e+15 111.8
0.563945 1.10281e+15 112.727
0.568945 1.11437e+15 113.571
0.573945 1.12594e+15 114.327
0.578945 1.13752e+15 114.991
0.583945 1.14912e+15 115.557
0.588945 1.16071e+15 116.02
0.593945 1.17232e+15 116.374
0.598945 1.18393e+15 116.615
0.603945 1.19554e+15 116.735
